<?xml version="1.0" encoding="UTF-8"?>
<!-- Generated by org.testng.reporters.JUnitReportReporter -->
<testsuite hostname="Marians-MacBook-Pro.local" failures="0" tests="1" name="BasicTests.LogInPageTests" time="1.448" errors="0" timestamp="2022-06-12T23:55:21 CEST" skipped="0">
  <testcase classname="BasicTests.LogInPageTests" name="goToLogInPageTest" time="1.448"/>
  <system-out/>
</testsuite> <!-- BasicTests.LogInPageTests -->
