<?xml version="1.0" encoding="UTF-8"?>
<testsuite xmlns:xsi="http://www.w3.org/2001/XMLSchema-instance" xsi:noNamespaceSchemaLocation="https://maven.apache.org/surefire/maven-surefire-plugin/xsd/surefire-test-report-3.0.xsd" version="3.0" name="TestSuite" time="6.593" tests="1" errors="0" skipped="0" failures="0">
  <properties>
    <property name="java.specification.version" value="17"/>
    <property name="sun.jnu.encoding" value="UTF-8"/>
    <property name="java.class.path" value="/Users/marian/IdeaProjects/MavenTestProject/target/test-classes:/Users/marian/IdeaProjects/MavenTestProject/target/classes:/Users/marian/.m2/repository/org/testng/testng/7.5/testng-7.5.jar:/Users/marian/.m2/repository/com/google/code/findbugs/jsr305/3.0.1/jsr305-3.0.1.jar:/Users/marian/.m2/repository/com/beust/jcommander/1.78/jcommander-1.78.jar:/Users/marian/.m2/repository/org/webjars/jquery/3.5.1/jquery-3.5.1.jar:/Users/marian/.m2/repository/org/seleniumhq/selenium/selenium-java/3.141.59/selenium-java-3.141.59.jar:/Users/marian/.m2/repository/org/seleniumhq/selenium/selenium-api/3.141.59/selenium-api-3.141.59.jar:/Users/marian/.m2/repository/org/seleniumhq/selenium/selenium-chrome-driver/3.141.59/selenium-chrome-driver-3.141.59.jar:/Users/marian/.m2/repository/org/seleniumhq/selenium/selenium-edge-driver/3.141.59/selenium-edge-driver-3.141.59.jar:/Users/marian/.m2/repository/org/seleniumhq/selenium/selenium-firefox-driver/3.141.59/selenium-firefox-driver-3.141.59.jar:/Users/marian/.m2/repository/org/seleniumhq/selenium/selenium-ie-driver/3.141.59/selenium-ie-driver-3.141.59.jar:/Users/marian/.m2/repository/org/seleniumhq/selenium/selenium-opera-driver/3.141.59/selenium-opera-driver-3.141.59.jar:/Users/marian/.m2/repository/org/seleniumhq/selenium/selenium-remote-driver/3.141.59/selenium-remote-driver-3.141.59.jar:/Users/marian/.m2/repository/org/seleniumhq/selenium/selenium-safari-driver/3.141.59/selenium-safari-driver-3.141.59.jar:/Users/marian/.m2/repository/org/seleniumhq/selenium/selenium-support/3.141.59/selenium-support-3.141.59.jar:/Users/marian/.m2/repository/net/bytebuddy/byte-buddy/1.8.15/byte-buddy-1.8.15.jar:/Users/marian/.m2/repository/org/apache/commons/commons-exec/1.3/commons-exec-1.3.jar:/Users/marian/.m2/repository/com/google/guava/guava/25.0-jre/guava-25.0-jre.jar:/Users/marian/.m2/repository/org/checkerframework/checker-compat-qual/2.0.0/checker-compat-qual-2.0.0.jar:/Users/marian/.m2/repository/com/google/errorprone/error_prone_annotations/2.1.3/error_prone_annotations-2.1.3.jar:/Users/marian/.m2/repository/com/google/j2objc/j2objc-annotations/1.1/j2objc-annotations-1.1.jar:/Users/marian/.m2/repository/org/codehaus/mojo/animal-sniffer-annotations/1.14/animal-sniffer-annotations-1.14.jar:/Users/marian/.m2/repository/com/squareup/okhttp3/okhttp/3.11.0/okhttp-3.11.0.jar:/Users/marian/.m2/repository/com/squareup/okio/okio/1.14.0/okio-1.14.0.jar:/Users/marian/.m2/repository/commons-io/commons-io/2.11.0/commons-io-2.11.0.jar:/Users/marian/.m2/repository/org/slf4j/slf4j-api/1.7.36/slf4j-api-1.7.36.jar:/Users/marian/.m2/repository/ch/qos/logback/logback-classic/1.2.11/logback-classic-1.2.11.jar:/Users/marian/.m2/repository/ch/qos/logback/logback-core/1.2.11/logback-core-1.2.11.jar:/Users/marian/.m2/repository/io/github/bonigarcia/webdrivermanager/5.2.0/webdrivermanager-5.2.0.jar:/Users/marian/.m2/repository/com/google/code/gson/gson/2.9.0/gson-2.9.0.jar:/Users/marian/.m2/repository/com/github/docker-java/docker-java/3.2.13/docker-java-3.2.13.jar:/Users/marian/.m2/repository/com/github/docker-java/docker-java-core/3.2.13/docker-java-core-3.2.13.jar:/Users/marian/.m2/repository/com/github/docker-java/docker-java-api/3.2.13/docker-java-api-3.2.13.jar:/Users/marian/.m2/repository/com/fasterxml/jackson/core/jackson-annotations/2.10.3/jackson-annotations-2.10.3.jar:/Users/marian/.m2/repository/org/apache/commons/commons-compress/1.21/commons-compress-1.21.jar:/Users/marian/.m2/repository/com/fasterxml/jackson/core/jackson-databind/2.10.3/jackson-databind-2.10.3.jar:/Users/marian/.m2/repository/com/fasterxml/jackson/core/jackson-core/2.10.3/jackson-core-2.10.3.jar:/Users/marian/.m2/repository/org/bouncycastle/bcpkix-jdk15on/1.64/bcpkix-jdk15on-1.64.jar:/Users/marian/.m2/repository/org/bouncycastle/bcprov-jdk15on/1.64/bcprov-jdk15on-1.64.jar:/Users/marian/.m2/repository/org/slf4j/jcl-over-slf4j/1.7.30/jcl-over-slf4j-1.7.30.jar:/Users/marian/.m2/repository/com/github/docker-java/docker-java-transport-httpclient5/3.2.13/docker-java-transport-httpclient5-3.2.13.jar:/Users/marian/.m2/repository/com/github/docker-java/docker-java-transport/3.2.13/docker-java-transport-3.2.13.jar:/Users/marian/.m2/repository/net/java/dev/jna/jna/5.8.0/jna-5.8.0.jar:/Users/marian/.m2/repository/org/brotli/dec/0.1.2/dec-0.1.2.jar:/Users/marian/.m2/repository/org/apache/commons/commons-lang3/3.12.0/commons-lang3-3.12.0.jar:/Users/marian/.m2/repository/org/apache/httpcomponents/client5/httpclient5/5.1.3/httpclient5-5.1.3.jar:/Users/marian/.m2/repository/org/apache/httpcomponents/core5/httpcore5/5.1.3/httpcore5-5.1.3.jar:/Users/marian/.m2/repository/org/apache/httpcomponents/core5/httpcore5-h2/5.1.3/httpcore5-h2-5.1.3.jar:/Users/marian/.m2/repository/commons-codec/commons-codec/1.15/commons-codec-1.15.jar:/Users/marian/.m2/repository/io/qameta/allure/allure-testng/2.18.1/allure-testng-2.18.1.jar:/Users/marian/.m2/repository/io/qameta/allure/allure-java-commons/2.18.1/allure-java-commons-2.18.1.jar:/Users/marian/.m2/repository/io/qameta/allure/allure-model/2.18.1/allure-model-2.18.1.jar:/Users/marian/.m2/repository/io/qameta/allure/allure-test-filter/2.18.1/allure-test-filter-2.18.1.jar:"/>
    <property name="java.vm.vendor" value="Oracle Corporation"/>
    <property name="sun.arch.data.model" value="64"/>
    <property name="java.vendor.url" value="https://java.oracle.com/"/>
    <property name="user.timezone" value="Europe/Warsaw"/>
    <property name="os.name" value="Mac OS X"/>
    <property name="java.vm.specification.version" value="17"/>
    <property name="sun.java.launcher" value="SUN_STANDARD"/>
    <property name="user.country" value="GB"/>
    <property name="sun.boot.library.path" value="/Library/Java/JavaVirtualMachines/jdk-17.0.2.jdk/Contents/Home/lib"/>
    <property name="sun.java.command" value="/Users/marian/IdeaProjects/MavenTestProject/target/surefire/surefirebooter3323494958293358927.jar /Users/marian/IdeaProjects/MavenTestProject/target/surefire 2022-06-12T23-55-14_288-jvmRun1 surefire18337084709214829723tmp surefire_09566080163100452617tmp"/>
    <property name="http.nonProxyHosts" value="local|*.local|169.254/16|*.169.254/16"/>
    <property name="jdk.debug" value="release"/>
    <property name="surefire.test.class.path" value="/Users/marian/IdeaProjects/MavenTestProject/target/test-classes:/Users/marian/IdeaProjects/MavenTestProject/target/classes:/Users/marian/.m2/repository/org/testng/testng/7.5/testng-7.5.jar:/Users/marian/.m2/repository/com/google/code/findbugs/jsr305/3.0.1/jsr305-3.0.1.jar:/Users/marian/.m2/repository/com/beust/jcommander/1.78/jcommander-1.78.jar:/Users/marian/.m2/repository/org/webjars/jquery/3.5.1/jquery-3.5.1.jar:/Users/marian/.m2/repository/org/seleniumhq/selenium/selenium-java/3.141.59/selenium-java-3.141.59.jar:/Users/marian/.m2/repository/org/seleniumhq/selenium/selenium-api/3.141.59/selenium-api-3.141.59.jar:/Users/marian/.m2/repository/org/seleniumhq/selenium/selenium-chrome-driver/3.141.59/selenium-chrome-driver-3.141.59.jar:/Users/marian/.m2/repository/org/seleniumhq/selenium/selenium-edge-driver/3.141.59/selenium-edge-driver-3.141.59.jar:/Users/marian/.m2/repository/org/seleniumhq/selenium/selenium-firefox-driver/3.141.59/selenium-firefox-driver-3.141.59.jar:/Users/marian/.m2/repository/org/seleniumhq/selenium/selenium-ie-driver/3.141.59/selenium-ie-driver-3.141.59.jar:/Users/marian/.m2/repository/org/seleniumhq/selenium/selenium-opera-driver/3.141.59/selenium-opera-driver-3.141.59.jar:/Users/marian/.m2/repository/org/seleniumhq/selenium/selenium-remote-driver/3.141.59/selenium-remote-driver-3.141.59.jar:/Users/marian/.m2/repository/org/seleniumhq/selenium/selenium-safari-driver/3.141.59/selenium-safari-driver-3.141.59.jar:/Users/marian/.m2/repository/org/seleniumhq/selenium/selenium-support/3.141.59/selenium-support-3.141.59.jar:/Users/marian/.m2/repository/net/bytebuddy/byte-buddy/1.8.15/byte-buddy-1.8.15.jar:/Users/marian/.m2/repository/org/apache/commons/commons-exec/1.3/commons-exec-1.3.jar:/Users/marian/.m2/repository/com/google/guava/guava/25.0-jre/guava-25.0-jre.jar:/Users/marian/.m2/repository/org/checkerframework/checker-compat-qual/2.0.0/checker-compat-qual-2.0.0.jar:/Users/marian/.m2/repository/com/google/errorprone/error_prone_annotations/2.1.3/error_prone_annotations-2.1.3.jar:/Users/marian/.m2/repository/com/google/j2objc/j2objc-annotations/1.1/j2objc-annotations-1.1.jar:/Users/marian/.m2/repository/org/codehaus/mojo/animal-sniffer-annotations/1.14/animal-sniffer-annotations-1.14.jar:/Users/marian/.m2/repository/com/squareup/okhttp3/okhttp/3.11.0/okhttp-3.11.0.jar:/Users/marian/.m2/repository/com/squareup/okio/okio/1.14.0/okio-1.14.0.jar:/Users/marian/.m2/repository/commons-io/commons-io/2.11.0/commons-io-2.11.0.jar:/Users/marian/.m2/repository/org/slf4j/slf4j-api/1.7.36/slf4j-api-1.7.36.jar:/Users/marian/.m2/repository/ch/qos/logback/logback-classic/1.2.11/logback-classic-1.2.11.jar:/Users/marian/.m2/repository/ch/qos/logback/logback-core/1.2.11/logback-core-1.2.11.jar:/Users/marian/.m2/repository/io/github/bonigarcia/webdrivermanager/5.2.0/webdrivermanager-5.2.0.jar:/Users/marian/.m2/repository/com/google/code/gson/gson/2.9.0/gson-2.9.0.jar:/Users/marian/.m2/repository/com/github/docker-java/docker-java/3.2.13/docker-java-3.2.13.jar:/Users/marian/.m2/repository/com/github/docker-java/docker-java-core/3.2.13/docker-java-core-3.2.13.jar:/Users/marian/.m2/repository/com/github/docker-java/docker-java-api/3.2.13/docker-java-api-3.2.13.jar:/Users/marian/.m2/repository/com/fasterxml/jackson/core/jackson-annotations/2.10.3/jackson-annotations-2.10.3.jar:/Users/marian/.m2/repository/org/apache/commons/commons-compress/1.21/commons-compress-1.21.jar:/Users/marian/.m2/repository/com/fasterxml/jackson/core/jackson-databind/2.10.3/jackson-databind-2.10.3.jar:/Users/marian/.m2/repository/com/fasterxml/jackson/core/jackson-core/2.10.3/jackson-core-2.10.3.jar:/Users/marian/.m2/repository/org/bouncycastle/bcpkix-jdk15on/1.64/bcpkix-jdk15on-1.64.jar:/Users/marian/.m2/repository/org/bouncycastle/bcprov-jdk15on/1.64/bcprov-jdk15on-1.64.jar:/Users/marian/.m2/repository/org/slf4j/jcl-over-slf4j/1.7.30/jcl-over-slf4j-1.7.30.jar:/Users/marian/.m2/repository/com/github/docker-java/docker-java-transport-httpclient5/3.2.13/docker-java-transport-httpclient5-3.2.13.jar:/Users/marian/.m2/repository/com/github/docker-java/docker-java-transport/3.2.13/docker-java-transport-3.2.13.jar:/Users/marian/.m2/repository/net/java/dev/jna/jna/5.8.0/jna-5.8.0.jar:/Users/marian/.m2/repository/org/brotli/dec/0.1.2/dec-0.1.2.jar:/Users/marian/.m2/repository/org/apache/commons/commons-lang3/3.12.0/commons-lang3-3.12.0.jar:/Users/marian/.m2/repository/org/apache/httpcomponents/client5/httpclient5/5.1.3/httpclient5-5.1.3.jar:/Users/marian/.m2/repository/org/apache/httpcomponents/core5/httpcore5/5.1.3/httpcore5-5.1.3.jar:/Users/marian/.m2/repository/org/apache/httpcomponents/core5/httpcore5-h2/5.1.3/httpcore5-h2-5.1.3.jar:/Users/marian/.m2/repository/commons-codec/commons-codec/1.15/commons-codec-1.15.jar:/Users/marian/.m2/repository/io/qameta/allure/allure-testng/2.18.1/allure-testng-2.18.1.jar:/Users/marian/.m2/repository/io/qameta/allure/allure-java-commons/2.18.1/allure-java-commons-2.18.1.jar:/Users/marian/.m2/repository/io/qameta/allure/allure-model/2.18.1/allure-model-2.18.1.jar:/Users/marian/.m2/repository/io/qameta/allure/allure-test-filter/2.18.1/allure-test-filter-2.18.1.jar:"/>
    <property name="sun.cpu.endian" value="little"/>
    <property name="user.home" value="/Users/marian"/>
    <property name="user.language" value="en"/>
    <property name="java.specification.vendor" value="Oracle Corporation"/>
    <property name="java.version.date" value="2022-01-18"/>
    <property name="java.home" value="/Library/Java/JavaVirtualMachines/jdk-17.0.2.jdk/Contents/Home"/>
    <property name="file.separator" value="/"/>
    <property name="basedir" value="/Users/marian/IdeaProjects/MavenTestProject"/>
    <property name="java.vm.compressedOopsMode" value="Zero based"/>
    <property name="line.separator" value="&#10;"/>
    <property name="java.vm.specification.vendor" value="Oracle Corporation"/>
    <property name="java.specification.name" value="Java Platform API Specification"/>
    <property name="surefire.real.class.path" value="/Users/marian/IdeaProjects/MavenTestProject/target/surefire/surefirebooter3323494958293358927.jar"/>
    <property name="sun.management.compiler" value="HotSpot 64-Bit Tiered Compilers"/>
    <property name="ftp.nonProxyHosts" value="local|*.local|169.254/16|*.169.254/16"/>
    <property name="java.runtime.version" value="17.0.2+8-LTS-86"/>
    <property name="user.name" value="marian"/>
    <property name="path.separator" value=":"/>
    <property name="webdriver.firefox.logfile" value="/dev/null"/>
    <property name="os.version" value="12.2.1"/>
    <property name="java.runtime.name" value="Java(TM) SE Runtime Environment"/>
    <property name="file.encoding" value="UTF-8"/>
    <property name="java.vm.name" value="Java HotSpot(TM) 64-Bit Server VM"/>
    <property name="localRepository" value="/Users/marian/.m2/repository"/>
    <property name="java.vendor.url.bug" value="https://bugreport.java.com/bugreport/"/>
    <property name="java.io.tmpdir" value="/var/folders/ly/lhnzv_p138dcx7pfh_qm66h00000gn/T/"/>
    <property name="java.version" value="17.0.2"/>
    <property name="user.dir" value="/Users/marian/IdeaProjects/MavenTestProject"/>
    <property name="os.arch" value="x86_64"/>
    <property name="webdriver.gecko.driver" value="/Users/marian/.cache/selenium/geckodriver/mac64/0.31.0/geckodriver"/>
    <property name="java.vm.specification.name" value="Java Virtual Machine Specification"/>
    <property name="TestDriver" value="firefox"/>
    <property name="native.encoding" value="UTF-8"/>
    <property name="java.library.path" value="/Users/marian/Library/Java/Extensions:/Library/Java/Extensions:/Network/Library/Java/Extensions:/System/Library/Java/Extensions:/usr/lib/java:."/>
    <property name="java.vm.info" value="mixed mode, sharing"/>
    <property name="java.vendor" value="Oracle Corporation"/>
    <property name="java.vm.version" value="17.0.2+8-LTS-86"/>
    <property name="sun.io.unicode.encoding" value="UnicodeBig"/>
    <property name="socksNonProxyHosts" value="local|*.local|169.254/16|*.169.254/16"/>
    <property name="java.class.version" value="61.0"/>
  </properties>
  <testcase name="goToLogInPageTest" classname="BasicTests.LogInPageTests" time="1.451">
    <system-out><![CDATA[23:55:14.825 [main] DEBUG org.testng.TestNG - suiteXmlPath: "/Users/marian/IdeaProjects/MavenTestProject/testng.xml"
23:55:15.143 [main] DEBUG org.testng.internal.Graph - [Graph] ADDING NODE BasePageTests.setUp(java.lang.String)[pri:0, instance:null] 245911194
23:55:15.144 [main] DEBUG org.testng.internal.Graph - [Graph] ================ SORTING
23:55:15.146 [main] DEBUG org.testng.internal.Graph - [Graph] =============== DONE SORTING
23:55:15.146 [main] DEBUG org.testng.internal.Graph - [Graph] ====== SORTED NODES
23:55:15.146 [main] DEBUG org.testng.internal.Graph - [Graph] ====== END SORTED NODES
23:55:15.146 [main] DEBUG org.testng.internal.Graph - [Graph] ADDING NODE BasePageTests.tearDown()[pri:0, instance:null] -1796824351
23:55:15.146 [main] DEBUG org.testng.internal.Graph - [Graph] ================ SORTING
23:55:15.147 [main] DEBUG org.testng.internal.Graph - [Graph] =============== DONE SORTING
23:55:15.147 [main] DEBUG org.testng.internal.Graph - [Graph] ====== SORTED NODES
23:55:15.147 [main] DEBUG org.testng.internal.Graph - [Graph] ====== END SORTED NODES
23:55:15.154 [main] DEBUG org.testng.internal.Graph - [Graph] ADDING NODE BasePageTests.setUp(java.lang.String)[pri:0, instance:null] 245911194
23:55:15.154 [main] DEBUG org.testng.internal.Graph - [Graph] ================ SORTING
23:55:15.155 [main] DEBUG org.testng.internal.Graph - [Graph] =============== DONE SORTING
23:55:15.155 [main] DEBUG org.testng.internal.Graph - [Graph] ====== SORTED NODES
23:55:15.155 [main] DEBUG org.testng.internal.Graph - [Graph] ====== END SORTED NODES
23:55:15.155 [main] DEBUG org.testng.internal.Graph - [Graph] ADDING NODE BasePageTests.tearDown()[pri:0, instance:null] -1796824351
23:55:15.155 [main] DEBUG org.testng.internal.Graph - [Graph] ================ SORTING
23:55:15.155 [main] DEBUG org.testng.internal.Graph - [Graph] =============== DONE SORTING
23:55:15.155 [main] DEBUG org.testng.internal.Graph - [Graph] ====== SORTED NODES
23:55:15.155 [main] DEBUG org.testng.internal.Graph - [Graph] ====== END SORTED NODES
23:55:15.158 [main] DEBUG org.testng.internal.Graph - [Graph] ADDING NODE BasePageTests.setUp(java.lang.String)[pri:0, instance:null] 245911194
23:55:15.158 [main] DEBUG org.testng.internal.Graph - [Graph] ================ SORTING
23:55:15.158 [main] DEBUG org.testng.internal.Graph - [Graph] =============== DONE SORTING
23:55:15.158 [main] DEBUG org.testng.internal.Graph - [Graph] ====== SORTED NODES
23:55:15.158 [main] DEBUG org.testng.internal.Graph - [Graph] ====== END SORTED NODES
23:55:15.158 [main] DEBUG org.testng.internal.Graph - [Graph] ADDING NODE BasePageTests.tearDown()[pri:0, instance:null] -1796824351
23:55:15.158 [main] DEBUG org.testng.internal.Graph - [Graph] ================ SORTING
23:55:15.159 [main] DEBUG org.testng.internal.Graph - [Graph] =============== DONE SORTING
23:55:15.159 [main] DEBUG org.testng.internal.Graph - [Graph] ====== SORTED NODES
23:55:15.159 [main] DEBUG org.testng.internal.Graph - [Graph] ====== END SORTED NODES
23:55:15.161 [main] DEBUG org.testng.internal.Graph - [Graph] ADDING NODE LogInPageTests.goToLogInPageTest()[pri:0, instance:BasicTests.LogInPageTests@8f2ef19] 1481082263
23:55:15.161 [main] DEBUG org.testng.internal.Graph - [Graph] ================ SORTING
23:55:15.161 [main] DEBUG org.testng.internal.Graph - [Graph] =============== DONE SORTING
23:55:15.162 [main] DEBUG org.testng.internal.Graph - [Graph] ====== SORTED NODES
23:55:15.162 [main] DEBUG org.testng.internal.Graph - [Graph] ====== END SORTED NODES
23:55:15.254 [main] INFO BasicTests.BasePageTests - Run SetUp method for class
23:55:15.255 [main] INFO Pages.BasePage - Wybrany driver to FIREFOX
23:55:15.442 [main] DEBUG org.apache.hc.client5.http.impl.classic.InternalHttpClient - ex-0000000001 preparing request execution
23:55:15.446 [main] DEBUG org.apache.hc.client5.http.protocol.RequestAddCookies - ex-0000000001 Cookie spec selected: strict
23:55:15.449 [main] DEBUG org.apache.hc.client5.http.protocol.RequestAuthCache - ex-0000000001 Auth cache not set in the context
23:55:15.449 [main] DEBUG org.apache.hc.client5.http.impl.classic.ProtocolExec - ex-0000000001 target auth state: UNCHALLENGED
23:55:15.450 [main] DEBUG org.apache.hc.client5.http.impl.classic.ProtocolExec - ex-0000000001 proxy auth state: UNCHALLENGED
23:55:15.450 [main] DEBUG org.apache.hc.client5.http.impl.classic.ConnectExec - ex-0000000001 acquiring connection with route {s}->https://raw.githubusercontent.com:443
23:55:15.450 [main] DEBUG org.apache.hc.client5.http.impl.classic.InternalHttpClient - ex-0000000001 acquiring endpoint (3 MINUTES)
23:55:15.451 [main] DEBUG org.apache.hc.client5.http.impl.io.PoolingHttpClientConnectionManager - ex-0000000001 endpoint lease request (3 MINUTES) [route: {s}->https://raw.githubusercontent.com:443][total available: 0; route allocated: 0 of 5; total allocated: 0 of 25]
23:55:15.453 [main] DEBUG org.apache.hc.client5.http.impl.io.PoolingHttpClientConnectionManager - ex-0000000001 endpoint leased [route: {s}->https://raw.githubusercontent.com:443][total available: 0; route allocated: 1 of 5; total allocated: 1 of 25]
23:55:15.460 [main] DEBUG org.apache.hc.client5.http.impl.io.PoolingHttpClientConnectionManager - ex-0000000001 acquired ep-0000000000
23:55:15.460 [main] DEBUG org.apache.hc.client5.http.impl.classic.InternalHttpClient - ex-0000000001 acquired endpoint ep-0000000000
23:55:15.460 [main] DEBUG org.apache.hc.client5.http.impl.classic.ConnectExec - ex-0000000001 opening connection {s}->https://raw.githubusercontent.com:443
23:55:15.460 [main] DEBUG org.apache.hc.client5.http.impl.classic.InternalHttpClient - ep-0000000000 connecting endpoint (30 SECONDS)
23:55:15.460 [main] DEBUG org.apache.hc.client5.http.impl.io.PoolingHttpClientConnectionManager - ep-0000000000 connecting endpoint to https://raw.githubusercontent.com:443 (30 SECONDS)
23:55:15.470 [main] DEBUG org.apache.hc.client5.http.impl.io.DefaultHttpClientConnectionOperator - http-outgoing-0 connecting to raw.githubusercontent.com/185.199.109.133:443
23:55:15.470 [main] DEBUG org.apache.hc.client5.http.ssl.SSLConnectionSocketFactory - Connecting socket to raw.githubusercontent.com/185.199.109.133:443 with timeout 30 SECONDS
23:55:15.546 [main] DEBUG org.apache.hc.client5.http.ssl.SSLConnectionSocketFactory - Enabled protocols: [TLSv1.3, TLSv1.2]
23:55:15.546 [main] DEBUG org.apache.hc.client5.http.ssl.SSLConnectionSocketFactory - Enabled cipher suites: [TLS_AES_256_GCM_SHA384, TLS_AES_128_GCM_SHA256, TLS_CHACHA20_POLY1305_SHA256, TLS_ECDHE_ECDSA_WITH_AES_256_GCM_SHA384, TLS_ECDHE_ECDSA_WITH_AES_128_GCM_SHA256, TLS_ECDHE_ECDSA_WITH_CHACHA20_POLY1305_SHA256, TLS_ECDHE_RSA_WITH_AES_256_GCM_SHA384, TLS_ECDHE_RSA_WITH_CHACHA20_POLY1305_SHA256, TLS_ECDHE_RSA_WITH_AES_128_GCM_SHA256, TLS_DHE_RSA_WITH_AES_256_GCM_SHA384, TLS_DHE_RSA_WITH_CHACHA20_POLY1305_SHA256, TLS_DHE_DSS_WITH_AES_256_GCM_SHA384, TLS_DHE_RSA_WITH_AES_128_GCM_SHA256, TLS_DHE_DSS_WITH_AES_128_GCM_SHA256, TLS_ECDHE_ECDSA_WITH_AES_256_CBC_SHA384, TLS_ECDHE_RSA_WITH_AES_256_CBC_SHA384, TLS_ECDHE_ECDSA_WITH_AES_128_CBC_SHA256, TLS_ECDHE_RSA_WITH_AES_128_CBC_SHA256, TLS_DHE_RSA_WITH_AES_256_CBC_SHA256, TLS_DHE_DSS_WITH_AES_256_CBC_SHA256, TLS_DHE_RSA_WITH_AES_128_CBC_SHA256, TLS_DHE_DSS_WITH_AES_128_CBC_SHA256, TLS_ECDH_ECDSA_WITH_AES_256_GCM_SHA384, TLS_ECDH_RSA_WITH_AES_256_GCM_SHA384, TLS_ECDH_ECDSA_WITH_AES_128_GCM_SHA256, TLS_ECDH_RSA_WITH_AES_128_GCM_SHA256, TLS_ECDH_ECDSA_WITH_AES_256_CBC_SHA384, TLS_ECDH_RSA_WITH_AES_256_CBC_SHA384, TLS_ECDH_ECDSA_WITH_AES_128_CBC_SHA256, TLS_ECDH_RSA_WITH_AES_128_CBC_SHA256, TLS_ECDHE_ECDSA_WITH_AES_256_CBC_SHA, TLS_ECDHE_RSA_WITH_AES_256_CBC_SHA, TLS_ECDHE_ECDSA_WITH_AES_128_CBC_SHA, TLS_ECDHE_RSA_WITH_AES_128_CBC_SHA, TLS_DHE_RSA_WITH_AES_256_CBC_SHA, TLS_DHE_DSS_WITH_AES_256_CBC_SHA, TLS_DHE_RSA_WITH_AES_128_CBC_SHA, TLS_DHE_DSS_WITH_AES_128_CBC_SHA, TLS_ECDH_ECDSA_WITH_AES_256_CBC_SHA, TLS_ECDH_RSA_WITH_AES_256_CBC_SHA, TLS_ECDH_ECDSA_WITH_AES_128_CBC_SHA, TLS_ECDH_RSA_WITH_AES_128_CBC_SHA, TLS_RSA_WITH_AES_256_GCM_SHA384, TLS_RSA_WITH_AES_128_GCM_SHA256, TLS_RSA_WITH_AES_256_CBC_SHA256, TLS_RSA_WITH_AES_128_CBC_SHA256, TLS_RSA_WITH_AES_256_CBC_SHA, TLS_RSA_WITH_AES_128_CBC_SHA, TLS_EMPTY_RENEGOTIATION_INFO_SCSV]
23:55:15.546 [main] DEBUG org.apache.hc.client5.http.ssl.SSLConnectionSocketFactory - Starting handshake
23:55:15.628 [main] DEBUG org.apache.hc.client5.http.ssl.SSLConnectionSocketFactory - Secure session established
23:55:15.628 [main] DEBUG org.apache.hc.client5.http.ssl.SSLConnectionSocketFactory -  negotiated protocol: TLSv1.3
23:55:15.629 [main] DEBUG org.apache.hc.client5.http.ssl.SSLConnectionSocketFactory -  negotiated cipher suite: TLS_AES_256_GCM_SHA384
23:55:15.629 [main] DEBUG org.apache.hc.client5.http.ssl.SSLConnectionSocketFactory -  peer principal: CN=*.github.io, O="GitHub, Inc.", L=San Francisco, ST=California, C=US
23:55:15.630 [main] DEBUG org.apache.hc.client5.http.ssl.SSLConnectionSocketFactory -  peer alternative names: [*.github.io, github.com, *.github.com, www.github.com, github.io, githubusercontent.com, *.githubusercontent.com]
23:55:15.630 [main] DEBUG org.apache.hc.client5.http.ssl.SSLConnectionSocketFactory -  issuer principal: CN=DigiCert TLS RSA SHA256 2020 CA1, O=DigiCert Inc, C=US
23:55:15.630 [main] DEBUG org.apache.hc.client5.http.impl.io.DefaultHttpClientConnectionOperator - http-outgoing-0 connection established 192.168.0.24:63069<->185.199.109.133:443
23:55:15.630 [main] DEBUG org.apache.hc.client5.http.impl.io.PoolingHttpClientConnectionManager - ep-0000000000 connected http-outgoing-0
23:55:15.631 [main] DEBUG org.apache.hc.client5.http.impl.classic.InternalHttpClient - ep-0000000000 endpoint connected
23:55:15.631 [main] DEBUG org.apache.hc.client5.http.impl.classic.MainClientExec - ex-0000000001 executing GET /bonigarcia/webdrivermanager/master/src/main/resources/commands.properties HTTP/1.1
23:55:15.631 [main] DEBUG org.apache.hc.client5.http.impl.classic.InternalHttpClient - ep-0000000000 start execution ex-0000000001
23:55:15.631 [main] DEBUG org.apache.hc.client5.http.impl.io.PoolingHttpClientConnectionManager - ep-0000000000 executing exchange ex-0000000001 over http-outgoing-0
23:55:15.632 [main] DEBUG org.apache.hc.client5.http.headers - http-outgoing-0 >> GET /bonigarcia/webdrivermanager/master/src/main/resources/commands.properties HTTP/1.1
23:55:15.632 [main] DEBUG org.apache.hc.client5.http.headers - http-outgoing-0 >> user-agent: Apache-HttpClient/5.0
23:55:15.632 [main] DEBUG org.apache.hc.client5.http.headers - http-outgoing-0 >> accept-encoding: gzip, deflate, br
23:55:15.632 [main] DEBUG org.apache.hc.client5.http.headers - http-outgoing-0 >> cache-control: max-age=0
23:55:15.632 [main] DEBUG org.apache.hc.client5.http.headers - http-outgoing-0 >> connection: keep-alive
23:55:15.632 [main] DEBUG org.apache.hc.client5.http.headers - http-outgoing-0 >> Host: raw.githubusercontent.com
23:55:15.632 [main] DEBUG org.apache.hc.client5.http.wire - http-outgoing-0 >> "GET /bonigarcia/webdrivermanager/master/src/main/resources/commands.properties HTTP/1.1[\r][\n]"
23:55:15.632 [main] DEBUG org.apache.hc.client5.http.wire - http-outgoing-0 >> "user-agent: Apache-HttpClient/5.0[\r][\n]"
23:55:15.632 [main] DEBUG org.apache.hc.client5.http.wire - http-outgoing-0 >> "accept-encoding: gzip, deflate, br[\r][\n]"
23:55:15.632 [main] DEBUG org.apache.hc.client5.http.wire - http-outgoing-0 >> "cache-control: max-age=0[\r][\n]"
23:55:15.632 [main] DEBUG org.apache.hc.client5.http.wire - http-outgoing-0 >> "connection: keep-alive[\r][\n]"
23:55:15.632 [main] DEBUG org.apache.hc.client5.http.wire - http-outgoing-0 >> "Host: raw.githubusercontent.com[\r][\n]"
23:55:15.633 [main] DEBUG org.apache.hc.client5.http.wire - http-outgoing-0 >> "[\r][\n]"
23:55:15.663 [main] DEBUG org.apache.hc.client5.http.wire - http-outgoing-0 << "HTTP/1.1 200 OK[\r][\n]"
23:55:15.663 [main] DEBUG org.apache.hc.client5.http.wire - http-outgoing-0 << "Connection: keep-alive[\r][\n]"
23:55:15.663 [main] DEBUG org.apache.hc.client5.http.wire - http-outgoing-0 << "Content-Length: 723[\r][\n]"
23:55:15.664 [main] DEBUG org.apache.hc.client5.http.wire - http-outgoing-0 << "Cache-Control: max-age=300[\r][\n]"
23:55:15.664 [main] DEBUG org.apache.hc.client5.http.wire - http-outgoing-0 << "Content-Security-Policy: default-src 'none'; style-src 'unsafe-inline'; sandbox[\r][\n]"
23:55:15.664 [main] DEBUG org.apache.hc.client5.http.wire - http-outgoing-0 << "Content-Type: text/plain; charset=utf-8[\r][\n]"
23:55:15.664 [main] DEBUG org.apache.hc.client5.http.wire - http-outgoing-0 << "ETag: W/"e82b438271e9e8680c688b0b680efd0bdd22faa6d6f0a32fc1fd8accc486b67e"[\r][\n]"
23:55:15.664 [main] DEBUG org.apache.hc.client5.http.wire - http-outgoing-0 << "Strict-Transport-Security: max-age=31536000[\r][\n]"
23:55:15.664 [main] DEBUG org.apache.hc.client5.http.wire - http-outgoing-0 << "X-Content-Type-Options: nosniff[\r][\n]"
23:55:15.664 [main] DEBUG org.apache.hc.client5.http.wire - http-outgoing-0 << "X-Frame-Options: deny[\r][\n]"
23:55:15.664 [main] DEBUG org.apache.hc.client5.http.wire - http-outgoing-0 << "X-XSS-Protection: 1; mode=block[\r][\n]"
23:55:15.664 [main] DEBUG org.apache.hc.client5.http.wire - http-outgoing-0 << "X-GitHub-Request-Id: 5E76:981F:6995DE:72B1D6:62935CBC[\r][\n]"
23:55:15.665 [main] DEBUG org.apache.hc.client5.http.wire - http-outgoing-0 << "Content-Encoding: gzip[\r][\n]"
23:55:15.665 [main] DEBUG org.apache.hc.client5.http.wire - http-outgoing-0 << "Accept-Ranges: bytes[\r][\n]"
23:55:15.665 [main] DEBUG org.apache.hc.client5.http.wire - http-outgoing-0 << "Date: Sun, 12 Jun 2022 21:55:15 GMT[\r][\n]"
23:55:15.665 [main] DEBUG org.apache.hc.client5.http.wire - http-outgoing-0 << "Via: 1.1 varnish[\r][\n]"
23:55:15.665 [main] DEBUG org.apache.hc.client5.http.wire - http-outgoing-0 << "X-Served-By: cache-fra19137-FRA[\r][\n]"
23:55:15.665 [main] DEBUG org.apache.hc.client5.http.wire - http-outgoing-0 << "X-Cache: HIT[\r][\n]"
23:55:15.665 [main] DEBUG org.apache.hc.client5.http.wire - http-outgoing-0 << "X-Cache-Hits: 1[\r][\n]"
23:55:15.665 [main] DEBUG org.apache.hc.client5.http.wire - http-outgoing-0 << "X-Timer: S1655070916.711362,VS0,VE1[\r][\n]"
23:55:15.665 [main] DEBUG org.apache.hc.client5.http.wire - http-outgoing-0 << "Vary: Authorization,Accept-Encoding,Origin[\r][\n]"
23:55:15.666 [main] DEBUG org.apache.hc.client5.http.wire - http-outgoing-0 << "Access-Control-Allow-Origin: *[\r][\n]"
23:55:15.666 [main] DEBUG org.apache.hc.client5.http.wire - http-outgoing-0 << "X-Fastly-Request-ID: 2f90ca56035d26768f662865fe4567b25a5f01e0[\r][\n]"
23:55:15.666 [main] DEBUG org.apache.hc.client5.http.wire - http-outgoing-0 << "Expires: Sun, 12 Jun 2022 22:00:15 GMT[\r][\n]"
23:55:15.666 [main] DEBUG org.apache.hc.client5.http.wire - http-outgoing-0 << "Source-Age: 249[\r][\n]"
23:55:15.666 [main] DEBUG org.apache.hc.client5.http.wire - http-outgoing-0 << "[\r][\n]"
23:55:15.669 [main] DEBUG org.apache.hc.client5.http.headers - http-outgoing-0 << HTTP/1.1 200 OK
23:55:15.669 [main] DEBUG org.apache.hc.client5.http.headers - http-outgoing-0 << Connection: keep-alive
23:55:15.669 [main] DEBUG org.apache.hc.client5.http.headers - http-outgoing-0 << Content-Length: 723
23:55:15.670 [main] DEBUG org.apache.hc.client5.http.headers - http-outgoing-0 << Cache-Control: max-age=300
23:55:15.670 [main] DEBUG org.apache.hc.client5.http.headers - http-outgoing-0 << Content-Security-Policy: default-src 'none'; style-src 'unsafe-inline'; sandbox
23:55:15.670 [main] DEBUG org.apache.hc.client5.http.headers - http-outgoing-0 << Content-Type: text/plain; charset=utf-8
23:55:15.670 [main] DEBUG org.apache.hc.client5.http.headers - http-outgoing-0 << ETag: W/"e82b438271e9e8680c688b0b680efd0bdd22faa6d6f0a32fc1fd8accc486b67e"
23:55:15.670 [main] DEBUG org.apache.hc.client5.http.headers - http-outgoing-0 << Strict-Transport-Security: max-age=31536000
23:55:15.670 [main] DEBUG org.apache.hc.client5.http.headers - http-outgoing-0 << X-Content-Type-Options: nosniff
23:55:15.670 [main] DEBUG org.apache.hc.client5.http.headers - http-outgoing-0 << X-Frame-Options: deny
23:55:15.670 [main] DEBUG org.apache.hc.client5.http.headers - http-outgoing-0 << X-XSS-Protection: 1; mode=block
23:55:15.670 [main] DEBUG org.apache.hc.client5.http.headers - http-outgoing-0 << X-GitHub-Request-Id: 5E76:981F:6995DE:72B1D6:62935CBC
23:55:15.671 [main] DEBUG org.apache.hc.client5.http.headers - http-outgoing-0 << Content-Encoding: gzip
23:55:15.671 [main] DEBUG org.apache.hc.client5.http.headers - http-outgoing-0 << Accept-Ranges: bytes
23:55:15.671 [main] DEBUG org.apache.hc.client5.http.headers - http-outgoing-0 << Date: Sun, 12 Jun 2022 21:55:15 GMT
23:55:15.671 [main] DEBUG org.apache.hc.client5.http.headers - http-outgoing-0 << Via: 1.1 varnish
23:55:15.671 [main] DEBUG org.apache.hc.client5.http.headers - http-outgoing-0 << X-Served-By: cache-fra19137-FRA
23:55:15.671 [main] DEBUG org.apache.hc.client5.http.headers - http-outgoing-0 << X-Cache: HIT
23:55:15.671 [main] DEBUG org.apache.hc.client5.http.headers - http-outgoing-0 << X-Cache-Hits: 1
23:55:15.671 [main] DEBUG org.apache.hc.client5.http.headers - http-outgoing-0 << X-Timer: S1655070916.711362,VS0,VE1
23:55:15.671 [main] DEBUG org.apache.hc.client5.http.headers - http-outgoing-0 << Vary: Authorization,Accept-Encoding,Origin
23:55:15.672 [main] DEBUG org.apache.hc.client5.http.headers - http-outgoing-0 << Access-Control-Allow-Origin: *
23:55:15.672 [main] DEBUG org.apache.hc.client5.http.headers - http-outgoing-0 << X-Fastly-Request-ID: 2f90ca56035d26768f662865fe4567b25a5f01e0
23:55:15.672 [main] DEBUG org.apache.hc.client5.http.headers - http-outgoing-0 << Expires: Sun, 12 Jun 2022 22:00:15 GMT
23:55:15.672 [main] DEBUG org.apache.hc.client5.http.headers - http-outgoing-0 << Source-Age: 249
23:55:15.675 [main] DEBUG org.apache.hc.client5.http.impl.classic.MainClientExec - ex-0000000001 connection can be kept alive for 3 MINUTES
23:55:15.688 [main] DEBUG org.apache.hc.client5.http.wire - http-outgoing-0 << "[0x1f][0xffffff8b][0x8][0x0][0x0][0x0][0x0][0x0][0x0][0x3][0xffffffb5]V]o[0xffffffda]0[0x14]}[0xffffffe7]W\[0xffffff81]*[0xffffffb5][0x12][0x1f][[M[0xffffffd3]$[0x1e]hF[0xffffffbb]i [0x18][0xffffffb4][0xffffffdd]&[0xfffffff9][0xffffffc5]$7[0xffffffc1]R[0x12]#;[0xffffff94]v[0xffffffbf]~[0xffffffb6][0xfffffff3]1[0xffffff92][0xffffff9a][0xffffffc1][0x1a]x[0xffffffcb][0xffffffb5][0xffffffaf][0xffffffcf]9[0xffffffbe][0xfffffff7]8v[0xb][0x1c][0x1e]E4[0xfffffff6]$x4[0xffffffa1][0xb]*[0xffffffb1][0xffffffd1][0xffffff82][0xfffffffb]%[0xffffff93][0xffffffe0][0xffffffb3][0x10][0xffffffc1][0xffffffe5]qBY,!Y[0xffffffea] KM8,[0x10][0xfffffff0][0x19][0xffffffdd]u[0xffffff82][0x1e][0xffffffb0][0xffffffd8]L[0xffffffcb]%[0xffffff86][0xffffffa1][0xe][0xffffffb8][0xfffffff0]P[0xffffffe8]$[0xf][0x13]t[0x13]3[0xfffffff9][0xffffff84]B2[0xffffffae][0xffffffe6]|@[0xfffffff5][0x1d][0x8][0xffffffc4][0x18][0x16][0xffffff82]o[0xffffffa4][0xffffff9a]P[0xffffff94][0xffffffe7][0xffffffce]R[0xfffffff0][0x8][0xffffffdb]p[0xffffffcb][0x4][0xfffffffa][0xfffffffc][0xffffffb9][\r][0xffffff93][0x15][\n]"
23:55:15.688 [main] DEBUG org.apache.hc.client5.http.wire - http-outgoing-0 << "[0xffffffda][0xffffff86][0xffffffa1][0x17][0xffffffa8]Q3[0xffffffcb][0xffffffd6][0xffffffd1][0xffffff85][0xffffffc6][0xfffffff7][0xffffff98][0xffffffef][0xffffffa3][0xffffffc0]8[0x1][0xffffffae]s[0x12][0x16][0x7] _d[0xffffff82][0xffffff91][0xffffff84][0xfffffff3][0x1f],[0xfffffff6][0x14]j[0x1b]F,^+[0xffffff98]1ua2[0xffffffbf]h([0xffffff8e][0xffffff94][0xffffffa2][0xffffff91]m[0xffffffa3][0xffffffeb][0xffffff9a][0xffffffb0][0xffffffbb]I[0x17]t[0xffffffdf][0xffffffbd][0xffffffef][0xffffffbb][0xffffff91][0xffffffd7]U[0xffffffbb][0xffffff82][0xffffff9e][0x3][0xffffff9b][0xffffff88][0xffffffb9][0xffffffa6]$[0xffffffa6][0xc][0xffffff9b][0xffffffa5][0xffffffe2][0xffffff83][0xffffff98]F[0xffffffd8]o[0xffffff9e]Mg[0xffffff93][0xffffffbb][0xffffffd9]`|[0xfffffffb]u4[0xffffff9c][0x7f]"}B[0xffffffce][0x8][0xffffffb9][0xffffffe3]<[0x8][0xffffff91][0xffffff90][0xffffff94][0xffffff82][0xffffff90][0xffffffc1]j[0x15]2WI[0xffffffe3]1![0x19][0xffffff91]BnB[0xffffff80][0x9]<f[0xffffffb5][0xffffffe8]=[0xffffffd1]p[0xffffffbd][[0xffffffcf][0xffffffe5][0x1b][0xfffffff4][0xffffff9c][0xffffffff][0xfffffffc][0xfffffff8][0xffffffe1][0xffffffe2][0xffffff94][0xffffffa2][0xffffffae][0xe][0x14]5[0xffffff9a]8[0xffffff83][0xffffffd1]`:[0xfffffffd]<[0xffffffb8][0x1f][0xffffff9c]R[0xffffffcf]u[0x7f]6[0xffffffbc][0xffffff83][0xffffffef][0xf][0xffffffc3][0xffffffd9]/[0xfffffff8][0xfffffff2][0xffffffcd]y s[0xffffffee]'[0x1b]*0g[0xffffffcb][0xffffffc8]nF7H][0xffffff83][0xffffff97]{[0xffffffb1]Q[0x5][\r][0xffffffb5]c[0xffffffb4][0xf][0x2][0xffffffb3][0xffffffb4][0xffffff93][0xe]C[0xffffffa7][0xffffffb3]kAD][0xffffff9d][0xffffffde][0xffffffdb][0xffffffda][0xffffff88][0xffffffec][0xffffffa5][0xffffffbc][0xffffff99][0xffffffd9][0xffffffba]t[0xffffffb5][0xffffffea]9[0xffffffea][0x10])[0xffffffb7][0xffffffca][0xffffff9e][0xfffffff2][0xffffffe2]d^N[0xffffffd8]FW[0x16][0xffffffcd][0xffffffdc]_[0x10][0xfffffff9]i|[0x1c][0xffffff93][0xffffff8e][0xfffffff9]o[0x16][0xffffff86]4'!$G[0xffffffdf]W[0xfffffff4]W*j[[0xfffffff3]xR[0xffffffae][0xffffffb6][0xc][0xffffffd0],; #[0xffffffa9][0xffffff92]5[0xffffffb5][0x7][0xffffff9c][0xffffffb5][0xffffffd0][0x7f][0xffffff90][0xffffffc7]jgs[0xfffffffc][0xffffffc2][0xb][0xffffffd9][0x0]t[0xffffff9e]^'Y[0xfffffffb][0xffffff9f][0xffffffb1][0xffffffd8]:[0xffffffbf][0xffffff8d][0xffffffa5][0xffffff9a][0xffffffad][0x7f]m[0x5]&[0xffffffaa][0xffffffa0]^[0xffffff9b][0xffffffcb][0x5]f[0xffffffae][0xffffffe0]RU[0xffffff82][0x10]MS9l[0xffffff91]4t[0xfffffffb][0xffffff8a]][0xffffffd6][0xfffffff4][0xffffff96][0xffffffa6][0xffffff9f]P[0xffffffce][0xffffffd5][0xffffffce][0xffffff93][0xffffffff][0xffffff97][0xffffffcc]p[0xfffffffd][0xfffffff3][0xffffffe8][0x1b][0xffffffcc][0xffffffa2][0xffffffd9]Q[0xffffffbe][0xffffffb2][0xffffffa3][0xffffffc7]m'[0xffffffdf][0xffffffe4][[0xfffffffb]^[0xffffffb0][0xffffff9a][0xffffffbe][0xffffffda][0xffffffda]_[0xffffffce][0xffffff80][0xffffffd2][0xffffffc1]7[0xffffffb7]][0xffffffc1]b[0xffffffee][0xffffffb5][0xffffffff]w[0xffffff83][0xffffffed][0xffffffa7];[0x15]<[0x10]4[0xffffff92][0xffffff84][0x18][\n]"
23:55:15.688 [main] DEBUG org.apache.hc.client5.http.wire - http-outgoing-0 << "BB[0xffffffba][0xffffff8e]][0xffffffb5]jo[0xffffffb9]+"[0xffffffea][0xffffffb4][0xffffffff]h"[0xffffffea]\?5[0xffffffa9][0xffffffaf]k[0xffffffec][0xffffffff]P[0xffffffea][\n]"
23:55:15.688 [main] DEBUG org.apache.hc.client5.http.wire - http-outgoing-0 << "w[0xffffffe1]K[0x13][0xffffffda][0xffffffec][0xffffff98][0xffffffe6]Y[0xfffffffd]h8m6[0xffffff9c]T[0xffffffc1][0xfffffff2][0xffffffa7][0xffffff91]z_[0xffffff95]o85p[0x1c][0x13][0xffffffe6][0xfffffff0]5[0xffffffee][0xfffffffc][0xffffff92][0xffffff96][0xffffffda][0xfffffff7][0xffffffcf][0xffffffb1][0x5][0x1d][0xffffffea]K[0xffffff9b]9[0xffffff8e][0xffffffad]e[0xfffffff7][0xffffff93][0xffffffa8]`[0xffffffda][0xffffffff][0x1a][0xffffffd2][0xffffff88][0xffffff85][0xfffffffd][0xfffffff2][0xffffff91]N[0xfffffff6]`[0xffffffdf]2[0xffffffcf][0xffffffae]E[0xffffff97][0xffffffc5][0xffffffa2][0xffffff9d][0xffffffef]'[0xffffff9d]mun.[0xffffffd3]f^[0xffffffc7][0xffffff82][0xffffffda][0xffffff82]9[0xfffffff5][0xffffffa9]`[0x5][0xffffffbc]4[0xffffffa1][0x1d]<M[0xffffffb5]A[0xffffffa7]3[[0xffffffc0][0x7f][0x0][0xffffffc1][0xffffffd0]$[0xffffff85][0x1d][\r][0x0][0x0]"
23:55:15.689 [main] DEBUG org.apache.hc.client5.http.impl.classic.InternalHttpClient - ep-0000000000 releasing valid endpoint
23:55:15.689 [main] DEBUG org.apache.hc.client5.http.impl.io.PoolingHttpClientConnectionManager - ep-0000000000 releasing endpoint
23:55:15.690 [main] DEBUG org.apache.hc.client5.http.impl.io.PoolingHttpClientConnectionManager - ep-0000000000 connection http-outgoing-0 can be kept alive for 3 MINUTES
23:55:15.690 [main] DEBUG org.apache.hc.client5.http.impl.io.PoolingHttpClientConnectionManager - ep-0000000000 connection released [route: {s}->https://raw.githubusercontent.com:443][total available: 1; route allocated: 1 of 5; total allocated: 1 of 25]
23:55:15.690 [main] DEBUG io.github.bonigarcia.wdm.versions.VersionDetector - Detecting firefox version using online commands.properties
23:55:15.692 [main] DEBUG io.github.bonigarcia.wdm.versions.Shell - Running command on the shell: [/Applications/Firefox.app/Contents/MacOS/firefox, -v]
23:55:15.824 [main] DEBUG io.github.bonigarcia.wdm.versions.Shell - Result: Mozilla Firefox 101.0.1
23:55:15.826 [main] DEBUG io.github.bonigarcia.wdm.versions.VersionDetector - Getting driver version for firefox101 from online versions.properties
23:55:15.828 [main] DEBUG org.apache.hc.client5.http.impl.classic.InternalHttpClient - ex-0000000002 preparing request execution
23:55:15.828 [main] DEBUG org.apache.hc.client5.http.protocol.RequestAddCookies - ex-0000000002 Cookie spec selected: strict
23:55:15.828 [main] DEBUG org.apache.hc.client5.http.protocol.RequestAuthCache - ex-0000000002 Auth cache not set in the context
23:55:15.828 [main] DEBUG org.apache.hc.client5.http.impl.classic.ProtocolExec - ex-0000000002 target auth state: UNCHALLENGED
23:55:15.828 [main] DEBUG org.apache.hc.client5.http.impl.classic.ProtocolExec - ex-0000000002 proxy auth state: UNCHALLENGED
23:55:15.828 [main] DEBUG org.apache.hc.client5.http.impl.classic.ConnectExec - ex-0000000002 acquiring connection with route {s}->https://raw.githubusercontent.com:443
23:55:15.828 [main] DEBUG org.apache.hc.client5.http.impl.classic.InternalHttpClient - ex-0000000002 acquiring endpoint (3 MINUTES)
23:55:15.829 [main] DEBUG org.apache.hc.client5.http.impl.io.PoolingHttpClientConnectionManager - ex-0000000002 endpoint lease request (3 MINUTES) [route: {s}->https://raw.githubusercontent.com:443][total available: 1; route allocated: 1 of 5; total allocated: 1 of 25]
23:55:15.829 [main] DEBUG org.apache.hc.client5.http.impl.io.PoolingHttpClientConnectionManager - ex-0000000002 endpoint leased [route: {s}->https://raw.githubusercontent.com:443][total available: 0; route allocated: 1 of 5; total allocated: 1 of 25]
23:55:15.829 [main] DEBUG org.apache.hc.client5.http.impl.io.PoolingHttpClientConnectionManager - ex-0000000002 acquired ep-0000000001
23:55:15.829 [main] DEBUG org.apache.hc.client5.http.impl.classic.InternalHttpClient - ex-0000000002 acquired endpoint ep-0000000001
23:55:15.829 [main] DEBUG org.apache.hc.client5.http.impl.classic.MainClientExec - ex-0000000002 executing GET /bonigarcia/webdrivermanager/master/src/main/resources/versions.properties HTTP/1.1
23:55:15.829 [main] DEBUG org.apache.hc.client5.http.impl.classic.InternalHttpClient - ep-0000000001 start execution ex-0000000002
23:55:15.829 [main] DEBUG org.apache.hc.client5.http.impl.io.PoolingHttpClientConnectionManager - ep-0000000001 executing exchange ex-0000000002 over http-outgoing-0
23:55:15.829 [main] DEBUG org.apache.hc.client5.http.headers - http-outgoing-0 >> GET /bonigarcia/webdrivermanager/master/src/main/resources/versions.properties HTTP/1.1
23:55:15.829 [main] DEBUG org.apache.hc.client5.http.headers - http-outgoing-0 >> user-agent: Apache-HttpClient/5.0
23:55:15.829 [main] DEBUG org.apache.hc.client5.http.headers - http-outgoing-0 >> accept-encoding: gzip, deflate, br
23:55:15.829 [main] DEBUG org.apache.hc.client5.http.headers - http-outgoing-0 >> cache-control: max-age=0
23:55:15.829 [main] DEBUG org.apache.hc.client5.http.headers - http-outgoing-0 >> connection: keep-alive
23:55:15.829 [main] DEBUG org.apache.hc.client5.http.headers - http-outgoing-0 >> Host: raw.githubusercontent.com
23:55:15.830 [main] DEBUG org.apache.hc.client5.http.wire - http-outgoing-0 >> "GET /bonigarcia/webdrivermanager/master/src/main/resources/versions.properties HTTP/1.1[\r][\n]"
23:55:15.830 [main] DEBUG org.apache.hc.client5.http.wire - http-outgoing-0 >> "user-agent: Apache-HttpClient/5.0[\r][\n]"
23:55:15.830 [main] DEBUG org.apache.hc.client5.http.wire - http-outgoing-0 >> "accept-encoding: gzip, deflate, br[\r][\n]"
23:55:15.830 [main] DEBUG org.apache.hc.client5.http.wire - http-outgoing-0 >> "cache-control: max-age=0[\r][\n]"
23:55:15.830 [main] DEBUG org.apache.hc.client5.http.wire - http-outgoing-0 >> "connection: keep-alive[\r][\n]"
23:55:15.830 [main] DEBUG org.apache.hc.client5.http.wire - http-outgoing-0 >> "Host: raw.githubusercontent.com[\r][\n]"
23:55:15.830 [main] DEBUG org.apache.hc.client5.http.wire - http-outgoing-0 >> "[\r][\n]"
23:55:15.863 [main] DEBUG org.apache.hc.client5.http.wire - http-outgoing-0 << "HTTP/1.1 200 OK[\r][\n]"
23:55:15.863 [main] DEBUG org.apache.hc.client5.http.wire - http-outgoing-0 << "Connection: keep-alive[\r][\n]"
23:55:15.863 [main] DEBUG org.apache.hc.client5.http.wire - http-outgoing-0 << "Content-Length: 1268[\r][\n]"
23:55:15.863 [main] DEBUG org.apache.hc.client5.http.wire - http-outgoing-0 << "Cache-Control: max-age=300[\r][\n]"
23:55:15.863 [main] DEBUG org.apache.hc.client5.http.wire - http-outgoing-0 << "Content-Security-Policy: default-src 'none'; style-src 'unsafe-inline'; sandbox[\r][\n]"
23:55:15.863 [main] DEBUG org.apache.hc.client5.http.wire - http-outgoing-0 << "Content-Type: text/plain; charset=utf-8[\r][\n]"
23:55:15.863 [main] DEBUG org.apache.hc.client5.http.wire - http-outgoing-0 << "ETag: W/"9848502208952f47c7d5d1311dd4f35e0e340e730ae3575bf04c2aed9a3bcb86"[\r][\n]"
23:55:15.863 [main] DEBUG org.apache.hc.client5.http.wire - http-outgoing-0 << "Strict-Transport-Security: max-age=31536000[\r][\n]"
23:55:15.863 [main] DEBUG org.apache.hc.client5.http.wire - http-outgoing-0 << "X-Content-Type-Options: nosniff[\r][\n]"
23:55:15.863 [main] DEBUG org.apache.hc.client5.http.wire - http-outgoing-0 << "X-Frame-Options: deny[\r][\n]"
23:55:15.864 [main] DEBUG org.apache.hc.client5.http.wire - http-outgoing-0 << "X-XSS-Protection: 1; mode=block[\r][\n]"
23:55:15.864 [main] DEBUG org.apache.hc.client5.http.wire - http-outgoing-0 << "X-GitHub-Request-Id: 5CEC:E6E7:10BB52:1EDC14:62A5A25C[\r][\n]"
23:55:15.864 [main] DEBUG org.apache.hc.client5.http.wire - http-outgoing-0 << "Content-Encoding: gzip[\r][\n]"
23:55:15.864 [main] DEBUG org.apache.hc.client5.http.wire - http-outgoing-0 << "Accept-Ranges: bytes[\r][\n]"
23:55:15.864 [main] DEBUG org.apache.hc.client5.http.wire - http-outgoing-0 << "Date: Sun, 12 Jun 2022 21:55:15 GMT[\r][\n]"
23:55:15.864 [main] DEBUG org.apache.hc.client5.http.wire - http-outgoing-0 << "Via: 1.1 varnish[\r][\n]"
23:55:15.864 [main] DEBUG org.apache.hc.client5.http.wire - http-outgoing-0 << "X-Served-By: cache-fra19137-FRA[\r][\n]"
23:55:15.864 [main] DEBUG org.apache.hc.client5.http.wire - http-outgoing-0 << "X-Cache: HIT[\r][\n]"
23:55:15.864 [main] DEBUG org.apache.hc.client5.http.wire - http-outgoing-0 << "X-Cache-Hits: 1[\r][\n]"
23:55:15.864 [main] DEBUG org.apache.hc.client5.http.wire - http-outgoing-0 << "X-Timer: S1655070916.909611,VS0,VE1[\r][\n]"
23:55:15.864 [main] DEBUG org.apache.hc.client5.http.wire - http-outgoing-0 << "Vary: Authorization,Accept-Encoding,Origin[\r][\n]"
23:55:15.865 [main] DEBUG org.apache.hc.client5.http.wire - http-outgoing-0 << "Access-Control-Allow-Origin: *[\r][\n]"
23:55:15.865 [main] DEBUG org.apache.hc.client5.http.wire - http-outgoing-0 << "X-Fastly-Request-ID: 320972f08934f7e0d50f39609c536c9d9f14c456[\r][\n]"
23:55:15.865 [main] DEBUG org.apache.hc.client5.http.wire - http-outgoing-0 << "Expires: Sun, 12 Jun 2022 22:00:15 GMT[\r][\n]"
23:55:15.865 [main] DEBUG org.apache.hc.client5.http.wire - http-outgoing-0 << "Source-Age: 244[\r][\n]"
23:55:15.865 [main] DEBUG org.apache.hc.client5.http.wire - http-outgoing-0 << "[\r][\n]"
23:55:15.865 [main] DEBUG org.apache.hc.client5.http.headers - http-outgoing-0 << HTTP/1.1 200 OK
23:55:15.865 [main] DEBUG org.apache.hc.client5.http.headers - http-outgoing-0 << Connection: keep-alive
23:55:15.866 [main] DEBUG org.apache.hc.client5.http.headers - http-outgoing-0 << Content-Length: 1268
23:55:15.866 [main] DEBUG org.apache.hc.client5.http.headers - http-outgoing-0 << Cache-Control: max-age=300
23:55:15.866 [main] DEBUG org.apache.hc.client5.http.headers - http-outgoing-0 << Content-Security-Policy: default-src 'none'; style-src 'unsafe-inline'; sandbox
23:55:15.866 [main] DEBUG org.apache.hc.client5.http.headers - http-outgoing-0 << Content-Type: text/plain; charset=utf-8
23:55:15.866 [main] DEBUG org.apache.hc.client5.http.headers - http-outgoing-0 << ETag: W/"9848502208952f47c7d5d1311dd4f35e0e340e730ae3575bf04c2aed9a3bcb86"
23:55:15.866 [main] DEBUG org.apache.hc.client5.http.headers - http-outgoing-0 << Strict-Transport-Security: max-age=31536000
23:55:15.866 [main] DEBUG org.apache.hc.client5.http.headers - http-outgoing-0 << X-Content-Type-Options: nosniff
23:55:15.866 [main] DEBUG org.apache.hc.client5.http.headers - http-outgoing-0 << X-Frame-Options: deny
23:55:15.866 [main] DEBUG org.apache.hc.client5.http.headers - http-outgoing-0 << X-XSS-Protection: 1; mode=block
23:55:15.866 [main] DEBUG org.apache.hc.client5.http.headers - http-outgoing-0 << X-GitHub-Request-Id: 5CEC:E6E7:10BB52:1EDC14:62A5A25C
23:55:15.866 [main] DEBUG org.apache.hc.client5.http.headers - http-outgoing-0 << Content-Encoding: gzip
23:55:15.866 [main] DEBUG org.apache.hc.client5.http.headers - http-outgoing-0 << Accept-Ranges: bytes
23:55:15.866 [main] DEBUG org.apache.hc.client5.http.headers - http-outgoing-0 << Date: Sun, 12 Jun 2022 21:55:15 GMT
23:55:15.866 [main] DEBUG org.apache.hc.client5.http.headers - http-outgoing-0 << Via: 1.1 varnish
23:55:15.867 [main] DEBUG org.apache.hc.client5.http.headers - http-outgoing-0 << X-Served-By: cache-fra19137-FRA
23:55:15.867 [main] DEBUG org.apache.hc.client5.http.headers - http-outgoing-0 << X-Cache: HIT
23:55:15.867 [main] DEBUG org.apache.hc.client5.http.headers - http-outgoing-0 << X-Cache-Hits: 1
23:55:15.867 [main] DEBUG org.apache.hc.client5.http.headers - http-outgoing-0 << X-Timer: S1655070916.909611,VS0,VE1
23:55:15.867 [main] DEBUG org.apache.hc.client5.http.headers - http-outgoing-0 << Vary: Authorization,Accept-Encoding,Origin
23:55:15.867 [main] DEBUG org.apache.hc.client5.http.headers - http-outgoing-0 << Access-Control-Allow-Origin: *
23:55:15.867 [main] DEBUG org.apache.hc.client5.http.headers - http-outgoing-0 << X-Fastly-Request-ID: 320972f08934f7e0d50f39609c536c9d9f14c456
23:55:15.867 [main] DEBUG org.apache.hc.client5.http.headers - http-outgoing-0 << Expires: Sun, 12 Jun 2022 22:00:15 GMT
23:55:15.867 [main] DEBUG org.apache.hc.client5.http.headers - http-outgoing-0 << Source-Age: 244
23:55:15.868 [main] DEBUG org.apache.hc.client5.http.impl.classic.MainClientExec - ex-0000000002 connection can be kept alive for 3 MINUTES
23:55:15.869 [main] DEBUG org.apache.hc.client5.http.wire - http-outgoing-0 << "[0x1f][0xffffff8b][0x8][0x0][0x0][0x0][0x0][0x0][0x0][0x3][0xffffff8d][0xffffff97][0xffffffcd]n#7[0xc][0xffffffc7][0xffffffef]y[0xffffff8a][0x1][0xfffffff6][0x1c]Y[0xffffffdf][0xffffffa2][0x2][0xffffffe8][0xffffffd2][0xffffffcf]S[0xffffffd1]C[0xfffffffb][0x2][0xffffff8e]=q[0x6][0xffffffeb]x[0xffffff82][0x19]g[0xffffffb3][0xffffffe8][0xffffffd3][0xffffff97][0xffffff94][0xffffffc4][0xffffffb1],l[0xffffff81][0x1e][0xffffff8c][0xffffff84]?K[0x14])[0xffffff89][0xfffffffa][0xffffffd3]_[0xffffff86][0xffffffbf]_[0xffffffa7]ux[0xffffff99][0xffffffce][0xffffffe3]p[0xffffff98]/[0xffffffd7][0xfffffffd]tY[0xffffff87][0xffffffeb][0xffffffeb]8|[0xffffffbd][0xffffffcc][0xffffff9f][0xffffff97][0xffffffe1][0xffffffb8]L[0xffffffdf][0xffffffc6]e[0xffffffc0][0xffffffcf]:[0xffffffcd][0xfffffff8][0xffffffcd]a~{[0xffffffdf]_[0xffffffa7]g[0x1c][0xfffffffd]9]_[0xfffffff3][0xffffffc8][0xffffffc3][0xffffffbc],[0xffffffe3][0xfffffffa]>_[0xffffff8e][0xffffffd3][0xffffffe5]4</[0xfffffff3][0xffffffe7]z[0xffffff9b][0xfffffff2][0xfffffff0][0xfffffff0]e[0xfffffff8][0xffffffa9][0xffffffa0][0xffffffa7][0xffffffe1][0xfffffff7]y>[0xffffffe1][0xffffffcc][0xffffff9f]_[0xffffff97][0xfffffff9]m[0x1c][0xfffffff6][0xffffff97]c[0xfffffff9]w[0xfffffffa]x[0x1b][0x1e][0xffffff87]_[0xfffffff2]RO[0xffffffc3]![0x7f][[0x16][0xffffffc6][0xffffffc9][0x7f][0xffffffcd][0x1f][0xffffffcb]a|[0x1a]^[0xffffffaf][0xffffffd7][0xfffffff7][0xffffffa7][0xffffffdd][0xffffffae][0xfffffffd]V[0x1c][0xffffffea]l1/[0xffffffa7][0xffffffdd][0x11][0xffffffe3]=[0xffffffcf][0xfffffffb][0xffffffe3][0xfffffffa]P[0xffffffc6](i[0x12]~[0xffffff84][0x14]Nz)[0xffffffb4][0xffffffdd][0xffffffb8]F[0xffffffae]3[0xffffff97]Nx[0xffffffb5]q[0xffffff85]\![0xffffffb7][0xffffffd1])ao\"[0xffffff97][0xffffffc4]!z[0xffffffe1]e[0xffffffe5]1[0xffffffa6][0x18]3[0xffffffb5]V8[0x1e][0x1d]!E [0x1a][0x1c][0x8]\[0xffffff86]qH1[0x10][0xfffffff6]Q[0xffffff8b][0xffffffb0][\r][0xfffffff6][0x9]=[0x12][0xfffffff5]VX[0xffffffc7][0xffffffd4][0xffffffa5][0xffffffe8]25 |djS[0xffffffb4][0xffffff99]J/[0xffffff94]2[0xffffff8c]M[0xffffff8a][0xffffff94][0xffffffa3]u![0x8][0xffffffbf]Q[0xffffff9d][0xffffffa2][0xffffffce]T9[0xffffff8c]"0V)[0xffffffe6][0x4]m[0xffffffd0][0xffffff88][0xffffffb7]0d[0xffffff8a]9?k[0xffffff9a]}[0xffffff82][0xffffff98] [0xffffffe7]g[0xfffffff0][0xffffff8f]f[0xffffffcf][0x0][0x9]r~F[[0x11]=[0xffffffd3][0xffffff90] [0xffffffa7][0xffffffa7]A[\n]"
23:55:15.869 [main] DEBUG org.apache.hc.client5.http.wire - http-outgoing-0 << "[0x0][0xffffffa6]>ANO[[0xfffffff4][0xffffffcb][[0x1].ANO[0xffffff81][0x11][0xffffffc0][0xffffffa1][0xffffff81]M[0xffffff90][0xffffffd3]S6[0x8][0xffffffc3]{[0xc]&A[0xffffffce][0xffffff8e][0xe][0xffffffd2][0xfffffff0]V[0xffffff80]J[0xffffff90][0xffffffd3][0xffffff90][0xffffffb8][0xfffffff3][0xffffffca]l[0xffffffcb][0xffffffc9][0x4][0xffffff94][0xffffff86][0xffffff89][0x18][0xffffff8b][0xffffff92][0x1c][[0xffffff88])[0xffffffc4][0xffffff8c][0xffffffad][0x13]f[0xffffffa3][0xffffff90][0x2]d*[0xffffffd1][0xffffff87][0xffffffe4][0xffffffbd][0xf]![0x5]J[0xffffffc4][0xffffff80]w[0xffffffe8][0xffffff9f][0xffffffa9]O[0xffffffc1]g*[0xffffffa3]Pz[0xfffffff3][0xffffffe1]R[0xffffffa0]LL[0x8]R[0xffffffa8][0xffffffdb]h[0xffffff9b][0xffffff82][0xffffffcd]XG[0xffffffb1][0xffffff8d]5)P&[0xffffffc6]cB[0xffffff9e]C[0xe]:i<Q[0xffffffb6][0xffffffd4][0xffffff9d]%[0xffffffc9][0xffffffe2][0xffffffc0]|$[0xffffff8b][0xffffffcf][0xffffffc6][0x3]Y[0xffffffbc][0xffffffa3]>[0xffffff90][0xffffffc5][0xffffffa7][0xffffffe9]=Y[0x1c][0xffffff8c]whm[[0xffffffe4]-Y[0xffffffbc][0xffffffe7][0xffffffde][0xffffff90][0xffffffc5][0xffffffeb]y[0xffffff8a][0xffffffc5]l[0xffffffeb]Q,f[[0xffffff8f]b1[0xffffffe6][0xffffffae][0xffffff98][0xffffffff][0xffffff98][0xffffffff][0xffffff99][0xffffffce][0xffffffe7][0xfffffffd][0xfffffff0][0xffffffdb][0xffffffb4][0xffffff8c]/[0xfffffff3][0xfffffff7][0xffffffa6][0xffffff82]O[0xffffffe3][0xffffffe1][0xffffffeb][0xfffffffc][0xffffffc3][0x2]^[0xffffffb1][0xffffff82]O[0xfffffff8]n|<[0xb]|Ivo[0xffffffc5][0xffffffc5][0xffffffae][0xffffff99][0xffffffb0][[0xffffffc6][0xfffffff3][0xffffffb8]_[0xffffffc7][0xfffffff5][0xffffffe1][0xffffffa5][0xfffffff8][0xffffffa5][0xfffffff2][0xffffffc3]m[0xffffffc3][0xfffffff3]f[0xffffff82][0xffffff85][0xffffffd7][0x1][0xffffffe8]A  [0x1b][0xffffffe0]{[0xffffffe0]z`{`z[0xffffffa0]{[0xffffffa0]z@[0xffffff91][0xffffffe2][0xffffff99]7@[0xffffff9c][0xffffffa7][0xffffffcb][0xffffffc7][0xfffffff7][0xffffff82][0x15]c[0xffffff88][0xffffffdd]8[0xffffff80][0x1e][0xffffff84][0x1e][0xfffffff8][0x1e][0xffffffb8][0x1e][0xffffffd8][0x1e]P[0x2][0x1a][0x1a][0xffffffa0]{@[0x9][0xffffffe8][0xffffffd0][0x0][0xffffffd9][0xffffff81][0x10]{[0xffffff90]#[0xfffffff5][\r][0x8]=[0xfffffff0]=p=[0xffffffb0]=0=[0xffffffd0]=P=[0xffffff90][0x1d][0xfffffff0][0xffffffb1][0x7]9R[0xffffffd7][0xffffff80][0x1c][0xffffffa9]m[0xffffff80][0xffffffef][0xffffff81][0xffffffeb]A[0xffffff8e][0xffffffd4]4[0xffffffc0][0xfffffff4] G[0xffffffaa][0x1b][0xffffff90]#m[0xffffffee][0xffffffa2][0xffffff97][0x1d]p[0xffffffb1][0x7][0xffffffd0][0xffffff83][0xffffffd0][0xffffff83][0x1c]is[0xffffffd3][0xffffff9c]c[0xffffffd0]V[0xffffffe4][0xffffff9f][0xffffffef][0xffffffe3][0xffffffb2]o[0xffffffea]p&[0xfffffffb][0xffffffff][0xffffffd4]a[0x1e][0xffffffb8][0xffffffce]/[0xffffffd7][0xffffffcf][0xfffffffd]2[0x16][0xffffff8b][0xffffffa5][0xffffffb5][0xffffffaf][0xffffffca][0xfffffffc]%[0xffffffde][0xffffffd7]{[0x5]-4[0xffffffb4][0xfffffffa][0xffffffe9]m[0xffffffa5][0xffffffbe]UO[0xffffffa5]C[0xffffffc5][0xffffffee]^=[0xb][0xffffffb4][0xffffff8d]x[0xffffff82][0xffffffae][0xffffffd0][0xffffffdc]Kg[0xffffff81][0xfffffffa]^9[0xb]T[0xffffff8d]p:^_6[0xffffffba][0xffffffc9][0xffffffa1][0xffffffe2][0xffffffbd][0xffffffbe]S[0xffffffcd][0x2][0xffffffa1][0x13][0xffffffcd]BC[0xffffffa3][0xffffff99][0xffffff81][0xffffffa1]o[0x14][0x13][0xffffffea][0xfffffff2]x[0xffffffd1]o[0xffffff82][0xffffffc9][0xffffffd1][0xffffffe3]e[0xffffffbf][0xffffffe9][0xffffffa5][0xffffff92]5([0xffffffbc][0xfffffff1]7[0xffffffbd][0xfffffff4][0xffffffec]T7r[0x9][0xffffffb2]B[0xffffffd5][0xffffffa8]%[0xfffffff5][0x13][0xffffff85][0xffffffca]F-![0x16][0xffffff88]%p[0x13][0xffffffcb]X[0xffffff9d]b[0x19]4Z[0xffffffa9]j[0xffffffaa]X[0xb][0xffffffad]T[0xffffffd6][0xffffffb5][0xffffffb0] nJ[0x19][0xffffffd8][0xffffffab]k[0xffffff84][0x12][0xffffffd8][0xffffffab]mdRi[0xffffff9e]oZ[0xffffff99]45V,[0xffffff91]F%[0xffffffb7][0xffffffb5][0xffffffaa][0xffffffba]e[0xffffffc3][0xffffffc5][0xffffffd6][0xffffffa8][0xffffffda]V[0xffffff8c]*m[0xffffffc5][0xffffffa8][0xffffffca]V[0xffffff8c]*l[0xffffffc5][0xffffffa8][0xffffffba]V[0xffffff8c]*k[0xffffffc5][0xffffffa8][0xffffffaa]V[0xc]Ud[0xffffffac][0x18][0xffffffb2]1,E[0xffffffc0][0x11][[0xffffff8a][0xffffffc0][0xffffffd4]u,E[0xffffffa0][0xffffffeb]fX_[0xffffff8c];[0x1d][0xffffff9c][0xe][0xffffffcb]L[0xffffffc5]3[0xfffffffc]z<[0xffffff8d]M[0xfffffff9][0xffffffbd][0xffffffad]#[0xffffff82][0xffffffff][0xffffffac][0xffffffbf][0xffffffe3][0xfffffff8]m<[0xffffff93]W[0xfffffff1][0xffffffc6][0x1e]r1[0xffffff8e][0xffffff97][0xffffffc7][0xffffff8f]u[0xffffffb7][0xffffffb1]Gr[0xffffffb2][0xffffffbb][0xffffffce][0xfffffff3]y[0xffffffdd]}[0xffffff8e][0xffffffcf][0xffffffb5][0x1e][0x1f][0xffffff88][0xffffffe2]u[0xffffffc2][0xffffffda][0xffffffa2]{[0xffffff80]=[0x9][0xffffffbd][0xffffffeb][0x5]r[0x1b][0xffffffab][0xffffffb4][0xffffffc2][\n]"
23:55:15.869 [main] DEBUG org.apache.hc.client5.http.wire - http-outgoing-0 << "5[0xffffff95]r[0x13][0xffffffab][0x14][0xffffffde]'l[0xffffffa5][0xffffff88]r[0xb][0xffffffab][0xffffff94][0xffffffa3][0x2])[0xffffffac]6[0xffffffb0]JI[0xffffffec]>ua[0xffffffb5]{[0xffffffc5][0xffffffa2][0xffffffd0][0x1b][0xffffffab][0xffffffbd]+[0xfffffff6]Nvc[0xffffffb5]s[0xffffffc5]{[0xffffffba][0xffffffad][0xffffffcc]}k[0xffffffc4][0xffffffda]2[0xffffffaa][0xffffffa0][0xffffffda][0xffffffb3]F[0xffffffaf][0xffffffe8][0x0]2[0xffffffaa][\r]k[0xffffff94][0xffffffb7][0x5]j[0xffffffb3][\n]"
23:55:15.870 [main] DEBUG org.apache.hc.client5.http.wire - http-outgoing-0 << "T[0xffffffe1]ubmT[0x1][0x13]+[0xffffff84][0xffffff9b][0xffffffd4][0xffffff80][0x1d][0x17][0x14]R[0x1b][0xffffffd4][0xffffff80]/S[0xffffff9d][0xffffffc6][0xffffffdd][0xffffffa9][0xfffffff7][0xffffffb1]n[0x12]w[0xffffffa6][0x1e][0xffffff9f]n_[0xfffffff6][0xffffff82][0xffffffdb]R[0xffffff87][0xffffffcb][0xffffff85]:[0xffffffaa][0xfffffff6][0xffffffa4].kB&[0xffffffdc][0xffffff8f]bI[0xffffffb8][0xffffffba][0x1e]Vmy5"[0xffffffc7][0xffffffc4][0xffffffed][0xffffffa9][0xfffffff2][0xfffffff4]`d[0xffffffc4][0xffffffad])f[0xffffffac]T[0x19][0xffffffb6][0xfffffff5][0xffffffa5][0xffffffca]T[0xffffffef][0xffffffdc][0xffffff93]j[0xffffffaa][0xffffffad]Bj;[0xffffffaa][0xffffffcd]Fj+J[0xffffffcf]A%[0xffffffb5][0xb]U[0x6][0xffffffdb][0xfffffff4][0xffffff82][0xffffffac]M[0xffffffef][0xffffffcb][0xfffffff8][0xffffff88]?[0xffffffe5][0xffffffae][0xfffffffb][0xfffffff3]y<[0x16][0xffffffa8][0x13][0xffffffbe][0xffffffbf]AaS[0xffffff97]M[0xffffff95][0xffffffb0]t[0xffffffbd][0xffffff8e]%}+[0x13][0xffffffbe][0xf][0xfffffff8]K[0xffffffa9][0xffffff9c][0xffffff87][0xffffff81][0xffffff84][0xffffffcf][0xffffff8d]5[0xffffffb1][0xffffff98][0xffffff9a][0xffffff8a][\r]O[0x1a][0xffffffca][0x1d][0xffffffd1]x[0xffffff99][0xffffffe8][0xffffff90][0xffffffb1][0x16][0xffffffff][0x5]'O[0xffffffe2][0xffffffeb]@[0xe][0x0][0x0]"
23:55:15.871 [main] DEBUG org.apache.hc.client5.http.impl.classic.InternalHttpClient - ep-0000000001 releasing valid endpoint
23:55:15.871 [main] DEBUG org.apache.hc.client5.http.impl.io.PoolingHttpClientConnectionManager - ep-0000000001 releasing endpoint
23:55:15.871 [main] DEBUG org.apache.hc.client5.http.impl.io.PoolingHttpClientConnectionManager - ep-0000000001 connection http-outgoing-0 can be kept alive for 3 MINUTES
23:55:15.871 [main] DEBUG org.apache.hc.client5.http.impl.io.PoolingHttpClientConnectionManager - ep-0000000001 connection released [route: {s}->https://raw.githubusercontent.com:443][total available: 1; route allocated: 1 of 5; total allocated: 1 of 25]
23:55:15.871 [main] DEBUG io.github.bonigarcia.wdm.versions.VersionDetector - Driver for firefox101 not found in online properties (using local versions.properties)
23:55:15.873 [main] DEBUG io.github.bonigarcia.wdm.WebDriverManager - The driver version for FIREFOX 101 is unknown ... trying with latest
23:55:15.875 [main] INFO io.github.bonigarcia.wdm.WebDriverManager - Reading https://api.github.com/repos/mozilla/geckodriver/releases to seek geckodriver
23:55:15.880 [main] DEBUG org.apache.hc.client5.http.impl.classic.InternalHttpClient - ex-0000000003 preparing request execution
23:55:15.880 [main] DEBUG org.apache.hc.client5.http.protocol.RequestAddCookies - ex-0000000003 Cookie spec selected: strict
23:55:15.880 [main] DEBUG org.apache.hc.client5.http.protocol.RequestAuthCache - ex-0000000003 Auth cache not set in the context
23:55:15.880 [main] DEBUG org.apache.hc.client5.http.impl.classic.ProtocolExec - ex-0000000003 target auth state: UNCHALLENGED
23:55:15.880 [main] DEBUG org.apache.hc.client5.http.impl.classic.ProtocolExec - ex-0000000003 proxy auth state: UNCHALLENGED
23:55:15.880 [main] DEBUG org.apache.hc.client5.http.impl.classic.ConnectExec - ex-0000000003 acquiring connection with route {s}->https://api.github.com:443
23:55:15.880 [main] DEBUG org.apache.hc.client5.http.impl.classic.InternalHttpClient - ex-0000000003 acquiring endpoint (3 MINUTES)
23:55:15.881 [main] DEBUG org.apache.hc.client5.http.impl.io.PoolingHttpClientConnectionManager - ex-0000000003 endpoint lease request (3 MINUTES) [route: {s}->https://api.github.com:443][total available: 1; route allocated: 0 of 5; total allocated: 1 of 25]
23:55:15.881 [main] DEBUG org.apache.hc.client5.http.impl.io.PoolingHttpClientConnectionManager - ex-0000000003 endpoint leased [route: {s}->https://api.github.com:443][total available: 1; route allocated: 1 of 5; total allocated: 2 of 25]
23:55:15.881 [main] DEBUG org.apache.hc.client5.http.impl.io.PoolingHttpClientConnectionManager - ex-0000000003 acquired ep-0000000002
23:55:15.881 [main] DEBUG org.apache.hc.client5.http.impl.classic.InternalHttpClient - ex-0000000003 acquired endpoint ep-0000000002
23:55:15.881 [main] DEBUG org.apache.hc.client5.http.impl.classic.ConnectExec - ex-0000000003 opening connection {s}->https://api.github.com:443
23:55:15.881 [main] DEBUG org.apache.hc.client5.http.impl.classic.InternalHttpClient - ep-0000000002 connecting endpoint (30 SECONDS)
23:55:15.881 [main] DEBUG org.apache.hc.client5.http.impl.io.PoolingHttpClientConnectionManager - ep-0000000002 connecting endpoint to https://api.github.com:443 (30 SECONDS)
23:55:15.899 [main] DEBUG org.apache.hc.client5.http.impl.io.DefaultHttpClientConnectionOperator - http-outgoing-1 connecting to api.github.com/140.82.121.6:443
23:55:15.899 [main] DEBUG org.apache.hc.client5.http.ssl.SSLConnectionSocketFactory - Connecting socket to api.github.com/140.82.121.6:443 with timeout 30 SECONDS
23:55:15.932 [main] DEBUG org.apache.hc.client5.http.ssl.SSLConnectionSocketFactory - Enabled protocols: [TLSv1.3, TLSv1.2]
23:55:15.932 [main] DEBUG org.apache.hc.client5.http.ssl.SSLConnectionSocketFactory - Enabled cipher suites: [TLS_AES_256_GCM_SHA384, TLS_AES_128_GCM_SHA256, TLS_CHACHA20_POLY1305_SHA256, TLS_ECDHE_ECDSA_WITH_AES_256_GCM_SHA384, TLS_ECDHE_ECDSA_WITH_AES_128_GCM_SHA256, TLS_ECDHE_ECDSA_WITH_CHACHA20_POLY1305_SHA256, TLS_ECDHE_RSA_WITH_AES_256_GCM_SHA384, TLS_ECDHE_RSA_WITH_CHACHA20_POLY1305_SHA256, TLS_ECDHE_RSA_WITH_AES_128_GCM_SHA256, TLS_DHE_RSA_WITH_AES_256_GCM_SHA384, TLS_DHE_RSA_WITH_CHACHA20_POLY1305_SHA256, TLS_DHE_DSS_WITH_AES_256_GCM_SHA384, TLS_DHE_RSA_WITH_AES_128_GCM_SHA256, TLS_DHE_DSS_WITH_AES_128_GCM_SHA256, TLS_ECDHE_ECDSA_WITH_AES_256_CBC_SHA384, TLS_ECDHE_RSA_WITH_AES_256_CBC_SHA384, TLS_ECDHE_ECDSA_WITH_AES_128_CBC_SHA256, TLS_ECDHE_RSA_WITH_AES_128_CBC_SHA256, TLS_DHE_RSA_WITH_AES_256_CBC_SHA256, TLS_DHE_DSS_WITH_AES_256_CBC_SHA256, TLS_DHE_RSA_WITH_AES_128_CBC_SHA256, TLS_DHE_DSS_WITH_AES_128_CBC_SHA256, TLS_ECDH_ECDSA_WITH_AES_256_GCM_SHA384, TLS_ECDH_RSA_WITH_AES_256_GCM_SHA384, TLS_ECDH_ECDSA_WITH_AES_128_GCM_SHA256, TLS_ECDH_RSA_WITH_AES_128_GCM_SHA256, TLS_ECDH_ECDSA_WITH_AES_256_CBC_SHA384, TLS_ECDH_RSA_WITH_AES_256_CBC_SHA384, TLS_ECDH_ECDSA_WITH_AES_128_CBC_SHA256, TLS_ECDH_RSA_WITH_AES_128_CBC_SHA256, TLS_ECDHE_ECDSA_WITH_AES_256_CBC_SHA, TLS_ECDHE_RSA_WITH_AES_256_CBC_SHA, TLS_ECDHE_ECDSA_WITH_AES_128_CBC_SHA, TLS_ECDHE_RSA_WITH_AES_128_CBC_SHA, TLS_DHE_RSA_WITH_AES_256_CBC_SHA, TLS_DHE_DSS_WITH_AES_256_CBC_SHA, TLS_DHE_RSA_WITH_AES_128_CBC_SHA, TLS_DHE_DSS_WITH_AES_128_CBC_SHA, TLS_ECDH_ECDSA_WITH_AES_256_CBC_SHA, TLS_ECDH_RSA_WITH_AES_256_CBC_SHA, TLS_ECDH_ECDSA_WITH_AES_128_CBC_SHA, TLS_ECDH_RSA_WITH_AES_128_CBC_SHA, TLS_RSA_WITH_AES_256_GCM_SHA384, TLS_RSA_WITH_AES_128_GCM_SHA256, TLS_RSA_WITH_AES_256_CBC_SHA256, TLS_RSA_WITH_AES_128_CBC_SHA256, TLS_RSA_WITH_AES_256_CBC_SHA, TLS_RSA_WITH_AES_128_CBC_SHA, TLS_EMPTY_RENEGOTIATION_INFO_SCSV]
23:55:15.932 [main] DEBUG org.apache.hc.client5.http.ssl.SSLConnectionSocketFactory - Starting handshake
23:55:15.981 [main] DEBUG org.apache.hc.client5.http.ssl.SSLConnectionSocketFactory - Secure session established
23:55:15.981 [main] DEBUG org.apache.hc.client5.http.ssl.SSLConnectionSocketFactory -  negotiated protocol: TLSv1.3
23:55:15.981 [main] DEBUG org.apache.hc.client5.http.ssl.SSLConnectionSocketFactory -  negotiated cipher suite: TLS_AES_128_GCM_SHA256
23:55:15.981 [main] DEBUG org.apache.hc.client5.http.ssl.SSLConnectionSocketFactory -  peer principal: CN=*.github.com, O="GitHub, Inc.", L=San Francisco, ST=California, C=US
23:55:15.981 [main] DEBUG org.apache.hc.client5.http.ssl.SSLConnectionSocketFactory -  peer alternative names: [*.github.com, github.com]
23:55:15.981 [main] DEBUG org.apache.hc.client5.http.ssl.SSLConnectionSocketFactory -  issuer principal: CN=DigiCert TLS Hybrid ECC SHA384 2020 CA1, O=DigiCert Inc, C=US
23:55:15.981 [main] DEBUG org.apache.hc.client5.http.impl.io.DefaultHttpClientConnectionOperator - http-outgoing-1 connection established 192.168.0.24:63070<->140.82.121.6:443
23:55:15.981 [main] DEBUG org.apache.hc.client5.http.impl.io.PoolingHttpClientConnectionManager - ep-0000000002 connected http-outgoing-1
23:55:15.981 [main] DEBUG org.apache.hc.client5.http.impl.classic.InternalHttpClient - ep-0000000002 endpoint connected
23:55:15.981 [main] DEBUG org.apache.hc.client5.http.impl.classic.MainClientExec - ex-0000000003 executing GET /repos/mozilla/geckodriver/releases HTTP/1.1
23:55:15.981 [main] DEBUG org.apache.hc.client5.http.impl.classic.InternalHttpClient - ep-0000000002 start execution ex-0000000003
23:55:15.981 [main] DEBUG org.apache.hc.client5.http.impl.io.PoolingHttpClientConnectionManager - ep-0000000002 executing exchange ex-0000000003 over http-outgoing-1
23:55:15.982 [main] DEBUG org.apache.hc.client5.http.headers - http-outgoing-1 >> GET /repos/mozilla/geckodriver/releases HTTP/1.1
23:55:15.982 [main] DEBUG org.apache.hc.client5.http.headers - http-outgoing-1 >> user-agent: Apache-HttpClient/5.0
23:55:15.982 [main] DEBUG org.apache.hc.client5.http.headers - http-outgoing-1 >> accept-encoding: gzip, deflate, br
23:55:15.982 [main] DEBUG org.apache.hc.client5.http.headers - http-outgoing-1 >> cache-control: max-age=0
23:55:15.982 [main] DEBUG org.apache.hc.client5.http.headers - http-outgoing-1 >> connection: keep-alive
23:55:15.982 [main] DEBUG org.apache.hc.client5.http.headers - http-outgoing-1 >> Host: api.github.com
23:55:15.982 [main] DEBUG org.apache.hc.client5.http.wire - http-outgoing-1 >> "GET /repos/mozilla/geckodriver/releases HTTP/1.1[\r][\n]"
23:55:15.982 [main] DEBUG org.apache.hc.client5.http.wire - http-outgoing-1 >> "user-agent: Apache-HttpClient/5.0[\r][\n]"
23:55:15.982 [main] DEBUG org.apache.hc.client5.http.wire - http-outgoing-1 >> "accept-encoding: gzip, deflate, br[\r][\n]"
23:55:15.982 [main] DEBUG org.apache.hc.client5.http.wire - http-outgoing-1 >> "cache-control: max-age=0[\r][\n]"
23:55:15.982 [main] DEBUG org.apache.hc.client5.http.wire - http-outgoing-1 >> "connection: keep-alive[\r][\n]"
23:55:15.982 [main] DEBUG org.apache.hc.client5.http.wire - http-outgoing-1 >> "Host: api.github.com[\r][\n]"
23:55:15.982 [main] DEBUG org.apache.hc.client5.http.wire - http-outgoing-1 >> "[\r][\n]"
23:55:16.017 [main] DEBUG org.apache.hc.client5.http.wire - http-outgoing-1 << "HTTP/1.1 200 OK[\r][\n]"
23:55:16.018 [main] DEBUG org.apache.hc.client5.http.wire - http-outgoing-1 << "Server: GitHub.com[\r][\n]"
23:55:16.018 [main] DEBUG org.apache.hc.client5.http.wire - http-outgoing-1 << "Date: Sun, 12 Jun 2022 21:55:05 GMT[\r][\n]"
23:55:16.018 [main] DEBUG org.apache.hc.client5.http.wire - http-outgoing-1 << "Content-Type: application/json; charset=utf-8[\r][\n]"
23:55:16.018 [main] DEBUG org.apache.hc.client5.http.wire - http-outgoing-1 << "Cache-Control: public, max-age=60, s-maxage=60[\r][\n]"
23:55:16.018 [main] DEBUG org.apache.hc.client5.http.wire - http-outgoing-1 << "Vary: Accept, Accept-Encoding, Accept, X-Requested-With[\r][\n]"
23:55:16.018 [main] DEBUG org.apache.hc.client5.http.wire - http-outgoing-1 << "ETag: W/"7cd8a903f375d7104cab557e411d598c8f39853a40ca08656cf9d0570102b7b6"[\r][\n]"
23:55:16.019 [main] DEBUG org.apache.hc.client5.http.wire - http-outgoing-1 << "X-GitHub-Media-Type: github.v3; format=json[\r][\n]"
23:55:16.019 [main] DEBUG org.apache.hc.client5.http.wire - http-outgoing-1 << "Link: <https://api.github.com/repositories/25354393/releases?page=2>; rel="next", <https://api.github.com/repositories/25354393/releases?page=2>; rel="last"[\r][\n]"
23:55:16.019 [main] DEBUG org.apache.hc.client5.http.wire - http-outgoing-1 << "Access-Control-Expose-Headers: ETag, Link, Location, Retry-After, X-GitHub-OTP, X-RateLimit-Limit, X-RateLimit-Remaining, X-RateLimit-Used, X-RateLimit-Resource, X-RateLimit-Reset, X-OAuth-Scopes, X-Accepted-OAuth-Scopes, X-Poll-Interval, X-GitHub-Media-Type, X-GitHub-SSO, X-GitHub-Request-Id, Deprecation, Sunset[\r][\n]"
23:55:16.019 [main] DEBUG org.apache.hc.client5.http.wire - http-outgoing-1 << "Access-Control-Allow-Origin: *[\r][\n]"
23:55:16.019 [main] DEBUG org.apache.hc.client5.http.wire - http-outgoing-1 << "Strict-Transport-Security: max-age=31536000; includeSubdomains; preload[\r][\n]"
23:55:16.019 [main] DEBUG org.apache.hc.client5.http.wire - http-outgoing-1 << "X-Frame-Options: deny[\r][\n]"
23:55:16.019 [main] DEBUG org.apache.hc.client5.http.wire - http-outgoing-1 << "X-Content-Type-Options: nosniff[\r][\n]"
23:55:16.019 [main] DEBUG org.apache.hc.client5.http.wire - http-outgoing-1 << "X-XSS-Protection: 0[\r][\n]"
23:55:16.019 [main] DEBUG org.apache.hc.client5.http.wire - http-outgoing-1 << "Referrer-Policy: origin-when-cross-origin, strict-origin-when-cross-origin[\r][\n]"
23:55:16.019 [main] DEBUG org.apache.hc.client5.http.wire - http-outgoing-1 << "Content-Security-Policy: default-src 'none'[\r][\n]"
23:55:16.019 [main] DEBUG org.apache.hc.client5.http.wire - http-outgoing-1 << "Content-Encoding: gzip[\r][\n]"
23:55:16.019 [main] DEBUG org.apache.hc.client5.http.wire - http-outgoing-1 << "X-RateLimit-Limit: 60[\r][\n]"
23:55:16.020 [main] DEBUG org.apache.hc.client5.http.wire - http-outgoing-1 << "X-RateLimit-Remaining: 58[\r][\n]"
23:55:16.020 [main] DEBUG org.apache.hc.client5.http.wire - http-outgoing-1 << "X-RateLimit-Reset: 1655074472[\r][\n]"
23:55:16.020 [main] DEBUG org.apache.hc.client5.http.wire - http-outgoing-1 << "X-RateLimit-Resource: core[\r][\n]"
23:55:16.020 [main] DEBUG org.apache.hc.client5.http.wire - http-outgoing-1 << "X-RateLimit-Used: 2[\r][\n]"
23:55:16.020 [main] DEBUG org.apache.hc.client5.http.wire - http-outgoing-1 << "Accept-Ranges: bytes[\r][\n]"
23:55:16.020 [main] DEBUG org.apache.hc.client5.http.wire - http-outgoing-1 << "Content-Length: 43618[\r][\n]"
23:55:16.020 [main] DEBUG org.apache.hc.client5.http.wire - http-outgoing-1 << "X-GitHub-Request-Id: 8A31:A007:3F491F:41F937:62"
23:55:16.021 [main] DEBUG org.apache.hc.client5.http.wire - http-outgoing-1 << "A660C4[\r][\n]"
23:55:16.021 [main] DEBUG org.apache.hc.client5.http.wire - http-outgoing-1 << "[\r][\n]"
23:55:16.021 [main] DEBUG org.apache.hc.client5.http.wire - http-outgoing-1 << "[0x1f][0xffffff8b][0x8][0x0][0x0][0x0][0x0][0x0][0x0][0x3][0xffffffec][0xffffffbd][0xffffffed]v[0xffffffe3]F[0xffffff96]%[0xfffffffa]*[0xffffffb8][0xffffffe9][0xffffffe9][0xffffffdb][0xffffffce][0xffffffe9][0xffffffa4][0x8][0xffffff80][0xffffffdf][0xffffffbc][0xffffffed][0xffffffae]%[0xffffffa7][0xffffffd2][0xffffffae][0xffffffac][0xffffffb2][0xffffffa4]t[0xffffffa6][0xffffffd2].[0xffffff97]*[0xffffff97][0x8][0xffffff92] [0xffffff89][0x14]I[0xffffffb0][0x1]RJ)[0xffffff97][0xffffffd7][0xffffffea][0xffffffbf][0xfffffff3][0x7f][0xfffffffe][0xffffffcc][0x3][0xffffffcc][0xffffff8b][0xfffffff5][0xffffff93][0xffffffdc]}ND[0x0][0x1][0x10][0xfffffffc][0xffffff92]H[0xffffff95][0xffffff9d][0xffffff8e][0xffffff9a][0xffffffce][0xffffffb1]H[0x2][0x11][0xffffff81]@[0xffffffc4][0xffffff8e][0xffffff83][0xffffffc0][0xffffffd9]{_~~[0xffffffb6][0xffffff88][0xffffffc6][0xffffffcf][0xffffffda][0xffffffcf]F[0xfffffff3][0xfffffff9],n[0xffffff97][0xffffffcb][0xffffffde],8[0x1a][0x6][0xfffffff3][0xffffffd1][0xffffffa2]{[0xffffffd4][0xb]'[0xffffffe5][0xffffffc8][0xffffff9f][0xffffff85]qy[0x12][0xffffffde][0x7][0xffffffe3][0xffffffb1]W[0x1e][0xfffffffa][0xffffffbd][0xffffffeb][0xffffffb0][0x1f][0x5]7~[0xffffff84]_[0xffffffc6][0xffffffbe][0x17][0xfffffffb]q[0xffffffb9]^i[0xffffffd6][0xffffffec][0xffffffa6]]y[0xfffffff6][0xffffffe2][0xffffff99][0x17][0xffffffc7][0xfffffffe]<[0xffffffbe][0xffffffda]W[0xffffff89]eQ[0x1e][\n]"
23:55:16.022 [main] DEBUG org.apache.hc.client5.http.wire - http-outgoing-1 << "^[0xffffffcc][0xffffffc6][0xffffffa1][0xffffffd7][0xffffffcf][0x15],[0xffffffbe][0xffffff8c][0x1f][0xffffffd8]\Y[0xfffffff8][0xffffffe7]?M[0xffffffbd][0xffffff89][0xffffffff]b[0xffffffec]u[0xfffffffd][0xfffffff1][0xffffffaf][0xffffffa8]i4[0xffffff9f][0xffffff8c]s[0xfffffff5]h[0xffffffdd][0xffffffb1][0xffffffb6]#[0xffffffe6][0xffffffde][0xffffffb0]|c[0x1f]U[0xffffff9c]#[0x1b][0x5][0x5][0xfffffffd]gm[0xffffffd5]5[0xffffffe8][0xffffff99][0xffffffc5]|[0x14]F[0xffffffcf][0xffffffda][0xffffff9f][0xffffff9f][0xffffff8d][0xffffffc3]a0E[0xffffff87][0xffffffdf][0xffffff8e][0xffffff82]I7[0xc][0xffffffe5][0xffffff91][0xffffff8e][0xffffffdb][0xffffffaa][0xffffffdb][0xffffff95][0x17][0xffffffcf][0xffffffa6]a[0xffffffdf][0xffffffbf][0xffffffa2]S[0xffffff9f][0xffffff9d][0xffffff9e][0xfffffffc]X[0xffffffff][0xffffffe9]og[0xffffffe3][0xffffffde][0xffffffc7]Ww[0xffffffe7][0x17][0xffffffbf][0xffffffdc][0xffffff9e][0xffffffde]~[0xfffffff3][\r]u[0xfffffff1][0xffffff8d]7[0xfffffff7][0xffffffa2]|[0x17][0xfffffff3][0xffffff97][0xffffffaa]'[0x16][0xffffffb1][0x1f][0xfffffff5][0xffffffc2][0xffffffe9][0xffffffdc][0xffffff9f][0xffffffce][0xfffffff9][0x1e].[0xffffffca][0xffffffa2][0xfffffff4]?[0xffffffdd]|SE[0x9][0xffffffc3]H[0xffffff96][0xffffffc1][0xffffffd5]P[0xffffffe7][0xffffffae][0x1b][0x0]TX\N[0x1b][0xffffffbb][0xffffffbe][0x7f][0xffffffd2][0xffffffe3][0x6][0xffffffe1]x[0x1c][0xffffffde][0xffffffe2][0xffffffdc]|S[0xffffffb3][0xffffffe3]+S|99[0x9][0xffffffad][0x12][0x7f][0x7][0xffffffd3][0xffffffe1][0xffffffee][0x5][0xffffffe0][0xffffffa4][0xffffffcf][0xffffffe5]p>[0xfffffff2][0xffffffd1]Oh>[0xffffffdd][0xffffffd6]a[0x10]o[0x1a][0xffffff98][0xffffffd9][0xffffffa6][0xfffffff0][0x9][0xffffff9f][0xffffffcb][0xfffffff4][0x1f][0xffffffdc][0xf]*"F[0x17]G~~[0x10][0xffffffe6][0xffffffe6]K[0xffffffb6][0x10]y[\n]"
23:55:16.022 [main] DEBUG org.apache.hc.client5.http.wire - http-outgoing-1 << "[0x1a]s;E;>[0xfffffff3]t[0xffffffe2][0xffffffb2][0x16][0xffffffdd][0xffffffb8][0x17][0x5][0xffffffb3]y[0x10]Nw[0xffffffea][0xffffffa1][0xffffffcc][0xffffff89](([0xffffff8c][0xffffff86][0xffffffde]4[0xffffffb8][0xfffffff7]v.[0x8]'[0xffffffc6]8[0xffffff9f][0xffffffe7][0xfffffff7].=[0xffffffcc]'[0xffffffe0]D[0xffffffff][0x6][0xffffffc3]k[0xffffffa7]3[0xffffffc5][0x19][0xffffff9f][0xffffffcb]3[0xffffffe0][0xffffff87][0xffffffd7][0xffffffbb][0xffffffa3]n[0xffffff88][0xfffffffc][0xffffff9e][0xf]0[0xffffffe9]_[0xffffffed]^Z[0xffffffee]T[0x14]6[0xffffffbf][0xffffff9b][0xfffffff9][0x18][0xffffffd0][0xffffffef]q[0xffffffc7][0xffffffa9][0xffffff87][0xffffff83][0xffffffb9][0x7f][0xffffffe5][0xfffffff5]'4[0xffffffd7][0x6][0xffffffde]8[0xfffffff6][0x7f][0xffffffd5]'[0xffffffd7][0xffffffdb]WW[0xffffffd7][0xffffffb7]'[0xffffffe7][0xffffffc7][0xffffffbf][0xfffffffc]0[0xffffff9c][0xfffffff4][0xffffffaa]'[0xfffffff7][0xffffffd7][0xffffffd7][0xfffffff7]T[0xffffff82]7[0xffffffbc]"4@)[0xffffffe9]<[0xffffffc6]][0x1f][0xfffffffa][0xfffffff3]+L[0xffffffa4]I0[0xf][0xffffffe2][0x11]~[0xffffff94][0xffffffd0][0xffffff87]3[0xffffffe4][0xffffffd1][0xffffffc9][0xffffffa4][0xffffffef]G[0xffffffde]`.+|[0xfffffff1]l[0x16][0xfffffff9][0xffffffea]P[0xffffffd1][0xffffff86][0x17][0xffffffcf]z[0xffffff91][0xffffffef][0xffffffcd]q[0xffffffc1][0x1e][0xffffff8e]z[0xffffffe6][0xffffffda][0xffffffae][[0xffffffb2][0xffffffab]%[0xffffffc7][0xffffffb9][0xffffffb0][m[0xffffffc7]nW+[0x7f]G[0xffffffa1][0xffffffb3]Ew[0xffffff8c][0xffffff8a]V[0x1c][0xffffffd5]l[0xffffffdb]U:Jbc[0xfffffffb][0xfffffff2][0xfffffff1][0x8].[0xffffff8a]*[0xffffffd7][0xffffff9d][0xffffffa6][0xffffffdb]j[0xffffffb8][0x9]x[0xffffffc9][0xffffff8f][0xffffff99]~;[0xffffffce][0xfffffff4][T[0xfffffff9][0xffffffcb]/i/h[0xffffffab]CI[0xfffffff6]_i[0x1c]L[0x17][0xffffff9f]*[0xffffffee][0x11]z[0xfffffff1]hH}[0xffffffcc]@[0xfffffffb][0xffffffac]=][0xffffff8c][0xffffffc7][\n]"
23:55:16.022 [main] DEBUG org.apache.hc.client5.http.wire - http-outgoing-1 << "[0xffffffd6]q[0xffffffbf][0xc].[0xffffffae][0xffffffc5][0x11][0xffffff83][0xffffff8b][0xffffffcb][0xffffff91]I[0xe]iu@[0xffffffc5]03[0xffffffb8]( [0xffffff95]Pm#.[0xffffffca]`[0xffffffe1]J[0x1e][0xffffffe9][0xffffffcd]f[0xffffffe3][0xffffffa0][0xffffffc7]KJ[0xfffffff9]Six[0x1f][0xffffffcc]P[\n]"
23:55:16.023 [main] DEBUG org.apache.hc.client5.http.wire - http-outgoing-1 << "[0xffffff96][0xffffffb2]9[0x1][0xffffffa3][0x8][0xffffffba][0xfffffffc]>}[0x15][0xffffffdc][0xffffffe3][0x1b][0xffffffb7][0xffffffe9]6[0x1c][0xffffffa7][0xfffffff6][0xffffffe2]Y[0x1f][0xffffff8b][0x1c]Gi[0xffffffbd]p1[0x5][0xffffffbc]9n[0xffffffb3][0xffffff8a][0xffffff88][0xffffffa6][0x10][0xfffffff1][0xffffffec][0xffffffc6][0xffffff85][0xffffffe3][0xffffffb4]k[0xffffffad]v[0xffffffd5]!,[[0xffffffcc][0xfffffffa][0xffffffcb][0xffffffa8][0xffffff98][0x1e]S[0xffffffa3]c[0xffffffba]Qx[0xb]h[0xffffffbf]J[0xffffffaa][0xffffffc9][0xffffff86]-[0xffffffdb][0x6]i[0xffffffea]t[0x15][0xffffffa9][0xffffffe9]1[0xffffffed]*[0xffffffd4][0xfffffffa][0xfffffff5][0xffffffc5][0xffffffbe]1[0xffffffb6][0xffffff86][0xb][0xffffffe2][0x0]Q`,z/[\r][0xfffffffc][0xffffffde].a,u[0xffffffb6]\i6c[0xffffffec][0xffffff91][0x17][0xfffffff7]p[0xffffffbc][0xffffffc1]Y[0x13][0x7f][0xffffff96]M[0xfffffffc][0xffffff99]>[0xffffffbb][0xffffff94][0xffffffff][0xfffffff9][0xfffffff1]g[0xe]g[0xffffffe7][0xfffffffe][0xffffffa7]yy6[0xfffffff6][0x10][0xffffffa2][0xffffffae][0xffffffc1][0xffffffd7]f[0x5] [0xffffff9a][0xffffffc7][0xffffffd6][0xffffff9a][\r][0xffffffc8][0xffffffd8][0xffffff80][0xffffffac][0xffffff8c][0xffffff9a][0xffffffbf]mde[0xffffffac][0xffffffda]?[0xffffffba]6[0xffffffb2][0xffffffe8][0xffffffda]X[0xffffff8f][0xffffffae][0xffffff83]-[0xffffffd0][0xffffffb5]^5[0x11][0xffffffac][0xffffffda][0xffffffae]0O[0xfffffff6]ah[0xffffff90]U[0xffffffdb][0x15][0xfffffffa][0xffffffed]![0xffffffeb][0xffffff8e][0x11]l[0xffffffc3][0xffffffa9]U[0x1a][0xfffffff6]2[0xffffffca]V[0xffffff9b][0xffffff8d]Z[0x15][0xffffffe8][0xffffffb1][0x7][0xffffffa0]m[0xfffffffd]SB[0xffffffd8][0x14][0xffffffb6][0xfffffff6][0xe][0xffffffb2][0x15]'[0x3][0xffffffb2][0x15]g=[0xffffffc8]~[0xffffffdc][0x5]dM[0x8][0xffffffcb][0xfffffffb][0xffffffc2][0x6]h[\r][0xffffffd0]fw9[0xffffffbe][0xffffffa4][0x10][0xffffffb6][0xffffffe2]4[0xffffffdc][0xffffff8d][0xffffffd0][0xffffffca][0xffffffb0][0xffffffb9]![0xffffff86][0xfffffffd]'C[0xffffffeb]ab[0xffffffd8][\n]"
23:55:16.023 [main] DEBUG org.apache.hc.client5.http.wire - http-outgoing-1 << "[0xffffffbd][0xffffffa9]Iw[0x8]*[0xffffffd5][0xfffffff5][0xfffffff0]:Y[0xf][0xffffffaf][0x13][0xffffffaf][0x17][0xffffffc6]%[0xffffffcf][0xffffff8b]z#[0x13][0xffffffc9][0xffffff9a]wT[0xfffffffa]+=[0x13][0xffffffc9]~A[0xffffff91][0xffffffac][0xffffffd3][0xffffffa8][0xffffffd8][0xffffffcd]:[0xffffffb0]"[0xffffffbf]_[0xffffffd0]p[[0xffffffee][0xffffffe6]@v[0xb][0xffffffb4][0xffffffad][0xffffffb9]O[0x1d][0xffffffc8][0x16]b[0xffffffd7][0xfffffffe][0xffffffc3][0xffffffd9]z[0x16]o[0xffffffeb][0xffffffeb][0xfffffff1][0xffffff96][0xffffffc2][0xffffffb3]5;[0xffffffb2][0xffffffdc]f[0xffffffb3]c`v[0xc][0xffffffb4][0xffffffed]G[0xffffffb3][0x17][0xfffffffb][[0xffffffde][0xffffff8b][0xffffffdd]m[0xffffffc7][0xffffffc0]i[0xffffffd9]U[0xffffffbb][0xffffffd1]Z[0xffffffc6]Y[0xffffffa7]RE[0xffffffae][0xffffffcd][0xffffffa6][0xffffffb0]V[0xffffff80][0xffffffe8][0xfffffffa][0xffffffb0][0xffffffb6][0xfffffff6][0xffffffe4]/[0xffffffbd]2[0xffffffa0][0xffffffb5]w[0xffffff80][0xffffffad][0xffffffba][0x19][0xffffff80][0xffffffad]"[0xfffffff6]_[0xfffffff7][0xffffffca]k[0xffffffb1][0x1e]`o[0xffffff83])[0xffffff92][\n]"
23:55:16.023 [main] DEBUG org.apache.hc.client5.http.wire - http-outgoing-1 << "[0xffffffc4][0xffffff9b]I[0xfffffff3][0xffffffa6][0xffffffcb][0xffffffbc][0xffffffe9]2Q[0xffffffec][0xffffffef]&[0xffffff8a][0xffffffdd][0xffffff90]N[0xffffffe0]T[0xffffffdd][0xffffffba]k[0x17][0xffffff84][0xffffffb0][0xffffffb5][0xffffffaa][0xffffffed][0xffffffe0][0xffffffeb][0xfffffff5]{[0xffffffb1][0x2]57 k[0xffffffe3][0xffffffa9]C[0xffffffd8][0x14][0xffffffad][0xfffffff6][0xf][0xffffffab][0xffffffd9]L[0xffffff82][0xffffffea][0xffffff86]L[0xffffff82]O[0x1b]a[0x15][0xfffffffb][0x3][0x6]V[0xffffffcd][0xffffffee][0xffffffab]HN6[0xffffffb0][0xfffffffa][0xffffffe5][0xffffffc0]j[0xffffffb3][0xffffffee]T[0xffffff9a][0xffffffcb][0x11]k[0xffffffa5]Qo[0xffffffd2][0xffffffbb][0xffffffaf][\r][0xffffffb8][0xffffffca][0xffffff98][0xffffffb9][0x12]W[0xffffffdd][0xffffffb6]m[0xffffffe3][0xffffffff][0xfffffffe][0x9][0xffffffb8]*[0xffffffe1][0xffffffea][0xffffffd7][0xf][0xffffff94][0xffffffbd][0x1b]u[0xffffffbd]q>y[0x7f]k>[0xffffff83]<][0xffffffcb][0xffffffe0][0x7][0xe]>[0xffffffa6]@y[0xffffffba]V`7[0xffffffec][0xffffffdf]![0xffffff85][0xffffffee][0xffffffab][0xffffffaf],[0xffffff91]0lY_[0xffffffa7])[0xffffffc0]/[0xffffffac]N[0xffffffb7][0xffffffee]4[0xffffff9c]F[0xffffffd3][0x1f]T[N[0xffffffe7][0xfffffff9]?[0xffffffa2][0x7f]L[0xffffffe9][0xffffffdf]W8[0xfffffffe][0xffffffaf]S$[0xffffffd7]Y[0xffffffb3]([0xffffffec][0xffffff8e][0xfffffffd]I[0xffffffac]~)YW[0xffffffdf][0x5][0xffffff91]?[0x8]?Y[0xffffffd1]b:E[0xffffffda][0xffffffbb][0x15]L[0xffffffad][0x1f]("
23:55:16.023 [main] DEBUG org.apache.hc.client5.http.headers - http-outgoing-1 << HTTP/1.1 200 OK
23:55:16.024 [main] DEBUG org.apache.hc.client5.http.headers - http-outgoing-1 << Server: GitHub.com
23:55:16.024 [main] DEBUG org.apache.hc.client5.http.headers - http-outgoing-1 << Date: Sun, 12 Jun 2022 21:55:05 GMT
23:55:16.024 [main] DEBUG org.apache.hc.client5.http.headers - http-outgoing-1 << Content-Type: application/json; charset=utf-8
23:55:16.024 [main] DEBUG org.apache.hc.client5.http.headers - http-outgoing-1 << Cache-Control: public, max-age=60, s-maxage=60
23:55:16.024 [main] DEBUG org.apache.hc.client5.http.headers - http-outgoing-1 << Vary: Accept, Accept-Encoding, Accept, X-Requested-With
23:55:16.024 [main] DEBUG org.apache.hc.client5.http.headers - http-outgoing-1 << ETag: W/"7cd8a903f375d7104cab557e411d598c8f39853a40ca08656cf9d0570102b7b6"
23:55:16.024 [main] DEBUG org.apache.hc.client5.http.headers - http-outgoing-1 << X-GitHub-Media-Type: github.v3; format=json
23:55:16.024 [main] DEBUG org.apache.hc.client5.http.headers - http-outgoing-1 << Link: <https://api.github.com/repositories/25354393/releases?page=2>; rel="next", <https://api.github.com/repositories/25354393/releases?page=2>; rel="last"
23:55:16.024 [main] DEBUG org.apache.hc.client5.http.headers - http-outgoing-1 << Access-Control-Expose-Headers: ETag, Link, Location, Retry-After, X-GitHub-OTP, X-RateLimit-Limit, X-RateLimit-Remaining, X-RateLimit-Used, X-RateLimit-Resource, X-RateLimit-Reset, X-OAuth-Scopes, X-Accepted-OAuth-Scopes, X-Poll-Interval, X-GitHub-Media-Type, X-GitHub-SSO, X-GitHub-Request-Id, Deprecation, Sunset
23:55:16.024 [main] DEBUG org.apache.hc.client5.http.headers - http-outgoing-1 << Access-Control-Allow-Origin: *
23:55:16.024 [main] DEBUG org.apache.hc.client5.http.headers - http-outgoing-1 << Strict-Transport-Security: max-age=31536000; includeSubdomains; preload
23:55:16.024 [main] DEBUG org.apache.hc.client5.http.headers - http-outgoing-1 << X-Frame-Options: deny
23:55:16.024 [main] DEBUG org.apache.hc.client5.http.headers - http-outgoing-1 << X-Content-Type-Options: nosniff
23:55:16.024 [main] DEBUG org.apache.hc.client5.http.headers - http-outgoing-1 << X-XSS-Protection: 0
23:55:16.024 [main] DEBUG org.apache.hc.client5.http.headers - http-outgoing-1 << Referrer-Policy: origin-when-cross-origin, strict-origin-when-cross-origin
23:55:16.025 [main] DEBUG org.apache.hc.client5.http.headers - http-outgoing-1 << Content-Security-Policy: default-src 'none'
23:55:16.025 [main] DEBUG org.apache.hc.client5.http.headers - http-outgoing-1 << Content-Encoding: gzip
23:55:16.025 [main] DEBUG org.apache.hc.client5.http.headers - http-outgoing-1 << X-RateLimit-Limit: 60
23:55:16.025 [main] DEBUG org.apache.hc.client5.http.headers - http-outgoing-1 << X-RateLimit-Remaining: 58
23:55:16.025 [main] DEBUG org.apache.hc.client5.http.headers - http-outgoing-1 << X-RateLimit-Reset: 1655074472
23:55:16.025 [main] DEBUG org.apache.hc.client5.http.headers - http-outgoing-1 << X-RateLimit-Resource: core
23:55:16.025 [main] DEBUG org.apache.hc.client5.http.headers - http-outgoing-1 << X-RateLimit-Used: 2
23:55:16.025 [main] DEBUG org.apache.hc.client5.http.headers - http-outgoing-1 << Accept-Ranges: bytes
23:55:16.025 [main] DEBUG org.apache.hc.client5.http.headers - http-outgoing-1 << Content-Length: 43618
23:55:16.025 [main] DEBUG org.apache.hc.client5.http.headers - http-outgoing-1 << X-GitHub-Request-Id: 8A31:A007:3F491F:41F937:62A660C4
23:55:16.025 [main] DEBUG org.apache.hc.client5.http.impl.classic.MainClientExec - ex-0000000003 connection can be kept alive for 3 MINUTES
23:55:16.062 [main] DEBUG org.apache.hc.client5.http.wire - http-outgoing-1 << "[0xffffffe5][0xffffffd6]z[0xffffffe7]M[0xfffffffb]][0xfffffffc][0xfffffff0][0xffffffb5][0x7f]4<[0xffffffb2][0xffffffde]M[0xffffffbd][0xffffff99]5[0xfffffff3]z[0xffffffd7][0xffffffde][0xffffffd0][0x7f][0xffffffde][0xffffffbe]R[0x5]X[0xffffffd6][0xfffffffb][0xffffff98][0xffffffce][0xffffffd2][0xffffffb2][0xffffffca][0xffffffac]yh[0xffffff8d][0xffffffbd][0xffffffc5][0xffffffb4]7[0xffffffb2]T[0xffffffd9][0xffffffc1]4[0xe][0xfffffffa][0xffffffbe][0xffffffe5]Y[0xffffffb1],[0xffffffb3]T[0xffffffb2][0x6]ad[0xfffffff9][0xffffff9f][0xffffffbc][0xffffffc9]l[0xffffffec]Sa[0x16]~U[0xffffff87][0xfffffff7][0xffffff91]2[0x1f][0x5][0xffffffdd][0x5][0xffffffe5][0xf]Z[0xb].[0xffffff9f][0xffffffab][0xffffffc7][0x19][0xffffffdf][0xffffff8d][0xffffffbd][0xfffffff9][0xffffffcc][0xffffffbb][0xffffffb6]P@[0xffffffcf][0xffffff9b]Z[0x3]/[0x18][[0xffffffb7] [0xffffff9b]X[0xffffff9e]([0xffffffe4][0x1f][0xffffffcf][0xffffffde]D[0xffffffe1] [0x18][0xfffffffb][0xffffffd6]4[0xffffff9c][0xffffffa3][0xffffff8e][0xffffffc5][0xffffffb4][0xffffffff][0xffffff8f]g[0xffffff96][0x1f]E87[0x18]X[0xffffffc8][0xffffffe8]O[0xffffffda][0x10][0xfffffff9]TKo[0x1e][0xffffffab]z[0xffffffff]5[0xffffffb6][0xffffffbc]n0[0xe][0xffffffe6]w[0xffffffa2],\[0xffffff87][0xffffffd7][0xffffffeb][0xfffffff9]q,N[0xffffffbb][0xffffff8b][0xffffffe7][0xfffffffe][0xffffffc4][0xffffffc2][0xffffffbf]Y[0x18]y[0xffffffd1][0xffffff9d][0xffffffd5]G[0xffffffc7][0xfffffff5][0xffffffe6]atw[0xffffff94][0xffffffb9]z[0xffffffbc]o[0xffffffe1][0x13]d[0x19][0xffffffcb][0xffffff87]S[0xffffffff][0xffffffc4]8[0xffffffcf]O[0xffffffae][0x17]w[0xffffff85][0xffffff9a][0x1c][r[\n]"
23:55:16.063 [main] DEBUG org.apache.hc.client5.http.wire - http-outgoing-1 << "Y[0xfffffffd]ED[0x17]M[0xffffffad][0xffffffc5]m9J;[0xfffffffb]b[0x14][0xffffffc4]V[0x10][0xffffffc7][0xb][0xffffff9f]/[0xffffffbf][0xffffffeb][[0xffffffb7]at[0xffffffed][0xfffffff7]-/[0xffffffa2]K[0xffffffb5][0xffffffba]w[0x16][0xfffffff8]3sur[0xffffffe7][0xffffffe2][0xfffffff4][0xffffffcd][0xffffffc9][0xffffffeb][0xffffffb7][0x1d][0xffffffcb][0xffffff9f][0xffffffde][0x4]Q8[0xffffff9d] [0xffffffe3]^[0xffffffb4][0xffffffeb][0xffffffc6][0xffffff8b][0x2][0xf]C[0xffffff81][0x1a][0xffffffe3]Y[0xffffffe3]P$k[0xffffffa2]FonuA|H[0xffffffda][0xffffff86][0x1b][0xffffff96][0xffffffb9][0xffffffbc][0xffffff91]w#/[\r]y[0xffffffe8][0xfffffffd][0xfffffff2]m[0xffffff84],[0xfffffff9][0xffffffa4][0xffffff9b]B[0xffffff8b][0xffffffc6]J;m[0xffffffef][0xffffffbf]X[0xffffff93]k[0xfffffff4][0xffffff93][0xfffffff5]?[0xfffffffe]|~[0xfffffffa][0xffffffaa]<[0xffffff9f][0xffffffcc]D[0xffffffed][0xffffffff]b[0xffffff89][0xffffff86]}[0xffffff93]|[0xffffffaf][0xffffffd7][0xffffff91][0xffffff9e]~<[0xffffff9e][0xfffffffb][0xffffffd1][0x14]y[0xffffffa4]7[0xfffffffe][0xfffffff8][0xffffffee]E[0xffffffa6][0x1d][0x13][0xffffffef][0xffffff8e].[0x1f][0xffffffbd][0xffffffdd][0xffffff97][0x3]@[0x1f]msLc[0xffffffbe][0x18]Q[0x1f]:[0xffffff8d][0xffffff86][0xffffff83][0x1c][0xffffffbe]}[0xffffff8c][0xfffffff1][0xffffffec]xD[0x19]<[0xffffffc8][0x7]Q8[0xffffffb1].%E[0xffffffe7][0x8][0x19][0xffffffc0][0x1f][0xffffffbe]V[0xffffffac][0xffffffa6][0xffffffdb][0xffffffdb][0xffffffdb]#[0xffffffed][0xffffff87][0xfffffff2]@L[0xffffff9b][0xfffffff2][0xfffffff3][0xffffffe4][0xffffffee]`.[0xffffffe1][0x1][0xfffffff8][0xfffffffc][0xffffff9d][0xffffffe5][0xffffffd8]GN[0xffffffcd][0xfffffffa][0xfffffffa]%[0x18]5H^[0xfffffff7][0xffffff9e][[0xffffffd4][0xffffff87][0x18][0xffffffb7]~[0xffffffa4][0xffffffcf][0xffffff9b][0x13][0xffffffdc]Ct>[0xffffffdf]c[0xffffffff]?[0x17]([0xffffff8e][0xffffffee][0xffffff8e]h[0xffffffc2]1[0xfffffff2]g[0xfffffff1]+[0xffffffdd][0xc][0xffffffba][0x10][0xffffff8c][0xf]Pn&[0xffffffb1]5Y[0xffffffc4][0xffffffb8]=[0xffffffb2][0xffffffff]qE[0xffffffb8][0xffffff89][0xfffffff7]~?[0xffffffdb]1[0xffffffb7][0xffffffe0]Y[0xfffffff1][0xffffffd5][0xffffffd2][0xffffffc8][0xffffffb0]0[0xffffff81]T;h[0xfffffffc][0xffffffdf][0xffffff85][0xb]k[0xffffffe2]M[0x17](U[0xe]r[0xffffffb5][0xffffffcf]k[0x5]sT[0xffffff88]Q4[0xffffffc4]\[0xffffffc2][0xffffffe9][0xffffffa0][0xffffffbe]P)[0xffffffa2][0x6][0xffffffd5][0xffffff82][0x17]V[0xffffffbc][0xffffffc0][0xffffffb4][0xfffffff6][0xffffff92])[0xffffffa3][\r][0xffffffcd][0xffffff9f]G[0xffffffc1][0x18][0xffffffad][0xffffffbb][0xffffffc5]h[0xffffffc0][0xffffffd0][0xffffffa6][0xffffffca]i[0x14][0xffffffa2]~[0xf][0xffffffd7]'z[0xffffff9e][0xffffffbe][0x18][0x4][0xffffff9f]x[0xffffffea][0xffffffcf]i$K8z[0xffffffc1][0xffffffed][0xffffffc2][0xffffff80][0x16]wk[0x10][0xffffffa0][0xffffffbf]&4A[0xfffffffa][0xfffffffe][0x1c][0x13]<[0xffffffa6]RF[0xffffffe1]-u[0x17]_[0xffffff94][0x1c][0xffffffec]\[0xffffff84][0xffffff98][0xc][0x0]-[0xffffffea][0xffffffc8]K[0xffffffbe][0x1][0xffffffa2][0x14][0xffffffd9]xNBNo[0xffffffa3][0xffffffbc]m[0xffffffa5]8\D=[0xffffffbf][0xffffffd4][0xf]{q[0xffffffe6][0xffffffb6][0xffffffce][0x1][\n]"
23:55:16.063 [main] DEBUG org.apache.hc.client5.http.wire - http-outgoing-1 << "hf[0xffffff86][0xffffffa7]v&[0xffffffba][0xffffff81]K:"[0xfffffff6][0xffffffd2]sL[0xffffffb2][0x1e][0xffffff83]S( [0x5][0xffffffc5],[0xffffffe8][0xffffffee][0xffffff89]C[0xffffffd4][0xfffffff8]%[0xffffffd8]=[0xffffffee][0xfffffff7][0xfffffffd][0xffffffbe][0xfffffffa][0xffffffa2][0x4][0xffffffb0]D8 [0xffffffc6]+[0xffffffb7][0xfffffff7]-nh[0xffffffda][0xffffffb8][0x8][0xffffff9f][0x16][0xffffffb3]#[0xffffffec]r=[0xffffffc7][0xffffffb5][0xffffff86][0xffffffe3][0xffffffde][0x8][0xffffff99]}4Xi8c[0xffffff8c][0xffffffd2][0xffffff94][0x7][0xffffff8c][[0xffffffdd]E0[0xffffffc6][0xffffff94]G/[0xffffffc9][0xffffffdf][0xffffffc4][0x15][0xffffffeb][0x18],Fr/[0xffffffc2][0xffffffa8][0xffffff8b][0xffffff8f][0xffffff82]0[0xffffffad]#[0xfffffff9][0xffffffea][0xffffffb9]D[0xffffffd6][0xffffff97]`[0xffffffa7][0xffffff84][0xffffff99])[0xffffffdb][0xffffffa3]oT[0xffffffd1]E[0x13][0xffffffb3]d[0xffffffbd][[0xffffffcc][0xffffff80][0xffffff82][0x4][0xffffffb0][0xffffff91]u[0xfffffff9][0xffffffbd]?[0xffffffb7]^aU[0xffffffa1][0xffffffe1][0xfffffffb]n[0xffffffe4]aDYo[0xffffffc3]P[0xffffffbb][0xffffffae][0xffffffdb]JOQ[0xffffffec][0xffffff82][0xffffffb0]|[0xffffffeb]w%[0x1][0xfffffff0]+[0xffffffd0]bJ [0x1][0xffffffd2][0xffffff99][0xffffffa5][0xffffff98][0xffffffcf],E83Y[0xffffffb8],[0xffffffeb]5[0xffffffad][0xf][0xfffffff4];.[0x1f][0xffffffe0]vy[0xffffffe2][0xffffffdd][0x4]}[0xffffffeb][0xffffffdb]E4[0xffffff8d][0xffffffd3]k[0xffffffd2]2[0xffffffb7][0xffffff8f][0x17][0xfffffff3]pB[0xffffff99][0xffffffe0][0x17][0xffffffb8][0xffffff91]~[0xffffff94][0xffffffce]N[0xffffffcb][0xffffffba] [0xffffffec][0xffffff9f][0xffffffa3][0xffffffd7][0xffffffbc][0x8][0xb][0xc][0xffffffca][0xfffffffb][0xffffffd9][0xffffffef][0xffffff9e]0[0x13][0xfffffff1][0x10][0xffffff97][0x0][0xffffffc8][0xffffffed][0xffffffcf][0xffffffc2][0x0]][0xffffff82]A[0xffffff8e]6[0x3][0xffffffdd]=[0xffffffeb][0xffffffd6]K[0xffffff97][0xffffff96][0xffffffc8][0xffffffc7][0xffffffea][0xffffff83][0xffffffd7][0xfffffff1]<p[0xffffffb5]n[0xffffffa3]1[0xffffffe5]YC[0xffffffb4]k[0xffffff8a][0xffffffc9][0xffffffd4][0xffffffb5]d[0xffffffff][0x1c][0xffffffa1][0xfffffffd][0x18][0xffffffee]I[0xffffffa9][0x1][0xffffffaf][0xffffffe1][0x16]&$[0xffffffdf][0x9][0xffffffd1]=[0xfffffffa][0x8][0xffffffb8][0x1d][0xffffffa1][0x0][0xffffffb1]x[0xffffffaa]u[0x15][0xffffff97][0x1a][0xffffffd3][0xffffffa8][0xfffffffd][0xffffffef][0xffffffff][0xfffffff5][0x7f][u[\r][0xffffffb7][0xfffffff4][0xffffffbb][0xffffffe9][0xfffffff5][0xfffffffb] )[0xffffff85]So[0xffffff8c])[0x7][0x2][0x1b][0xf][0xffffffb3]0[\n]"
23:55:16.063 [main] DEBUG org.apache.hc.client5.http.wire - http-outgoing-1 << "@9L[0xffffffa2][0x6]Z[0xfffffff4]i[0x1c][0xffffffab][0xfffffff1][0x18][0xffffffcf][0xfffffffc]^0[0xffffffb8][0xffffffa3][0xffffff85][0x4]+7_[0x0]o([0xfffffff5][0xffffffad][0xffffffce][0xffffff9f]QF[0xffffff87][0xffffffcb][0xffffffe8][0xffffff9c]s![0x1d]k[0xffffff84]u[0xffffff83][0xffffffce][0xffffffc6][0xffffffd8][0xffffff91][0xffffffe8]<[0x5]5[0xffffff8a][0xffffffb0][0xffffff81]p[0x10][0xffffffb7]-[0xffffff96][0xffffffcd][0xffffffe6][0x19][0xffffffd2])[0xffffff95][0xffffffb8][0xffffffb0][0x12][0xffffffb7][0xffffffa6][0xfffffff3][0xffffffb8][0xffffff99][0xffffff8c][0xffffffe8]a[0x18][0xfffffff3][0x14][0xfffffffe][0xffffffaa][0x7][0xffffff9a][0xffffffa4]^r[0x9]+[0xffffffe2][0xffffffd2]g:H[0xffffffc0]w[0xffffffda][0xe][0xffffffd9][0x17][0x7]i[0xffffff89],[k[0xffffff8b][0xfffffffe][0xffffff8d]h[\r][0xffffffd1][0xffffffc8][0xffffffd0][0xffffff9f][0xffffffa2][0xffffffeb][0xffffffb0][0xffffffbe][0xfffffff8]V(H[0xffffff80]/[0xffffffd0][0x7f]t'[0xffffffc4]jyd[0xfffffffd]L[0x3]@[0xffffffe0][0xffffffb5]5[0xffffffc0][0xffffff85][0x3]*[0xffffffd5]X[0xffffffc4][0xffffff92][0xffffff81][0xffffffd0][0xffffffab]7[0x1f][0xffffffdf][0xfffffff1][0xffffffe8][0xffffffe3][0xffffffc1]&[\n]"
23:55:16.063 [main] DEBUG org.apache.hc.client5.http.wire - http-outgoing-1 << "[0xffffffbc][0xfffffff1][0xffffffc6][0xffffffb8][0x5]@(,"X^g~[0x4][0xffffffce][0x1a]F[0xffffff97][0x6][0xfffffff4][0xffffffdf]"[0xfffffff4][0xfffffff1][0x7][0xffffffde]b[0xffffff8c][0xffffffc5]iz[0xffffffa7]n[0xffffff9a]\[0xffffff84][0xffffffa7][0xfffffff9][0xfffffffb]L[0xffffffb5]F[0xfffffffe]G4[0xffffff8b][0x16]*[0x1e]LST[0xffffffab]n[0xffffffb5][0xffffffa8][0xffffff95][0xffffffd2][0xffffff9a][0x1]u*l[0xffffffe9]r,C7[0xffffff9c][0xffffffde][0xffffff90]Y_[0xffffff8b][0xfffffff1][0x15]`<[0xffffffdd][0x4][0xffffff9e][0xffffff85][0x11]A?u[0xffffff9e][0xffffffbf][0xffffffa0][0xffffff80][0x10][0xffffff90][0xfffffff8][0xfffffffa][0xffffff8d][0xffffff85]Q[0xffffff8b][0xffffff8b][0xffffff8f]_[0xffffffa8][0x1][0xffffffc5][0xffffff97]EcO[0xffffff8e]6^[0xffffff93][0xffffffe4][0xffffffa0][0xffffffa4][0xffffff99][0xffffffe4][0xffffffc7][0x8][0xffffffa0][0xffffffc2][0xffffffe9] [0x18].[0x0][0xffffff91][0xffffff8c][0xffffffe4][0xffffffa2][0x13][0xffffffe9]@Q[0x8]fl0[0xffffff9c][0xffffffa2]N[\n]"
23:55:16.063 [main] DEBUG org.apache.hc.client5.http.wire - http-outgoing-1 << "[0xffffffd7]$[0xffffffdc][0xffffffc5]=[0x7f][0xffffff8a][0x15]1D[0x7]a}D[0xffffffc7][0xffffffa5]lf[0xffffffbe]N[0x19]B[0xfffffff3][0xffffffa2][0xffffffd7][0xf][0x6][0x3][0x1c][0xffffffa3][0x2][0xffffffae][0xffffffa9]?[0xffffffe7][0xffffffb5][0xffffff8b][0xffffffb6][0xffffffac][0xffffffd5][0xffffffba]O[0xffffff97]![0x2][0xffffff8f]8[0xffffffc4]u[0xffffffca]^[0x0][0x1e]"
23:55:16.064 [main] DEBUG org.apache.hc.client5.http.wire - http-outgoing-1 << "uA[0xffffff8b][0xffffffee]S$[0xffffffb7][0xffffff98][0xffffffc5]I[0xffffffcf][0xffffffd3]r[0xfffffff2]][0xfffffff0]I_N[0xffffffbe][0xffffffd7][0xffffffea][0x1f][0xffffff83]7m[0xffffff9d]R[0xffffffeb]P[0x15]b[0xffffffb2]`[0x1e][0xfffffffb][0xffffffe3][0x1][\n]"
23:55:16.064 [main] DEBUG org.apache.hc.client5.http.wire - http-outgoing-1 << "[0x19][0xffffffa3][0xffffffef])[0xfffffff4][0x16][0xfffffff1]+u[0x2][0xffffff82]=[0x14]O[0xffffffb0][0xffffff81][0x5][0xffffff9d]B[0xffffff90]$N[0xffffff9a]#[0x6][0xffffff9e]"|[0xf][0xffffffa7]C4C[0xffffffc6]%[0xffffffa2][0xb][0xffffff92]9[0xffffff8e][0x15]\[0xffffff9e]M[0xffffffbd][0xffffffa0]0[0xffffffc6][0xffffffb3]zX[0xffffffbd][0x10]>I[0xffffffb0][0x11][0xffffff9d](#[[0x9]^[0xffffffe8][0xffffffa2]>ZG@N[0xffffffc1]c[0x12][0xffffffa5][0xffffffa6][0xffffffad]>[0xffffffe6][0xffffffd1][0xfffffffb][0x6]-[0xffffffeb] R@[0xc]$[0x16]XQ[0xffffff98][0xffffff82]1Y(V[0xffffffa8][0x12][0xffffffc2]?Y[0xfffffff6][0xffffffc8][0x1f][0xffffffcf][0x10]w#[0xffffff9a][0xffffffbd][0x9][0xffffffb1]B[0xfffffff0][0xffffffea][0xffffffd4][0x3][0xffffff83]8 [0xffffffc4][0xffffffe3][0xfffffffb]5E[0xfffffff8]4[0xffffff9e][0x7][0xffffffc9][0xfffffff3][0xffffff86][0xfffffff6]p[0xffffff82]U[0x1]q>[0xf][0x12][0xffffffdc]Cz[0x4][0xffffff9a]y[0x11][0xffffffad][0xffffffb9]c[\r]%_g;[0x7]$[0xffffffd6]8[0xffffff90][0x11][0xffffffb4][0x2]@[0xffffff8e][0xffffff9c]i[0xffffffe8]u0[0xffffffd0]#[0xffffffb4][0xffffffe3][0xffffff8d]x`[0xffffff92][0x8][0xffffffd8]E4[0x18][0xffffffdd]u[0xffffffe4][0xffffff98][0xfffffff7]f[0xffffffe2]i#[0xffffffa0][0xffffffe7][0xffffff85]p[0xffffff88][0xffffffd3]"[0xffffff9e]D[0xffffffa8][0xfffffffd][0xffffffb2][0xffffff83]P[0xffffffb3]-c[0xffffff95]s125[0xffffffc0][0xffffffe9]c[0xffffffd9][0x18][0xffffff87][0xffffff98][0xffffff9b][0xffffff99][0xffffffd0][0xffffffc5][0xffffff9f][0xffffff96][0xffffffde][0xffffffbf]+SDS[0xffffffc6][0xffffffca]F[0xffffffff][0xffffffc4][0xffffffea]V~[0xffffffa9][0xffffffd5][0xffffffa4][0xffffffe2]VY[0xffffffe8]sL[0xfffffff2][0xffffff9e][0xffffff87]^[0xffffffa4]V[0xffffffd3][0xffffff9c]P[0xffffff87][0xfffffffa]ry[0xffffffa1].[0xffffff99],[0xffffffe6][0x1c]0[0x2]3zc[0xffffffac](7[0xfffffffe][0x11][0x1e][0xffffffe5]q[0x7]9[0x6][0xffffff8a][0xffffff89]z[0xffffffb9][0xffffff96][0x0][0xffffffbe][0xffffff83][0x2][0x0][0xffffffe8][0xffffffcd][0xffffffaa]T<[0xffffff8e]#[0xffffffee][0x1a]+.X[0x1d][0xffffffaf]{[0xfffffffe][0xffffffcd][0x1]'[0xc]i[0xffffffa2]%[0xfffffffc][0x17][0x1b][0xe]x[0xffffffc8][0x1c][0xffffff82]L[0xffffff8b][0x17][0xffffffed][0xffffffa3][0x10][0xffffff8f]dx0[0xffffffa6][0xfffffff7]f[0xffffff98][0xffffffd5][0xfffffff4]P[0xffffffc0]G`[0xffffffa9][0xffffff89][0xffffffc0]#s[0xffffffc1][0x7f][0xffffff88][0xffffffc2][0xffffffde][0xffffffb5][0xffffff8f][0xffffffbf][0xffffffb1][0xffffff81][0xffffffe1][0xffffffdf][0xfffffff9]ht[0xffffffed][0xffffffd7]}l[0xffffffa5]V[[0xfffffff5]F[0x15][0x9][0x13][0xffffffe8][0xffffff90]=I[0x17][0xffffffa8][0x12][0xf]"][0xffffff90]+[0xfffffffc][0x0][0xffffffd2][0x5]v"][0xffffffa0][0xffffffea]2[0xffffffd2][0x5][0xffffffab][0xffffffa4]1[0xffffffb2][0xffffffa9][0xffffff99][0xffffff86][0xffffffa2]k([0xffffffba]+UT[0xffffffb2]Ce[0xffffff9f][0xffffffd2][0x5]/[[0xffffff83][0xffffffd9]-[0xffffffe0]+'] [0xffffffe6][0xfffffff1][0xffffff96][0xffffffd2][0x5][0xffffffe2][0xffffffe0][0xffffff9d][0xffffffa5][0xb][0xffffff9c][0xffffff92][0xffffffdd]*9[0xfffffff5][0xb][0xffffffc7]m[0xffffffd7][0xffffffc0][0xffffffe5][0xffffffe5][0xffffffc4][0xffffffb0]e[0xffffffe9][0xffffff82][0xffffffe4][0xffffffa8]J[0xffffffdb][0xffffffae][0xffffffb4]][0xffffffde]#[0xffffffde][0xffffffbf]tA[0x15];[0xffffffa6]N[0xffffffcd]V[0xffffffc4]/[0xfffffff5]qu[0xffffff8e][0xffffffc1][0xffffffcb][0xffffffe8][0xfffffffd][0xffffffe2]b[0xfffffff5][0xffffffcb]0t[0xffffff89][0xffffff91].[0x10][\n]"
23:55:16.064 [main] DEBUG org.apache.hc.client5.http.wire - http-outgoing-1 << "@&][0xffffffd6][0xffffffa4][0xffffffcb][0xffffffa6]zPY$[0xfffffffb][0xffffffcd][0xfffffff1][0x11]vK[0xffffffe3]r[0xffffff9b][0xffffffb6]]+[0xffffffca]5[0xffffffa8]V[0xffffffed]Z[0x1]9A[0xffffffc7]2[0xffffffa7]m3[0xffffffe2][0xffffffe5][0xffffffdf][0xffffff89]e[0xffffff8f]qX[0xffffffde][0xffffffe0][0x10][0xffffffd2][0x5]@[0xffffffa8]%[0xffffffe9][0xffffff82][0x2][0xffffffd4][0xffffffda]G[0xffffff94],[0xffffffe5]a[0x4][0xffffffa8][0xffffffba]*[0xffffff8f]K}\[0xffffff8f][0xffffffb1][0xffffffc1].[0x18]kx_[0xffffff86][0xfffffff7]%[0xffffff97][0x1b][0xffffff93]y[0xfffffff0][0xffffff9b][0xffffffce]<x[0xffffff84]t[0xffffff81][0xffffffeb]4[\n]"
23:55:16.064 [main] DEBUG org.apache.hc.client5.http.wire - http-outgoing-1 << "[0xffffff98][0x8]E[0xffffffb0][0xffffffb9][0x1]Z[0xf][0xffffffc6]D[0xffffffd8][0xe]Z[0xfffffff7][0xffffffcd][0xfffffffb][0xffffff92]x[0xffffffaa]x_[0xffffffea][0xffffffe3]zx[0xffffffbd][0xffffffde][0x2]^[\r][0xffffffe3][0xffffffcb][0xffffff84][0xffffffb0]&[0xffffff84][0xfffffffd]RC[0xffffffd8]z[0xffffffa3][0xffffff82]M[0xffffffcc][0xffffffe5][0xffffffbc].[0xffffffd7]u[0xffffffe8][0xffffff99]x9[0xffffffb1]+[0xffffff87][0xffffffb4][0xffffffdb][0x4][0xffffffb1][0x7][0xffffffa3]"[0xffffffac]E[0xffffffda][0xffffff83][0xffffff88][0x17]HXm[0x2]7[0xffffff89]][0xffffffab]>[0xffffffae]G[0xffffffd9]5l[0xffffffaf]$[0xffffffe4]NZk[0xffffff82]X[0x13][0xffffffc4][0xffffff9a] V[0x8][0xf]g[0xffffff96][0xffffff9d][0xffffffdf][0xffffffdc]f[0xffffffc1]#[0xffffff82]X[0xffffffc7]q[0xffffff8b][0xffffffb4][\r]s[0xffffffd8]Z[0xffffffa8][0xffffffc0][0xffffff95];[0xffffffa6][0xfffffffe]O[0xffffffd9] [0xffffffc8][0xffffffa2][0xffffffd5]~7[0x9]Z[0xffffffd0][0xffffff90][0xffffffd5][0xffffffa2]X[0xfffffffe][0xffffffb8][0xe]_[0xffffffff][0xfffffff3]G[0xffffffd2][0x13]^[0xffffffc1][0xffffffa6]%|-d[0x0][0x1b][0xffffff85]C#[0xf]c[0xffffffe4]a[0xffffffbe][0xffffffa8][0xffffffed]X[0xffffffa7][0xffffffde]lV\$[0x4][0xffffffe4][0xffffffd5][0xb][0xffffffdc]j[0xffffffbd][0xffffffe2][0x16][0x8][0x1e][\n]"
23:55:16.064 [main] DEBUG org.apache.hc.client5.http.wire - http-outgoing-1 << "(m\[0xffffffd8][0xffffffcd]v[0xffffffad][0xffffffd6]vX[0x16][0xffffffbb]x[0xffffffd3]@[0x1d]#[0xffffffde]?=[0xffffffe5]~l!x[0xffffffed][0x1d]p[0x13]5.[0x4][0xffffffb4][0x0][0xffffffdc]uj\/[0xffffffa3][0xffffffff][0xfffffffc][0xfffffff1]~[0xb][0xffffffc0]5[0xfffffff2][0x5]F[0xffffffbe][0xffffffc0][0xffffffc8][0x17]([0x1f][0xffffff94]/[0xb]h[0xffffff9b] [0xffffffd3][0xffffffda][0xffffffd8][0x1b][0xffffffc8][0x3]m[0xffffffb5][0xffffffd5]l[0xffffffd5]W[0xffffffee][0x19]dAt[0x3][0xffffffd0]2[0x18]?9[0xffffffd0]*[0xffffffd0][0xffffffda]/[0xffffffc0]"[0xffffffb5][0xffffffa0][0xffffffaa][0xffffffe4][0xe][0xffffffc5][0xffffff8e]Au[0xffffff8d][0xffffffdc]![0xffffffa5][0x16][0xffffffd0][0xffffffd1]k"Z#_`[0xffffffb6]d[0xffffffcd][0xffffff96][0xffffffec][0xffffffef]rKv[0xffffff93]|A[0xffffffa5]i[0xffffff83]h[0xffffffbb][0xc][0xffffffad][0x15][0xffffffbb]R!v~[0xffffff9e]g[0xffffff9b][0xffffffdd][0xe]p[0xffffffb7][0xffffffd8][0xffffff8e]u[0xffffff9f]|;[0xfffffff6] [0xfffffffa][0x5][0x12]H[0xffffffb3][0xffffffef][0xffffffbb][0xffffffaa]kw[\n]"
23:55:16.064 [main] DEBUG org.apache.hc.client5.http.wire - http-outgoing-1 << "[0xffffffde]/[0xffffffe8][0xffffffe8][0xfffffff5][0xffffffb8]j[0xfffffff4][0xb][0xffffffa4][0xffffffab][0xffffff98][0xffffffd9][0x1e]0[0xffffffdb][0x3][0xffffffbf][0xffffffa3][0xffffffa8]u[0x13][0xffffffae]V[0xffffffa1][0xb]S[0xffffffa4][0xffffffd1][0xffffffed]T[0x1b]NksF[0xffffff81][0x0][0xffffffcd][0xffffffe2][0xffffff98][0x15])[0xffffffac]HNu[0xffffffe0]d[0xfffffff3][0xffffffd4]1+[0xffffff80][0xfffffff5]0[0x2][0x6]"[0xffffffa5]w[0xffffff8f][0x2][0x6][0xffffffa2]@)`[0x0][0xfffffff5][0x2]|[0x16][0xffffffea][0x5]r[0xfffffffd][0xffffff82]zA[0xffffffbf][0xffffffd2][0xffffff80][0x13][0xffffff90][0xffffffdd]m5[0xffffffbd][0xffffffba]P/(m[0xfffffff1]?[0xffffffa2][0xffffffd3][0xffffffd0]?[0xffffffe2]G[0xffffffbd][0xfffffff3]{[0xffffffa0][0xffffffce][0xffffffcf][0xffffffef][0xffffff98]([0xffffffa5][0xffffffa9][0x1c][0xffffffbc][0xfffffffc][0xffffffe9]U[0x9]B[0x9]N[0xffffffa9][\n]"
23:55:16.064 [main] DEBUG org.apache.hc.client5.http.wire - http-outgoing-1 << "[0x9][0xb]u[0xffffff82]%[0xffffffe8]T[0xffffffe0]F[0xffffff9d][0xffffff9c][0xffffffbd][0x3]#[0x9][0xfffffff4][0x1c][0xffffffe6]$1[0xffffffa5]8&[0xffffff96][0xffffff92]?[0x5]I[0xffffffb1]G[0xffffffdf][0xffffff81]?[0xffffffc5]b[0x1][0xffffffe0][0xffffffe8]HN[0xffffffa3][0xffffffa0]1Z[0xffffffbd][0x11]8X[0x1a];[0xffffffee]-[0xffffffdc][0xffffffed][0x14][0x1d][0xfffffff3]{[0xffffffaf][0xb][0xffffff8a][0xffffffe7][0xffffffd8]z[0x19][0xffffff82]{[0xffffffef]i[0x7][0xffffff95][0xffffff88][0xffffffd7][\n]"
23:55:16.064 [main] DEBUG org.apache.hc.client5.http.wire - http-outgoing-1 << "Zh[0xffffffca][0xffffff90][0xffffffd4]Kc[0x1a][0xffffff93][0xffffffe0][0xffffffcc]%<9ft[0xffffffc7][0xffffffc4][0xffffffb0]e[0xffffffc2][0xfffffffe][0xffffffad]?[0x1e][0xffffff97][0xffffffae]I[0xffffffd2]A[0xffffff90][0xffffff89],[0xffffffa6][0xfffffff0][0xb][0xffffffca]&s[0xffffffe6][0xffffffc0][0xffffff8c]{[0xfffffffd][0xffffff86][0x9]rDGB[0xffffffa4][0x8][0xffffffee]g)[0xffffffe5][0xffffffd1])n[0xffffffdd]Q[0xffffff86]][0xffffffb6]J#B[0xffffffa7][0xffffffb9][0xffffffa5][0xffffffaa][0x9]`[0xffffffda]L[0x5][\r][0xffffff9a][0x1b],[0x1a][0xffffff90]r[0xfffffff1][0xffffffc0];[0x16][0xffffff94]Ub[0xffffff89][0xffffff82][0x7][0xffffffeb]GD[0xffffff87][0x13][0xffffffcd]e[0xffffffc5][0xffffff86][0xffffffbe][0xf]K[0xffffffce];[0xffffffe2][0xfffffff6][0xffffff82][0xffffffc5][\r][0xffffffae][0xffffffeb]([0x0][0xffffffb5]|+F[0xffffff9d][0xffffffa5][0xffffff93][0xffffffe9]D[0xffffff89][0xffffff92]IO[0xfffffff4]m[0xffffff90]d[0xffffff89][0xffffffcb][0xffffff9f][0xffffffa3][0xffffffd4][0xffffffa1]' [0xffffff81]@D&z[0x1b][0x0][0xffffff92][0x15]hhE,;[0xffffffc3][0xffffffe2]7,~&[0xfffffffa]+[0xffffff94][0xffffffc0][0xffffff80]8[0x16]d>][0xffffffbd][0xffffffe1];[0xffffff8c]'[0xffffffe5]_K$EE&l"
23:55:16.066 [main] DEBUG org.apache.hc.client5.http.wire - http-outgoing-1 << "[0xffffffb6][0x0]k[0xffffffc4]r[0x5][0xfffffff3]l[0x1c][0x0]-4F&[0xffffff93]j[0xffffff99][0xfffffffd][\n]"
23:55:16.066 [main] DEBUG org.apache.hc.client5.http.wire - http-outgoing-1 << "f-[0xffffff88][0xffffffa4] [0xf][0x12][0xffffff83]_[0xc]`[0xffffffa6]r[0xfffffffe][0x14][0xfffffff8]`[0xfffffff7][0xfffffff3][0xffffffb0][0xffffffd4][0xfffffff2][0xffffff90]%{[0xffffff91]&rJ[0xffffff81][0xfffffff4][0xffffff99]\[0xffffffda][0xffffff93][0x13][0xffffffaa][0x3]J )[0x6][0xffffffc4]G}[0xffffffbf][0xffffffbb][0x18][0xffffff82][0xffffffbc]y[0x4]=[0xffffff89]p[0xffffffee][0xffffff97]d=[0x1d][0xffffffe2][0xffffffa7][0xffffff82]PJ3[0xffffffb5]3[0xffffff8f][0x16]~[0xffffff87][0xffffffb9][0xffffffb4][0xffffffa2][0xffffffee][0xffffffa7][0xffffffa3][0x1b]f[0xffffffe0]&[0xffffffa7][0xffffff8d][0xffffffa0][0xffffffb3][0xffffffd0]Sj~[0xf][0xffffffbd]H[0x8][0xffffff81]v[0xffffff83][0xffffffa2]K@[0xffffff81][0xffffffbf][0xffffffd2][0xffffff9f][0xffffffbf][\r]N[0x2][\r]X_O[0xffffffe7]Q[0xffffffd8]_[0xfffffff4][0xffffff88][0xffffffb6][0xffffff8b][0xffffffee][0xffffff9a]Rw[0xffffffa2][|@PBm[0xffffff84][0xffffff8a]@[0x7][0xffffffc4][0xfffffffa]wL[0x8]|[0x1f][0xffffff8d][0xfffffff7]D[0xffffffac][0xffffffd4][0xffffff8b][0xffffff84]|[0x3]iwH[0xffffff89][0x16][0xffffffa2]#b5[0x11]}[0xffffffbd][0xffffffe1][0xffffffca]<[0xffffffab][0x1b][0x8]a[0x19][0xffffffc1][0xffffffc1]OA[0xfffffff6][0xffffffc8]:[0xffffffe6]5[0x8][0xffffff8b]Qz)[0x1a][0xffffff9c]2[0xffffffce][0x13][0xfffffff4]3[0xfffffffe]+[0x2]7T[0x6][0xffffffa0][0xffffff95][0xffffffc0][0xfffffff5][0xffffffe3][0xffffffb2][0xffffffcf][0xfffffffc][0xffffffdb]w[0xffffffa0]I[0xffffffa3]h[0xffffffed][0xffffffa2]W[0xffffffa9]3[0xffffffe0][0xffffff82][0xffffff84]N[0x3][0xffffffaf][0x1b][0xffffff82]5[0xffffff8f][0xe]-A[0xffffffdf][0xffffff86]J[0x0][0xfffffffd]Z@[0xffffffb6][0xffffffa4]-[0xb][0xffffff95][0x1c]j[0x10].Qt[0xffffffae][0xfffffff5][0xfffffffe][0xffffffed][0xf]J"[0x3]gb[0xffffffe0]+[0xffffff81][0xffffff9b][0xffffffb4][0x17]di|cq[0x5]Xo'8[0xffffffa5][0xffffffcd]#[0xffffffb3]sK~[0xffffffd2][0xffffffb4]V[0xffffffb5]iQ-[0xffffffcb]c[0xffffffcb][0xffffffff][0xffffff9e][0xffffff9c][0xffffffd4][0xffffffff][0xffffff8f][0xffffff8e]v[0xfffffff7][0xffffff99][0xfffffff1][0xffffffae][0xffffff91][0xffffffb0][0xffffffe5][0xffffffbc][0xffffffc5]z[0xffffffa9][0xffffffc4]*n[0xffffffa1][0xfffffffd][0xffffff90][0xfffffff4][\r]M[0x7]P[0xffffffb5][0xffffffa9]Zfb[0xffffffcb]uA[0xffffff92][0xffffffc8][0xffffffc5][0xffffffc5]a[0xffffffd6][0x8][\r][0x5]:[0xffffff8a]9[0xfffffff3][0xffffffa2][0xffffff93][0xffffffb9]@[0xffffffe8][0xffffffa0][0xffffffc8][0xfffffff3]1[0xfffffffd][0xffffff82][0xffffff9e][0xffffffaf]5[0xffffffe5][0xffffff98][0xfffffff5]gpG[0x12]y[0xffffff86][0xffffffec][0xffffff98][0x5]7[0xffffff99]i[0xfffffffc]`D[0xfffffffb]3[0xffffff88]:[0xffffffa8][0xffffff82][0xffffff94]DC8[0x10][0xffffffb7]VNx[0xffffffc1][0xffffff9c][0xffffffa7][0x18]@[ [0xffffff99][0xffffffc8][0xe][0xffffff9a]t[0xffffff84][0xffffffb6]'[0xffffffc5][0xffffffa9][0x1b][0x1f][0xffffff8f][0xffffff82][0xffffffd9]L[0xffffffc3][0x17][0xffffff85][0x1c][0xffffffad][0xffffffaa][0xffffff86]l[0xffffff92][0xffffffd2]|[0xffffff8b][0xfffffffe][0xffffffd1][0xffffffc8][0xffffffcc][0xffffffe8][0x16]M[0x5][0x2][0x16][0xffffffb4][0x12]j$[0xe]%Lo[0xffffffc5][0xffffffc3][0x1e][0xffffffa1][0x1f][0xffffffba][0xffffffbe]R[0x10]H[0xffffff82][0xc][0xc]X[0xffffff92][0xffffff94]![0xffffffa8][0xffffffc3][0xffffffe5]I[0xffffffed]%1v[0xffffffe8][0xffffffeb];m[0xffffff8c]N([0x14][0xffffffca]`C[0xffffff8e][0xffffffe8][0xffffffce]PaA[0xffffff9c] [0xffffff80][0xffffffcd]#[0xffffffd1][0xfffffff5]y~Q[0xffffffe1]J[\r][0x0][0xffffffe4][0xffffffed]!k[0xffffffb0][0x0][0xffffff96][0xffffffe3]p|[0xffffffc3][0xffffffa4]jR[0xffffffa4][0xffffffe0][0xffffffb8]([\r]K[0xffffffb4][0xffffffab][0xffffffff]![0xffffff80][0xffffffb6][0xffffff81]*[0x4][0x3][0xffffffcf][0x1f][0xffffffb2][0xffffff88][0x12][0xffffffc8][0xffffffda][0xffffffaa]([\r][0xffffffd8]Q[0xffffffd8])[0xffffffab][0xfffffffb][0x10][0xffffff80][0xffffffeb]]8[0xffffffa5]1M3\C[0xfffffffa][0x11][0xffffffdd][0xffffffd9][0xffffff91]w[\r]Zu0[0xfffffff1][0xffffffc3][0x5][0xffffffc3].[0xffffffdd]=[0xffffffd6][0xffffffab]"[0xffffffd1][0xffffff94][0x18][0xffffff92][0x16]D[0xfffffff8]W[0x11][0xffffff94]Vb'-[0xffffffa8][0xfffffffd][0xffffffe3]"[0x0][0x13][0x1e][0xffffff83]0%[0xffffffe5][0xffffff8b] [0xfffffff0][0x16][0xffffffc3]M[0xffffffc9]D[0xffffffa9][0xffffffd9][0xffffffd0][0x7][0xffffffd5]?[0xffffffb7]t[0xfffffff1][0xffffff8c][0x10][0xffffffdf][0xffffff8b] 6[0xffffffe9][0x7f]t[0xffffffdf]-[0xffffffee][0xffffff9b]7[0xffffff9f]#[0x1a]"[0xffffffb8]DgA[0xffffffb6]`L[0xffffffc4]|[0xffffffd0][0xfffffff3][0xffffffa5][0xffffff92][0xffffff81][0xffffffdc]~[0x17]c[0xffffff91][0xffffffc5]f[0xffffffb0][0xffffffe4][0xffffffbc][0xffffffe0]>[0xffffff93]?[0xffffff89][0xffffffc6][0xffffffd1][0xffffffb8][0x14][0xffffffb2]S[0xffffffbd]q[0xffffffc8][0xffffffcb][0xffffffd7][0xfffffff4][0xffffff8e][0x14]|[0xffffffb4][0xffffffcb][0xffffff92][0xffffff93][0xffffff91][0xffffff8a][0x12][0xffffffc5]AE[0x6][0xfffffff4]B[0xffffffd6][0xffffffaa]R[0xffffff83][0x13]7V[0xffffffcd]Y[0x16][0xffffffb0][0xfffffff1][0xffffffac][0xffffff9f][0x11][0xffffff93][0xffffffc3][0xffffffb5]S.[0xffffff8a]<M[0xffffffa5][0xffffffc0][0xffffffd1]-i[[0xfffffff4]|[0xffffffaa]Kr[0xffffffd5]-%>[0xffffff94][0xffffffce][0xffffffd8]^[0x8][0xffffffc3]m[0xffffffcc][0xffffffd9][0xfffffff7]S[0xffffffc8][0xe][0xffffffcd]<D[0xffffff9d]1[0xffffffb4][0xffffff88] [0xfffffff9]@[0xffffff81]qH7[0x0][0xffffff90][0xffffffba][0xffffffc0][0x1][0xffffffe1][0xffffffb4]$[0xffffffe6]0[0x1f][0xffffff95][0xffffff8a].XV[0xffffffc9]:[0xffffff96][0xffffffc3][0x1][0xffffffbd][0xffffff85]5[0xffffff94]u[0x10]H[0xffffff8b][0xffffffe2]iy[0xfffffffa]D[0xffffffc4]'[0xffffffed][0x1f]^LX[0xffffffcd][0xffffff80][0xffffffe4][0xffffffc0][0xfffffff5][0xffffffde][0xffffffd3][0xffffffd0][0xffffffa7]d[0xffffff91][0xffffff84][0x2][\r]4[0x2]<[0xffffffb1][0xfffffff0][0xffffffd3][0xffffffa8][0xffffffd3][0xffffff86]([0xffffffc5](t[0x1b]S[0xffffffb0][0x16][0xf][0x9][0xffffffd6][0xffffffd7]Y[0xffffffa0]b-[0x1e][0xb][0xffffffff]S[\r][0xffffff90]][0xffffffca][0x1a][0x1e]<oEk[0xfffffff4][0xffffffc0][0xffffffdd][0xffffffff][0x4][0xfffffff1][0xffffff89]Ls[0x8][0xffffffa8](6[0xffffffb7]H[0xffffffde][0x7][0xffffffed][0x1a]C[0x1]F[0xffffff8c][0xffffff9c][0xffffffdb][0xffffffb5][0xffffffc5] [0xffffff9a][0xffffffe7]r[0xffffffb0]i[0xffffffb7]W[0xffffffbd][0xffffff81][0xffffff84][0x7][0xffffffbf]Ro[0xffffffc0]m[0xffffffe2][0x5][\r][0xb][0xe]Pn[0xffffffec]J[0xffffffc5][0x1][0xffffff87][0xffffff98][0x8][0x5][0xffffff92][0x3]5H[0x11]([0xffffffc9][0x1][0x7]J[0x4]Bs[0xffffffc0]u[0xfffffff7]#:[0xffffffe0] [0xffffffd1][0xffffffa1][0xffffffca])R[0xfffffffb][0x12][0x1d][0xffffff90]%[0x1e]Ft [[0xfffffff8][0xfffffffe]E[0x7][0xffffffdc][0xffffffd6]Q[0xfffffff2]rM[0xffffffd6]eD[0x7][0xffffff8c][0xffffffe8][0xffffff80][0x1f][0xfffffffd][0xfffffffa][0x19][0xffffff82]"[0xffffffb3][0xfffffff0]WL[0xffffff94]X[0xffffffb7][0xfffffff7][0xffffffbe]Z[0xffffffab]W[0xffffff92][0xffffffdd][0xfffffff3][0xffffffcc][0xffffff9c][0xffffff88][0xffffff82][0xffffff8c]/[0xfffffff8][0xe][0xffffffbe][0xffffffe0][0xffffffa9]@[0xffffffff][0xffffffe9]I[0xffffffaf][0xfffffffe]~[0xfffffff2]S[0xfffffffc][0xfffffff7][0xffffff9f][0xffffffbf][0xffffffbb][0xffffffff][0xfffffffb][0xffffffc5][0xffffff8f][0xffffff9f]N/~[0xffffffa9][0xffffff9e][0xffffff9d][0xffffffbc][0xffffffb6][0xffffffd1][0xffffffa3]Y[0xffffffe5][0x1]9[0xffffff99][0xffffffb7]S[0x1e][0xffffff90][0x7]?Dy[0xffffffa0][\n]"
23:55:16.066 [main] DEBUG org.apache.hc.client5.http.wire - http-outgoing-1 << "[0xfffffff1][0x1][0xffffffca][0xfffffffb][0xffffffc2][0xffffffff]9[0xffffff9c]B[[0xffffffa8]<[0xffffffa0][0xffffff8e]r!P[0xffffffcb]L[0xffffffdc][0xfffffffd]+[0xf]T[0xffffffaa]u[0xfffffff0]/j[0x15][0x14]N[0xffffff84][0x2][0xfffffff5]QOx==yuw>[0xfffffffe][0xffffffcb][0xffffffb8][0xfffffffb][0xfffffffd]O[0xffffffa3][0xffffff9e][0xfffffffb][0xffffffd3][0xffffffb7][0xffffffbd][0xffffffca][0xffffffd9][0xffffffb8][0x7f]rj[0xffffff9f]}[0xffffffbc]v[0xffffffcf][0xffffffee][0xffffffdf][0xffffffaf]N[0xffffffc6][0xffffffa2][0xfffffffe]12[0x4]F[0xffffff86][0xffffffa0] [0xffffff99][0xffffffde][0xffffffb8][0xffffffc9]|9n2n[0xffffffb3][0xffffff8e]l,[0xffffffe8][\r][0xffffffe4][0xffffffd3][0xffffffb1]*5[0xffffffb7]Z [0xffffffcd][0xffffff8d]W.[0x9][0xffffffb0][0xffffffd9][0xffffffed][0x1a][0xffffffbf][0xffffffb5]*x[0xffffffb3][0xffffff95][0x1c][0x3][0xffffffa9][0xffffff82]C[0xffffffb1][0xc][0x8][0xffffffa1][0xfffffff2]2[0x4]E[0xffffffa8][0xffffffb5][0xffffffc7]|,[0xffffff89][0xffffffb0][0xffffff8a][0xffffffc1][0xffffffa5]>[0xffffffee][0x0][0xffffffb8][0xffffffab][0xffffff93][0x8][\n]"
23:55:16.066 [main] DEBUG org.apache.hc.client5.http.wire - http-outgoing-1 << "[0xffffff9a]n[0xffffffe8]\[0xffffff86][0xffffffce]e[0xffffffe8]\[0x5]+[0xffffffd0][0xffffff97]D[0xffffffe7][0xffffffaa]:v[0xffffffb1]&[0xffffffc1][0x12][0xffffff86]n[0xffffffc0][0xffffffd9]CY[0xffffffcb]l[0xffffff89][0xffffffb3][0xfffffffb][0xffffffd6]$[0xffffff90][0xffffffe0][0xffffffda][0xffffffca][0x6][0xffffffb7][0xffffffd8][0x1c][0xffffffd1][0xffffff9f][0xc][0xffffffd6][0x6][0xffffffb7]dOS[0xffffff9c][0xffffffb0][0xffffff95]b[0xffffffad][0x11](0[0xffffffd9][0xffffffb0]&[0x1b][0xfffffff6]w[0xffffff99][\r][0xfffffffb][0xffffffa9]4[0xffffffdc][0xffffff90][0xffffffb8][0xffffff85][0xffffff94] [0x18][0xffffffcc][0x14][0xfffffff8]y[0xffffffb9][0xffffffc8][0xffffffe7]jT[0xffffff8a]U[0xffffffb6]t[0xffffffd8]-t[0xffffff9e][0xffffffd1]C`[0xffffffa7][0xffffffed][0x1c][0xffffffca]yf=[0xffffffec][0x1e]D[0xffffffa0]@@n][0xffffffed][0xffffff88][0xffffffaa][0xffffff8f][0xffffffdb]C[0xffffffee]/[0xffffffab]=[0xffffffbe][\n]"
23:55:16.066 [main] DEBUG org.apache.hc.client5.http.wire - http-outgoing-1 << " [0xffffffd7][0xffffff84][0xffffffb7]&[0xffffffbc]5[0xffffffe1][0xffffffed][0x17][0x1e][0xffffffde]b[0x17][0xffffffa1]U`[0xffffff9d]X[0x4][0xffffffa2][0xffffffeb][0xffffffe3][0xffffffdb][0xffffff83][0xffffffc9][0x19]n[0x9][0xffffffb4][0xffffff87][0xffffff89]o[0xffffffeb]J[0xffffffd2]P[0xffffff82]"
23:55:16.067 [main] DEBUG org.apache.hc.client5.http.wire - http-outgoing-1 << "m[0xffffffc6][0xffffff9a]v[0xfffffffd][0xffffffe6][0xffffffed]/w[0xffffffeb][0xffffffe3][0xffffffdb]B[0xfffffff6][0xffffffaf][0xffffff91].0[0xffffffdc][0x4][0xffffffc3]M[0xfffffff8][0x1d]q[0x13]6G[0xffffffb9][0xe]l[0x4][0xffffffa0][0xffffffc3][0xffffffb5][0xffffffbc][0xffffff85][0xffffffeb][0xffffffda]5[0xffffffbc][0xffffffea]/[0xffffffa4]}iA[0xffffffae][0xffffffc0][0xffffffd5]U[0xffffffd8][0xffffffeb][0xffffffd8][0xffffffed][\n]"
23:55:16.068 [main] DEBUG org.apache.hc.client5.http.wire - http-outgoing-1 << "[0xffffff82][0xffffffdc]C[0xffffffe9][0x1d][0xffffffae][0xffffffc4][0xffffffde]B[0xfffffff0][0xffffffda][0xfffffffb]Nn[0xffffffbd][0xffffff9e][0xffffffd9]][0xffffffa8][0xffffffa3][0x13][0xffffffb7][0xffffffdd]][0xfffffff8][0xffffff85][0xffffff80]{[0xffffffcd][0xffffffee][0x2]_[0xffffff80][0xffffffd1]10:[0x6]F[0xffffffc7][0xffffffe0][0xb][0xffffffd5]1h5[0xffffff9c]J[0xffffff81][0xfffffff8]a[0xffffffad]R[0xffffff83][0xffffff8f][0xfffffff8]F[0xffffffd4]]%[0x18][0xffffffc3][0xffffffc8][0xfffffffc]OE[0xffffffdd][0x3][0xffffffe8][0x18][0xffffffc8][0xffffffe0]6[0xfffffffb][0xffffffde][0xffffffac][0xe]C[0xffffff9d][0xffffffad][0xffffffd1]v[0xffffffc3]{3#j`[0xffffffb6]q[0xffffffcd]6[0xffffffee][0xffffffef]r[0x1b]w[0xffffffc3][0x1e][0xffffffae]S[0xffffffad][0xffffffd4][0xffffff9a][0xffffff8d][0x2]Q[0x3][0xffffffd8]U7Wpo[0xfffffff5][0xffffffe8]v[0xffffff8b]-[0xffffffdc][0xffffff83][0x9]s[0xffffffad][0xffffff8c]n[0xf]"j @[0xffffffb6]Ayqi6[0x18][0xffffffd1][0xffffff96][0xffffffb7][0x5][0xffffffd9][0x1e][0xffffff99][0xfffffff9][0xffffffac][0x9]iS[0xffffffc6][0xffffffb0][0xffffffd9]E0[0xffffffbb][0x8]f[0x17][0xffffffe1]w[0xffffffb4][0xffffff8b][0xffffffb0][0x9]dkv[0xffffffdd][0xffffffae][0xffffffe2][0xffffffdd]z>[0xb][0xc][0xffffffea]S5[0xffffffdb][0xffffffdd][0xffffff90][0x7][0x6][0xfffffff5][0x2]~[0x9][0xffffffb6]j[0xf][0x1]y[0xffffffb2].[0xffffff8e]y[0xfffffff2]=[0xffffff84]C)[0x1c][0x10][0xffffffac][0xffffffe3]r[0xfffffff7][0xffffffa7]p [0xb]L[0x14][0xe][0xffffffe8]s[0xffffffa2]p@[0xffffff8b][0x19][0x18][0xffffff93][0xffffff9d]V[0xffffffc3][0xfffffff6][0x7]x[0xffffffe4][0x18][0xfffffff8][0xffffffb5][0xffffffe6][0xfffffff6][0x12][0x7]%[0xffffffc5][0xffffff9a]"[0xffffff8d][0xffffff83]U,[0xfffffffd][0x15][0xffffffee][0xfffffff3][0xffffffc6]s[0xfffffffe][0xb][0xfffffff1][0xffffff9c][0xffffffdf][0xffffffce]t[0xffffffbe][0xffffff98][0xffffffae][0xffffffbe][0xffffff99][0xffffff85]nmE@[0xffffffcf][0xffffff90]R[0xffffffe1]&[0xffffffad][0xffffffa8][0xffffffa1][0xffffffd0][0xffffffee][0xffffffd8][0xffffff85][0xffffff80]~[0xffffffa1][0x8][0xffffffe8][0xffffffa2][0xffffffbc]'[0xffffffe4][0xffffff9f][0xb]I[\n]"
23:55:16.068 [main] DEBUG org.apache.hc.client5.http.wire - http-outgoing-1 << "E[0xffffff92][0x15]V[0xffffffc6][0xffffff92]z[0xffffff9c]0dm[0xffffffc5][0xffffffec]g[0xffffffa6][0xffffffa6]$$&t6[0xffffff9a][0xffffff82]9[0xffffffe6]:[0xffffffb3],[0xffffff89][0xffffffde]F\[0xffffffc6][0xffffffb5][0xfffffffd][0xffffffa8][0x11][0x1c][0x3]a'|[0xb]zl[0x8][0x1f][[0xffffffd0][0x11]Eg(/a&[0xffffffb7][0xffffff82][0xffffffa5][0xffffff97][0xffffffb1][0x11]N[0xffffff99][0xffffffdf][0xffffff82][0xfffffffc][0xb][0xffffff95][0xffffff80]([0xffffff9c]E[0x1][0xc][0xffffff9d]-2[0xffffffce][0xffffffbd]![0xffffffed][0x13][\n]"
23:55:16.068 [main] DEBUG org.apache.hc.client5.http.wire - http-outgoing-1 << "[0xfffffffe]$[0xffffff89][0xffffff99]X~[0xffffff89][0xffffff8b]3[0xffffff89]p[0xffffff80][0x1f][0xffffffab][0xffffffd8][0xffffffad][0xffffffd2][0xffffffe5][0xffffff9b]H[0xffffff85][0xffffffde][0x2][0xffffffce][0xffffffcd] [0xffffffd6][0xffffff82]*+[0xffffffd4][0x9][0xffffff98]e[0xffffff88][0xffffffab][0x17]M[0xffffffca]h[0x11]H[0xffffffd5][0x3]f[0xffffff94][0xffffff9f][0xffffff86][0xfffffff7][0xffffffd0]4H[0xffffff95]MJ[0xffffffd6][0x19]J[0xffffff81][0xffffffa7][0xfffffffd][0xfffffff1]q[0xffffffd4][0x1b][0xffffffd5][0xffffffab][0xffffffd6][0xffffffd7][0xffffffa7][0xe],[0xffffff86][0x17][0xffffffc1][0x18]$D[0xffffff90]iu[0xffffff92][0xffffffa0][0xffffffe0]#[0x12][0xffffffa3]V1[0xb][0xffffffbd][0x1b][0xffffffb0]cI[0x15]A:t[0xffffffcb][0xffffffca]A|[0xffffff84][0xffffffa8][0xb]9i[0xffffffa3]m[0xffffff8a][0xffffffd6][0xc]&[0xffffffe6][0x5][0xffffffe4][0x15]\p`[0xffffffd9]N{[0x2][0xffffffd1][0x16][0xfffffff6][0xffffff93]&[0xffffff92]a0[0x1d]D[0xffffff9e] v.[0xffffffc0]A[0xffffffb5][0xffffffde]@[0x0][0x0][0xffffffe6][0xffffffc6]`[0xffffffc7][0xffffff8a]"[0x17][0xffffffb1]E[0xffffffda])V0[0xffffffb0][0xffffffee][0xffffffc2][0x5]h[0xffffffdd][0xffffffb0]R[0xffffff86][0xffffffca][0x0][0x18][0xffffffb5]B[0xfffffffa]%s[0xffffffaf]sLd[0xfffffffe][0xffffffc8]r0[0xffffffb0]v[0xffffffb6][0xffffffc0][0x7f][0xffffff8c][0x6]L[0xffffffe5]E[0xffffff85]#Ab'[0x6][0xffffffad][0xfffffff5][0xffffffaf][0x9]{[0x1e]F[0xffffffe0]18[0xffffffa5] [0xffffffd9]F[0xffffffff][0xffffffca]TI[0xffffffd1][0x6][0xffffffa2][0x8][0xffffffc3][0xffffffbd][0x1d]d~?"[0xffffffef]s[0xffffffb0]t[0xffffff89]Bn[0xfffffff9]Q[0x14]F)y[0xffffffb2][0xffffffa4]4j[0xffffffc0][0xffffffcd][0xffffff9d][0xffffffcd][0xffffffc6][0xffffffb8]CL[0x7f][0x16][0xffffffd5][0xffffffe5][0xffffffae][0xffffff9d][0xffffffcd][0xffffffda][0xffffff99][0xffffff9b][0xffffffcf][0xffffffbc][0xfffffff4][0xffffffc5][0xffffff94][0xffffffc8][0xffffff96]h[0xffffffac](Y[0xffffff92]dq[0xffffffd7]z[0xffffffa8]{[0xffffffa8][0xffffffcc][0xffffffb7][0xffffffd9][\r][0xffffff9c][0xffffff8a][0xffffff94][0xc]m[0xffffffc1][0xffffffd2][0xfffffff4][0xffffffc7]l[0x11]N[0x16][0xffffffdc]1[0xffffffbc][0xffffffe2][0xffffff8f][0xffffffd0][0xffffffb1][0x18][0xffffff8e][0xffffff8a][0xfffffff0]-[0xfffffff8][0xffffff9b][0xffffffdc]K[0x16]q[0xffffffd0][0x1][0x3][0xffffffe0][0xfffffffa][0xfffffff2]!`[0xffffffb3][0xffffff83]p[0xffffffcb]'[0xffffffff][0xffffffbf]_}rO[0xfffffffe]?[0xfffffff1][0xffffffff][0xffffffcb]q\[0xffffff82]Cx[0xffffffe4][\r][0xffffffc9][0xffffffea][0xffffff9c][0xffffffd9][0xffffffef][0x16][0xfffffffb][0xffffffd7][0xffffffab][0x1])[0xffffffca][0xffffffa3][0x1b]#[0xfffffffd][0xffffffe5][0xffffff99][0xffffffc2][0xffffffcd][0xfffffff3] [0xffffffee][0xfffffff7]@d[0xffffffed]H[0xffffff97][0xfffffff6]Dy[0xffffff80].[0xffffff84][0xffffff98][0xffffffb8][0xffffffd0][0xffffff87]H[0xffffffae]C[0xffffffcd][0xffffffa3][0xffffffce][0xffffffff]x[0xfffffff5][0xffffffb7][0xffffff8b]Wo[0xffffffcf][0xffffff8e][0x7f][0xffffffb8]zwq[0xfffffffe][0xfffffff6][0xfffffff8][0xfffffffb]We9[0xffffff95][0xffffffcb][0xffffffe0][0xffffff90]{[0xffffffe5][0x7f][0xffffffc9][0xffffffce][0xffffffad][0x7f][0xffffff81]36.[0xffffffb6][0xffffffdc]9[0x2][0xffffffe7][0xffffff98]][0xffffffbc][0xffffffc1][0xffffffba][0xffffffe6][0xffffff9e][0xffffff92][0x12][0x1b]4[0xffffffd1]@ZUV[0xfffffff0]4|[0xfffffff3]=[0xffffff9c][0xffffffd0][0xffffffa6]eE[0xffffff96]c[0xffffffff][0xffffff9b][0xffffffa5][0xffffffd8][0xfffffff1][0xffffffc4][0xffffffa9][0xffffffd7]H[0xffffffee][0xffffff96]uu[0xffffff86][0xffffffbb]s[0xffffffd5][0xffffffb6]N[0x4]5[0x1c]S[0xffffff8e][0xffffffaf][0xfffffff5][0xffffff81][0xffffffdd]&[0x9][0xffffffd7]h[0x13][0xffffffae][0xffffff82][0xffffffb5][0x18]pGp[0x9],\[0x4];w[0xffffffc0][0xffffff80][0x17]C[0xffffffd6][0xffffffc4]z-[0x19][0xffffffd4][0xffffffd0] Q[0x4]^[0xffffff8c]>[0xffffffcf][0x1a][0xffffffc0][0xffffffe5][[0xffffffe9][0xfffffff3][0xffffffc8]9[0xffffffbe]w[0xffffff9b][0xffffffef][0xffffffaa]b[0xffffff82][0xffffffae][0xffffffa4][0xffffffdd]:DW [0xffffffda]m[0x13][0xffffff9b][0xffffffaf]Y[0xffffffd6][0xffffffad][0xffffffa3][0x19]}c'[0xffffffa1][0xffffff88]u[0xffffffeb][0xffffff82][0xffffffb3][0xffffff9b][0xffffffb0]n![0xffffff95](X[0xffffffb7][0xffffff95][0xffffffbd][0xffffff90]n+[0xfffffff5]J[0xffffffd3][0xffffffad][0xffffffb0][0xffffff8a][0xffffffeb][0xffffff9e]H[0xffffffb7][0xffffffaa][0xffffffc4][0xffffff83][0xffffff90]ns[0xffffff85][0x1f][0xffffff84]t[0xffffff9b]lR[0xffffffc8][0xffffffae]1[0xffffffa4][C[0xffffffba]5[0xffffffa4][0xffffffdb][0x1b][0xffffffd2]+[0xfffffffa]\FTv[0xffffffe3][0xfffffff5][0xffffffee][0xffffff88]{[0xffffff9c][0xffffffb3][0xffffffeb][0xffffffde][0xffffff85]}[0xfffffffc]8[0xffffffa7][0xffffffef],[0xffffffe9][0xfffffff6][0xffffffd4]=[0xffffffbd][0x1f][0xffffffde][0xffffff9d][0xffffffde][0xffffffff]H[0xfffffff9][0xffffff9d]K[0xffffffa4][[0xffffffc1][0xffffffc4][0xffffff8d][0xffffffa0][0xffffffe3]qE[0xffffffab]s0[0xf][0xffffffe2][0xffffffd1][0xffffffb3]6[0xffffffda][0xffffffce][0xffffffc1]S[0xffffffba][0xffffffa7]h[0x1f][0xffffffe1][0xffffffc1][0xffffff96][0xe]~[0x8][0xffffffe9][0xffffffd6])9Uz/Vk!!a%[0xffffffe9]V[0x1c][0xffffff85][0xffffff84][0xffffff85]F[0xffffffbb]r [0xffffffbb][0xffffffef][0xffffff8a]]o4[0xffffffab]Ue[0xfffffff7][0xffffffad]>n[0xffffffb1][0xffffffcd]z{[0xfffffff6][0xffffffb1][0x7][0xffffffe6][0xfffffff2][0xffffff8f][0xffffffc4][0xffffffd7]][0xffffffb9][0xffffffcd]j[0xffffffbc][0xffffffbf][0x17][0xffffff86]t[[0xffffff90][0x13]jH[0xffffffb7]_[0x12][0xffffffe9][0x16][0x1]!E[0xffffff9c][0xfffffff9][0xffffffed][0xffffffd6]j[0xffffffd3]&[0xfffffffb][0xffffff94][0x2][0xffffff9d][0xffffffee][0x4][0xffffffd8]j[0x12][0xffffffd8][\n]"
23:55:16.068 [main] DEBUG org.apache.hc.client5.http.wire - http-outgoing-1 << "6[[0xfffffff5]cZ[0x7][0xffffff92][0xffffff93]%[0x4]/ [0xffffffdd].[0xffffffa1][0xffffffd6]>S[0xffffffb5][0x18]pkJ[0xffffffac][[0x0]n-#[0xffffffd6][0xffffffbd]"QV[0x2][0xffffffee]{Zs[0xffffffb6][0x6]\[0xffffffc3]J0[0xffffffac][0x4][0xffffffc3]J(X[0xffffff81][0xffffffbe]$[0xffffffd2][0xffffffad][0xffffffdb]h[0x14][0xfffffffb]!h[0x18]Z][0xfffffff5]Rk[0xffffffe9][0xffffff98][0x3]X[0xffffffcd]l[0xffffff89][0xffffffb3]{'%[0x8][0xffffffac]M[0xffffffd2]b[0xffffffe5][0xffffffc7][0xffffffed][0xffffff83][0xffffffdb][0xfffffff7]k[0xffffffd3]b[0xffffffe5]2aH[0xffffffb7]&[[0xffffffcb]dk[0xfffffffd].[0xffffffb3][0xffffffb5]6[0xffffffd3][0x11][0xffffffdc]z[0xffffffad]^[0xffffffa1][0x1d][0xffffffd7]|p[0xffffffeb]V[0x1a]N[0xffffffd5]A[0xffffff92][0xffffffc1][0xfffffffa][0xfffffff0]v+[0xffffffd8]=[0xffffff94][0xffffffc3][0xffffffd7]z[0xffffffd8]=[0xc][0xffffffe9]V`l[0xffffff92][0x1b]+?[0xffffffee][0x0][0xffffffb9]ksc[0xfffffff3][0xffffff90]k[0xffffffc2][[0x13][0xffffffde][0xffffff9a][0xfffffff0][0xfffffff6][0xb]"
23:55:16.070 [main] DEBUG org.apache.hc.client5.http.wire - http-outgoing-1 << "[0xf]o[0xffffffab][0x15][0xffffffbb][0xffffffb6][0xffffff82]u[0xffffffab][0x7][0xffffffaf][0xffffffab]8[0x8][0xfffffffa]1[0xffffff87]2[0xfffffffc][0xffffffda][0x12]i[0xf][0x14][0xffffffe0]&[0xffffffaa]2[0x2]m[0xffffffb7]Q[0xffffff95]Q[0xffffff9b][0x9]kUe[0xffffffa4]a[0xffffffb8][0xffffffe1]}[0x19][0xffffffde][0xffffff97][0xffffffe1]}}[0xffffffa1][0xffffffbc][0xffffffaf]F[0xffffffab][0xffffffd6]*[0xffffffe0]#T![0xffffff98]H[0xffffffca][0xffffffdf][0x1b][0xffffffa2][[0xffffffc6][0xffffffd3][0xfffffff5][0xffffff9b][0xffffffb7][0xffffffd5]Cy[0xffffff81][0xffffffad][0xffffffc4][0xffffffdc][0xc]Yu[0xffffffef][[0xffffffb7])[0xffffffcb][0xffffff96][0xffffffd1]v+[0xffffff96][0xffffffad]D[0xffffffdb][0xfffffff5],[[0xffffffbb]dx_f'[0xffffffc1][0xffffffec]$[0xfffffffc].w[0x12]6Q[0x12][0xffffffaa]U[0xffffffbb]I)][0xfffffff9]m[0x4][0xffffffc7]vZ+[0x18][0x9]z[0xffffffdc][0xffffffba]J[0xffffff99]V;[0xffffffa6]v@[0xffffffe9][0xffffffae][0xffffffe2][0xffffff97]d[0xffffff87][0xffffffe1]}1[0xffffffaa][0xffffffa6][0xffffffbc]/[0xfffffff9]q[0xfffffffb][\r][0xffffff84][0xfffffff5][0xffffffbc]/[0x6]Y[0xffffffe3]lk[0xffffff9c]m[0xffffffe3][0xffffffb2][0xffffffd9]7[0xfffffff8]=[0xffffffec][0x1b]h[0xffffffd9][0xffffffde][0xffffffe5]M [[0xffffffb3][n[0xffffffb3][0x8]d+[0xffffffae][0xb]k[0xffffff81]M[0xffffffd1][0xffffffac]@[0xffffffd0][0xfffffff5][0xffffffd1]l[0xffffffad][0xfffffff2][0xffffffd4][0xffffffa9][0x8][0x7][0xffffffe4]}Q&[0xffffffc1]^y_T[0xffffffa0][0xffffffce][0xfffffffb]J[0xffffff9d]mi[0xffffffa1][0x2][0xffffffed][0xffffffab]7[0xffffffa8][0xffffffb7]ju[0xffffffaf][0xffffffe6][0xfffffff7][0xffffff9a][0xfffffffe]j[0xffffffda][0x17]%[0xffffffc0][0xffffffd3]?[0xffffffc3][0xfffffff2][\n]"
23:55:16.070 [main] DEBUG org.apache.hc.client5.http.wire - http-outgoing-1 << "?i[0xfffffff6]Q?[0xffffff8f][0xffffff82]G{[0xffffff92][0xffffff82][0xffffffca][0x0][0xffffffba][0xffffff81]`[0x18][0xffffff90]1[0x19]([0x6]`][0xffffff8c][0xffffff99](1[0x2][0xffffffe3][0x0]D[0xffffff83][0xffffffdb]0[0xffffffba][0x6][0x17][0xffffff81],[0xffffffe0]D[0xfffffff6]?[0xffffff93]A[0xffffff94]1[0xffffffe1]%[0xffffff9e][0xffffffae][0xffffffc0]U[0xffffff81][0xffffff89][0xffffff9b][0x17][0x5][0xfffffff7]L[0xffffff99][0xfffffff8][0xfffffff0][0xfffffff5]h>[0xffffff9f][0xffffff91]E!<[0xfffffff8]@[0xffffff81][0xfffffff8]T[0xffffff8a][0xffffffc3]E[0xffffffd4][0xfffffff3]K[0xfffffffd][0xffffffb0][0x17][0x1f]M$7[0x6]~1e[0xffffffc9][\r][0xffffffd2]Sn[0xffffffca][0xffffffc8][0xfffffffe]OJbs[0xffffffc5][0xffffffe7][0xffffffb2]y[0xffffffb1]0[0xffffffd5]U[0xffffff84][0xc][0x14][0xffffffc6][0xffffffbe]v\e[0xffffffd2]+[0xffffff86][0xffffffe6][0xfffffff5][0xffffffd2][0xffffff9b]y[0xffffffdd]`[0xffffff8c]<U[0xffffffb0]6[0xffffffe4][\r]8[0xffffff9f]Q'[0xffffffc5][0xffffffcf][0xffffffa5][0xfffffff3][0xfffffff0]ch^[0xffffff96][0xfffffff5][0x1a][0x16]k![0xffffffac]4{H[0x7f][0xffffff8d]3[0xffffffd4][0xffffffa5]^[0xffffffb8][0x18][0xfffffff7][0xffffffb3][0x1c][0xffffff9c]%B[0x10][[0xffffffb4])[0xffffff92][0xffffff8f][0x18]w[0xffffffeb][0xffffff99]>[0xffffff96]u[0xffffffae]qvt[0x6][0xffffff89][0xffffffe4][0xffffffef][0x8][0xffffffc3][0xffffffb7][0xffffffc5]LT[0xffffff8c]&I[0xffffffc6]N[0xffffff86][0x17][0x4][0xf][0xffffffbf][0xffffffae]$[0xffffffac][0xffffffa4][0xffffffb4]&P[0xffffff80][0x4]K[0xffffff8a][0xffffff9d][0xffffff98]u[0xffffffce]X[0xffffff86][0xfffffffd][0xffffffc3][0xfffffffe]l[0xffffff85][0xffffffcc][0x1f][0xffffffd1][0xfffffffe][0x2][0xfffffffa][0xffffff8f]B[0xffffffab][0x1c]!nK[0x1b]VL[0xffffff91][0xffffffb6][0xfffffff2][0xffffffab]E[0x9]0n[0xffffff8c][0x1f]7[0xffffffa7][0xfffffff4]1![0xc]KQ[0x5][0xffffff8c][0xfffffffd][0xffffff84]%.[0x8]8T[0xffffffc5][0xffffffb2]9[0xffffffab][0xffffffb8]<@[0x0][0x1c]fK[0xffffffc2]a[0xffffff96][0xffffff98]8[0xffffffa2][0x3]y[0xffffffee][0xffffffc1][0xffffffc3]{[0x4]CB[0xffffffdf]:[0xfffffff1]o.[0xffffffc8]g[0xffffffd7]z[0x13][0xffffff85][0xfffffff3][0xffffffb0][0x17][0xffffff8e][0xffffffad][0xffffffaf]_[0xffffff9e][0xffffffbc]yn[0x5][0xffffff93][0xffffffd9][0xffffffd8][0xffffffcf]NS[0xffffffab][0xffffffc8][0xffffffb0][0x15][0xffffffee][0xffffff85]L.[0xffffffda][0xffffffe8][0xffffffd5][0xffffff9a]Z[0xffffffb5][0xffffffa6]][0xffffffc2][0xffffffb8]B;[0xffffff92][0xffffffca][0xffffff99][0xffffffb5][0xc]WU[0xffffffdc]5[0xffffffed][0xb]I[0xffffffac]*[0xfffffffb][0xffffffd3][0xffffffc5][0xffffffe4](q[0xfffffff2]{)[0xffffffe8]V[0xffffffa2]Kn[0x0];[0xffffffde]t~[0xffffff94][0xffffffd6][0xfffffff0]<cy[0xffffff9a][0xfffffff1]s[0xffffffed]$[0xffffffee][0xffffffab][0x1d]"m[0xffffffc1]"=[0xffffffc3][0x16][0xfffffffb][0xfffffff3][0xffffffc5][0xffffffc5][0x1b][0xffffffe9].[0xffffff8e][0xffffff8b]J,oE[0xffffff87]2[0xffffff89][0x10][0xffffffbd][0xfffffffa][0xffffff9f][0xb]?[0xffffffba]c.%[0x1a][0x1e][0xffffffb3][0xffffffed].[0xf][0xffffffde][0xffffff84][0xffffffef]g[0x9][0xffffffb3]'[0xffffffdd]2[0xffffff90][0xffffffb8]Qm[0xffffffeb];[0xffffffb2]i$"V[0xffffffe6]V[0xc]|[0xffffff8f][0xffffffa8]J[0xffffffa2][0x17][0x3]x[0x1c][0x7]0[0xfffffffc][0x14][0xffffffcd]R[0xffffffec][0xffffffac][0xffffff9c]}[0xffffffaa][0xffffffe5]]{[0xffffffd6][0xffffffe5]w[0xffffff82][0x1c][0xffffff97][0xfffffff6][0xffffffe7]mp[0x1d]dp[0x1a]7[0xfffffff5]#[0xffffffd0][0xfffffff7]J[0x1e][0xfffffff9]<[0xffffffb1](%[0xffffffef][0xffffffce][0xffffff94][0xffffff9e][0xffffff88][0xffffffd5]~[0xffffffaf]n[0xffffff84][0x9]Wg%-[\n]"
23:55:16.071 [main] DEBUG org.apache.hc.client5.http.wire - http-outgoing-1 << "iND[0xffffff8a]Z[0xffffffe2]D![0xffffffe8][0x1b][0xffffff85][0xffffffa0][0xffffffd4][0xffffffdd][0xffffffc1][0xffffffa7][0xffffffb0][0xffffff98][0x12][0xffffffa5]3[0xffffffa2][0x14]![0xffffffca][0xffffffde][0xf]![\n]"
23:55:16.071 [main] DEBUG org.apache.hc.client5.http.wire - http-outgoing-1 << "d[0xffffffa8]j[0xffffffcd][0xffffffa6]W[0xffffffde][0xfffffffb]"D[0xffffffc9][0x12][0xf]C[0xffffff88][0xffffffca][0x16]~[0x0]BT[0xffffff93]i[0x11][0xffffffac][0xffffffda]"[0xffffffeb]2[0xffffff84](C[0xffffff88]2[0xffffff84][0xffffffa8][0xffffffdf].![0xffffffea][0xfffffffe][0xffffffec][0xffffffe4][0xffffff95]}vqL[0xffffffb9]79B[0xffffff94][0xffffff98][0xffffffcc][[0xffffffba][0x10][0xffffff8a][0xffffff83]w&D[0xffffffd9]%[0x7][\n]"
23:55:16.071 [main] DEBUG org.apache.hc.client5.http.wire - http-outgoing-1 << "[0xffffffda][0xffffff95][0xb][0xffffffa7][0xffffffde][0xffffffae]6[0xffffffa4][0xffffffc5][0xffffffd6][0xffffffb2][0xb]ar[0x14][0xe][0xffffff81][0x11][0x17]s[0x2][0xfffffff6][0xffffffef]B[0xffffffe8]6[0xffffff9a][0xffffffad]*[0xffffff84]I$[0xffffff82][0xffffffa9][0xffffff8f][0xffffff9b][0xfffffff7][0x1f]_W[0xffffffce]O[0xffffffae][0xffffffed][0xffffffb3][0xfffffffb]Wk\[0x8][0xffffffd1]?[0xffffffc6][0xffffff85][0xffffffd0][0x10][0xffffffa2][\n]"
23:55:16.071 [main] DEBUG org.apache.hc.client5.http.wire - http-outgoing-1 << "[0xfffffff6][0xffffffdd][0xc]![0xffffffea][0xb]"D5Zv[0xffffff95][0xffffffb6][0x1b][0xfffffff3]/{\[0xffffffbb]I[0xffffffaf][0xffffff8b][0xfffffff3][0xffffffef][0xffffffd4]u`[0xffffffab]H`[0xffffffcb][0xffffffef]Bf[0xffffff8f]q[0xe][0xffffffb6][0xb][0x9][0xffffff84]Z"D[0x15][0xffffffa0][0xffffffd6][0x1e][0xffffffdf][0xffffffaa][0xb][0xffffff84][0xffffffad](B[0xffffff94][0xfffffffa][0xffffffb8]=[0xffffffe0][0xffffff9e][0xffffffae]!D-7[0xffffffdd]d[0xffffff8c][0xffffff9a][0xffffff8c]Q[0xfffffff3][0xffffffe6][0xffffffa7]`[0x5][0xfffffffa][0xffffff92][0x8]Q[0xffffffd5]:[0xffffffc9][0xffffffa6][0xffffffac][0xffffffc7]Y[0xffffff81][0xffffffa1][0x1b]p[0xfffffff6]`[0xffffff99][0xfffffff9][0xffffffdb][0xffffffe1][0xffffffec][0xffffffbe][0xfffffff3]E%[0xffffffb8]R[0xffffffd2]'=[0xffffff9e][0xffffffab][0xffffff8f];`-[0xffffffc9][0xffffffbe][0xffffffac] [0xffffff9f]&Xk[0x8]Q&[0xffffff8d][0xffffffc9][0xffffffa4]1[0xfffffffd].[0xffffffd3][0xffffff98][0xffffffb6]"D[0xffffffd9][0xffffffb6]][0xffffff90]1[0xffffffea][0xffffffd4][[0xffffff95]Jscx[0xffffffeb][0x14][0xffffffa6][0xffffffe9][0xffffffe7][0xffffffc2][0xffffffdb][0xffffff83][0xffffff99][0xffffffbf][0xffffffae][0xffffff85][0xffffffdd][0xffffff83][0x10][0xffffffa2]$[0xffffffc6][0xffffffaa][0x14]}[0xfffffff5]q[0x7][0xffffffc8]][0xffffff93][0xffffffa2][0xffffffbf][0xc][0xffffffb9]&[0xffffffbc]5[0xffffffe1][0xffffffad][0x9]o[0xffffffbf][0xfffffff0][0xfffffff0][0xffffffb6]VG2[0xffffffcd][0xffffffa6][0xfffffff0][0xffffffb6][0xffffffd0]* [0xffffff87][0xffffffb3][0x7]K[0xffffffcd][0xffffffdf][0xe]g[0xf][0x13][0xffffffde]V[0xffffffd5][0xffffffdb]'[0xffffff81][0xffffffb5][0xffffff94]u[0xffffffbb][0xffffffc9]3@[0xffffffed][0xffffffdd][0xfffffffe][0xffffffb8][0xffffffc6]3[0xffffff80][0xffffffb0][0xffffffd6][0xffffffd8]`[0xffffff85][0x13][0xffffff95]7[0xffffff89][0x7][0x1]c[0x1b]`l[0x3]~G[0xffffffb6][0x1][0xffffff9b][0xffffff83][[0xffffffa7]e[0xffffffbb]N[0xffffffab]h[0xffffffe7][0xffffffb6]Vwk[0x5]t[0xffffffa8]"<][0xffffffbf][0xffffffa5][0xffffffe0][0xffffffb2][0xffffffdc][0xffffffdf]!4VVa[0xffffffee][0xffffffa1][0xffffffe8]P[0x12]^[0xffffff95][0xffffffe5][0xffffffab][0xfffffffa][0xffffffb8][0x3][0xffffffda][0xffffffae][0xffffffb1]|%[0xffffffb4]5t([0xffffffb3][0xffffff8f]`[0xfffffff6][0x11]~[0xffffff97][0xfffffffb][0x8][0xffffff9b]2[0xfffffff5][0xffffffab][0xffffffae][0xffffffd3]h[0x14]H[0x6]6*n[0xffffff91][0xffffffdb]`[0x16]f[0x5][0xffffff84]n[0xffffff80][0xffffffd9]'[0x7f]Cv[0x10]6[0xffffff94][0x4]U%[0xffffffcf][0xffffffaa]>[0xffffffee][0xffffff80][0xffffffb1]k[0xffffffe4]Y%[0xffffffc6][0x1a]6[0xffffff94]aC[0x19]6[0xffffff94][0xffffffd4][0xffffffe9][0xfffffffd][0x1d][0xffffff85][0xffffffb3][0xffffff9b]0[0xffffffb6]fWk5[0xffffffbc][0x6][0xffffffcb]g![0xffffffd4] [0xffffffa6][0xffffffe2]n|=Va[0xffffff83][0xffffffab][0xfffffff5] {82[0xffffffd4][0xffffffaa]X[0xfffffff6]`d(T[0xffffff88][0xffffffcb][0xffffffdd]#[0x19]J[0x14][0xffffff98][0xffffff92][0xffffffa1][0xfffffff0]Y[0xffffff98]`[0xffffffc9][0xffffffb5][0xffffff8c][0xffffffc8]P[0xffffffb6][0xffffffdd]w[0xffffffbb]u[0xffffffaf][0xffffffd7][0xffffffaf][0xc]~[0xffffffcb]d(E[0xfffffff6][0xfffffff1][0xfffffffb]"
23:55:16.080 [main] DEBUG org.apache.hc.client5.http.wire - http-outgoing-1 << "/2[0xfffffff4][0xf][0xffffffa6][0xffffff95]PF83[0xffffff86]@ z[0x9]?[0x11]8[0xffffff99]x[0xffffffca]P[0x6][0xffffffd6]&[0xb]v[0xffffffd2][0xffffffb1][0xffffffd4][0x18][0xffffff84]E[0x9][0xffffffd2][0xffffffd5][0xffffffc1]-[0xffffff82][0xffffffd1][0xffffff8f][0xffffff87]S[0xffffffe1][0xffffffce][0xffffff91][0xffffff96]N[0xffffffbe]*[0xffffffc3][0xffffffc8][0xffffff9b][0xffffffbc][0xffffff80][0xffffffb9]H[0xf][0xffffffbf][0xffffffc7][0xfffffff0]|a>[0xffffffd1]A8P[0xffffffbf]Y[0xfffffff6][0xffffff93][0xffffffe1]=[0xffffffe9][0xffffff94]1[0x7f]Zz[0xffffffff][0xffffffae]L[0xffffff8c][0xffffff8f]2h[0x1c][0xfffffff4][0xffffffef][0x4][0xffffff86][0x2]~T6[0xffffffbc][0xffffffa7][0xffffffdf].[0xffffffef][0x9]^HYk[0xffffffa3][0xffffffc1][0xffffffd8][0x1b]Z[0xffffff9d]R)[0xffffffe7][0x7f][0xffffffd4][0xffffffc9][0xffffffb9][0x2][0xffffffbd] [0xffffff9a][0xc][0x10][0x3]DD[0xffffffdd]"[0xffffff8b][0xffffffbf][0xffffff8c]C[0x14]9[0xffffff85][0xffffff87][0xffffffcf]X[0xffffffc1][0x2]A[0xe]Y;[0xffffff95][0xffffffd8][0xffffffe9]G1[0xffffffc5]$K[0xffffffec][0xffffffc8]z[0xffffffe7][0xb]j[0xffffffcc]e[0xffffff86]9[0xfffffff8]8b[0xffffffd5]w[0xffffffb8][0xffffff8e]X[0xffffffb2][0x14][0xffffff89][0xffffffc8][0xffffff93]Rwn[0xffffffbc][0xfffffff1][0xffffffc2]O[0xffffff99];D]]r[0xffffffcc]b0[0x3][0xffffff8f][0xffffff8e][0xffffffb8]i[0xffffff82][0xffffffc5]F[0x16]ZCr[0xffffffbd][0xffffffba][0x9]<[0xffffffb2]([0x1a][0xfffffff9][0xffffff80][0xffffffd4][0xffffffb8][0x17][0x5]3[0xffffffc2]I[0xfffffff0][0xffffff88][0xffffffc0][0xfffffff9]an[0x1a][0xe][0xc][0x17][0xfffffff3]8[0xffffffe8][0xfffffffb][0xffffff8a][0xffffffee][0xffffffa6]l[0xffffffda][0xfffffffa][0xffffffc0][0xffffffc8][0x1e][0xffffffec][0xffffffa4][0xffffffee][0xffffffa8];~[0x8][0xffffffa6][0xffffff8b][0x14].K[0xffffffd6][0xffffffeb]A[0xffffffd2]Y[0xffffffa8][0xffffff96][0xffffffb0]Z[0xffffffab][0x19][0x16]X[0xffffff99]^[0xffffffc6]M[0x3][0xfffffff1]f[0xc][0xffffffeb][0xffffffa4][0xffffffbe][0x1f][0xffffff8d][0xffffffef][0xffffffc8][0x19][0xffffff8b]][0xffffffb8][0xffffffac][0x9][0xfffffffa][0xffffff97][0xffffffdc][0xffffffaa][0xffffffd0][0x18]r[0xffffffa5][0xffffffea][0xfffffffa][0xfffffff4]S[0xffffffe4][0xffffffcf][0xffffffc2][0x8][0xffffffed][0xffffffd2][0xffffffa8][0xffffff98]?[0xfffffff9][0x11][0xffffffb9]nY[0xffffffe0]\u[0xfffffff1]'S[0xffffff9d]&[0xffffffc1][0xffffff94][0xfffffffa][0x9]\R[0xffffffff][0x13]l[0xffffffd7]`[0xfffffffd][0xffffff94]XGIK[\r][0xffffffe6]@[0xffffffa9][0xffffffab]Q[0x1e]h3/"[0xffffffd6]T/[0xffffff84][0xffffffe1]Y[0xf][0xffffff86]g[0x19]+[0xffffffb2][0xffffffb7][0xfffffffe][0x4][0xffffff86]c}E[0x13].Y[0xffffffef][0x2]2-Se4\Q[0x17][0xffffffb7]E[0x12][0xffffffc1]Dc[0xffffff88][0xfffffffc]Jm[0xffffffc7][0x1d][0xffffff80][0xffffff9d][0x7][0xffffffd1][0xffffffd4][0xfffffffe][0xfffffffb][0xffffffbf][0xfffffffe][0xf][0xffffffbc][0xffffffa1][0xffffffa6][0xffffffe1][0xfffffff4]n[0x12][0xffffffc2][0xe][0xffffffad][0x7][0xffffff8a]-[0xffffffc8]q[0xfffffff0][0xffffff81]B[0xffffff83][0xffffff99][0xffffffaf]E[0xffffff87][0xffffff93][0xffffffaf][0xffffff96]7[0xffffff9f]GAw[0x1][0x6][0xffffffab][0xfffffff4]i[0xffffffc3]}[0xffffff81]'[0x16][0xffffff96]/[0xffffffdf][0xffffffc7]E[0xffffffbd][0xffffffe0]3F[0x1e]<[0xffffffdf][0xffffffba]>[0xffffffce][0xffffff97][0xffffff96]RG[0xffffffcf][0xfffffff6][0xffffff91])[0xffffffe9][0xffffffb6]ll?[0xffffffda][0xfffffff4]"xO[0xc]#U[0xffffffe2]A[0x18]F[0xffffffb9][0xffffffc2][0xf][0xffffffc0]0j$[0xc]#UW[0x11][0xffffffc3][0xffffffe8]#[0xffffff82][0xffffff89][0xffffff91]7Q[0xffffffc9]N[0xffffffad]j[0xffffffb3][0xffffff9e][0xffffffd3][0xffffffd9][0xffffffff][0xffffffb1][0xfffffffe][0xffffffd3][0xffffffdf][0xffffffce][0xffffffc6][0xffffffbd][0xffffff8f][0xffffffaf]kg'C[0xfffffff7][0xffffffec][0xfffffff8][0xffffff9b]o[0xffffffa8][0xffffff8b]o[0x10][0xffffffc6]Dys[0x1a][0xfffffffe]2>[0x1a][0xfffffff2]v[0xc]=%[0x10][0x18]a[0x0][0xffffff89]W[0xffffff8d]e[0xffffff97]K[0xffffffff][0xffffffd3][0xffffffcd]7[0xffffff94][0xffffffc7][0xffffff8a]zE[0x19][0xffffff94]d[0xfffffff5][0xffffff8c][0xffffffc2][0xffffffe8]h[0xffffff8c]?[0x14]K[0xffffffda][0xffffff9b][0x5][0xffffffb2][0x1c][0xffffffed]=e[0xffffffda]X[0xffffffe2]@[0xffffffe7]j[0x17][0xffffffb5][0xfffffff2][0xffffffd1][0xffffffe9]q;[0xffffffbd]}[0xffffff91][0xffffffa7][0xffffff95][0xffffff93][0xffffff93][0xffffffd0]*[0xfffffff1]7[0x6]x[0xfffffffe]Z[0xffffffd7][0xffffffb4]O[0x16][0xffffff80][0xffffff93]>[0xffffff97]9|[0xffffffbb][0xffffffa2][0xffffffbe] s[0xffffff9f]a[0x10][0xffffffcf][0xffffffe3]]J[0xffffffe2][0x13]>[0xffffff97][0xffffffe9]?WA[0xffffff9f][0xffffff8a][0xffffff90]I[0xfffffff0][0xffffffbb][0x14][0xffffffb2][0xffffffbf][0xffffffbc]y[0xffffffd5]C[0xfffffff1][0xffffffa2]+[0x0][0xffffff98][0x18][0xffffffd4]h[0x14]x[0xffffffeb][0xffffffde]T2[0xffffffdd]w[0xffffffba]>[0xffffff9c]H[0xffffffe7][0x13]N[0xffffffee]t[0x1e][0xffffff9f][0xffffff80][0x13]EB[0xffffffe6].[0xffffff9d][0xffffffb1][0xffffff9f][0x14]N[0xffffffd5][0x11][0xfffffffb][0xffffffb4]\z];=[0xfffffff9][0xffffffe5][0xe][0xc]#[0xffffffca][0x1f][0xffffffcc]1[0xffffff8c][0xffffffc4]d[0xffffffde][0xffffff92]a$[0xe]~[0x0][0xffffffc3][0xffffffc8]n[0xffffff94][0xffffffdc][0xffffffd6][0x5][0xffffffcc][0xffffff9b]+[0xffffffe4][0xffffffdf]\l[0xffffffb9]d[0xffffff97][0xffffff92][0xffffffa3]jv[0xffffffdb][0xffffffa9][0x1f][0xffffff88]aT[0xffffffa9]@S:Mx[0xffffff97][0x1f][0xffffffb7][0xffffffd8][0xffffffd3][0xffffffbb]?[0xffffffbd][0x7f][0xf][0xffffffef][0xffffffaa]u[0x9][0xffffffef][0xffffffe8][0xffffff9f][0x7]0[0xffffff8c][0xc]R[0x12][0xffffffb4][0xffffff8a][0xffffffbd][0x1f][0xffffff83][0xffffff94][.Ue[0xffffff83][0xffffff94]"[0xffffffc0](?[0x4])e[0xfffffff8]p5[0xffffffbf][0xffffff9b][0xfffffff9][0xffffffe8]p][0xffffffe6]h[0xffffffb8]ag[0xf][0xffffff9a][0xfffffff4]-[0xffffffb7][0xffffffd2],[0xffffffd8][0xffffffd9][0xffffffab];[0xffffffc5][0x1b]{[0x9][0xffffffac]U[[0xffffffed]*[0xffffff83][0xffffffdf][0xfffffff2][0xffffffc6]^[0xffffffe6][0xffffff98][0xffffff83][0xffffffe5][0xffffffbd][0x3][0xffffff9f][0xffffff96][0xfffffff8]E[0x5][0xffffff98][0xffffffb5][0xffffff8f][0xffffffa8]Y[0xffffff84][0xffffffca]eW[0xffffffe0]kB[0xffffffe8][0xffffff94][0x1f]w[0xffffff80][0xffffffdb]5[0xffffff84][0xffffffce][0xffffffe5][0xffffffa6]o[0xffffff9b][0xffffff80]i [0xffffffd7]@[0xffffffae]P[0xffffffe9][0xffffffd9]%[0xffffffc2]3[0xffffff90][0xffffffbb]?[0xffffffc8][0xffffff9d]cC[0xffffffa2]<[0x1b]c[0xfffffff7]E<z[0xffffffcc][0x9][0xffffff87][0x17][0xffffffb3]q[0xffffffe8][0xffffffe1]y[0xffffff9e][0xffffffbe][\n]"
23:55:16.080 [main] DEBUG org.apache.hc.client5.http.wire - http-outgoing-1 << "[0xffffffee][0xfffffff1]M[0xffffffb3]R[0xffffff90][0xffffffeb]^ml[0xffffff81][0xffffffb3][0xffffff85][0xffffff86]KZ[0xffffff88][0xffffff99]`[0xfffffff1]![0xffffff92][0xffffff81][0xffffffb6][0xffffffc3][0xffffffd9][0xffffffbd]'`[\n]"
23:55:16.080 [main] DEBUG org.apache.hc.client5.http.wire - http-outgoing-1 << "p[0xffffffa5] [0xffffff9f][0xfffffff9]E[0xfffffff2][0xffffffe3][0xe]XK[0xffffff96][0xffffffac]+[0xfffffff8]E[0x9][0xffffffd6][0xffffffee][0xffffffc4]/28kp[0xffffffd6][0xffffffe0]l[0xffffffcf][0xffffffc7];[0xffffff93][0xfffffffe][0xffffffd5][0xffffffee][[\n]"
23:55:16.080 [main] DEBUG org.apache.hc.client5.http.wire - http-outgoing-1 << "O[0x1d][0xffffffda][0xffffffd6]`[0x19][0xffffffea][0xffffffc2][0xffffffc0]"[0xffffffff][0xffffffd2][0xffffffda][0xffffffb5]+[0xffffffcd]F[0xffffff91][0xffffffdd]R[0x16]P++[0xffffffb2][0xffffffde]3[0xffffffc1][0xffffffed][0xffffffc1][0xffffff84][0xffffff92][0xffffffd7][0xffffff82][0xffffffee]a[0xffffffd8]E[0x2]a[0xffffff93][0xffffff8c]w[0xfffffff9]q[0x7][0xffffffc0]][0xffffff93][0xfffffff1][0xffffffbe][0xc][0xffffffb8]&[0xffffffb8][0xffffffe5][0xffffffed]d[0xffffffb3][0xfffffff3][0xffffffea]M[0xffffffca]f[0xffffffe7][0x15][0xffffff8a]%j[0xffffffb3][0xffffffe8][0xffffff9f][0xffffffbf][0xfffffff3][0xffffff9a][0xffffffdb]OxDp[0xffffffeb][0xffffffb8][\r][0xffffffb7][0xffffff90][0xffffffc6][0xffffffa9][0xffffff83][0xffffffe8]6@+[0xffffff8e]y[0xfffffff2][0xffffffe8]6[0x1][0xffffffda][0xffffffc3]D[0xffffffb7]nB[0xffffffe5]d[0xffffffb0][0xffffffa5][0xffffffc5]j#[0xffffffbd]Hn[0xffffffdc][0xffffffbe]^C[0xffffffe5]$[0xffffffb0][0xffffffdd][0xffffff95]^db[[0x13][0xffffffdb][0xffffff9a][0xffffffd8][0xfffffff6][0xfffffff7][0x12][0xffffffdb]:[0xffffffcd]F[0xffffffb3]V[0xffffff81][0xffffff82]i>[0xffffffb6][0xffffffad][0xffffffba][0xffffffb5][0xffffff86]SH.[0xffffffca] [0xffffffee][\n]"
23:55:16.080 [main] DEBUG org.apache.hc.client5.http.wire - http-outgoing-1 << "[0xffffffe2][0xfffffffc]2*?%[0xffffffe2][0x1e][0xffffff8c]\$[0xffffffc0]U[0xfffffff9][0xffffff88][0xffffff8a][0xffffff9d][0x4][0x17]{[0xffffffde][c[0xffffffed][0x1a][0x1f]Q[0xffffffc2][0xffffffda][0xffffff9d][0xffffffc8]E[0x6]h[\r][0xffffffd0][0x1a][0xffffffa0][0xfffffffd][0xffffffad][0x0][0xffffffed][0xffffff86][0xffffffd7]cN[0x15][0xffffff9e]A62}[0xfffffff2]8[0xffffffeb] [0xffffff87][0xffffffaa][0xffffff89][0xffffffdd][0xffffffdc]e][0xffffffa8][0xc][0xffffff86][0xffffffae]H|_[0xffffffc6][0xffffffe2][0xffffffa7][0xffffffc4][0xffffffd9][0xffffffc3][0xffffffb0][0xffffff8b][0x4][0xffffffc8]&[0xffffffec]"[0xfffffff9]q[0x7][0xffffff90]][0xffffffc3].[0xffffff92] [0xffffffbb]=[0xffffffbb][0xffffffc8][0xffffff80][0xffffffac][0x1]Y[0x3][0xffffffb2][0xffffffbf][0x17][0xffffff90][0xffffffad]9U[0xffffffc8]$[0x17][0xffffff80][0xffffffac]][0xffffffb1]+-hn[0xffffffac]GY[0xffffff97][0xffffffe5][0xffffff9b][0xffffffd7]g![0x8][\n]"
23:55:16.080 [main] DEBUG org.apache.hc.client5.http.wire - http-outgoing-1 << "[0xffffffd2][0x13][0xffffffa3][0xffffffac][0xffffffc4][0xffffffab]_?P[0xffffff9e]Z[0xffffffd4]E2[0xfffffffa][0xfffffffa][0xfffffff7][0xffffffb3][0xffffff9c][0xffffffad]W[0xffffff96][0xffffff8c][0xffffff85][0xffffff8c][0xffffffb1][0xffffff8d]<[0xffffffbd]|c[0x1f][0xffffffb9][0x0]C\[0xffffffee][0x1e][0xffffffe9]E[0xffffffa2]@I/[0xffffffa2]DhQ[0xffffff89][0xffffffa2][0x18][0xffffffd1]b[0xffffffd5][0x0][0xffffffc5][0xffffffa8][0xffffffd1]m[0xfffffff6][0xffffffaa][0xffffff83][0xffffff8a][0xffffffdb][0xffffffeb][0xfffffff7][0xffffffb7][0xfffffff4][z[0xffffffe7][0xfffffff7][0x16]Q0[0xffffffbf][0xffffffe3][0xffffffec][0xfffffff5]8M[0xffffffb1]~[0xfffffff9][0xffffffd3][0xffffffab][0xffffff92]k[0xffffffbb]`/[0xffffffd5][0xffffffea]u[}oY%[0xffffff8b]"
23:55:16.082 [main] DEBUG org.apache.hc.client5.http.wire - http-outgoing-1 << "=O,[0xffffff98][0xffffff8a][0xffffffc0][0xffffff82]&[0xffffff9c]"[0x7f][0xffffffbc]7[0xfffffff2]{[0xffffffd7][0xffffffec](D[0xfffffffe][0x1e][0xffffff9d][0xffffff97]"Q[0xffffffb6]t[0xffffff81]L[0x17]$[0xfffffffc][0xfffffffb]x[0xffffffbd][0x1a]qjx[0xffffffe7][0xffffffcd][0xfffffff9][0xffffffbb][0xffffff8b][0xe]R[0xffffffa5][0xffffff91]h[0xffffff8d]TP[0xffffffca][0xfffffffd][0xffffffef][0x7][0xffffffb1]H[0xffffffff][0xffffffef][0xffffffe8][0x9]1[0xffffff9f]J[0xffffffb7][0xffffffb7][0xffffffb7]%[0xffffff9c]2)![0xffffff93][0xffffffd6][0xffffff9f][0xfffffff6]B[0xffffffd4][0xffffffd8][0xffffffc1][0xffffffe5]M[0x16][0xffffffe3]y[0xffffff80]T[0xfffffff1]9[0xffffffd2]R[0xfffffff1]c[0x1f]9[0xffffffba][0x1d]N[0xffffffc4][0xffffffee][0xffffffa4][0xfffffffb]_[0x1d][0xffffff8d]=[0xffffffa4][0x1a][0xffffffcb]-[0xffffffa4][0xffffffcc]nI[0xffffffa1][0xffffffe8][0xffffff9c]G[0xffffffc1]0[0xffffff98][0xffffffae]k][0xffffffa6][0x14][0xffffffe2]7[0xffffff80][0xffffff83][0xffffffa2]%[0xffffffbb][0xffffffeb]9[0xffffffec]2M[0xffffff9e]+A[0xffffffcf][0xffffffb0][0x3][0xe].[0xffffffd0][0xffffffeb][0xffffff8e][0xffffff83]x[0xffffffc4][0xffffffe9][0xffffffe7][0xffffffb0][\n]"
23:55:16.082 [main] DEBUG org.apache.hc.client5.http.wire - http-outgoing-1 << "[0xffffff89][0xffffffe9][0xffffffe4]LV[0xfffffffb]_[0xffffff91][?%[0xe]T[0x17][0xffffffa9][0xffffffe9]Z[0xffffffcf]_[0x9][0xffffffc7]%[0xffffffc7]>rjpY[0xffffff91][0x1c][0xffffffab][0xffffffe7][0xffffffed][0xffffffab][0xfffffff4]&[0xffffff9c][0x8][[0x1b][0xffffffea]n[0xffffffea]M0[0x2]([0xffffffb7][0xffffffdd][0x1a][0xffffffc0][0xffffffaa][0xffffffc5]:[0xffffff9e][0xffffffc1][0xffffff91]E[0xffffff90][0x9][0xffffffd0][0xffffffb5][0xffffff8a]c[0x15][[0xffffff93][0x5]ln[0xffffffc0][0x6][0xffffff90]NN[0xf]'w[0x19]n[0xffffffd7][0xfffffff6][0xffffffce]V[0xffffff86][0xffffffdb][0xfffffff5][0xffffff87][0xffffffe4]v[0x11][0x1b](g[\r]u[0x11][0x2][0x4][0xffffffe6][0xffffff96]?[0xffffffbd][0x9][0xffffffa2]p[0xffffffca][0xffffffd3][0xffffff95][\r][0xffffff89]0[0xfffffff9][0x5]W[0xffffff85]&[0xfffffff3][0xffffffd8][L[0x1]#[0xfffffffd][0xffffff84][0xffffffda]B[0xffffffb0])[0xffffff89]N/[0xffffff88]K)[0xffffffa1][0x6]KP[0x1c][0xffffffe0]L[0xffffffa6]O[0xfffffff5][0x1][0xffffffc6]S[0xffffffab][0xffffff83][0xffffff92];V[0xffffffd8]%[0x1f][0x1f][0xffffff82][0xffffffe2][0xe][0xffffff99]Le[0xffffffed][0xffffffc1]:[0xffffffd6][0xffffffd7][0xffffff98][0xfffffffc][0xffffffb0][0x17]bk!.j[0xffffffae][0xffffffc8]9[0xffffffa8][0xffffff93][0xffffffea]R[0xffffff94][0xffffff9a][0x13]?[0xffffffbe][0xffffff9e][0xffffff87][0xffffffb3][0xffffffe7][0x1a][0xffffffe5]f1#[0xfffffffe][0xf][0x1f]5[0xffffff8b][0xffffff82][0xffffffe9][0xffffffbc]4[0xf]KoN[0xffffffbe]KA[0xffffff89]@[0x12][0xffffffbe]L[0xffffffa0][0x7f][0x2][0xfffffffb][0xffffffa6]}/[0x2][0xffffffb8][0xffffffa3][0xffffffd8][0xffffff84][0xffffffc1]g][0xffffffbe][0xffffffa1][0xfffffff3]>[0xffffffa0][0xf][0xfffffffa][0xffffffb3][0x10][0x7f][0x11]6[0xffffffdd][0xffffff80][0xffffffe1][0x4][0xffffff86][0xffffff8d]u[0xffffffeb][0xffffffdd][0xffffffd1][0xffffffc5][0xffffff80][0xffffff8a]C[0xffffffab][0xffffffc5][0xc][0xffffffec]#^[0x1f]<[0xfffffffa][0xffffff93][0xffffffbc][0xffffff97]P[0x10]*#[0x12][0x12][0xffffffac][0xffffffac][0x12]W8[0xffffffeb][0xffffff82]M[0xffffff92]Ty[0xfffffff8][[0x1a]![0xffffffe1][0xfffffff0][0x1c][0xffffffdb][0xffffff89]Qy[0x11][0x13][0x1c][0xffffffab][0xffffff8b]T[0xffffff88][0xfffffffe][0xffffffdf][0xffffffff][0xffffffeb][0xffffffff]6[0xffffff9a][0x1a][0xffffffad][0xffffffe9][0xffffff9d]v[0xffffffa9][0xffffffb1]7[0xfffffff1]K1[0xffffffcc][0xffffff96]@,[\n]"
23:55:16.082 [main] DEBUG org.apache.hc.client5.http.wire - http-outgoing-1 << "[0xffffffaf]a[0xffffffb9][0xffffff96]^[0xffffffef]K[0xfffffff1][0x5][0xfffffff3][0xffffffbb][0x4]M[0xffffff8a][0xffffffef]0[0x1b]]yV'9[0xffffffb3][0xffffff83]k[0x0][0xffffffcb][0xffffffd5][0xffffff9f][0xfffffffb][0xffffff91]`[\r][0xffffffd1][0xffffff9d]f[0xfffffffa][0xffffff98]X[0xffffff8e][0xffffffc0][0xfffffffa]J[0xe]H[0xffffff8c][0xffffff97]"[0x1f]VOS[0xffffffb5][0xffffff9a][0xffffffc8][0xffffffba][0xffffff99][0xffffff89][0xffffff84]_[0xffffffa2][0x0][0xffffffef][0xffffff9f][0xfffffffa]G[0xffffffd6][[0xffffff81][0xfffffffd][0x9]o6Y[0xffffffa3][0xffffffe8][0xffffff8a]Zd[0x6][0xffffffe7]M[0xffffffb1]0[0xffffffa3][0x1f]/[0xffffffdf]P[0xfffffff5][0xffffffd6][0xffffffa9][0xfffffff7]1[0xffffff8c]RF[0xffffff9c]F3[0xfffffff1][0xffffffc6][0xffffffb8]a[0x1]<[0xffffffc2][0xffffffe8][0xfffffffe]R[0x3]g[0xffffffde][0xffffffbc]7[0xffffffca][0xffffffac]W9z[0xffffffdb][0xffffff95][0x1c][0xffffff97][0xfffffffa][0xffffffba][0xfffffff4]?[0xffffff93][0xffffffbe][0xffffff8d][0x16][0xffffffd3])/[0xffffffb8][0xffffffd3]<QO[0xffffffef]/I[0xfffffff0][0x1b][0xffffffd3][0xffffffe8][0xffffffa3][0xffffffb5][0xffffffcb][0xffffffb3]~[0x6]c+[0xffffffbc][0xffffff8d][0xffffffe1]M[0x18][0xffffffcf][0xffffffb5]%[0xfffffff8][0x7f][0xffffff82][0xffffffdd]7_[0xffffffcc]b[0xffffffd1][0xffffffbb]"[0xc][0xffffffc0][0xfffffff0][0xffffffc7][0xfffffff9]S[0xffffff8c]w[0xffffff9c][0xffffff9e]c[0x3]J[0xffffffce][0xffffffd6]m:[0x1e]2[0xffffff85][0xffffffbd][0xffffff9e][0xffffffd0][0xffffffd0][0xffffffc3]i[0xffffffbd][0xffffffb1][0xf][0xffffffce][0xfffffff2][0xffffff8c]n[0x4][0xffffffca][0x1a][0x4][0xffffffc3]E$[0xc][0xffffffb5][0x6][0x1][0xffffffe6][0xffffffa5][0xffffffb4][0xffffffd3][0xffffffc3][0xffffff90]c+[0xffffff97][0xffffffc4][0xffffff80].[0x18]p[0x17][0xffffffe9][0x6]t4[0xfffffff4][0x10][0x0]RS[0x12][0x16][0xffffffb4]7[0xffffffa0]>[0x17]sZ[0xffffffd0][0xffffffca][0x12].[0xffffffb4][0xffffffc6][0xffffffc3][0xffffffd3][0x6][0xffffff9e][0xffffffba]x[0xffffff8a]h[0xffffff98][0xffffffd9]g[0xffffff91][0xffffffef][0x18][0xffffffee][0xffffffb6][0xffffffe0][0xffffffa0][0x9][0xffffffe6] [0xffffffaa][0xffffff99][0x7]=[0xffffffa6]Y[0xffffff83]{[0xffffff8d][0xffffff80]cO[0xffffff9c]3[0xffffffbb]^[0xffffffab]:-J[0xffffffe5][0xffffffda][0x17][0xffffffe7]L[0xffffff96]x[0x18][0xffffffce]Y[0xffffffb6][0xfffffff0][0x3]p[0xffffffce][0xffffffea])[0xffffffe7]L[0xffffffd6]U[0xffffffc4]9[0xffffffc3][0xffffffad][0x2][0xffffff87]2[0xffffff9e][0xffffffcf]e[\n]"
23:55:16.082 [main] DEBUG org.apache.hc.client5.http.wire - http-outgoing-1 << "\[0xffffffa5][0xffffffd5]r[0xffffffc8][0xffffffdf][[0xffffffdf][0xffffffb6]V[0xffffffac][0xffffffb3][0xffffffd3][0xffffffda][0xfffffff9][0xffffffc5][0xffffffab][0xffffffbb][0xffffffd3]G[0xffffffb0][0xffffffce]D[0xffffffe9][0xffffff8f]`[0xffffff9d][0xffffffe9][0xffffffcd]][0xffffffcf];[0xffffffd3][0xffffff8f][0xffffffdc])[0xffffffff]!9[0xfffffff1][0xffffffe1][0xffffffdc][0xffffffb3]|[0x11][0xffffff8f]a[0xffffff9f][0xffffffa5]e=[0xffffff8a][0x7f][0xffffff96][0x16][0xffffffb3][0xffffffbf]<[0x8][0xffffffad][0xffffffcc][0xffffffc7]r[0xffffffd0][0xffffffd2][0xffffffa2]ve[0xffffffa1][0xffffffa5]g[0xffffffee][0xffffffce]CK[0xffffffcf][0xffffffdd]O>[0xffffff84][0xffffffde][0xffffff96][0xffffffcc][0xffffffbe][0x8]&[0xffffff97][0xffffffe4]M[0xffffffbc][0x7][0xfffffffb][0x10][0xffffff9f]hE[0xffffffbe][0xfffffff2][0xfffffffa] [0x1b]?k[0xf][0xffffffc0][0x15][0xfffffff7][0x7f][0xffffffcd]N[0xffffffb9]^[0xfffffffd][0xfffffffd][0xffffffe4][0xffffffa7][0xfffffff8][0xffffffef]?[0x7f]w[0xffffffff][0xfffffff7][0xffffff8b][0xffffffd7][0xffffffb7]g[0x1f][0xffffffdf][0xffffffdb][0xffffffa7][0x17][0xffffffd7][0xffffff94]k[0xffffff9a][0xffffffe3][0xffffffa2][0xffffff89]I^[0xffffffc0]E[0xffffff9b]`NsM29[0x15][0x7f][0xffffffed]JBsZ%[0xffffffbb]Yr[0xffffffea][0x17][0xffffff8e][\r][0x12][0x6][0xffffff92]c[0xb]Ih8[0xffffffca]![0xffffff89][0xffffff90][0xb][0xffffffb7][0xffffffd2][0xffffffae]T[0xffffffa5][0x19][0xffffffd6][0xfffffffe]m[0xffffffae][0xffffff9c]Z[0xffffffb5]Zs[*[0xffffff97]A}[0xffffffdc][0xffffffbc][0xfffffff5][0xfffffffb][0xffffffca]9;[0xfffffff9][0xffffffd1]9[0xfffffffd]x[0xffffffbd]&[0xffffff97][0x1][0xffffffbd][0xfffffff8][0x0][0x12]Z*vG[0xffffffb9][0xffffffc3][0xffffffc8][0x2][0xffffffac][0xffffff93][0xffffffcc]x[0x11]p[0xffffffbe][0xffffffba];[0xffffffbf][0xfffffff8][0xffffffe5][0xfffffff6][0xfffffff4][0xfffffff6][0xffffffe1]t]Q[0xfffffffa]#[0xffffff80]3m[0xffffffec]z[0xffffffd8]4[\n]"
23:55:16.082 [main] DEBUG org.apache.hc.client5.http.wire - http-outgoing-1 << "~F[0xffffffc1][0xffffffef]w[0xffffffa9][0xffffffe0][0xffffffb7]Y,[0x15][0xffffffef][0xffffffe4][0xffffffed]z[0xffffffbd][0xffffff80][0xffffff86][0xffffffd6][0xffffffa8][0x14][0xffffffe9]SK`s/[0xffffff9c]f[0xffffffdb]i[0xffffffb4][0xb][0x13][0xffffffc8]r[0xffffffc7]T[0xf]&[0xffffffe2][0x7][0xffffff84]Z[0xffffffa2][0xffffffa1][0x15][0xffffffa0][0xffffffd6][0x1e]ih[0xffffff8c][0xffffffb0][0x15][Q#[0xffffffd4][0xffffffc7][0xffffffad][0x1][0xfffffff7][0xfffffffe]x[\r]5"i[0xfffffffa]N[0xffffffd4][0x8][0x3][0xffffffb8][0xffffffe9][0xb]7[0xffffffa5][0xffffff99][0xffffffff]`}[0xffffff84]l[0x1][0xffffff8f][0xffffff89]PUI[0xffffff8f][0xffffff8a]OU![0xfffffffb][0xffffff8b]N[0xffffff93][0x12][0x1f][0x1b][0xffffff9b][0xffffffaa][0xffffff82]v[0xffffff8d]L[0xffffffd5]y[0xffffffbb][0xffffffc7][0xffffffa5][0xffffffea][0xffffffcc][0xfffffffd]D[0xffffffa5]i;v[0xffffff8f]I[0xffffffd7][0xffffffb0]~[0xffffffb7][0x1][0xffffffdc][0xffffff96]][0xffffffab][0x16][0xffffff91]#[0xffffffdc]F[0xffffffa5][0xffffff89]g[0xfffffff5][0xffffffa5][0xffffff97]ny<-z[0xffffffe9][0xffffff96];[0xffffffe6]p[0xffffff9a]~k1[0xfffffff7] [0xffffffec][0x8][0xffffff80]l[0xffffffa5][0xffffffde]L[0xffffffbc]\[0xffffffd5][0xffffffc7][0xffffffed]0[0xfffffff7][0xffffffd4]=?Y[0xffffffe7][0xffffffe5]J[0xffffff98][0xffffffbb]k[0xffffffc2]n[0xfffffff2]@cv[0x7][0xffffffa4][0xffffffda]B[0xfffffffa][0xffffff88][0xfffffff7]`[0xffffffe4][0xffffffcd][0x17][0xfffffff1][0x18][0xffffffec]M[0xffffffcb]z[0x14][0xfffffffa][0xffffffa6][0xffffffc5][0xffffffec][0xf][0x7f][0xffffffb5]2[0x1f][0xffffff8b][0xffffffc0]iQ[0xffffffbb]b[0xffffffb0][0xfffffffe]D[0xffffffbe][0xffffffab]JMz[0xffffffee]~pXo[0xffffffcb]S#[0xffffffb1]m[0xffffffd7][0xffffff9b]Ml[0xffffffeb][0xffffffe5]S[0xffffffcc]\[0x8]0[0xffffffd4][0x1a][0xffffffc8][0xfffffff1][0xffffffcd]e?d[0xffffff9e][0xffffffea]+[0xffffffed]jQ[0xffffff8e]Y[0xffffffee][0xffffff98][0xffffffda][0xffffffc1]hj[0xffffffab][0xffffff80][0xfffffff8]P[0xffffffb9][0xffffffbc][0x12]w[0xffffff95]Q[0xffffff80][0xfffffffa][0xffffffb8][0x3][0xc][0xffffffaf]1[\n]"
23:55:16.082 [main] DEBUG org.apache.hc.client5.http.wire - http-outgoing-1 << " [0x18][0xffffffde])[0xffffff97]7"
23:55:16.083 [main] DEBUG org.apache.hc.client5.http.wire - http-outgoing-1 << "[0x19]6[0x6][0xffffff83][\r][0x6]kR_[0xffffffeb][0xffffffd3]|[0xffffff84]6[0xffffff90][0xffffffc1]`R[0xffffffbf][0xffffffd3]T[0xffffffeb][0xe][0xffffff86][0xffffffc1][0x1b]s|+[0xffffffb5][0xffffff8a]S`[0xffffffd4]Ru[0x1a]vA[0xfffffff6][0xffffffd9][0x3][0xfffffff0][0xffffffb7][0xffffffca][0xffffffc1][0xfffffff2]![0xffffffb2][0xffffffcf]V[0xffffffe1][0xffffffef]Ar|i[0xffffffa3][0xffffffc1]n8[0x1a][0xfffffff8][0xfffffff2][0xffffffc7][0xffffffed][0xffffffc0][0xfffffff7][0xffffffc7][0xffffffdb][0xffffffb3][0xfffffffb]W[0xffffff9b][0xffffffc1]w[0xfffffffb][0x1c]_[0xfffffff9][0xffffffec]$[0xffffffa1][0xffffffd7][0xffffffec][0xfffffff1]va [0xfffffff5][0xffffffe0][0xffffffc0]W=[0xffffff88]&:[0xffffff8e][0xf][0xffffff96]dT%=*[0xffffffe8]M6[0x8][0xfffffff0][0xfffffffa]$[0xfffffff2][0xfffffffb]h[0xffffffcc][0xffffffed][0x14][0xffffffd2][0xffffff90][0xffffff9f]![0xffffff8f]5[0xb]Y[0xffffffde]Q[0xffffff8f][[0xffffffb7][0xffffff81][0xffffffdb][0xffffffa4][0xffffffc4][0xffffffc7][0x6][0xffffffbc][0xffffffaa][0xffffffa0]][0xffffffc3][0xffffffdd][0xfffffff4]Q[0x7f][0xffffffd7]`W[0xffffff9d][0xffffffb9][0xffffff9f]P7m[0xffffffc7]^[0x3][0xffffffdd]M [[0xffffffab][0xffffffb8]n[0xffffffa3][0xffffff80]H[0xffffffd1][0xffffffc2]Vf[0xffffffcd]Y[0xffffffe6][0x8]'[[0x9]v[0xffffffab][0xffffffed] [0xffffffca]e{[0xffffffc1]\[0xffffff8e][0xffffffaf]~[0xffffff8c]k[0xffffffcb][0xfffffff7][O[0xffffff8c][0xffffffb2][0xffffff87][0xffffffc9][0xfffffff1][0x5][0xffffffac][0xffffffe3]r[0xfffffff7][0xffffff98][0xffffffe3]+[\n]"
23:55:16.083 [main] DEBUG org.apache.hc.client5.http.wire - http-outgoing-1 << "[0xffffff94]9[0xffffffbe][0xffffffdf].[0xffffff82][0xffffffb1][0xffffffcc][0xffffffe8][0xffffffbc][0xffffffec][0xfffffff8][0xffffffad]F[0xffffffb3][0xffffffe2][0xffffffd5][0xffffff81][0xffffffec]N[0xffffffbd][0xffffff93][0xffffffe6][0xffffffef][0xffffff8c][0xffffff86]Gzz[0xffffff9d][0xfffffffc][0xffffffbb][0xffffffd4]C[0xffffffb2]J[0xffffffe4][0xffffff8d]1[0xf]o[0xffffffca][0xfffffffa][0xffffff99][0xffffff9e][0xffffffd7][0xffffffea]b[0x11]m6[0x1b]v[0xffffffa3]^w[0xffffff9a][0xffffffe0]![0xffffffd6][0xffffff9a][0xfffffff5]F[0xffffffc5][0xffffffee]7*[0xffffffcf][0xffffff93]4[0xffffff94]3[0xffffffa4][0xffffff88][0xffffff89][0xfffffff4]Q[0xffffffce]d[0xffffffe2]\1[0xffffffa9][0xffffffdc][0xffffffcc]Y/x[0xffffffe7][0x1a]L[0x16][0x13]|[0xffffff87][0xffffffdd]T[0xffffffe4][0xffffffb1]Q2p.[0xffffffa3][0xffffff8a]r[0xffffffa4]F[0xffffff90][0xfffffff3][0xffffffef]![0xffffffff]h[0xffffff88][0xffffff9f][0xffffff91][0xffffff80][0xffffffa4][0xffffff8e]@fR[0xffffffdd]>H[0x1a],][0xfffffff5]n[0xffffffd9][0xffffffb0][0xffffffd4]Lk[0x1f])[0xffffffb1][0xffffffa2][0xffffffa0][0xffffffdf]L^[0xffffffac]h[0xe][0xffffffa5][0xffffffa5][0xffffff91][0xfffffffe][0xffffffb5][0xfffffff5][0x10][0xffffffe3][0x3]Q[0xffffffc4][0xffffffa5][0xffffffc8]D[0xffffff96][0x19][0xffffffc3][0xffffff9c][0x18][0xfffffff5][0x1]9n=[0xfffffffa]C[0xffffffa5]Rg[0xffffffc4][0xffffffd6][0xffffffb5]\[0xffffffa6]+[0xffffff99][0xffffffcc][0xffffffa4][0xffffffa7][0xffffff87][0xfffffffd][0x12].D[0x1a]r<'+[0x9]V[0xffffffcf][0xffffffa6]!uy[0x1a][0xfffffff4][0xffffffa2]0[0xe][0x7]s[0xffffffeb][0xffffffa7] [0xffffff86][0xffffff85][0xffffff84][0xfffffff5]n[0xffffffbe][0xffffffe8][0x7][0xffffff94][0xe][0xffffff88][0x1c]B[0xffffffa1][0xffffffc3]M[0xffffff89][0xffffff92][0xffffffa2]UH-[0xffffff9b][0x7][0x13][0xffffffff][0xffffff83][0x15]L[0xffffffb1][0xffffffdb]2[0xffffffa6][0xffffffe4]14[0xffffffe7].\DV|[0xffffff87][0xffffffb7][0xfffffff6][0xffffff93]$[0xffffff87][0xffffff8d][0xffffffb3][0xffffffa7]D^[0xffffffe1]bzdq[0xffffffb6][0xffffffa0]([0x3]c[0xffffffda][0xffffffb3][0xffffffae]9[0x1][0xffffffbb][0xffffffbb][0x18]"e;[0xffffff80][0x1][0xffffffc5][0xffffffad][0xffffff8f][0xffffffff]C[0x6][0xffffffe2][0xffffffbf][0xffffffce]-[0xffffffaa][\r][0xffffffbd][0xfffffff7]I[0x16][0xffffff95]N[0x1][0xfffffffd][\n]"
23:55:16.083 [main] DEBUG org.apache.hc.client5.http.wire - http-outgoing-1 << "[0xffffff8f][0xffffff91][0xfffffffb][0x13][0x6]}[0xfffffffd][\n]"
23:55:16.083 [main] DEBUG org.apache.hc.client5.http.wire - http-outgoing-1 << "O[0xffffff91][0xffffffad][0x15]N[0xfffffffd]9[0xffffffa6][0x10][0xffffffbb]e[0xffffff84]S[0xffffffa4]i![0xffffffe9][0xffffffda][0xffffff9f]R[0xffffff89]}4[0xffffffd9][0xfffffffa][0x1e]Y[0xffffffe2][0xffffffe1]O[0xffffff81][0xf]]u[0xffffff8f][0xfffffff2]#[0xffffffb5],2[0xffffffa4][0xffffffb7]Q[0xffffff96]"[0xffffffba]D[0xffffffb4]RM[0x1a]$[0xffffffa0][\r][0xffffffa8]a[0xffffffd0]<[0xffffffef]@[0xffffffee]~[0x1e][0xffffff86][0xffffffe3][0xfffffff8][0xffffffa8][0xffffffef][0xffffffa3][0xffffffe5][0x10]$?"[0xffffffe9][0xfffffff1][0xffffffb9]_[0xffffff92]Ut([0xffffffb1][0xffffff93][0xfffffff2][0x10]1[0xffffffe9]:[0x17][0xffffffd1][0x2])[0xfffffff8][0xffffffd0][0xffffff9a][0xffffff97][0xfffffff7][0xffffffb3]()4[0xffffff85][0x13][0x14][0xffffffed][0xffffff8f][0xffffffc3][0x19][0xffffff8a]4I[0xffffffbb][0xffffffd4]a[0xffffffd0][0xffffff99][0xffffffd7]2A[0xffffffd5][0xffffffcd]H3[0x1a][0xffffffe9][0x18][0xffffffd1][0xffffffb1][0xffffffef]([0xfffffff5][0xffffff8f]R[0xfffffffc][0xffffff96]!SW[0xffffffdc][0xffffffa7]Q'[0xffffffb3]ve[0xffffffe6]"[0xffffffee]R[0xfffffff6]Vk[0xfffffff9][0xffffff92]b0[0xffffffc7]2g4uC[0xffffff98]y[0xffffffbd]k[0xffffffce][0xffffff8f][0x15][0xffffffe3]'[0xffffff94]m[0xffffffb8]L[0x6][0xffffffd6][0x7]-[0xffffffd7]Q[0xffffffbf][0x2]9^[0xffffffd9][0xffffffbe][0x5]gcb`[0xffffffee][0xffffffe9][0xffffffed]CRd[0xffffff8f][0xffffffac][0x15][0xffffffd2][0xffffffe4]M[0xffffffd1]8[0xffffff8f][0xffffffd3]1[0xffffffd5][0xffffffec][0xffffffc2]3[0xffffffe0]R[0xffffff9a]']7[0xffffffc6][0xffffffb6][0xffffff8f][0xffffffff] [0xffffffe5][0xffffff91][0xffffffe4][0xfffffff6][0xffffff91][0xffffffa3][0xffffffe9][0xffffffc1][0xffffffa5][0xffffffc0][\n]"
23:55:16.083 [main] DEBUG org.apache.hc.client5.http.wire - http-outgoing-1 << "#Q[0x6].[0xc][0xffffffc9][0xffffffbc][0xffffffa3][0xffffffbb][0xffffff98]r[0x17]-a[0xffffffda][0xffffffa0][0xffffffe5]ob[0xffffffb4]Rk[0xffffffb4]z[0xffffffe4]|U[0xffffff90].'.[0xffffffa6]9[0xffffff8d]l$6[0xffffffa3]A[0xffffff97]b[0xffffffcc][0xffffffe3][0x10][0xffffff9a][0x1]([0xffffff94]f[0xffffff84][0xffffffcc]:[0xffffffa5][0xffffffd2][0xffffffd4][0x5][0xffffff8b][0xffffffda][0xfffffff4]n[0xffffffb9][0xffffffc0][0xffffffaf]ibro[0x1c][0xffffffd0][0xffffffe2][0xffffffc1][0xc][0x9][0xffffff9e]:[0xffffff84]I[0x1d]H[0x5][0xffffffce][0xffffff89]fr[0xffffff86][0xffffffdc][0xffffffdd][0xe][0xffffffb2]Vg^7[0x18][0xffffff83])[0xfffffff3]![0xffffffb9]i[0xffffffff]x[0xffffffd6][0xffffffa1][0x7]b`@[0xffffffe7][0x1f][0xffffffcf][0xffffff98][0xffffff87]Bg[0xffffffaa][0xffffffef][0xffffffde][0xffffff88][0xfffffffb][0xffffffa4][0xffffff9f][0xffffffca][0xffffffe3]#P7[0xffffffac]p6[0xffffffd2][0xffffffd5][0xffffffe9]m[0xffffff97]w[0xffffffdb][0xffffffa2]<[0xffffffa4][0xffffff9c][0x15][0xffffff84][0xffffffbc]9[0xffffffe0]{[0xffffffa0]O[0x9][0xffffff93][0xffffffb5][0xfffffffb]N[0x17]8X[0x0][0xffffff81][0xffffffc0]AA>[0xfffffff8][0xffffff80]2[0xffffffb3][0xffffffd3]k[0xffffffa0][0xffffff8c][0xffffffd2]x[0xffffffe6][0xfffffff7][0xffffff82]A[0xffffffd0][0xffffffa3][\n]"
23:55:16.083 [main] DEBUG org.apache.hc.client5.http.wire - http-outgoing-1 << "eG![0xffffffc5][0x1c][0xffffff90][0x1a]-[0x18][0xffffffe0]e[0xffffff87][0xffffff8f]`[0x0][0xffffff81]#[0xffffffb0][0x1f]B[0xffffffcd][0xffffff82]W[0xf]][0xffffffa6][0xffffffff][0xffffffc9][0xffffff9b][0xffffff80]e[0xffffff82][0x15]^x[[0xc]BxH[0x10][0xffffffb8][0xffffff89][0xffffff9e]+H=[0xffffffff] [0x1a][0xffffff9b]Y-[0x8][0xffffffb6]OO[0xffffffce][0xffffffb4]V[0xffffffff],[0xffffffe1]O[0xfffffff1]e[0x8][0xffffffcb][0xffffffe4][0xffffffce]*[0xffffffac]B[0xffffffa8]oW[0xffffffdd][0x14][0xffffff86][Q[0xffffff87]H[0xffffff9d][0xffffffb6][0xffffffb2]7[0xffffff87].[0xc]L$[0xffffffea][0x9]adA[0xffffffc3][0xffffff84]JT[0x5][0xffffffaa][0xffffffbe][0xffffffa5][0x11]([0xffffffca][0x11][0xfffffff3]/i[0x1d][0xffffffe5][0xfffffff4][0xffffffbf][0x14][0x1][\r][0xfffffffd]N[0xffffffff]J[0x16]q[0xffffff9d][0xffffff90][0xffffffa8][0xb][0x18][0xffffffd7][0xffffff90][0x1f]h[0xffffffed][0xffffff91]C[0x7]U!B -k[0x1c][0xffffffbc][0xffffffad][0x1a][0xffffffac][0xffffffa1]zt;e[0xffffffaa]82f[0xffffffe8][0xffffff86][0xffffffa0]iH[0xffffff8a][0xfffffff7]#A[0xffffffa9][0xffffffa2][0xffffffc8]I[0x10][0x3][0xffffffe8][0xe]h[0xffffffb3]T4[0xffffff8e]b[0xffffffaf][0xffffffc5][0xffffff94][0xffffffee];[0xffffff8e][0xffffffe2]r[0x12]|BZ;_[0xffffff99][0xffffffd6]"L[0xffffffec]y[0xffffffd8][0xb][0xffffffc7][0xffffff99]5P[0x5]u[0xfffffff4][0xffffff8e][0x12][0xffffffa2][0xffffff98][0xffffffc8][0x13][0xffffffc7]IX[0xffffffdd]C6[0xffffffb6][0x18][0xf]T[0xffffff8f][0xffffffe8][0xffffff97]C[0xffffffd0][0xffffff91][0xffffffe9][0xffffff91]\R8[0xfffffffa][0xffffff83][0x12][0xffffffb2])>[0xffffff80][0xffffff81][0xffffff86]?[0xffffff99][0x9][0xffffff9a][0xffffff97]j[0xffffffdb][0x4]\0[0x11][0xffffff8f][0xffffffa0]r[0xffffffe6]>[0xffffffa8][0xffffffae][0xffffffb4]2@D[0xffffffe9][0xfffffff4][0xffffffb7][0x1e][0xffffffd9]p[0xffffffa8]tt[0xffffffed]bp[0xf][0xfffffffa][0xfffffff1][0xffffffc8][0xffffffbb]&[0xffffffe7][\r][0xfffffffc][0xffffff8c]<[0xffffffec]8^ *[0x1d][0xffffff8a][0xffffff9e][0x11]W[0xffffffc1]t[0xffffffab][0xffffffd4]m&[0xffffffa1]cQ[0xffffffda][0xffffffbc]`[\r][0xffffffc4][0xffffffa3]p1[0xffffffc6][0xffffffa0][0x15][0xffffffa9][0xffffffe0][0x14][0xffffffe2][0xffffffa2]A<[0xffffffc1]E9[0x18][0xffffffcd]<[0xfffffff4][0xffffffe8].[0xffffffd2][0xffffffe4]I[0xffffffe1]B[0xffffff92][0xffffffb9]R[0xfffffff3][0x17][0x1a][0x7][0xffffffec][[0xffffff82]q [0x1c]T[0xffffff88][0xffffffb1][0x16][0xffffffd3][0xffffffa4][0xffffffe9][}[0xffffffd0][0xffffffeb]P[0xffffff84]<I[0xffffff96])@[T[0xffffffc4][0xffffff83][0xffffffde][0xffffffe3]:[0xffffffd4]A[0xffffffb7][0x8][0xffffff9e][0xffffff85][0xffffffeb][0xffffff8a][0xffffffca]JGA|[0xffffff97][0xffffff83])[0xffffff98][0x3][0x1][0xffffffcd][0xffffffb5][0xffffffd9]bn[0x11][0x1][0xffffffee]Ez[0xffffffd9]z[0xffffffdd])[0xffffff81][0x0]e[0x11][0xffffffd1][0xffffffc3][0x1b][0xffffff83]c[0xffffff81][0xffffffe9][0xffffff84]"
23:55:16.084 [main] DEBUG org.apache.hc.client5.http.wire - http-outgoing-1 << "[0xffffff99][\r]H '[0xb][0xffffffcb]:[0x16][0xfffffff7]([0xffffffed];[0xffffff90]Th)K[0x19]kj[0xffffff8c]N0 [0xffffff80][0xffffff85]hF[0x2][0xffffff84]4fU[0xfffffff3][0x18]~DC[0xffffffa4]K[0xffffffd8]-z[0xffffff94]([0xc][0x2][0x12]T[0xffffffb3][0xffffffbd]h[0xffffffb8] [0xffffffee][0xb]H [0xffffffec]4[0xffffff93][0xffffffb6]F[0xffffffb3]|[0xffffffa1]r.[0xffffffdf][0xffffffbe]:>9}[0xfffffff5][0xffffffa1]m)[0x17][\r][0xffffff8d][0xffffffac]P[0xffffffc4][0xffffffbe][0xffffffec][0xffffff8e][0xffffffc3]nYdm[0xffffff96][0xffffffc5][0xffffffb9]G[0x13]v[0xffffff8c][0xffffffb9][0xfffffffc]6[0x2][0xffffffa1][0x0]s[0xffffffe2][0x2]aS7[0xfffffffc][0xffffffa4][0x15][0xffffffb9]1[0xffffffe0][0xffffffa1]S[0xffffffe2][0xffffffb2],[0xffffffe0]J[0x16][0xffffffc0][0xffffff85]j[0xffffff8b][0x7]x[0x3][0xffffffe8][0x19][0xf][0xffffffd1][0xffffff99]V[0xfffffff4][0xffffffed]l~4[0xffffffb8][0xb][0xfffffff0][0xc][0x16][0xffffff83][0xffffffb3][0x8][0xffffffbb]E[0xffffffbf][0xffffffdb][0x17]>V[0xffffff98][0xffffffb0][0xfffffff3][0xfffffff8]Oc[0xffffffaf][0xffffffeb][0xffffff8f][0xffffffbf][0xfffffff1]?![0xffffffda]B,[0xffffff8b][0x9][0xffffffc8][0xffffffe0]uY[0xffffffb8]$[0xffffffa4]}[0xffffffb0][0xffffffb1][0xffffffc1][[fqm[[0xffffff86][0xffffffdd][0x14][0xf]p[0xffffffc4][0xffffff9d]6D[0xffffffd2]l[0xffffff8e]&*p[0xffffffe7]=bxw-[0xffffffe2]2<[0xffffff8d]f[0xfffffff0]Gi4l[0xffffffbb]R[0xffffffc6]l,a[0x1d][0xffffffc5]5[0xffffff97][0x12]jN[0xffffffe9][0xffffff86][0xffffff83][0xfffffffc]R[0xffffffaf][0xffffffa4][0x1e][0xffffff99][0x18][0x1f][0xffffffb5][0x0]&[0xffffffad][0xffffffe8]6[0xffffffb8][0xe]2[0xffffffe1][0xffffffe8]i[0xffffff88]I[0xffffffea][0xffffff97][0xffffff93]`[0xffffff87][0xffffffcf]T[0xfffffff8][0xfffffff2][0x6][0xffffff8f][0xffffffbc][0xffffff88][0xffffffac][0xffffffb5][0xffffff86][0x2][0xffffffde][0xffffffef][0xffffff8e][0xffffff86]a8[0x1c][0xfffffffb][0xffffffdc][0xffffffc4][0x18][0xffffffb8][0xffffffec][0xffffff97][0x11]s[0xffffffc7][0xffffffe5][0xffffffbe][0xf][0xffffffd8][0x1b][0xffffffc7][0x7f][\n]"
23:55:16.084 [main] DEBUG org.apache.hc.client5.http.wire - http-outgoing-1 << "[0xfffffffa][0xffffffdf]`[0xffffff9f]([0xffffffa9]d[0xffffffe0]O[0xffffff83]O[0xffffff99]R[0xffffffdf][0xffffffc2]$[0xffffff89][0xffffffd6][0xfffffffd][0xffffffb4]U[0xffffffbb][0xffffff97]z[0x13][0xffffffc9]=[0xf].Y[0xfffffff7]2[0xffffffd3][0xffffff8a]ETC[0xffffff8e]Q[0xffffffa5][0x18][0xffffffcf]2=[0x1f][0xffffffbd][0xffffffd3][0xffffff8b]3[0xffffffd7]N[0xffffffdd][0xffffff88][0xffffffb9][0xffffff9a]a[0x1d][0xffffffeb]E[0xffffffb1]Q[0x15]W[0xffffffb0][`T0[0xffffffc0][0xffffffe0]|[0xffffff93]v[0x1a][0x6]o[0xffffff99][0x1f]:[0xffffffca]=x[0xfffffff9][0xffffff81][0x10][0xffffffa5][0x1e]B0[0xffffffbc][0xfffffff9][0xffffffd9]#[0xffffff89][0xffffffbc][0xffffffb8][0xfffffff2][0xffffff82][0xffffffa7][0xffffffc6][0xffffffb4][0xffffff86][0xffffff87]\#[0xffffffb6]$[0xfffffff0]\u/b[0x1c]u[0xffffff8d]b[0xffffffbe][0xffffffbc][0x1c][0xffffff87][0xffffffb1]/[0x1e]5[0xffffffdf][0xfffffffa][0xfffffff1][0xc][0xffffffe0][0xffffffe6]w[0xfffffff4][0x19]N][0x8][0xffffffdd][0xffffffbe]t[0xfffffffa][0x1]f[0xffffffd1][0xffffff8b][0xffffffda][0x17][0xffffff98][0xffffffa1]|[0x1a][0xffffff86][0x6]E>G[0x5]%[0xffffffa6][0xfffffffd][\n]"
23:55:16.084 [main] DEBUG org.apache.hc.client5.http.wire - http-outgoing-1 << "r3[0xffffffb1][0xffffffc0][0xfffffff6]UU[0xffffffa6]0[0xffffffad][0xffffff96][0x13][0xffffffb8]U[0xffffffcd][0xfffffffd]w[0xffffff82]4[0xffffffbc][0xffffffe3][0xfffffff5]Pd[0xffffff80][0x15][0x12][0xffffff93]q19J`[0xffffffea][0xffffffa5][0xfffffff8][0xffffff96][0xffffffeb][0xfffffff8][0xffffff8a][0xffffff89][0xffffff87]X[0x0]2[0xffffffd5][0xffffff88][0xfffffffe]|%l[0xffffffb2]^"[0xffffffa4][0xffffffbc]~M[0xffffffd1]H[0xffffffcf][0xffffff9f]aY[0xffffffdb][0xffffffb1][\r][0xc][0xffffffee][0xffffffa2][0x5][0xffffffaf][0xffffffe8]O<[0x1f][0xffffffcd][0x17][0xffffffc2]G-[0xffffffa9]|EM[0xffffff99]f[0xffffffe0][0xffffffc6]s#[0x10]NQ[0xffffffb0]p[0xffffffb8]V[0xffffffe4]*[0x12][0xffffff8d][0xfffffff8][0xe][0xfffffff1]3[0xffffffac][0xffffff81]`[0xffffffef]%[0x6][0xffffffd8][0xffffff8e][0xffffffd5][0xffffffef]p#[0xfffffff2]5[0xffffff89][0xfffffffa][0xffffffbf][0xfffffff7][0xffffffe7][0xfffffff4][0xffffffec][0xffffffd1][0x17]c[0xffffffee]p[0xffffffb5]g[0xffffffeb]I[0xffffffea]V[0xffffffb3][0xffffffaa]7?h[0xffffffd5]i5[0xffffffa2][0xffffffe6][0xffffffd7]"[0xffffffc2][0xffffffc1]E[0xffffff83]@J[0xffffffcc][0xffffffcf]x[0xffffffc7][0xffffffea][0xffffffb7][0x19]|[0xffffffcb][0xffffff95][0xffffff88][0xffffffca]O[0xffffffbd]O[0xffffffc1][0x4]:[0xfffffff0][0xffffff87][0xffffffbe][0xffffffe1][0xffffffd9]zd[0xffffffdd][0xffffffb4][0xffffffb1][0xfffffffa][0x14]ug[0xffffffea][0x11]u[0xffffff9f][0xfffffff9][0xffffffb7][0x7]G[0xffffff9b][0xffffffb4][0xe]Yg[0xfffffff8][0xe][0xffffffb6][0xffffffaf][0xf][0x1a][0xffffffdc][0xffffffdb][0xffffffdc][0xffffffe2]3[0xffffffad]xQ[0xffffffe1][D[0xffffffe8][0xffffffdb]![0xffffffb7][0x10][0xffffffd7]X[0xffffffb3]H[0xffffffe8]Ei[0xffffffb8][0xfffffffd][0xe][0xffffffdb][0xffffffe1][0x7f][0xfffffff5][0xffffffef][0xffffffe2]7[0xffffff8a][0xfffffff0][0xffffffbb][0xffffffeb][0xffffffd8]U[0xffffff98]![0xffffffd7][0xffffffa2][0xffffffe5][0xfffffff2]2[0xffffff95][0xfffffff1]C[0xe][0xffffffa0][0xffffffeb]%=[0xffffffa7][0x1c][0x4][0xffffffa4][0xffffffe5][0xffffffa0]H[0xffffffeb][0x10]=[0x9]2[0xffffffee][0x5][0x2]Br[0xffffffa8][0xffffffdc]qr[0xffffffee][0x0][0xffffff8a]Z%I[0xffffffad]O[0xffffff81]I[0xffffffa8]7[0xffffff8f]IX[0xffffffbf][0xffffffc6][0xffffffbe]\[0xffffffb0][0xffffffde][0xffffffaa][0xffffffbd][0xffffffd8][0x1d][0xffffffaf]|[0xffffff9b]1[X[0xffffff8f][0xffffffb8][0xfffffff8][0xfffffff7][0xffffffbc][0xffffff83]|[0x11]"[0xffffffde][0xffffffc3]c[0xffffff95][0xffffffff][0xffffff8e][0xffffffd7][0xffffffa5][0x3]4[0xffffffa1][0xffffffb0][0x1e][0xffffffd5][0x4][0xffffffde]1[0xffffff97][0xffffffa1][0xffffffc4]A[0xffffffea][0xffffffd6]+[0xffffffc8]T[0xffffffca]a[0xffffffc4][0xffffffe1][0xffffffaa][0xffffffe4][0xffffffe2]E[0xffffff85][0xffffffe9][0xffffffbd][0xffffffdf][0xffffffd7],.*1[0xffffff99][0xffffffc7]\)[0xffffffb4]"[0xffffffb0][0xffffff85]@[0xffffff91][0xffffffe5].O[0xffffffa7][0xffffffb9][0xffffff87]=[0x11][0xffffffe1][0xffffffc5]e[0x14]&[0xffffffca][0xffffffe2][0xffffffa2][0xffffff97][0xffffff9e][0xffffffbc][0xb][0xffffff82][0xfffffffd][0xffffffed][0xfffffff6][0xfffffffb][0xffffffb9][0xffffff8f][0xffffffe2][0xffffffb2]\:[0xffffff8f][0xffffffe5][0xffffff93]|[0xffffffa6][0x12][0xffffffb5][0x7f][0x11][0xfffffff4][0x1f]~[0x1d][0xffffffd9]j$[0x0][0xffffffbd]>[0xffffffe1]z[0xffffff94]S[0xffffffae][0xffffffc0][0xffffff9e]G[0xffffffd7][0xffffff81]I[0x4][0xffffffe3]][0xffffff89]d\[0x1]=[0xffffffe6][0x2][0xffffffd5][0x1e]]rA[0xffffff99]R[0xffffff9b][0xffffffe3][0xffffffe1]E+[0xffffffc4][0x15][0xffffffc3]t[0xffffffd5]F[0xffffffe8][0xffffffc3][0xffffffcb][0xffffffd7][0xffffff9f]$[0xffffffbf][0xffffffd2][0xffffff8b][0xffffffa7][\n]"
23:55:16.085 [main] DEBUG org.apache.hc.client5.http.wire - http-outgoing-1 << "[0xffffffb9][0xffffffd2][0x11][0x14][0xffffff9d]"[0xffffffad][0x2][0xfffffffe]L[0xffffff8f]W[0xfffffffc]+ve[0xffffffe8][0xffffffc5][0x1]vZz[0x10]Q[0xffffffd0]G2[0x7f][0xffffff8e][0xffffff8f][0xffffff82][0xffffffb0],[0xfffffffe]"[0xfffffff9],q[0xffffffa8][0xffffffb8][0xffffffab]~[0xffffffd4][0xffffffcf]l.[0xffffffd0][0xffffffe7][0xffffffa4][0xffffffd8][0xffffffe4][0xffffffd1]ms[0xffffffb1][0xffffffc9][0xffffffa1]I[0xffffff8b][0xffffff8f][0xffffffc5]V[0xffffffb6][0xffffffd6][0xffffffe6][0xffffffdb]JO[0xffffff99][0xffffffb1][0xffffffa2]=[0xffffffe9]sa[0xfffffff2]W[0xffffff89]6[0xffffffc6][0xffffffc5]s[0x12][0x1e];[0xffffffd4]F[0xfffffff8][0xffffffa5]xV[0xffffff82][0xc][0x5]/[0xffffffba][0xf],[0xffffffb0][0xffffffcf][0xffffffcf]u%9M[0xfffffff8][0xffffffe2][0xffffffe5][0xffffffaa]b[0xfffffff1][0x13][0xffffffd7][0x3][0xffffff8b][0xffffff95][0xffffffde][0xffffffc6]%[0xffffffbc][0xffffffc7][0xffffffe8]]s[0xffffffa9][0x8][0xffffffe9]-5^[0x1e]X[0xffffffe8][0xffffffd0][0xffffff87][0xffffffc4][0xffffff8b]\[0xffffffe4][0xffffff93]2[0x5][0xffffff94]Ax[0xffffffa4][0xffffffa7][0xffffffcf][0xffffff91]][0xfffffffa][0xffffff94][0xffffff8a][0xffffffbd]e[0xffffff91][0xffffff8f][0x12][0xffffffed][0xffffff98]r[0xffffffc9][0xffffffd8]|&[0x15]2[0xffffffe8]y[0xfffffff8]x[0xffffff8d][0xffffff86]w[0x12][0xffffffd9][0xffffffe1][0xffffffb3]K[0xfffffff1][0xfffffffd][0xffffffc1][0xffffffb4][0xffffffa4][0xffffff8a]C"DR[0x1c][0xffffffd7]s*#_[0xffffffa9]2[0xfffffff2][0xffffffc0][0xffffff8e][0xffffffe1][0x4][0x8][0xffffffc4][0xffffffe9][0xfffffff2]2[0xffffffb8]d[0xffffffc4][0xffffffb6][0xffffff8f][0x1c][0x1a][0xffffffd8][0xffffff97][0xffffffc8][0xffffff8c][0xb]*Q[0xfffffff4][0xfffffff6]#f[0xffffffb4]Z[0x12]P[0xffffff98]|[0x1f][0xffffffcf][0xffffffad][0xffffffa5][0xffffffb0][0xffffffd2]:[0x1e][0xffffffa3]w[0xffffffac][0xb][0xffffff98]b=[0xffffffb0][0x1f] [0xffffffc3][0xffffffd3]/!.[0xffffff8a]0NP[0xffffff8a],[0xfffffff9][0xffffffd1][0xffffffe3][0xe]/[0xffffffe0][0xffffffb2][0xffffffe3][0xe][0xfffffff1][0xffffff98][0xffffffec][0xffffff89][0xffffffc7][0xffffff8c];*6?[0xffffffee][0xffffffc4][0xffffffb6][0xffffffc4]C/[0xffffff9f][0xfffffff7]4[0xfffffff8][0xffffffaa]/[0xffffffe8]e[0xffffff84][0xffffff9a][0xffffffc8]"2[0xffffffc3][0xffffffdb][0xffffff85][0xffffff87][0xfffffff6][0xffffffeb][0x1c][0xffffffa5][0xffffff95][0xffffffd4][0xffffff94][0x16][0xfffffffb][0xf]T[0x1a][0xffffffd7][0xffffff94][0xffffffec][0xffffffe7][0xffffff88][0xfffffffd][0xfffffff3][0xfffffff8][0xffffff81]m[0xffffffa7]W([0x10][0xffffff8f][0x19][0xffffff96]8(M[0xffffffde]N]~[0xb][0xffffffd5][0x3][0xffffffbc][\n]"
23:55:16.085 [main] DEBUG org.apache.hc.client5.http.wire - http-outgoing-1 << "[0xffffffb5] [0xffffff8f][0xffffff87]T[0x0][0xffffffad]pm[0xfffffff3][0xfffffffd]U[0xfffffff0][0xffffffd1][0xffffffef][0xffffffc2][\n]"
23:55:16.085 [main] DEBUG org.apache.hc.client5.http.wire - http-outgoing-1 << "[0xffffff9d][0xffffffdb][0xfffffff3][0x17]/[0xffffffc6]k[0xffffff96][0xffffffbf],[0xfffffff0][0xffffffb6][0xffffffaa][0xfffffff8][0xffffffe8][0xffffff8f][0xfffffff4][0xffffffd3]Gq,R[0x18]&w[0xffffffd6][0xf]x+[0xffffff84][0xffffffbf][0x16][0xfffffffa]B[0xffffffa2][0x15][0x1f][0xffffffda][0xffffffaf][0xffffff87]SV[0x16][0xffffffb4][0xfffffff9][0xffffffd5][0xfffffff8][0xffffffe5]_[0xffffffc2]x[0xffffffb4][0xfffffff0][0xffffffac]o[0xffffffb1]`[0xffffffa0][0xffffffc5]+j[0xffffffc1]1]q[0x0][0xffffff9f][0xfffffff3]Wo"
23:55:16.085 [main] DEBUG org.apache.hc.client5.http.wire - http-outgoing-1 << "<[0xfffffff3][0xffffffe3][0xffffff91][0xfffffff5]WH[0x1a][0xffffff8d][0xffffffa6]^[0xfffffff1]I[0x13]zg[0xffffffef][0xffffffe1]mH[0xffffffdf]G[0xffffffe6][0x9][0xffffffde]m[0xffffff86][0xffffffe2][0x15][0xffffffc6]%[0xffffffce][0xffffff9a][0x7][0xffffffe4]1?[0x1c][0x15][0xffffff9f]yM[0x7][0xffffff90][0xffffff94][0xffffffd4][0xffffffc8][0xffffffe1][0xffffffea]N[0x3][0xffffffdc][0xffffffff]7>[0x14][0xffffff8f][0xffffffe2][0xffffffa0][0xfffffff8][0xffffff8c][0xffffff8f]x1[0xffffff8d][0xe][0xffffff9f][0xffffffe0]@>[0xffffffe3]l1C[0xffffffba][0xffffffca][0xffffffb7][0xffffffde][0x10][0xffffff9b][0xffffffe5][0xffffffc5]g@[0xffffff95]h[0x1]9J:[0xffffff80][0xffffffcf]x7[\n]"
23:55:16.085 [main] DEBUG org.apache.hc.client5.http.wire - http-outgoing-1 << "n[0xffffffbc][0xffffff89]h[0xffffff95][0xffffffb7][0xffffffe2][0x1c][0xffffffbc]l[0xffffff9c][0xffffffcc]h[0xffffffc5][0x1a]-[0xffffffe6]sLLq"[0xffffffb4][0xffffff8b],t[0xffffffa2]>[0x1c]E[0x7f][0xffffff97]'w[0xfffffff3]Q[0xffffffbc][0xffffff98][0xffffffd2][0xffffffb4][0xffffffe0]C[0x7f][0x1a][0xffffffe3][\r][0xffffffe9]wx[0x7][0x6][0xffffffa9][0xffffffaf][0xffffff9b][0xffffffe2]f[0xffffffdd][0xffffffe0][0xffffff90][0xffffffe0]:[0x1c][0xc][0xffffff90][0xfffffffa][0xffffff86][0xffffffa7]N[0xffffffb1]@>k[0x7f]^oy[0xffffffbe]Z4S[0xffffffbe][0xffffff84][0xffffff8c][0xffffffcb][0xffffffae][0x12][0xfffffff4]IK[0xffffff85]Z[0x7]6~[0xffffffc7]W=[0xffffffbc]][0xffffff9e]C![0xffffffe2][0xffffffc5][0xffffffb3][0x7f]s[0xfffffff8]?%[0xfffffffc][0x7]d[0x1c](+[\r]G[0xfffffffc][0xffffffd7][0x8][0xffffff9b]E[0xffffffde][0x1d][0xffffffff]Io[0xffffffa4][0xffffffe8][0xffffffbd][0xffffff9b][0xfffffff8][0xffffffde][0xffffffc7]=[0xffffffe6][0xffffffbf][0xffffff90][0xffffffd9]p[0xffffffed][0xffffff8b]?[0xfffffffd];?[0xffffffc6]w[0xffffffbf][0xffffffee][0xffffff83][0xffffffec][0xffffffed][0xffffffb4][0xffffff9a]M[0xffffffc7]n[0xffffffd5][0xffffffd1][0x1b]{RMR%[0x1e]D5)W[0xfffffff8][0x1]T[0xffffff93][0xfffffff0]n[%{[0xffffffcb][0xffffffae]1[0xffffffaa]I[0xffffffdb][0xffffffa4]>S[0x1e][0x9][0xffffffeb]H=<=<_[0x4][0xfffffff0][0xffffffe9][0xffffffc1][0x9][0xffffffe2]iY[0xffffff8f]J[0x11]O[0xffffff8b]1[0xffffffbc][0xffffffc8][0xffffffc4]p<[0xffffffed][0xffffff94][0xfffffffd]$[0xffffff8b][0xffffffa7][0xffffffe5]=[0xffffffc4][0xffffffbc]O[0xffffffd7][0xffffffdb][0xffffffd1]U[0xffffff93]^[0xffffffd5][0xffffffce]O[0xffffff86][0xffffff9f]NO[0xffffffae][0xffffff89]I[0xffffff92]SM[0x12][0xffffff93][0xffffffbc]@5[0xffffffa9][0xffffffd7]o[0xe][0xffffff9a]^[0x3][0xffffff99][0xffffffc5][0xfffffff6][0xffffffc0][0xffffffab][0xfffffffa]~[0xffffffc5][0xffffffa9][0xffffffd9]5[0xffffffb7][0xffffffe6]T[0xfffffffc]A[0xffffffcb][0xffffffad][0xfffffff7][0xffffff9a]N[0xffffffaf][0xffffffee][0xfffffff9][0xffffff8d]*[0xffffffb9][0xffffffad]J]%[0x12]K[0x16][0xffffffc5]=D^[0xffffffa9]R[0xffffffb2]k[0x17][0xffffffc8]<[0xffffff87][0xffffffc4][0xffffff88][0xffffffcd]N[0xffffff80][0xffffffb3][0x5][0xffffff8b][0xffffffee][0xffffffc2][0xfffffffa][0xffffffd0][0x3][0xffffffd8]?sm[0xffffffa4][0xffffff9f][0xffffffdb][0xffffffa4][0xffffffb0]DG[0xffffffb9][0xfffffff5][0xffffffb6][0xffffffcd][\n]"
23:55:16.085 [main] DEBUG org.apache.hc.client5.http.wire - http-outgoing-1 << "#[0x7][0xffffff90]W[0xffffffaa]6[0xffffffab]u[0xffffffa7][0xffffff96][0xffffffa8]}[0xffffffc8][0xffffff8f][[0xffffffb0]n[0xffffffec][0xfffffff3][0xffffff93][0x1f][0xffffffdd][0xffffffd3][0xffffff8b][0xfffffff7]k[0xffffffd4]>[0xffffffd0]?[0xf][0xffffff90]WJ[0xffffff86][0xffffff85][0xffffffc4]c[0xffffffa3]L[0xffffff97][0x7]H[0x8]:[0xffffffa3]o[0x12]6[0xffffffcd]C`[0xffffffda]`,f[0xffffff99][0xffffffca][0xffffffd0][0xfffffff1]f[0xffffff81][0xffffffda]Z[0xffffffa1]T[0xffffff8b]<[0xffffff85]rW2[0xffffff8e][0xffffff8e]k[0xffffffbb][0xffffffd2]q~[[0x18]K[0x19]v[0xffffffc8][0xfffffff1][0xffffffb9][0xffffff92][0x1a]vY[0xffffffa9][0xfffffff3][0xffffffe1]&VN[0x15][0xffffffba]Kn[0x1]+[0xffffffc7][0xffffff81][0x2][0x8][0xffffffd4][0xffffff98][0xffffff96][0xffffff99][0xffffffe7])[0xffffffe0][0xffffffd5][0xffffffda]N[0xffffffad][0xffffff98][0xffffff93][0xffffffa3][0x1f][0xffffffe3]2;[0xfffffffd][0x10][0xffffff9c][0x1c] [0xffffffd7][0xffffff92][0xffffffec]R[0x1][0xffffff9a][0xffffffed]#[0x12][0x17][0xffffff98]^v[0x4][0xfffffff2]&[0xfffffff4]G[0xfffffff9]q[0x7] ^C[0x7f]L[0xffffff9a][0xffffffbe][0xffffff93][0xffffffec][0xffffff92][0x1][0xffffffe2][0xffffffbc] [0xffffff9a][0x1]bzH[0xffffffdf]m[0xffffffbd][0xffffffc9][0xffffff90])1][0xffffff81][0xffffffa6][0xffffffde]T[0xffffffe6]D[0xffffffed]X[0xffffff94][0x1][0xffffffe2][0x7][0x2]q[0xffffffad][0xffffffe5]8[0x5]@\[0xffffffab]6[0xffffffe0][0xffffff8e][0xffffffb2][0x1f](>[0xffffff98][0x2][0xffffffde]Z(>[0xffffff8c][0x1a][0xffffff93][0xffffffc0]^[0xffffffb2][0xffffff8c]b[0xffffff81]O[0xfffffff9]q[0x7]([0xffffffbe]O[0xffffff9f][0x13][0xffffffb4][0x4][0xfffffff8][0xffffff92]|f0jLJ[0xffffff9b]A_a[0xffffff8c]Vs9]^[0xffffffcc][0xffffffae]CA[0x1c][0xfffffffe][[0xffffffd8]ux\D[0xffffffdc][0xffffffac]V!s[0xffffffb1][0xffffffac][0xffffffc6]TiV[[\r][0xffffffe8][0xffffffe5][0xffffffed]!$f[0xfffffff3][0xffffffd5][0xffffffa7][0xc][0xffffff89][0xf]&[0xffffffc6]$`[0xffffff97][0xffffffdc]Q5[0x14]F[0xffffffe7]m2V}[0xffffffa5]v&hCW[0xffffffee][0xffffffd6][0x14][0xffffffa1]0[0xffffffde][0x1e]T[0xffffffdc]#[0xfffffff1][0x10][0xffffffc3][0xffffffac][0xffffff86]g[0xffffffed])[0x12]gI[0x8]`[0x1c][0xffffff92][0xfffffff7][0x13][0xffffffbd][0x1d][0x18][0xffffff87][0xffffffe0][0xffffffe5][0xffffffe1]Q[0xffffffd1][0xffffffc4][0xffffffc2]&[0x16]~[0xffffffa8]:[0xffffff88][0x6][0xffffffeb][0xffffff8f][0xffffffd5][0x7]I[0xffffff8b]2[0xffffffb1]pA,[0xffffffbc]iG[0xffffffa2]Ri[0xffffffd5][0xffffffeb][0x5][0xffffffba][0xffffffa4][0xffffff8d]ZsO;[0x12][0xfffffff5][0xffffffa7][0xffffff86][0xffffffdf][0x14][0xffffffc5][0xfffffff6][0xffffffbf][0x19]A[0xffffffca][0xfffffff9][0x1a][0xfffffff6]B-pk[0xffffffec][0xffffffa5][\r][0xffffffe5][0xfffffff5][0xffffffd8][0xffffffbb][0xffffffbd][0x16][0xffffff93][0xffffffc1]^[0xffffff83][0xffffffbd][0x6]{[0xffffffcb][0xffffffbf][0xfffffff1][0xfffffff0]w[0x13][0xfffffff6]V[0xffffffed][0xffffffa6]][0xffffff85][0xffffff9c][0xffffffdb][0xffffffb2][0x12]i[0xffffffdd]v[0xffffffec]BI[0xffffffe8][0xffffff9d][0xfffffff7][0xffffff83]y[0xffffffcf][0xfffffff8])[0xffffff83]_[0xffffffa0][0xffffffef]a4[0xffffff9a][0xffffffc4][0xffffffab][0xffffffc5]=j4[0xffffff89][0x2][0xffffff8b]4[0xffffff9a][0xffffffba][0xfffffffd]n[0xffffffbd][0xffffffda][0x1b]8[0xfffffff5]n[0xffffffbd][0xffffffb9][0xffffff9b]F[0xffffff93]~f[0xffffffaf][0xffffffea]5 *[0xffffffdb][0xfffffff5][0x1c][0xffffffbc])[0x1d]@[0xffffffa1][0xffffffa9][0xffffffdb][0xfffffff3][0xffffffeb]u[0xffffffbc]V[0xffffffad][0xfffffff6][0xffffffbc]T[0xffffffa3][0xffffffe9][0xffffffea]J[0xffffffa8]4[0xffffff85][0xffffff89]_[0x1a][0xffffffbf]l[0xfffffff9][0x7f][0xfffffff0]1/[0xffffffd9]D[0xffffff82][0x19],l[0xffffffb1][0xffffffb3][0xffffffda]NB[0xfffffffb][0xfffffffd]Z[0xffffffbd][0xffffffe0][0xffffffd9]7[0xffffffeb][0xfffffff7][0xfffffff9][0xffffffce][0x12]>[0xffffffec][0xfffffff7][0xffffffc7][0xffffffe2]=[0xffffff97][0xffffff89]zO[0xffffffa1][0xffffff9f]][0x11]E<[0xffffff80]N[0xffffff80][0x1f][0xffffff97][0xffffff9d][0xffffffba][0xffffffd3]x[0xffffffae])[0xffffffb5][0xffffff90][0xffffff9f]l[0xffffffd0][0xffffff83]\ID"[0x0]H[0xffffffc2]P[0xfffffff2]W>[0xffffffeb]1[0xffffff90][0xffffffaa][0x7])[0x11][0xffffff89]_[0xffffffbc]D[0x15](F[0xffffffba][0xffffffd8][0xffffffd1]Ub[0xffffffca]Z`[0xfffffff9]([0xffffff8c]re[0xffffffa7][0xffffffb1][0xffffff92][0xffffffc1][0xffffff9f]/.[0xffffffde]X[0xffffff9d]?[0xffffff83][0xffffffda][0xffffff9e][0xffffffb5][0xffffffc1]%[0xffffffcd][0x2][0xfffffffa][0xffffff8d][0xffffffb3][0xffffffdc][0xffffffe9][0xffffffdf][0xffffffb2][0x1c][0xffffff82][0xffffffa0][0xffffffa9][0xfffffff6][0xffffff89]r[0xffffffcf]R[0x3][0xffffffd0][0x15]B[0xffffffb3][0xffffff8a][\n]"
23:55:16.086 [main] DEBUG org.apache.hc.client5.http.wire - http-outgoing-1 << "[0xffffff94][0xffffff82][0x0]B[0xffffffd3]H[\n]"
23:55:16.086 [main] DEBUG org.apache.hc.client5.http.wire - http-outgoing-1 << "t[0xffffffb0][0x12][0xffffff81][0xffffffb0]n[0x4][0x7f][0xffffff9a][0xffffff84]jF>*[0xffffff8d][0xffffffc8]SR6[0xffffff90]:U[0xffffffeb][0xffffff8a][0xffffffe3]7[0xffffffaf]3r"[0xffffff89][0xffffff93]`.G0UH[0xffffffca]:[0x6]*[0xffffffeb]][0xfffffffd][0xfffffff2]c[0xffffffa4]c[0xfffffff5][0xffffffd8][0x11][0xffffff97][0xffffff9a]r[0x16][0xc]G[0xffffffb8][0xffffff8c][0xffffffff][0xfffffffe][0xffffffaf][0xffffffff][0x13]C[0xffffffba]e[0xffffffe0][0xffffff81]'O[0xffffffae][0xffffff83]#[0xffffff92][0x5]a[\n]"
23:55:16.086 [main] DEBUG org.apache.hc.client5.http.wire - http-outgoing-1 << "q[0xffffffda][0x19][0xffffffaf][0xffffff85][0xffffffe1][0xffffffde]8[0x14]:'9[0x1d][0x14][0xffffffe1][0xffffff92]w[0xffffffa7][0x1c]-[0xffffff87][0xffffffc8]][0xffffff9c][0xffffffbe]X[0xffffff96][0xffffffcc]`a[0x2][0xffffffb6][0x19]$y[0x9][0xffffff98]F[0xffffff85][0xffffffd6][0x18][0xffffff9c][0xffffff8b]DbB/][0x11][0xffffffca]e[0x1b]1[0x10][0xffffffc4]][0xffffffa1][0x1b][0xffffffa5][0xffffffda][0xffffffaa][0xffffff8e][0xffffff87]M [0x14]% [0xffffffce][0xffffff82][0xffffffac]u[0x8]V%[0xffffff8a]+[0xffffffe2]j[0xfffffff9][0xffffff92][0xffffffd8][0x1c]9[0xffffffb9]&[0xffffff8b]G0i[[0xffffff8c][0xffffffc7][0xffffff90]&h[0xffffffa7][0xffffffd7]iY[0xffffffce][0xffffff91][0xffffffd5])[0xffffff93][0xffffff85][0xffffffaf][0xffffff94]t[0xffffff89][0xffffffcb][0xffffffb2])GxkX[0xffffff86][0xffffffbc][0x6][0xffffffbd]H[0xffffff8c][0xffffffcb][0xffffffa7][0xffffffd4]?e[0xffffffc5][0xffffffa5][0xffffffc6][0x1d][0xffffffed][0xffffff88][0xfffffff6]Y[0xffffff96][0xffffff8b][0x2][0xfffffffe][0xffffffc7][0xffffff9f][0xffffffcf]O_=[0xffffffaa][0xffffff94][0xffffffca][0xffffffaa]f[0xffffffa8][0xffffffbb][0xffffffb6]ms[0xffffffaa]k[0xffffff9b][0xffffffb3]Ki[0xffffffe2][0x2]5KK=Ms[0xfffffff5]([0xffffffd4][0x5][0xffffff90]t[0xffffffc3][0xffffffc6].[0x14]k[0xffffffa0][0xfffffff1][0xffffffb5]|wD=[0xffffffaf][0xb][0xffffffbd]Vgx[0xffffffcb]H[0xffffffea]F"
23:55:16.087 [main] DEBUG org.apache.hc.client5.http.wire - http-outgoing-1 << "+[\n]"
23:55:16.087 [main] DEBUG org.apache.hc.client5.http.wire - http-outgoing-1 << "z[0xffffff81][0xffffffb9][0x4][0x1d]1OJ[0xffffffe7][0xffffffac][0xffffffbe][0xffffff91]0[0xffffffad]&KG[0xffffffa1][0xffffff85][0xffffffa1][0x14][0x7f]:B[0xffffffae][0xffffffac][0x3][0xffffff84][0xfffffff1]I[0xffffff98]D[0xe][0xffffffb9]bM[0x8][0xffffffa5]b[0xffffffc2][0xffffff83][0x1a][0x2]c[0xffffffde]b[0x1e]N[0x12]cH[0xffffff80]E8&[0x7f]K%/E[0xffffffe3][0xffffffd6][0xffffffeb][0xffffffe2][0xffffffcb][0x5]t[0xffffff92][0xffffffc4]$[0x13]SJJ[0xffffffa4][0xffffffb1][0xffffffee][0xffffff98][0x1a][0xfffffff4]$ &[0xffffffbc],[0xffffff8b][0x11] [0xffffff93][0xffffffbc][0xffffffba][0xffffffba][0xffffffe7][0xffffff85][0xc][0x0][0xffffff9e]:[0xffffff92]E[0xffffffaa][0xb]MC [0x18][0xffffffb9][0xffffff98][0xffffffc6][0xffffffc1][0x10][0xffffffee][0xffffffa6][0xffffffe9][0xffffffc8]_^[0xffffffb8] [0xffffff87][0xffffffa3]m7[0xffffffbd][0xffffff80][0xffffffe6][0x10]8[0x2]L[0x3][0x17][0xffffffaa]0K[0xffffffc5][0xffffff8b][0x1b][0xffffff97][0x16].[0xffffffdd]^Y[0xf][0xffffff86][0xffffffd4]v46[0xffffff80]u[0xffffffed][0xffffffdf][0xffffffd1]-Ps+#[0x9]#[0xffffffca]![0x15][0xb]R4[0xffffffea]a=`]64:[0xffffffab][0xffffff95][0x5][0xffffffa9][0xffffff89]p[0x11][0x3][0xffffff87][0xffffff87]PW[0xffffff99] [0xfffffff5][0xffffffb7][0xffffff8f][0xffffffa9][0x9][0xfffffff6][0x2][0xffffffba]][0xffffff8d][0x0][0xf][0xffffffda]k[0xffffffd1][0xffffff82][0xffffffb5][0xffffffb6][0xffffffc0][0xffffffb7][0xf][0xffffffc4][0x7][0xffffffd2][0xffffffb9][0xffffffbb]E33::o[0xffffff91]~[0xffffff8c][0x1b][0xffffffa6]:[0xffffffa4]d[0xffffff9d]D[0xffffffe1]l[0xffffff86][0xffffffa2]t[0xfffffffc][0x1c][0xfffffffb]C[0xffffffaf]w[0x7][0xffffffa2][0x1]<[0xffffffd1][0x3]H0[0xffffff82][0xffffffb3]b[0xffffffc9]Dq,PR"N[0xffffffd3][0x1a]"T[0xffffff92][0xffffffe7][0xffffff90][0xffffffbf].z[0xffffff94][0xffffffa4][0xffffff86] f[0xffffffc1]6[0xffffffb8][0xffffffda][0xffffffd9][0x10][0x19][0x13][0xffffffd6][0xffffffb8][0xffffff9d][0xffffffcf][0xffffffff]x[0xfffffff6][0xffffffea][0xffffff87]W[0xffffffa7][0xffffffaf][0xffffffce].[0xfffffffe][0xfffffff1][0xffffffac]m[0xfffffffd][0xfffffffb][0xfffffffb][0xfffffff7][0xffffffaf]O[0xfffffffe][0xffffffe3][0xffffffd7][0xffffff8e]\RH[0xffffffd3][0xffffffb1][0xb][0xffffffda]![0xb]n[0xffffffd1][0xfffffff0]b[0xffffffc5]'M[0x1c]O[0xfffffff6][0xffffffe3][0x4][0xffffff95]u[0xffffff91][0xffffffce]xm[0xffffff85]c[0xffffffb2][0xfffffff3]U[\r][0x16]=+[0xffffffd4][0xffffffb6]h[0x1e][0xffffff91][0xffffffff]*)oQ[0xffffffff][0xffffff92][0x0][0x1f][0xffffffdd][0xffffffbb][0xffffff90][0xffffff96][0xffffffa5][8[0x7][0xffffffb3]h[\r][0xfffffff2]H0Z[0xffffffd9][0xffffffea]XJ[0xffffffab]Ii[0xffffffbc]4[0x11][0x1e]C[0xffffff95][0xffffffcd][0xffffff86][0xffffff8b][0xffffffc7]j.mz[0xfffffff5]h[0xffffff95]7[0xffffffc0][0xffffffea][0xffffff94]J)[0x15][0xffffff88][0x1c][0xffffff8f][0xffffffa1][0xffffffdf]%h[0x14][0xffffff94][0xffffff83][0xffffff85][0xfffffff6][0xffffffcd][0xffffff94][0xffffffd4][0xffffff8d][0xffffffb8][0xffffff9a][0xffffffa5][0xffffffe3][0xffffffad][0x7f][0x7f]s[0xfffffffe][0xfffffff6][0xffffffe2]?:[0x10]0b[0xffffffac][0x0][0xffffffce][0xffffff84]=[0x16][0xffffffbd][0xffffffa1][0xffffff81][0x1][0xffffff91]!1|q[0x1e][0xffffff97].[0xffffffbb][0x16][0xffffff9c][0x12]$[0xffffffa3][0xffffff93][0xffffffa9]k[0xffffffb2]Tw[0xffffffa1][0x1f][0xffffff86]q[0xffffffc2]K[0xffffffbe][0xffffffe8][0x5]V'[0x12][0x1d]!;N[0xffffffb4][0x1]~[0xffffffcc][0xffffffe4][0xffffffda][0x1b][0xffffffa6]#[0xffffffa3]rd[0xffffffe3][0xffffffff][0xffffffa9][0xffffffd1]T(][0x5][0x1e]+[0xffffffab]T[0xffffffa1]U[0xffffff9a][0xffffffb8][0xffffff92][0x1a] [0xffffff89][0xffffffa0][0xffffff8f][0xffffffa8][0xffffffe1][0xffffff94]p-;#y[0xffffffdd]N[0x4][0xffffffab]f[0xffffffe3][0xffffffc5][0xffffff84][0x3][0xb]Z[0xffffffd9][0xfffffff5]Q[0xffffff96][0xffffffdc](Q[0x10][0xffffffd9][0xffffffd5][0xffffff93][0x0][0xe][0xffffffb5]V[0xffffffab]v[0x2]Z[0x15]k[0xffffffda]iC,i[0x1e][0xe][0xffffffed][0xfffffffb][0xffffffb4][0xffffffa7][0x1f][0xffffffcb][0xffffff9b][0xffffffcf]h6[0xffffffa1][0xffffffac]pj[0xffffff93][0xfffffff0][0xffffffdb][0xffffffc5][0xffffffb2]; q[0xffffff94][0xffffffcc]0[0xffffffc0][0xffffffd0]$[0xffffffc5]*Kj=q[0x8]<[\r]1)[0xffffff85]{6M[0xffffffd9][0xffffff92]?[0x18] [0xffffff9c][0x12]7[0xffffff85][0xffffffa3][0xffffffe8][0xffffffe2][0xffffff81][0xffffffb4][0xc]zT2]1[0xffffff96]v[0xffffff9e][0x4]sh[0xffffffa3] ![0x1d][0xfffffff4]A[0xb]CX\[0xffffffee][0xfffffff9]bN[0xfffffff9][0xffffffec]#[0x4]',[0xffffffed][0x15][0xffffff8f][0xffffff82][0x19][0xffffff94][0xffffffb1][0xffffffac][0xffffffd3][0xfffffff0][0x1e][0xffffffc0][0xffffffed]%U[0xffffff95][0xffffffac][0xffffffc4][0xffffff92][0xffffff98])[0x19]V[0xffffffd2]![0xffffffd4][0xffffff9f][0xffffffc1]T[0x6]}[0xffffffd9][0xffffffa1][0xffffffb8][0xffffffa0].[0xffffffd3][0xffffffef]qN[0xffffff8c]K0))t%v8[0xfffffff5][0xfffffff8][0xffffffba][0xffffff82][0xffffffa8]c[0xffffffc6][0xffffffe0]u`[0xffffffbe][0xffffff8e][0xffffff82]>[0xffffffb0]L[0xffffff95]lY[0xffffffdf][0xffffffde][0x11][0xffffffbe][0x11]/[0x5]0[0xffffffec]E[0xffffff98][0xffffffb3][0xffffff91][0xffffffb2][0xffffff9a]f[0xffffffd9]2[0x1d][0x17][0x7][0xffffffd0][0xffffffd4][0x11][0xffffff95][0xffffffb1]KxZ[0xffffffa5][0xffffffe8][0xffffff90][0xffffffc1][0xffffffd8][0x1b][0xffffffd2][0x10][0xffffffc7][0xfffffffa][0xffffffb5][0xc][0xfffffff9][0xffffff90])[0xffffffc3]L[0xffffff9f][0xffffff88][0x15]B[0xffffffb8][0x1d][0xffffffdf][0xffffff82]j[0xffffff81][0xffffff90][0xffffff87][0x1a][0x1f][0xffffffcf][0xffffff81]%[0xffffff91][0xffffffd6]e[0xffffffef]8[0xffffff9c]T[0xffffffb2][0xffffff84][0xffffffbc][0xffffffaa]Qo[0xffffffa9]eL.m[0xffffffb8]=[0xffffffdf][0xffffffbe];[0xffffffd1]PQo[0xffffffed]-k[0xffffff80][0xffffff91][0xffffffc1][0xffffffb3][0xffffffc4]r[0x16][0xffffffec][0xffffff94][0xffffff91][0x1b][0xffffffaf][0x1c]BQ4)[0x1c][0xffffffdf][0xffffff89][0xb][0xffffffe9][0xffffffc8][0xffffffe0][0xffffffab][0xffffffa3][0xffffffa2]O[0xffffffd4][0xffffffc3][0xffffff9e][0xffffffcd][0xffffffb8][0xffffffb2]3[0xffffffc4][0xffffff97]z`[0xffffffdd][0xf]0[0xffffffc6][0xffffffa0][0xffffffdf]9[0xffffffa7][0xffffff96]X[0xffffffe8][0xffffff82][0x1b][0x8][0xfffffffc][0xffffffc8] [0x1]pp[0xffffffeb][0xffffff8f][0xffffffc7][0xffffffc9]e[0xfffffffd]1[0xffffff85][0xffffffaf][0xffffffa8]O/;[0x5][0xffffffd2];;R[0xffffffbe][0xffffff8d][0xffffff98][0xffffff8f][0xffffffe0][0xffffffa7][0xffffff8a][0xfffffffe][0xffffff94][0xffffff94]4#[0xffffffe6][0xffffff83][0xffffffb1][0xffffff95][0xffffff97][0xffffffd8][0xffffffd9]q`[0xffffffed][0xffffffa0][[0xffffff91][0xffffffaf]I[0xffffffdc][0xb]#[0xffffffe6]c[0xffffffc4]|fq[0xffffffbb]\fU[0xffffffb7][0xfffffff5][0xffffff92]d;[0xc]6Ei[0x16]Ta1[0xffffffd4][0xffffff8c][0xffffff98]O[0xffffffa6]{[0xffffff8d][0xffffff98][0xffffff8f][0xffffff94]{3b>[0x1c]e[0x14][0xffffff8a][0xffffffec][0xffffffec][0xffffffb8][0x1c]p[0xffffff90][0xffffffbe]A[0xffffffe0][0xffffffae][0xffffffb0][0x1e]1C[0xb]Ev[0xe][0xffffffd0][0xffffff84][0xffffffc2]zT[0x13][0xffffff8c][0xffffff98][0xffffffcf]N`,%[0xffffffb9][0x4][0xffffffd0][0xffffff92][0x0]F*[0xf]d[0xffffffc4]|[0xffffffa6][0xffffffa5][0xfffffff7][0xffffffef]xe+[0xffffffe3]y[0xffffff9f][0xfffffffe][0xffffff9d][0x8][0xffffffb1][#[0xffffffe6][0xffffffb3][0xffffffa2]ct1[0x1f][0xffffff9e][0xffffff90]F[[0xffffffe7][0xffffff91][0x2]*F[[0xffffffe7]+[0xffffffa3][0xffffffad][0x13][0xffffffa5][0xffffff8a]N[0xffffff9a][0xffffff8e][0xffffff93][0xffffffd1][0xffffffd6][0xffffff91][0xffffff82]VF[[0xffffffc7]h[0xffffffeb][0x18]m[0xffffff9d][0xfffffff2]o][[0xffffff87][0x2][0x2][0x11][0xffffffa5][0x17]9[0xffffffa9]<X[0xffffffc0]Q[0x17][0xfffffff8]S[0xffffffb9][0x3][0xffffffe7][0xfffffffc]:+~[0xffffffb6][0xffffff8f][0xffffffac]W[0xffffffa7][0x6][0xfffffffb][0xffffffc0]Z[0xffffff85][0xffffffa8][0x6][0xfffffffb][0x12][0xffffffc3][0xffffff91]%[0x1e]F[0xc]'[[0xfffffff8][0x1][0xffffffc4]p[0xffffffaa][0xffffffa9][0x18][0xffffff8e][0xffffffac][0xffffffab]H[0xc][0xffffffe7]X[0xffffffbc][0xffffffba][0xfffffff7][0xfffffffb][0x17]x1[0x6][0xffffffba][0xffffff84]L[0x16]v[0xffffff9b]5J[0xffffffa6][0xffffffd6]S[0xffffff85][0x7f][0xffffffac][0xffffffff][0xfffffff4][0xffffffb7][0xffffffb3]q[0xffffffef][0xffffffe3][0xffffffab][0xffffffbb][0xfffffff3][0xffffff93][0xfffffff7][0xffffff9f][0xffffffce][0xffffff8f][0xffffffbf][0xfffffff9][0xffffff86][0xffffffba][0xfffffffa][0x6]& Q[0xffffff9e]L[0xffffffca]_B[0xffffffc4][0xffffff9f]S^[0xffffffe9][0xffffffb5][0xffffff96]d[0xffffffdc][0x8]/[0xffffffdf][0xffffffb2][0xffffffc3][0xffffffa5][0xffffffff][0xffffffe9][0xffffffe6][0x1b][0xffffffba]Y[0xffffffc3]H[0xffffff96]AI[0xffffffca][0xffffffcf][0xfffffff0][0xffffffc5]"[0x2][0xffffff89]c=[0xffffffad][0x7f][0xffffffb9][0xffffffd1][0xffffffa4],[0xffffff9f]k[0xffffff85]&[0xffffffeb][0xffffffb5]|[0xfffffffc]ND[0xffffffb5][0xffffffdc][0xffffffe9][0xf][0x17][0xffffffc9]).[0xffffffe8]12[0xe][0xfffffff9][0x12][0x1f]%[0xffffff98][0xffffff93]/l[0x7f][0x4][0xffffffb6][0xffffffa5][0xffffff92][0x1f][0xffffffcb][0xffffffa1][0xffffffc8][0x17][0xffffffb8]+[0xffffff93]"[0x7f]>k[0xffffff84]a[0xfffffff0][0xffffff89][0xfffffffc][0xffffffdc][0xfffffffc]x.[0xffffff92][0xffffff96][0xffffffc8][0xffffff97][0xffffffb0][0xffffff9f][0xffffffcc][0xffffffde]|[0xffffffa9]{[0x15][0xffffffd5]qN?[0xffffffbe][0xffffffae][0xffffff9c]][0xffffff9c][0x12][0xffffffa7]*'[0xffffffaa]#[0xffffffc0][0xffffffa2]@T[0xffffffc7]i[0xffffffb4][0xffffffaa]5[0xffffffaf][0xffffffd7][0x4][0xffffffbb][0xffffffad][0xffffffda][0xffffffea][0xfffffff7]=[0x7][0x9]h[0xffffffbd]f[0xffffffaf][0xffffffef][0xffffffd9][0xffffffbd]z[0xffffffdf][0xffffffeb]w[0xffffff91][0xe]\sZ][0xffffff92]<[0xffffff90]T[0x1][0xfffffffc][0xfffffff5][0x10]5[0x1d][0xffffffa7][0xffffffe4]6/\[0xffffff97]urV[0xffffffab][0xffffffe9][0xffffffa8][0xffffffa3]jv[0xffffffdb]a[0xffffffe1][0xffffff88]"
23:55:16.088 [main] DEBUG org.apache.hc.client5.http.wire - http-outgoing-1 << "[0x3][0xffffffa8][0xffffffe9][0xffffffd8]M[0xffffffb7][0x2]R5[\n]"
23:55:16.088 [main] DEBUG org.apache.hc.client5.http.wire - http-outgoing-1 << "g[0xffffffde][0xffffff84][0xfffffffc][0xffffffb8][0x5]o[0xffffffe2][0xfffffff6][0xfffffffc][0xffffffe4][0xfffffff5][0xfffffffd][0xffffffd9]Io[\r]o[0x2][0xfffffffd][0xffffffbc]RM[0xffffff87][0xffffffc1][0xffffffaf][0xffffff80][0xffffffb6][0xffffff96][0x1b][0x13][0xffffffaa]][0x6][0xffffffa2]5k[0xfffffff8][0xfffffffc][0xffffffbc]y[0xffffffb0][0xffffffcd]uqA[0x6][0xffffffa2]w[0xffffff97]|[0xffffffc8][0xfffffff7][0xffffffa4][0xffffff81][0xffffffe8]g[0xffffffed][0x1][0x12][0x7f][0xfffffffd]_Y'r[0xffffff95]&[0xffffffcf]&E[0x1e][0xffffffb7][0xffffffe5][0xffffff80][0x0]W[0xffffffc4][0x7f][0xffffffab]T[`w[0x15][0xffffffd0][0xffffff8f][0x13][0xffffffd0]t$h.[0xffffffbb]d[0xffffffdb]K[0xffffffc7][0x1c][0xffffff82][0xffffff81][0x1][0xfffffff4][R[0xffffffe4])@[0xffffffc4]}<[0xe](E[0x1e]F[0xffffffef]zB@[0xffffff96][0x1f][0xffffffb7][0x7][0xfffffff3]_[0xffffffd6][0x10][0xffffff90][0xffffff93][0xffffffa6][0x17]([0xfffffff2][0x18]0[0xffffffa7][0xffffffb4][0xffffffaf][0xffffffe4][0xffffffa1][0xffffffc2][0xffffffc4][0xffffffdb][0x5][0xffffffea]dy[0xffffff84]4[0xfffffff1][0xfffffff6][0xffffff9c][0xffffff93][0x14][\n]"
23:55:16.088 [main] DEBUG org.apache.hc.client5.http.wire - http-outgoing-1 << "[0xffffffa5][0xffffffdc][0xfffffff2][0xffffff9d][0xfffffff5][0xffffffdb][0xffffff89][0xffffffb7][0x1f][0x3][0xffffffe6]Mp[0xffffff99][0xffffffeb]Eb[0x12]v[0xffffffb3][0xffffffd2]h[0xffffffba]$),[0xffffffec]utII=[0x8]vV([0xffffffac]-[0x5][0xffffffca]O[0xffffff8e][0xffffffe7][0xffffff87][0xffffff91][0xfffffff5][0x11][0xffffffd1]x[0x16][0xffffffcf][0x1b][0xffffffdb][0x8]J[0xffffffa8][0xffffffe0]|[0x3][0xffffff9e]g[0xffffff94]0H[0xffffffe5][0xffffff99]5%[0xc][0xffffff9a][0x1b]4[0xffffffdf]qS[\n]"
23:55:16.088 [main] DEBUG org.apache.hc.client5.http.wire - http-outgoing-1 << "[0xffffff8e][0xffffff8e][0x1e][0xffffffb8]r}[0xffffffa8] [0xffffffdf][0xffffffc2][0xffffff96][0xffffffe4][0xffffffd7][0xffffffcf][0xffffffb0][0xffffffab][0xffffff9c][0xffffff85][0xffffffbf][0xffffffe2][0xffffffe9]-#[0xffffffa6][0xfffffff6][0xffffff90][0xffffffad][0xffffff86]G[0xffffffab][0xffffffb1][0xffffffe5][0xffffffb1][0xffffffd4][0xffffff84][0xffffffe6][0xfffffffb][0x9][0xffffffcd][0xffffffed]V[0xffffffab]I[0x12]@K[0xfffffff4][0xffffffe8]Z[0xffffffdd][0xffffffae]U[0x1a][0xffffff9b][0xffffffc0][0xffffffbc][0xffffffc6][0xffffffc2][0x13][0xffffffeb][0xffffff82]s[0xffffffbb]-[0xffffff8e]yJ0?[0xffffff98]6[0xffffff90][0xffffff88][0xffffffc5][0xffffffb3][0xfffffffb],[0xfffffff5]m[0xfffffff4])$[0xffffff94][0xffffffff][0xffffffb2]a[0xffffff9f][0xffffffa5]@[0x1b][0xffffffc8][0xffffffe0][0xffffffb8][0xffffffc1]q[0xffffff83][0xffffffe3][0xffffff89],[~[0x1d][0xfffffff8][0xffffff92]v[0xffffffc1][0xffffffd7]D[0xffffffe5][0x1b]T.*[0x10][0xffffffda]lRL[0xffffff99][0xffffff87][0xfffffff1]j[0xffffffb5]Y#[0xfffffff5][0xffffff8b][\r]!ys3[0xffffff8a];|[0xffffffcc]S[0xffffffa2][0xfffffff8]a$[0xffffff86]D4[0xffffff9e][0xffffff88]l[0xffffffca][0xffffff8f][0xffffffdb][0xffffffef][0xffffffae][0xfffffff4][0xffffffee][0xffffffd1][\r]+$[0xffffff86]hw%[0xffffff95][0xffffffe6]0[0xffffffa1]8[0xffffffa9][0xffffff9a]/[0xffffffbf][\n]"
23:55:16.089 [main] DEBUG org.apache.hc.client5.http.wire - http-outgoing-1 << "0[0x1b]+fc[0x5][0xffffffd4]{[0xffffffb5][0xffffffd5][0xffffffc6][0xf][0x19]_[0xffffffca][0xffffff8b][0xffffffcc][0xffffff87]Cx[0xffffffb5][0xffffffde][0xffffffc0][0xb]K$0[0xffffffe4]![0xffffffbc][0xffffffd5][0xffffffaa]5[0xffffffaa][0xffffffd5][0xffffff8d][0xffffffdb]*5~[0xffffffb7][0xffffffb8]![0x12]?[0xffffff98]Z[0xfffffff2][0xffffffaa]m[0xfffffff2][0xffffff83][0x9][0x15][0xffffff89][0xffffffb7][0xffffffbf]{[0x14]*[0x12][0x5][0x16][0x8][0x15][0xffffffb5][0xffffff9c]F[0xffffffb5]Q[0x1d][0xffffffe0][0xfffffffd]j[0xffffffc5]O[0xffffffa5]sF[0xffffffc3][0xffffff8c][0x9][0xffffffac][0xffffff94][0xffffffcf][0xffffff81][0xffffff83][0xffffffe2]t[0x1e]yc[0xffffff8c][0xffffffe9][0xffffff9b][0xffffffb2]~b*ET[0xffffffa0]{[0xfffffff3][0x1a][0xffffffe7][0xffffff84][0xfffffffd]E[0xf]t[0xffffffee][0xe][0xffffffb2][0xffffffe6][0xffffff83][0xffffffde][0x1c][0xffffff9e]b>[0xffffffbe][0xfffffff5]#0[0xffffffce][0xffffffbd].[0xffffffd3][0xffffffd8]A[0xffffffab][0xfffffff7]f[0xfffffff2]o[0xffffff95][0xffffffef]$tT[0xffffff90][0xffffffad][0xffffff99][0xfffffffe][0x16][0x10]s[0xffffffba][0xffffffcf][0xffffff8e][0xffffff90]`[0xffffff9b]C[0xffffffc0][0xffffff80][0xffffffcb][0x13]l[0xffffffea][0xffffffb4]0[0xffffffab]7[0xfffffff2]{[0xffffffd7][0xffffff92]Q+[0xffffffc9][0xffffffde]$[0xffffff8a]A:*[0xffffff82][0xffffff8c][0xffffffdc][0xfffffff9][0xfffffff7]`:[0x3]3[0xffffff9b][0xffffffd4][0xe][0xffffffbf][0x19][0xffffffa0]9 [0xffffffe8]K[0xffffffe9][0x4][0xffffffd2]o9&[0xffffffc9][0xb]*[0xffffff99][0xffffff9a][0x2]}[0xffffff96]l[e[0xfffffff1]B[0xffffff9f]`0 9[0x7])[0x2][0xfffffff3][0x2][0xffffffac]oR[0xffffff86]`I"[0xffffffd8][0xffffffaf][0xffffff81]>[0xffffffad]J[0xffffff80]R[0x2][0xfffffff8][0xffffffe6][0xffffffa0][0x15]G[0xffffffa4][0x1e][0x1][0x1d][0x0][0x16]]H[0xfffffffc]>[0xffffffd9][0xffffff83][0xffffff91][0xffffffbc][0xffffffc2][0xffffffd3]{[0xffffffb0][0xffffffca][0xffffffe7][0xfffffff2][0xffffffab][0xffffffc4][0xc][0xffffff90][0x1c][0x17]!][0x11]?[0x17][0xffffff95][0xffffffb0]$[0xffffff82] kC4[0x4][0x1a][0x9][0xffffffe2][0xffffffdd]5X[0xffffffe2]t[0x7][0xffffffc6])[0xffffff93]][0xffffff89][0xfffffff1]P[0xffffffd7][0xffffffa2][0xffffff8c]YH[0xffffffcc][0xffffffec][0xffffffce][0xfffffff7][0xffffffaf].[0xffffffac][0xffffffb2][0xfffffff4]"-[0x7f]N[0xffffffbd]{[0x7f]%[0x7f][0xffffffd6]r[0xffffffea]<X[0x1e]@[0xffffffcf]U[\n]"
23:55:16.089 [main] DEBUG org.apache.hc.client5.http.wire - http-outgoing-1 << "[0xffffffcc][0x10][0xffffffc1][0x1a]Dpf[0xfffffffa][0xffffffe3][Ki[0x1b]X[0xffffffe9][0xffffffe1][0x10][0xffffff93][0xffffff98][0xffffffa3]'[0xffffffae][0xffffff99][0xffffffe3][0xffffffff]}[0xffffffe4][0xf][0xffffffad][0xffffffef]0[0xffffff84][0xfffffffc];[0xffffff8d][0xffffffb9]-[0xffffff94][0xffffff91][0xffffffa8]5[0xffffff90]A[0xffffff80][0xf][0x1f]R[0xffffffd0]|[0xffffffd0][0xffffffbc]K#[0xffffffd8][0xffffffd4]Y[0xffffffff][0xfffffffe][0xffffffe7][0xfffffff3]w[0x17]g[0xffffffc7][0xffffffa7][0xffffffaf]p[0xffffff8b][0xffffff98].Nu[0xffffff82][0xffffffcc][0xffffffdd][0xffffffa7]JQ[0xffffffa4]'.^[0xffffffd3]*[0xffffffe2][0xffffffdb][0x5][0xffffffb9][0x0][0xffffffbf][0xfffffffc][0xfffffffa][0xffffff8d]5[0xfffffff6][0xffffffee]@OgR[0xffffffbe][0xffffffa2]o[0x17][0xffffffd6][0xffffff9c][0xfffffff6][0xffffffc3][0x1b][0xffffffd4][0xffffffb7][0xffffffdc][0x11]WA[0xffffffff][0xffffffd7]2[0xffffffe6];[0xfffffff0][0xffffffab][0xffffff8c][0xffffff96][0xffffffea][0xffffffd7][0xffffff8f][0xffffff82][0xffffffd9][0xfffffff1]SpA[0xffffffd2][0x1b][0xffffffd8][0xffffffc7][0xffffff8e][0xfffffff8]8$O\9[0x7f][0xffffff8e][0xffffffb0][0xffffffad][0x3][0xffffff96][0xffffffd0][\n]"
23:55:16.089 [main] DEBUG org.apache.hc.client5.http.wire - http-outgoing-1 << "[0xe][0xffffff80]4[0xffffffd2][0xffffff8e][0xffffffcb][0xffffffa9]=[0xffffffe7]s[0xffffffc5][0xfffffff0][0xffffffa7][0xb][0x15]A.[0x6][0x16]u[0xffffffd4]<[0xffffff9c][0xffffff95][0xffffffc6]T>[0xffffff94]5 [0x1a]D}[0xffffffc1][0xffffffe0][0xfffffffc]i^[0xffffffa4][0xfffffff7][0xffffffe4]cd[0xffffffa0][0x17]<[0xffffff88]E[0xffffffd0][0x5]@[0xffffff9b][0x8][0x7f]c[0xffffffea][0x1d]A[0xffffffa9][0x8]cu[0x0][0xffffffbf]x[0xfffffff2][%5[0xffffff86][0x0][0xffffff9c]i[0xffffffd1][0xffffffa3][0xffffff8a]8_[0xffffffaf][0xffffffd3][0xfffffff1]$[0x1a][0xffffffa0][0xffffffb3][0xffffffed][0x7f]N[0x7]1[0xfffffff5],8[0xfffffff3]Rp[0xffffffc4][0xffffffea][0xffffffe0][0xffffffba][0xffffffe7]![0xffffff8d]7[0xffffffb4][0x8][0x1a]3[0xfffffffe][0x11][0xffffffa8][0xfffffffa][0xffffff90]A[0xffffffa0][0xffffff8f][0xfffffff4][0xffffff8e][0xffffffb5][0x3]B=f[0x1e][0xffffffdb]9ZVg[0x1e]-[0xfffffffc][0xe][0xffffffa4][0x6][0xffffff86][0xffffff90][0x4][0xffffff86]z[0xffffffc2][0xffffff80][0xffffffae][0xffffff83][0xffffffce][0xffffffb2] 9[0xffffff85][0xffffff89]?[0x1e][0xffffffc7][0xffffffd0]r[0xffffff80][0xffffffa1]b'[0xffffff98][0xe][0xffffffc2][0xffffffaf][0xffffff9f]w^X[0x1d][0xffffffc8]`L[0xfffffff9]/H}[0xffffffc8]R[0xffffff98][0xffffff81][0xffffff85][0xffffffef]p[0xffffffc6][0xffffff94][0x4]p[0xffffffa0][0xffffffbd] E[0xe]d[0xffffffe5][\n]"
23:55:16.089 [main] DEBUG org.apache.hc.client5.http.wire - http-outgoing-1 << "TJ[0x19]y[0x2][0xffffff92]~BkH[0xffffffad][0x1]5[0x0] [0xffffff8e][0xffffffc4][0x12]s[0xffffffd4][0xf]b[0xffffffd2][0xffffff96][0xffffffe9][0x7f][0x17]F[0xfffffff4][0xffffffca][0xc]M[0xffffffeb]h[0xffffffd7](*[0xffffffc5]=![0xffffffa9][0x0]"[0xfffffff2][0xffffffab][0xffffffbe][0xfffffffa][0xffffff8f]o[0xffffffac]zM[0xffffffa8]Jy[0x19][0x9][0x1e].[0xffffff96].[0x10][0xffffffd2]&c[0xffffff8c]j[0xffffffc8][0xffffff80](Q[0x8]u [0xfffffff4][0xffffffc3]T#[0x9]E[0xffffff97]$`.[0x16][0x11]4r[0xffffffd0]C@[0x1c][0xffffffa1][0xffffff9c]C3[0xffffffc1][0xffffff8b]&[0xffffff8d][0xffffffd1][0xffffffe0][0xffffff85][0xffffff94]La[0xfffffffd][0xffffff9f]T[0xffffffb9][0xffffff81]:B([0xffffff95][0xfffffff5]q[0xffffff8e]D3[0xffffffea]!\[0xffffff91][0x10][\n]"
23:55:16.089 [main] DEBUG org.apache.hc.client5.http.wire - http-outgoing-1 << "[0xffffffa2][0xffffff92][0xffffffe6][0xffffffa2][0xffffffc1]<A[0xffffff80]O[0xffffffbd][0xffffffac][0x14][0xffffffcd]K[0xffffff86]1M[0xffffff8a][0xffffffe6][0xffffff98]d[0xffffffaa]t[0xffffff80][0xffffffe1][0xffffff99]-qg[0x1d][0xffffffb0][0xffffffaa][0xffffffab]#\gm[0xc][0xc]B[0xffffffd2][0x6][0x1][0xffffff94][0xffffffd3]m[0xffffffe7]z[0xffffffb8],j[0xffffff89][0xffffffa6][0xffffffe8][0x2][0x3]f[0xffffffe1][0x2][0xc]\[0xffffff90][0xffffffa3][[0x17]m[0xffffffc0][0x0][0x16][\n]"
23:55:16.089 [main] DEBUG org.apache.hc.client5.http.wire - http-outgoing-1 << "^[0xffffffac]!$[0xfffffff5]PP[0xffffffc1][0xffffffc4][0xffffffef]3[0xffffffeb][0xffffff88][0xffffff95]IR[0xfffffff4][0x5][0x18][0xffffffc9][0xffffff8e][0xffffffc0][0xffffffd8][0xffffffc2][0xffffffd4]I[0xffffffd0][0x1d][0xffffffa5][0xffffff8b][0xffffff93][0xffffffb7][0xffffffb8][0xffffff94][0xffffffe4]NI[0xffffff89][0x1b]YT[0xffffffda]h\[0x5]:[0xffffff9f][0xffffffc5][[0x18][0xffffff96]o[0x8][0xffffffd5] [0xfffffffd]3[0xb]g,-[0x7]Q[0x19]1[0xffffff88][0x6][0x11][0xffffffc4][0xffffff88]H;[0xffffff84][0xffffffc6][0xffffffa0]7[0xffffffff]"
23:55:16.090 [main] DEBUG org.apache.hc.client5.http.wire - http-outgoing-1 << "[0xffffffef][0xffffffff][0xfffffffa][0xffffffdf]R8[0xffffff84][0x17]:[0xffffff92]vC[0xffffffbb][0xfffffff0]-[0x1a]E[0xffffff9d][0xffffff83][0xffffff9e])[0xffffff80]vQ[0x14])[0xffffffe8][0xffffffc0][0xffffffdf]=[0xffffffbc][0xffffffa6][0xffffffb5][0x11]3Lv2K[0xffffffe8]@A[0x4][0xffffffde][0xffffffa6]:[0xfffffff2][0xfffffff1]]D[0x3][0xffffffa9][0xffffffef]1"P[0xffffff9b]? [0xffffffd9][0x19][0xc][0x2][0xfffffff6]A[0xffffffb7][0xffffffa4][0xffffffdb]s"[0xffffff88][0x6][0xffffff9f]`[0xffffffcd][0xffffffcd]7Q[0x1]\[0xffffffb5]L[0xffffffa5][0xffffffb2]9[0xffffffa9][0xffffff83][0xffffffb6]N8[0xffffff90][0xffffff8b][0xffffff96]$7[0xffffffeb][0xffffff8b]D[0xffffffe4][0x7][0xffffff93]Ef.[0xffffffe4][0xffffff94]L^[\n]"
23:55:16.090 [main] DEBUG org.apache.hc.client5.http.wire - http-outgoing-1 << "[0xffffffcd];[0xfffffff4]m[0xffffffe7][0xffffffa5][0xffffffc0][0xffffff94][0xffffffd2][0x5][0x16][0xfffffff2][0xe]][0xffffff8a][0xffffff92]|[0xffffff80][0xffffffe8][\n]"
23:55:16.090 [main] DEBUG org.apache.hc.client5.http.wire - http-outgoing-1 << "[0xffffffa9][0xffffff8d][0xffffffd3]p[0xffffffea],[0xffffffe6][0xffffff83]R[0xffffffb3]C[0x7f][0xe][0xffffff82]O[0xffffffaa][0xffffffaf]X,[0xffffffaf][0xffffffec][0x1c]99=[0xffffff9d][0xffffffee]"[0x15][0xffffff8d])a[0x16][0xffffff8e][0xffffffbd]O[0x14]3[0xffffffa0][0xffffffe3]q[0x3][0xffffff84]^[0xffffffd2]=[0xffffffcb][0xffffffe1]Pm[0xffffffca][0x11][0xffffff9b][0xffffffa4][0xfffffff2]p[0x1f][0x1][0xffffff91]<[0xffffff80]y8`[0xffffff8e]3[0xffffffa7]R[0xffffffde]gR[0xfffffff1][0x12][0xffffffb2]2T[0xffffffd6][0xffffffbe];S-[0x14][0xffffffda][0x1d][0xffffffe6]N[0xffffffc3][0x14][0xffffffc3][0xffffff92][0xffffff8b]N![0xffffff9b]r[0xffffffdc]d[0xffffffbe][0xffffff90][0xffffff95][0xe][0xffffffc5][0xf][0xffffffba][0xffffffa9]+[0xc][0xffffff8a][0xffffff9f]SG[0xffffff90]hS[0xffffffd6][0xffffffb3][0xffffffd8][0xffffffe2][0x16][0xffffffdc][0x4][0xfffffffe]-[0xffffffe9][0x1d][0xffffffbd] X[0xffffffe2]o[0xffffffa4][0x12][0x10]Z,[0xffffffc3][0x1b][0xffffffbe][0x12][0xffffffc4][0xfffffffc]{[0xffffffb5][0xffffff95]U9[0xffffffe9][0xffffff88]`[0xffffff95]Ym[0xffffffb1][0xffffffad],[0x1e]H[0xfffffff6]a+[0xffffffeb][0xffffffec][0xffffffc7]V[0xffffffb6][0xffffffe2]V[0xffffffab][0xffffffb5][0x16][0xffffffed][0xffffffea][0xffffffec]+[0xffffff93]^[0xffffff96]x[0xffffff98]L[0xfffffffa]l[0xffffffe1][0x7][0xffffffc8][0xffffffa4][0xffffff87][0xffffff9e][0xffffff95]J[0xffffffba][0xffffff94]u[0xffffff99]Lz[0xffffff93][0xffffffd9]3[0xffffffdf]!Y[0xffffffc5][0xffffffbc][0xb][0xffffffde][0xffffffa1][0xffffffb3]~;[0xffffff99]=+[0xffffffed]i[0xffffffef]O?[0xfffffffe]h[0xffffff9f]]\[0xffffffd3][0xfffffff6]u.[0xffffff93]^[0xffffff80]EA&[0xfffffffd][0x4][0x6][0xffffffcb]L[0xffffffb0]yD[0xffffff9e]|[0x13]f[0xffffffb2]%[0xffffffbb]J~[0xffffffb2]v[0xffffffa5]]e[0xffffffa9][0xffffffec]B[0xffffffd7]YN[0xffffffff]q[0xffffffe0][0xffffffc0][0xffffffe8][0xffffffb6][0xffffffab][0x7]r[0xffffff9d]E[0xffffffea][0x12][0xffffff96][0x9][0xffffff95][0xffffff89]#?m[0xffffffde][0xfffffffa][0x1f][0xffffffd6][0xffffffce][0xffffffb8][0xffffffef]~$[0xfffffffa][0xffffffd0][0xffffff8a][0xffffffad][0x7f][0xfffffff4]aI<i[0x1c][0xffffffa1]#[0xffffff8f][0xffffff86][0xffffffd4][0xffffffcd]&[0x13][0xffffffc7]l[0xffffffff]#[0xffffff9d][0xffffffe6]A[0xfffffff9]2&[0x13][0xffffffe7][0xf][0xffffff96]WY[0xffffffc1]&?[0xffffffb0]iy[0xffffffff][0xffffffbf][0xffffffe6][0xffffffda][0xffffffad][0x2][0xffffffaf]D[\r]W[0xffffff9d]F[0xffffffdb][0xffffffb5][0xffffff8b]v[0xffffffff][0xffffff8b][0xffffff8e]9[0xffffffc4][0x1b]\[0xffffff80][0xffffffdf]R[0xffffff92][0xfffffffc]2 [0xffffffee]1G[0xffffff9e][0xffffffa0][0xffffffbb]f[0xffffffab][0xffffff97][0xffffffb8][0xfffffff2][0xffffffd3][0xffffff96]@[0xffffffee][0xffffff9c][0xffffff9e][0xffffff9c]n[0x0]r[0x8][0xffffffd7].>[0xffffffc1][0xffffffa4][0xffffffcb] [0xffffffb9]a[0xffffffa4][0xfffffff6]9[0xffffffff]Q[0xffffffc0][0xffffffb1]A[0xfffffff2]Ew[\r][0xffffff83][0xffffffed][0xf][0xfffffff2]"w[0x13][0xffffffdd][0xffffffa9][0xffffffd2][0xffffffb2][0xffffffe1]H[0xffffff82][0xffffffd4][0xffffffc9][0xfffffffc][0xffffff9b]\[0xffffff90][0xfffffffd][0xffffff9b][0x0][0xfffffff8]|.[0xffffff8e][0xffffff8e][0xffffffd2][0xffffffad][0xffffffb6]][0xffffff98][0xffffff8b]St[0xffffffcc]S"y[0xe][0x11][0xfffffff7][0xc][0xffffffe5][0xffffffd5]VS[0xffffffee]VpLN[0xffffffcb][0xffffffdd]&[0xffffffc7]/[0x11][0xffffff93][0xffffff9f]_[0xc][0xffffffb7][0xffffff81]rCv[0x2]E[0xffffffc5]@[0xffffffb9][0xffffff81][0xfffffff2][0xffffffad][0xffffffa9]J[0x6][0xffffffca][0xffffff83]{[0xffffffff]Y[0xffffffbb][0xffffffd2]l[0xffffffd4][0x1d][0xffffffbb](=[0xffffffbe][0x1][0x13][0xfffffff3][0xffffffba]S[0xffffff90]Y[0xffffffa9]#u[0xffffffb3]][0xffffffdb][0xffffff88][0xffffffe6]8[0xffffffa6]u[0xffffffa8][0xffffffcc][0xffffffca]Uq9[0xffffffa3][0xfffffff9]A[0xffffffc8]N[0x2][0xffffffbf][[0x19]4G[0xfffffff7]m[0xffffff8b][0xffffffe6][0xffffffd7][0x1b][0xffffffd0][0xffffffdc]P[0xffffff9d][0xffffffc4][0xffffffa6][0xffffffa4][0xffffffc1]r[0xffffff83][0xffffffe5][0x6][0xffffffcb]a[0xffffff8f][0xffffff9d][0x1a][0x7f][0xffffff95]7[0xffffff85][0xffffffe5]n[0xffffffd5][0xffffffa9]4)[0xffffffb4][0xffffffcc][0xffffff87][0xffffffe5][0x14][0xffffff95]7[0xffffffaa][0x5]N[0xffffff90][0xffffffb9][0xffffffa0][0xffffffbb][0xffffff90][0xffffffb7]Zt[0xffffffcc]S[0x6][0xffffffe6][0xffffff87][0xffffffa2]:1[0xffffff90]7[0xfffffff5][0x1d][0x16]|[0xffffffda][0x1a][0xffffffc8]7[0xffffffee][0xffffffb0][0x18][0xffffffa2][0xffffff93][0xffffff89][0xffffffc8][0xffffffe7][0xffffff94]1h6W[0xffffffb6][0x14][0xf][0xfffffff8][0xffffff83]D[0xffffffe4][0x1b][0xffffff88]N[0xffffffd5][0xffffffba][[0xffffffb7]m[0x0]Q[0x1e][0xffffffc4]+v[0xffffffad]Y)[0xffffffd0][0xffffff92][0xffffffc9][0xffffff86][0xffffffe3][0xe][0xffffffcb]t[0xffffffe5][0xffffff93][0xffffffe4]s[0xffffffc7][0x1c][0xffffff8c][0xffffffe8][0xffffffb4]*[0x1c]?[0x8][0xffffffd1]Il[0xffffff8a][0xffffffeb][0xffffffef]:k[0xfffffff6][0x16][0xffffffa2][0x3][0xffffffbc][0xffffffaf][0xffffff82]-[0xfffffff2]M[0xffffffef]:[\r][0xffffffcd][0xffffffc9][0x0][0xffffffb8][0x1][0xfffffff0]][0x12]j[0xc][0xffffff80][0xffffffd3][0xffffff8e]J[0xffffffcd][0xffffffad][0xffffffd7][0xffffff9b][0xffffff95][0xffffff82][0xffffffd7][0xffffff9c][0xffffff8e][0xffffffd3][0xffffffb0][0xffffffed][0xffffffba][0xffffffbd][0xffffffe1]Mg[0xffffffab][0xffffffed]n[0x11][0xffffff86][0xffffff8b]c[0xffffff9e]2[0xc]?[0x18][0xffffffcf]I[0xffffffe4][0xffffffe6][0xffffffec][0xffffff91][0xffffffe7]$[\n]"
23:55:16.091 [main] DEBUG org.apache.hc.client5.http.wire - http-outgoing-1 << "[0xffffff94]<'&7([0xffffffab]nb[0x1f]x[0xffffffc1][0xffffff94][0xffffff98]9S[0xffffff98]S[0x12])d@[0xfffffff9][0xffffffc0]H[0xffffff96][0xffffffa6]<[0xfffffffa]4K[0xffffff96]3[0xffffffc2][0x5]c[0xffffff89][0xffffffb3][0xffffffde][0xffffff91]4[0xb][0xffffffcf] [0xfffffff7][0xffffffc8][0xffffffa6]${b[0xfffffff7][0xffffffdc]"E[0x1a][0xffffffc6][0xffffff8d]d[0xffffffc7][0xffffff8a][0x4]vd[0xffffff9d]sv:X[0x0][0xffffffe0]@[0xffffffb0][0xffffff87][0xffffffa6]d[0xffffffa6]PZ+[0xffffff8c]V[0xffffffa9][0xffffff8c]L[0xffffffbe]:[?[0xffffffb2][0xffffffb9]g[0xffffffdf][0xfffffff7][0xffffff90]}[0xffffffcf][0x9][0xffffffe2][0x7f]yw~[0xffffff96]8er~[0xfffffff1][0x6]6[0x0][\n]"
23:55:16.091 [main] DEBUG org.apache.hc.client5.http.wire - http-outgoing-1 << "g[0xffffffa6]J[0xffffffa7][0xffffff98][0xffffffb3]#[0xffffffb3]h[0xffffffcb][0xffffff9f][0xffffff95]#,[0xfffffff1]W[0xffffffe6][0xffffffde][0xc]<'[0xffffffc9][0xfffffff8][0x11]y[0xffffffc9]dK*[0xfffffffd][[0xfffffff5][0x1c][0xffffffec][0xffffffbf][0xffffffe2]B'[0xffffffd6]_[0xffffffbd]y[0xffffffa6][0x15]K\[0xffffff80][0xffffffcb]$[0xffffffcb][0x1b][0xfffffff4][0x14]0D>[0xffffff80]s[0x4][0xfffffffd][0xffffffe0]>eL[0xffffff87][0xffffffe8][0xffffffb6]J3[0xffffffe7];[0xffffff9a][0xffffffcb][0xffffffe4][0x6]W$F[0xffffff92]{_[0xffffffd7][0xffffffa2][0xffffff86][0x1b]2[0x12][0xffffffd9];[0xffffff92][0xffffff8c][0xffffff92][0xffffffff][0x9][0xfffffffd][0xffffffcf]V[0xffffff90][0xffffffa2][0xfffffff5][0xffffffc8][0xffffff8f][0xf][0xffffffd1][0xffffffff][0xffffff94]f[0xffffff8f][0xfffffff4]f[0xffffffc5]Y[0xffffffe2]WP[0xffffffe8]A:F[0x1c]w[0xffffff9c][0xffffffcb][0xffffff82][0x16]7[0x14]d[0x11][0xffffffce][0xffffffd0][0xffffffd7][0xffffffef][0xe][0xffffff9a][0xffffff9d][0x14]JT[0x16]n[0xffffff9e]d[0xfffffffb]d[0xffffffda][0xffffffd5][0xffffffc1]0A[0xfffffffe][0xffffff98]G[0xffffff8c][0xc][0xffffffce]`V[0xffffffa6][0xffffff9c][0xffffff85][0xffffffd7]$[0xffffff9a][0xffffffb1][0xfffffffa][0xffffffc2]2[0x6][0xffffffce]lL*[0xffffffdb][0xffffffa6][0xffffff8d]/QF[0xffffffe2][0xffffff8a]I[0xffffffa3][0xffffff96][0x1d]J1,[0xffffffd9][0xffffff91][0xffffff9e][0xffffffb8]m[0xffffffca]}4[0xffffffe7][\r]\[0xffffff8a][0xffffffe7]wc[0xffffffc9]E[0xffffffcb][0xfffffff7][0x12][0x19]@[0xffffffd3][0xffffff88]L[0xffffffee][0xffffffb4]e[0xffffff9d][0xffffff80][0xffffffcf][0x11][0xffffffde]"[0xffffffed]/[0xffffffa2][0xc]n[0xffffff9f][0xffffff99][0x9][0x19][0xffffffeb]ae[0xffffffe1]+[0xffffffca][0xffffffed]3%I[0xffffff96][0xffffffab]n[0xffffff8c]4v%'T[0x7f][0xffffff82]\o/"[0xffffffd7]c[0xffffffca][0xffffffa4]GY[0xffffffec][0xffffff90][0xffffffaa][0xffffffcc][0xffffffaa][0xffffff95]}p[0xc][0xffffffca][0x6]%[0xffffffd4][0xffffff8b][0x12][0xffffffba]>.[0xffffff90][0xffffffaa][0xfffffff6][0xffffffe1][0xffffff82]n[0xffffffab]i[0xffffffac][0xffffffe5][0xffffffb7]w[0xfffffffa][0xb][0xc]9[0xffffffdc]fe[0xffffff91]=[0xffffffc1][0xffffffb8][0xffffff93][0xffffff86][0xffffffbc][0xffffffde][0xffffff98]zbF[0xffffffb7][0xffffffd7][0xffffff92][0xffffff89][0xffffffde][0xffffffdb][0xe][0x6][0xffffffaa]P?[0x11][0x1c][0xffffff9f]`[0x2][0xffffff95]|[0xffffffdc][0x12][0xffffffc5]Y[0xffffff92]C[0x13][0xffffffb3]?[0xffffffdf][0x6]u[0x1b][0xffffffc9][0xffffffb7][0xffffff96]H)l[0xffffff8f]L [0x3][0xffffffe7]f[0xffffffe2][0xffffffb5]([0xffffffea][0x9]W@@#[G[0xffffffec][0x17][0xffffffc2]&[0xffffffc9]^[0xffffff82]El[0xffffff80][0xffffffde][0xffffff97][0xffffffdc][0x11]j[0xffffff91]r[0xffffff99]W[0xffffffd7][0xffffffac][0xfffffff5][0xffffffc3][0xf][0xffffffe1][0x10][0xffffffb6][0xffffffce]D[0x5]C[0xffffff87]"
23:55:16.092 [main] DEBUG org.apache.hc.client5.http.wire - http-outgoing-1 << "[0xffffff81]y,yO[0xfffffffe]'[0xfffffff0]f[0xffffffe8]o[0xffffffcd]W[0xffffff97]I[0xffffff8f][0xffffffbb]t[0x4]hY[0xffffffb2]lAh[0x9]&[0x18]~`[0xffffffb4][0xffffff8d][0x19][0xffffffd5],[0xffffffad]F[0xffffff8d][0xffffffd4][0xffffffa8][0xffffffc8]P G[0xffffff95]$[0xfffffffa][0x12][0xffffffa9][0xffffff92][0xffffffd1]X[0xffffff92]uT[0xffffff97][0xffffff88]R[0xffffffe4][0xffffff90][0xffffffd0]I[0x0]i[0xffffffc5]8C[0xffffffce],[0x0]&S[0xfffffffb]P.][0x17]h[0xffffff97][0xffffffe9][0xffffffa5][0xffffffe9][0xffffffe3]"[0x19]oj``(x[0xfffffffd]>[0xfffffff3][0x1f][0xffffff90][0xffffffea][0x0][0xffffffa3]][0xffffffa6]od[0xffffff86][0xffffffcb].[0xffffff9d][0xffffffd2]Y[0xffffffaa][0xffffff80][0xffffffa6]"[0xffffff81][0xffffffb1][0xffffffb8][0xffffff9c][0x15][0xffffff88]L,JnFY6[0xffffff83][0x19])`[0x9][0xffffffc1][0xffffffb1][0x18][0xffffffe4][0xffffffb0]0[0xffffffba][0xffffffd3]F[0xffffff8f]([0xffffffa9]x[0x8][0xffffffb1][0xffffffe5][0xffffffbc][0xffffffb8][0x1e][0x1a]B|I[0xffffffe8][0xf][0xffffffdc][0x16][0xffffff94][0x4]6[0x1a][0xfffffffa])[0xffffffa5][0xffffffa4]j[0x1d][0xfffffff3][0xffffffee][0xffffffcf][0xffffffc7][0xe][0xffffff8f]9[0xffffffcc]kI[0x7][0x11]#[0xffffff86]z[0xffffff83][0xffffffc7][0xffffffe3][0xffffff98]F:[0xffffff8a]J[0x17]H[0xffffff8c]Kb[0xffffffe9][0xffffffe2][0xffffff84][0xffffffb4][0xffffff87].0[0x1e][0xffffffa9],AoBy`m[0xffffffca]"asM[0xffffffbc]@[0xffffffe6][0xffffffa7][0xffffffd1]*[0xffffff98][0xffffffb1][0x2][0x6]%K[0xffffffb1]5[0xffffffb1][0xffffffc3][0xffffff8f][0x19][\r]b|@[0xffffffd7][0xffffffad]F[0xffffff85][0xffffffaa][0x1e][0xffffffdd][0xffffffe2][0xffffffb8]4%d[0xffffffd5] [0xfffffffa]1[0xffffffa3][0xffffff89]0[0x3][0xffffffc5][0xffffff8b][0xffffffbe]I[0xffffffea][0x18]p[0xffffffb9]Sk[0x4][\n]"
23:55:16.092 [main] DEBUG org.apache.hc.client5.http.wire - http-outgoing-1 << "$[0xfffffff1]~[0xffffff89]j(G[0xffffff9b]?[0xffffff8d][0xffffffc1]k[0xffffffa4][0x5][0xe][0xffffffc3][0x16][0x14]dv[0xe][0x17][0xffffffe4][0xffffffb9][0xffffffa4]_[0xffffff8c][0xffffffc3].sB[0xffffffdf][0xfffffffa][0xfffffff1][0xc][0xffffffc4]K[0x7f]G[0xffffffdb]9[0xffffffe3][0xffffffb0]k[0x1c]v[0xffffffe7]g[0xffffffe1]<[0xffffffa5][0xfffffff3][0xffffff8b]0[0xffffffc3]8[0xffffffec][0xffffffca]Y[0xffffffd5][0xffffff9b][0xffffffef]8[0xffffffa3]vp{[0xffffff85][0xffffff89][0xffffffb0][0xffffffe0][0xffffff9c][0xffffff93][0xffffffff] [0xffffffa1][0xffffffe2]e[0xffffffe7][0xfffffff5][0xfffffff4][0xffffffc6][0x1b][0x7][0xfffffffd][0xffffff97]a[0x18][0x1][0xffffff80]I&a[0xffffffc7][0xffffffea][0xffffffb7][0xffffffb1][0xffffffb2]\[0xffffffae]DT~[0xffffffea]}[0xffffffc2][0x2]r[0xffffffef][0xffffff8b]F[0xffffffed]X[0xfffffff1][0xe][0xffffffd7][0xffffff9d][0xffffffad]G[0xffffffd6][\r][0xffffffee][0xffffffea][0xffffff93][0xffffffd4][0xffffff9d][0xffffffa9]G[0xffffffd4][\r][0xffffffc2][0xffffffbe]4S=[0xffffffdc]5[0xffffffa7]u[0xffffffc8]:[0xffffffc3]w[0xffffff8b][0xffffffde][0x8][0xfffffff7][0xfffffff9]:[0xffffffd8][0x15][0xffffffb3][0xffffffb7][0xffffffb9][0xffffffc5]gZ[0xfffffff1][0xffffffa2]B[0x1a]c[0xffffffdb]-[0x12][0xffffffc6]a[0xffffffd7]8[0xffffffec]R@[0xffffffa1]0[0xffffffa9][0xffffffd0][0xfffffff9]v[0xffffffc7][0xffffff99][0xffffffb2][0xffffffcd][0xffffff98]-[0xffffffac]G[0xc][0xffffffde]B[0xffffffe7][0xffffffdb][0x3]4[0xffffffa1][0xffffffb0][0x1e][0xffffffd5][0x4][0xffffffe3][0xffffffb0]k[0x1c]v[0xffffffe5][0xffffffd2]y[0x1c][\r][0x17][0x13]<[0xffffffaa][0xfffffff1][0xffffffd0][0xffffff80]f[0x3][0xffffffad][0xffffffd9][0xffffffc9][0xfffffff6]U[0xffffffd0][0xffffffff][0xfffffff0]`S7[0xffffffe3][0xffffffb0][0xffffffbb]B][0xffffffc7]8[0xffffffec][0xffffffb2][0xffffff92][0x8]?[0xffffffc6]_[0xffffff9e]`S[0x18][0xffffffdb]z2h[0xffffffd1]F[0xffffffdb].b[0x1e][0xffffffc6]a[0xffffffd7]8[0xffffffec][0xfffffffa][0xffffffdb]9[0xffffffec][0xffffffb2][0xffffffba][0xffffffd9][0xfffffff1][0xffffffd8][0xffffff8f]  [0x3][0xffffff89][0xffffffaa][0x7][0xe][0xffffffb8][0xffffff98][0xfffffff4][0xffffffce] [0x1d][0x16][0xffffffcd]K$t[0xffffffc5]#9[0xffffffa3]I[0xffffff93][0xffffffa2][0xffffffe6].[0xffffffe3][0xffffffd8][0xffffffb8][0xffffffe0][0x1a][0x17][0xffffffdc][0x7f][0xffffffae][0xb][0xffffffee])[0xffffffe9][0xffffff9b][0xffffffbd][0xfffffff1][0xffffffa7]x[0xffffff91][0x15]hsCK[0xffffff83][0xfffffffe][0xffffffb8][0x18][0xe][0xffffff91][0xffffffd6]>[0xffffffc1][0xffffff81]b[0xffffffd8]Cu[0xffffffcc][0xfffffffa][0xb][0xffffffe4][0xfffffff1][0xffffff96][0xe]/O[0xffffffee][0xffffffe6][0xffffffa3]x1%[0xffffffa5]7>[0xfffffff4][0xffffffa7]1^QAq[0x11]/,[0xffffffc3][0xffffff9b][0xffffffa5][0xffffffc3][0xffffff99][0xffffffef]v[0xffffff83]C[0xffffff82]k[0x8][0xffffff8b][0xffffffd1][0x9][0xfffffffb][0xfffffff1]~[0xffffff85])V[0xffffffab][0xffffffd2]$)[0xfffffff9]})[0xffffffd6][0xffffffc8][0x12][0xf][0xffffffa3]X[0xffffff93]-[0xfffffffc][0x0][0xffffff8a]5x},Y[0x3][0xffffff8e][0xffffffac][0xffffffcb]([0xffffffd6][0x18][0xffffffc5][0xffffff9a]][0x12]l[0xffffff8c]b[0xffffffcd][0xffffff97][0xffffffa5]Xsw~[0xfffffff1][0xffffffaa]vz?$[0xffffffcf][0xffffff8c][0xffffff9c]b[0xffffff8d][0x0][0xffffff8b][0xffffff83])[0xffffffd6][0xffffffd8][0xffffffad][0xffffff92]S[0xffffffbb]p+[0xffffffed][\n]"
23:55:16.092 [main] DEBUG org.apache.hc.client5.http.wire - http-outgoing-1 << "[0xffffffe4]h[0xffffff98][0xffffff9d][0xffffffb5][0xffffffac]X[0xffffffd3],%GU[[0xffffffb0]\[0xffffffa5][0xffffffa3][0xfffffff6][0xffffffef][0xffffffec][0xffffffda][0xffffffac][0xffffffc3];[0xffffffd1]![0xffffffab]Z2v[0xffffff95][0xffffff9f][0xffffffb6]H[0xffffffc3]w[0xffffffd1]w[0xfffffff7][0xffffffa7][0x17][0xffffffaf][0xffffffd7][0xfffffff0][0xffffffa9][0xffffffd0][0xffffff87]F[0xffffffb1]f$[0x1][0xffffffc6][0x10][0xffffffaa]L*[0xffffffbe]!T[0xffffffed]F[0xffffffa8][0xffffffaa]4*n[0xffffffb3]Y@[0xffffff8e]m[0xffffffb9][0x15]d[0xffffffe8]/[0xffffffcb][0x1c]$[0xffffff80][0x9]+l[0xffffffbb][0xffffffd0]8J[0x3][0xffffffd5][0xffffffe4][0xffffff98]C[0xffffffa4]q[0x2][0xfffffffb][0xffffff96][0x4]k[0xffffff96][0xfffffff1]p[0xffffff9f]*[0x7][0xffffff8c][0xffffffe3]*[0xffffffc2][0x15]8[0xe][0x5][0xffffffcd][0xffffff8d][0xffffffbc]X[0xffffff89][0xffffffe3][0xffffffc7][0x1b]p[0xffffffdc][0x8][0xffffffd6][0x18] [0xffffffff][0xc][0xffffff85][0xffffff87][0xffffffd8][0xffffffa4][0xffffffe4][0xffffffef][0xfffffff2][0xffffffc4][0xfffffff0][0x7]I[0xffffffc9][0xffffffdf][0xffffffc4][0xffffff8c][0x5]-[0xffffffd6]n9 O[0xffffffe5]IU[0xffffff8d]z[0xffffffb3]0[0x1f]_[0xffffff8f]|[0xffffff85][0xffffffa2][0xffffffe3]2[0xffffffa5]j[0xfffffff9][0xffffff98][0xffffffa7][0x4][0xfffffff2][0x3][0xffffffea][0xffffffd5][0x10][0xffffff92][0xffffffdb][0xffffff89]^[0xffffff8d][0xfffffff8][0xffffffb4]5[0xffffff92][0xffffff9f][0xffffffac][0xffffffd3][0xffffffab][0xffffffa1][0x15]('[0xffffffcd]`D$[0xffffff8d][0xffffff87][0x14]{[0xffffffb2][0x1a][0xffffffe9]1#=6[0xffffffdd][0xffffffa8]qPi[0xffffffc2][0xffffff9a][0xffffffbb][0xffffffc8]D[\n]"
23:55:16.092 [main] DEBUG org.apache.hc.client5.http.wire - http-outgoing-1 << "[0xffffff90][0xffffffe5]TZ[0xffffff85][0xfffffffc][0xffffffd8][0xffffffe5]m[0xffffff8c][0xfffffff5]`.[0xffffffb6]:[0xffffff9e][0x1c][0xffffffcc][0xf]#W[0xffffffc3]ay[0x6][0xffffffcc][0xffffff9d]m[0xffffffc4][0xffffffc7]dX[0xffffffbe][0x9][0xffffffcc][0xffffff8d]\[0xffffff8d][0xffffff91][0xffffffab]1Ay[0xfffffffb][0xffffff99]z8[0xfffffff3]f[8[0x1f][0xffffff9a][0xffffffa0][0xffffff9c][0xffffffa5][0xffffffc7][0xffffffdc][0xffffffaa][0xffffffed][0xffffffda][0xffffffb5][0xfffffffa]rP[0xffffffee][0xffffffb4][0xffffffaa][0xfffffff5]J[0xffffffa1]Z[0xffffff8d][0xffffffbe][0xffffffbf]R[A[0xffffff93][0xffffffcd][0x1c][0xffffffc3][0xffffff96][0xffffff81]O[0xffffff89][0xffffffe4][0x7]S[0xffffffab]a[0x1c]O[0xffffffd4]j[0xffffffc4][0xffffffa7][0xffffffad][0xffffff83][0xfffffff2][0xffffff8b]uz[0xffffffc0][0x14][0xffffff94][0x1b][0xffffffb5][0x1a]#v`vV[0xffffffcc][0xffffffce][0xffffffca][0xc][0xffffffb8][0xffffff9c][0xffffffd1][0x1c][0xffffffdb][0xffffffa8]Vc[0xffffffb7]jE[0x18]^m4[0xffffff9a][0xffffff85][0xffffffda][0xffffff91]:<[0xffffff8b]@{M0[0xffffff8e]-r[0xffffff87]a[0xfffffffe])![0xfffffffc]0b5[0xffffff8c][0xffffffd8][0xffffff94][0xc][0xffffff93][0xffffffbe][0xffffffe6][0xffffffc4][0xffffffc3][0xffffffca][0xffffffb6][0xffffffdb][0xffffffe3][0xffffffef]7l[0xffffff8f][0x1b][0xffffffb1][0x1a][0xffffff83][0xffffffdf][0x6][0xffffffbf][\r]~[0xffffffef][0xffffff8a][0xffffffdf]5[0xffffffd7]m@[0xffffffae]f9[0x6]o5[0xffffffaa][0xffffff95]z[0xffffff81]%w[0xfffffff6][0xfffffffd]ee[0xffffff85])[0xffffff87][0xe][0xfffffff2][0xffffffe2][0xffffff98]'[0x6]p[0xffffffec][0xffffffa5][0xffffffd0][0xffffffca][0xfffffff5][0xffffffeb][0x7]J[0xffffffac][0xffffff89][0xffffffba]`[0xffffffc7][0xffffffaf][0xffffffdf]^[0xffffffe4]G229[0xffffff86]'[0xffffffaa][0xffffffa7][0xffffffbf]8[0xffffff85]^[\n]"
23:55:16.093 [main] DEBUG org.apache.hc.client5.http.wire - http-outgoing-1 << "[0xffffff9f]^[0xffffffbe][0x11]z![0x0][0xfffffff0]=J[0xffffffd5][0xffffff88],[0xffffff9f]"[0xffffffa9][0x1a]X [0xffffffc3][0xe][0xffffff94]L9I8cN[0xffffffd2]2[0x13][0xfffffff8]9[0xffffffc7]s[0xfffffff8]"++c[0xffffff88]v[0xffffff8c][0xffffffa0][0x1f][0x0]+[0xffffffdc]>[0xffffffe7][0xfffffff4]C[0xffffff89][0x6][0xffffff86][0xffffffbe][0xffffffa0][0xffffffb7]+[0xffffffbd][0x1b][0xffffffa8][0xffffff92]h[0xffffffec]{0[0xffffffe2][0x7f][0xfffffff0][0xffffffa2]![0xffffffa4]-P [0xfffffff1][0x0]H[0xffffffb5]D[0xfffffffb][0xffffff9d][0xffffff8b]`u[0xe][0xffffffd8]C&[0xffffffa2].[0x1f][0xffffffa0][0x8][0xffffffd0]e[0xffffffe5][0xe][0xffffffc1][0xffffffbe][0xffffffef]zRi[0xffffff85][0xfffffff4]-X[0xffffffdb]BI[0xffffffde]@4@[0xffffffa8]cx="r[0xffffff86][0x10]4 [0xfffffffb]S[0xffffffd2][0x0][0xffffffb8][0xffffff84]FI[0x1f][0xffffffca]0$[0xffffff92][0xffffffa0][0xffffffab][0xffffffdc][0x8][0x17][0xffffffcd][0xffffff84][0xffffff87][0xffffffff][0xffffffb3]o[0xffffffb1][0xffffffee][0xffffff89]7[0xffffff86]R[0x6]k3[0xffffffc0][0xffffffb6][0xffffff92]dG`[0xffffffc4][0xffffffcd][0xffffffd6][0xffffffa7]!uG[0x14][0xffffffde]p[0xffffff99][0xffffffa9][0xffffffd3]*"
23:55:16.093 [main] DEBUG org.apache.hc.client5.http.wire - http-outgoing-1 << "t}X[0xffffffc5]`[0xffffffda][0xfffffff3]?[0xffffffb0];,[0xe][0xffffffa4][0xffffffab]@[0xffffff86]89[0xfffffff3][0xffffffb2][0xffffffb6]D[0xffffff81]][0xffffffec][0xffffff95]7[0xffffff9e] [0x7f][0xfffffff6][\n]"
23:55:16.093 [main] DEBUG org.apache.hc.client5.http.wire - http-outgoing-1 << "r8sH[0xffffffbc]@3A[0x16][0xffffff84][0xffffffe2][0xffffffb5]R[0xffffffd0][0xffffffa9][0x10]g[0xffffff88][0xfffffffa]I3[0xb][0xc][0xffffffce][0xffffffdf]-[0xffffff90]Z[0xffffff8b][0xffffffd4]v[0xffffffba][0xffffffc0][0xffffffb4]][0xffffffe8]DeeY[0xffffff82]r[0x10]>[0xffffffb1][0xffffffd5]+[0xfffffffe][0xffffffa6]~[0xffffffa6][0xffffffcf][0xffffff94][0xffffffa2][0x1b][0xffffffde]Re[0xffffffb0][0x18][0xffffffef]S;[0x6][0x1][0xffffffc9][0xffffffb9][0xffffffb0][0xffffffa0][0xffffff81][0x14][0xffffffd1][0xffffffd0][0xffffffe4][0x1b][0xffffff84]Kv[0xffffffac]UF[0xffffff97]9[\r][0xffffffa7]%jy0[0xffffff84][0x1a][\n]"
23:55:16.093 [main] DEBUG org.apache.hc.client5.http.wire - http-outgoing-1 << "[0xffffffdd][0xffffffff][0xe][0xfffffff2][0xffffffd9]SVp[0xffffffde]W[0x1d][0xffffff92][0x1d]Tz[0xffffffd2][0xffffffcc][0xffffffa4]|[0xffffffa9][0xffffff98][0xffffff90][0xffffffba][0xffffffb0]C([0xffffff82][0xfffffffa][0xffffff95]%[0x17]P[0x11][0xffffff9c]TQ[0x1b][0xffffffd4]E[0xffffffa0]MB[0xffffffe2][0x1b][0xffffffe4]:[0xffffff8d]/es[0xffffffa4]e4[0xffffffee]B@[0xfffffffe][0xffffffb6][0xffffffec]tL[0xffffffc7][0xffffff8b]K[0xffffffb4][0xfffffffa]Pu[0xffffff99][0xffffff92][0xffffffe4][0x4][0xffffff8d]j(U[0xffffff90][0xffffffee][0xffffff83][0xffffffae]p[0x4]Cr[0xffffff96][0xffffff90][0xffffffe1]{[0xffffffc6][0xffffffd2][0x14]Z;:[0xffffff98][0xffffff99]m[0xffffffed][0xe][0xfffffffe]$[0xffffffd4]+[0xffffffa0][0xffffffbf]C[0xffffffc2][0xe]0[0xffffffae][0xffffff86][0xffffffeb][0xffffffaf][0xffffffe8][0xffffffc4][0x5][0x14][0xc][0xffffff96]D[0xffffff80]2wnI[0xffffffc0][0xffffffe8][0x18]6[0xffffffc8][0xffffffcb][0xffffff83][0xffffff92][[0xffffff99][0xffffffd8][0xffffffbd][0xffffffc6]B/[0xffffff84][0xffffffc6][0xfffffffc]$$U[0x16][0xffffffea]BQc[0xffffffb4][0xffffff88][0xffffffe7][0xffffffbd]+e[0xb]K[\n]"
23:55:16.093 [main] DEBUG org.apache.hc.client5.http.wire - http-outgoing-1 << "1j[0xffffffb8]k7[0xffffff8e][0xfffffff4]2[0xffffffc8]l[0xffffff96]f[0xffffffe8][0x1c][0x1e][0xffffffc0][0xffffffbd][0xffffff90][0xffffffc6]3+[0xf][0xffffffd1][0xffffff90][0xffffffb9][0xffffffcc][0xfffffffa][0xffffffed]~[0xffffffe0][0xffffffca]/[0xffffffa5][0xffffffb3][0xffffffec][0x7]Q[0xf][0xffffffd3][0x1f]cL[0x10][0xffffff9c]-[0xfffffffc][0xffffff98][0xffffffc5]}|[0xb][0xffffffc7]n[0xffffffe0][0xffffff82]%[0xffffffd9]M[0xffffffd6][0xffffffd7]U[0xffffffbb][0xffffffc9][0xffffffc6][0xffffffab][0xffffffcc][0xffffffc7][0xffffff87][0xffffffc8][0x14]8>[0x11][0xffffffb4]9D)L[0xe][0xffffffb3][0xffffffbe][0xffffffae][0xffffffd9][0xfffffff6]s[0xffffff92][0x1][0x1]E\[0x18][0xffffffe4][0xffffff92]Kk[0x17][0xffffff93][0xffffffed]:[0xfffffff5][0xffffffc4][0xffffffed][0xfffffffc][0xffffffd5][0xfffffff7]g[0xffffffa5][0xffffffe3]1do[0xffffffe0][0xffffffd7]-[0xffffffc6][0xffffff9c][0xfffffff4]^F[0x1b][0xfffffff8]jz[0x10][0x1c][0xffffff9a][0xffffffc2]:;[0xffffffd1]d[0xffffffe1];[0x1e][0xffffff8e]AdK[0xffffffaf][0xffffff93][0xffffffda]B[0xffffffd6][0xffffffc3][0xfffffff4][0xffffffdb][0x1d]d[0xffffffb3][0xffffffc2][0xffffffc5]X[0xffffffde][0xffffffac]>[0xffffffdc][0xffffffe9]![0xffffff9b][0xffffffc5][0xffffffea]B[0xffffff89][0xfffffff2]KA[0xffffffaf][0xffffffb1]Eo[0xffffffa6]9[0xffffffba]11DOb[0xffffffe4][0x5][0xffffffd0]L[0xffffffc7],[0xffffff98][\n]"
23:55:16.094 [main] DEBUG org.apache.hc.client5.http.wire - http-outgoing-1 << "[0xffffffbb][0xffffffe4][0xffffffd8][0xffffffa2][0xffffff9e][0x12][0xffffffd7][0xffffffcc]([0x15]L)][0xffffff87]:[0x1c][0xffffffcd]i[0xffffffd9][0x18]#8[0xffffffb8][0xffffff9f][0xffffffb1]C[0xffffff9e]ZK<[0xffffffbc][0xffffffd7]'[0x1f],[0xffffffee]x[0xffffffa5]O[0xffffffa2]F[0xffffff9b][0x10]9[0xffffffa1]I[0xffffffe1][0xffffff8b][0xffffff9f]DU$4[0x4][0x0][0xffffff93]:H[0xfffffffa][0xffffffcc][0xffffffd5][\n]"
23:55:16.094 [main] DEBUG org.apache.hc.client5.http.wire - http-outgoing-1 << "[0x7][0x8]3[0xfffffff3]om[0xffffffd1][0xffffff97][0xffffff98][0xffffffeb][0xffffff96][0xffffffe0]v[0xffffffcb][0x1][0xffffff80][0xffffffb1]>D[0xffffffe1]t)[0xffffff82],[0xffffff98][0x1a][0xe][0xffffffe7][0xfffffffa][0xc][0xffffffc3][0xffffffa3][0x1f][0xffffff8f]@[0xffffffe9][0x10][0xffffffad][0xffffffd4][0xffffffa1]O[0xfffffff6][0x10]c[0xffffffa9][0xffffffa6][\n]"
23:55:16.094 [main] DEBUG org.apache.hc.client5.http.wire - http-outgoing-1 << "[0xffffffa4][0xffffffc0]\\[0x5]TW[0xffffff80]EB_[0xffffffe7][0x1a]+[0xffffffa2][0xffffff9a][0xffffffca][0xffffffa9][0xffffffaa]O[0xffffffd8][0xffffff83][0xffffffe6][0xffffff85][0x15][0xc]hQ[0x18]x[0xffffffb0]3_[0xffffffd9][0x2]t:[0xffffffba][0x1c][0xffffff93][0x1f][0xffffff9a],<x[0xffffffe5][0xffffff9a][0x1])[0x16]q/[0xffffff9c][0xffffffe4]^[0xffffffb0][0xffffff90][\r][0xe][0x17][0xffffff8d][0xffffffc0][0xffffffe2]t[0xffffffeb][0x1]#[0x0]#[0xffffff98]"$DU02H.[0xffffff8d]$[0xffffffaa][0xfffffff4]K$[0x19][0xffffff9b][0x17][0xffffffd6][0xffffffe5][0x8]v[0xffffffd0][0xffffffd1][0xffffff87][0x17]i[0xffffff9d][0xffffff9a],[0xffffff99][0xffffffa8]Ai[0xffffffe0][0xffffffd8]G[0xffffffb0]9[0xffffffa0]UbJ[0xe][0xffffffdc][0xffffff98][0xffffffbe][0xffffffdf][0xffffffc2][0x15][0x12][0x3][0xffffffdb]:'[0xfffffff3][0xfffffff0][0xfffffff1][0x7][0xffffffad]^[0xffffffbd][0x1e]u[0xffffffba]T[0xffffffca]aY#[0xffffff98][0xffffffd8]C[0xffffffe8]-b/{\[0x1e]a[0x11][0x2][0xffffff88][0xfffffff9]bF[0xfffffffa]5[0xffffffa2]V[0x1a][0xffffffea][0x19]i#[0xffffff9a]z[\n]"
23:55:16.094 [main] DEBUG org.apache.hc.client5.http.wire - http-outgoing-1 << "[0xffffffbe]q[0xffffffce][0x2][0xffffff8b][0xffffffc0][0xffffff98]m[0xffffffd1][0xffffffa5]a3[0xffffffe6];[0xffffffad][0xffffff82]~[0xffffffba][0x0][0x11]P[0xffffffc3]@YJ[0xfffffff8][0xffffffa4][0xfffffff5]{7[0xffffffb8][0x15][0xffffffbc][0x2]([0xffffffe3]oM[0xffffff96]G,:[0xffffff90][0x13][0xffffff92]#[0xffffff95][0xffffffd6]Xu[0x18][0xfffffff4][0xfffffff0][0x0][0xffffffbd]+Q[0x16]k[0x12][0xffffffa6][0xffffffb4]t[0xffffff8e][0xffffff86][0xffffffbc][0x14][0xffffffc1][0xffffffbf](%[0xffffffc1]h8[0xffffffb8][0xffffffe7]nO*[0xb][0xffffffa7][0x2][0xffffff88][0xffffffe4][0xffffffee][0xffffffcb]'~[0xffffffea][0xffffffeb][0xfffffff4][0x1e]T[0x1a][0xffffffeb]u[0xffffffe2][0xffffffde]x[0xffffff98][0xffffffe6][0xffffffb4][0xffffffee][0xffffffab][0xffffffc1][0x14]v?b[0xffffffae][0x7f][0xffffff80][0xffffffaf][0xfffffffa][0x18][0x0][0xffffff98][0xffffffde]g[0xe][0x1c][0xffffff96][0xffffff82][0x3][0xffffff9c]*[0xffffffc1][0xb][0xffffffc2]Hl[0xffffffce][0xffffffcd]#k[0x1c]z[0xffffffc0]/[0xffffffd2][0x16]"],[0xffffffed][0x12]^O[0x8][0xffffff9b]0[0xffffffbc]U[0xffffffca][0x8][0xffffff87]K[0xffffffe7]3[0x7f][0xfffffffa]g[0xffffffb7]^e[0xffffff80][0xfffffffe][0x19]+6B[0x11][0x4]T[0xffffffe3][0xffffffc5][0xffffff90][0xffffffa4][0xffffffbb][0xffffff92][0xb][0xffffffec][0x7]1[0xffffffdd][0xffffff86][0xfffffff4][0xffffff8e][0xffffff95][0xfffffff8][0xffffff8e]QX[0xffffff84][0x12]q[0x18]|[0xffffffef]iy![0xffffffe8][0xffffffc3][0xffffffb1][0xffffffb3][0xffffffb1]w[0xffffff87];[0xffffffcf][0xffffffba]I[0xffffffec][0xffffffde]NM[0xffffffd3]n[0xffffff9d][0xffffffe8]k[0xffffffa9][0xffffff9b]u[0xffffffeb][0xffffff8f][0xffffffc7]%![0xffffffda]D:M[0xffffff89][0xffffffd8][0x12]&b[0xffffffaa][0xffffff82][0xffffff94][\n]"
23:55:16.094 [main] DEBUG org.apache.hc.client5.http.wire - http-outgoing-1 << "+i[0x3][[0x14]s[0xfffffff9][0x17][0xffffffd2][0xfffffff5][0xffffffbb][0xffffffb3]~[0xffffff80]$[0x1b][0xfffffffe]ZD[0xfffffffa][0xfffffff8]>[0xfffffff5][0xffffffa6][0xffffff90]$[0xc]{[0xffffff8c]Ob[0xffffffcd][0x13][0x11][0xffffff97]O_`Z[0xffffff91][0x1c]U[0xffffff92]*[0xffffff8e][0xfffffff1]-[0x1]C>y[\r][0x10]F[\r][0xffffffc2]O[0xffffffa5]8\D=[0xffffffbf][0xffffff84][0xffffff82][0xffffffe2]#[0x19]T[0x1f][0xffffff85][0xffffffd1][0xffffffb0][0xc]-[0x12][0xffffff9a][0xffffffd0][0xffffff99][0x0][[0xffffff9b]R[0xffffffe5][0xffffffa4][0xffffffff][0xffffffa9]X[0xfffffff5][0xffffffcf][0xffffffa8]3[0x19]u[0xffffffa6][0x4]L[0xffffffca];h[0xffffffc4][0x8][0xffffff8a][0xffffffb3]d8[0xffffffd3]h[0xffffffba][0xffffffec][0xffffffbc][0x1a][0xfffffff3]@~[0xffffff89][0xffffffa9]}[0xffffffcd][0xfffffff1]Q[0xffffffcf][0xffffff9f]a[0x16][0x1d]@[0x6]bEM[0xffffff99]f[0xffffffe4]D[0xffffff93][0xe][0xffffffd7][\n]"
23:55:16.094 [main] DEBUG org.apache.hc.client5.http.wire - http-outgoing-1 << "[0xffffffa3][0xffffffce]4[0xffffff81][0xffffffc0]([0xb][0xffffffe5][0xffffff88][0x1b][0xffffff90][0xffffff91]M[0xffffffda][0xffffffb1][0xffffffdf]w[0x18][0xffffff81]F[0xffffff9d]I=[0xffffffde]^vN[0xffffff8d]:[0x13][0x1b][0xfffffffe][0xfffffff2][0xffffffa2][0x18][0xffffffc5][0xffffffe5][0x14][0xffffffd2][0x10]{a][0xffffffd4][0xffffffbe][0xffffffd8]F[0xffffffe9][0xffffffc6][0xffffffa8]3[0xffffffed][0xffffffa1][0x13][0xffffffe5][0xffffffda][0x0]x|)Bl[0xffffff81][0xe]P[0x14]PZ![0xffffff87][0xffffffc3][0x6][0xffffffad][0xffffff92][0xffffffa4]Vm[0xffffffd3]F[0xffffffd7][0x7f][0xffffffd9]<bv[0xffffffc0]$[0xffffffd4][0xffffff9b]V#k[0xffffff86]|[0xffffffa8]/[0x17][0xffffffac][0xffffffb7][0xfffffffe][0x0]Q!v[0xffffffd2]v[0xffffffbc][0xfffffff2]m[0xffffffc6][0xffffffac]QgB[0xfffffff8]<}[0xffffff89][0xffffffa7][0x0]D[0xffffffff][0xffffffa2][0xffffffeb][0xffffffdf]OY[0x12][0xffffff8a][0xffffffb7]e[0xe][0xffffffd0][0xffffffe3]z[0xfffffff1][0xffffffa2][0xffffffc2][0xfffffff4][0xffffffde][0xffffffe3][0xffffff81][\n]"
23:55:16.094 [main] DEBUG org.apache.hc.client5.http.wire - http-outgoing-1 << "[0xffffff9b][0xffffff91][0xffffffa4][0xffffffeb][0xffffffba]c[0xffffffc5]j[0xffffffb0]a[v[0xffffffd1][0xffffff9b][0x1f][0x15][0xffffff95]x4[0xffffff9a]O[0xffffffc6]T!W[0xffffffaa]me<X[0xffffffd5]H[0xfffffff6]Z\Fa[0xffffffda]J[0xffffffae][0xfffffff6]B[0xffffff92]=[0xffffff95][0x7]W[0xffffff90][0xffffff95]M2[0xffffffea]L[0xffffffef]x[0xffffffa5]*[0xffffffe3]A[0xffffff9a][0xfffffffe][0xffffff9d][0xffffffd0]VHT[0xffffff96][0xffffff9d]$[0xffffffd1][0xffffff91]on[0xffffffee]q[0xfffffffc][0xffffffc1][0xfffffffd][0xffffffaf][0x10]7[0x19]5b[0x3]'-[0xffffff8f]?[0x13][0xffffffe8]s[0xffffffb5]x[0xffffffac][0xffffff8c][0x16][0xffffffd8]"
23:55:16.094 [main] DEBUG org.apache.hc.client5.http.wire - http-outgoing-1 << "[0xffffffed][0xffffff8b][0xffffffa4][0xffffffea]|z[0x1c][0xffffffab][0xffffffd0][0xffffffc7]GAX[0x16][0x7f][0xffffffd1]k[0x1d]q([0xffffff9f](^E[0xffffffa4][0xffffff87][0xfffffff3][0xffffffe7][0xffffffa4][0xffffffd8]t[0xffffffd7]B[0xffffff88][0xffffffd9][0xffffffaf])694[0x1d][0xffffffe7]B_[0xffffffe9][0xffffff81][0xffffffda]6[0xffffff9a]H[0xffffffb9]Qg[0xffffffba]D[0xffffffe8][0xffffff8c][\r][0x16][\n]"
23:55:16.094 [main] DEBUG org.apache.hc.client5.http.wire - http-outgoing-1 << "[0x1f]-[0xffffff92][0x11]|`[0xffffff9f][0xe][0xfffffffd]9[0xffffffe5][0xffffffb6][0xffffffa1][0x14][0xffffffc8][0xffffff90]K1B[0xffffffec][0xffffffd4][0xfffffff8]=hB[=[0xffffffc8][0x8][0xffffffb1]o[0x3]L[0xb][0x1e][0xffffffa6][0x1b][0xffffffd4][0x1f]LK[0xffffffaa][0xffffffb8][0xffffff92]V[0x1c][0xf]4[0x15][0xfffffff0][0xffffffca][0xffffffcb]x`[0x15][0x13][0x19]6[0xffffffcb][0xffffffcb][0xffffffe0][0xffffff92]![0x4][0xfffffffa]H[0xffffffe1].[0xffffff84][0xffffff9c]%[0xffffffb9][0xffffffc1][0xffffffc8]%[0x1a]u&[0xffffffa9]%[0xffffffc5][0xffffffaf]-[0x1e]x[0xffffffab][0xffffffc4];[0xf][0xffffffee][0xffffffcf][0xb][0xffffffda]|[0xffffff97][0x11][0xffffff95][0xfffffff5][0xe][0xfffffffb][0xffffffb7]x[0xffffffa7]5[\n]"
23:55:16.095 [main] DEBUG org.apache.hc.client5.http.wire - http-outgoing-1 << "[0x1f]:[0xffffff8a][0xffffffe7]F[0xffffff9d][0xffffffc9][0xffffffa8]3[0xffffffed]Y[0xffffff9d][0xffffffc9][0xffffffa9][0xffffffd9][0xffffffcd][0xffffff8a]K[0xffffffba][0x1b][0xfffffffb]Rg[0xffffff92]%[0x1e]F[0xffffff9d])[[0xfffffff8][0x1][0xffffffd4][0xffffff99]`0"[0xffffff93][0xfffffff3][0x1c]Y[0xffffff97]Qg2[0xffffffea]L[0xffffffbb]d[0xffffff94][0x19]u[0xffffffa6]/K[0xffffff9d][0xffffffe9][0xffffffd3][0xffffffd9][0xffffffc5]q[0xfffffff5][0xfffffff4][0xfffffffe][0xfffffff5][0x1d]p![0xffffffa7][0xffffffce]$[0xffffffc0][0xffffffe2]p[0xffffffea]LuVg[0xffffffb2][0xffffffdb][0xffffffd5]z[0xffffffdb][0xffffffad][0xffffffad]TgRG[0xffffffd5][0x1a]2Kz[0xffffffff][0xffffffea]L[0xffffff8d]Z[0xffffff8d][0xffffffe0]P"[0xffffffa3][0xfffffffc][0xffffffb4]9m[0xffffffb9][0xffffffe7][0xffffff9c]][0xffffffbc][0xffffffa2][0xfffffffe][[0xffffff93][0xffffffb6][0xffffff8c]>4[0xffffffea]LF[0xffffffd4][0xffffffc3][0xffffff88]z[0xffffff8c]A[0xffffffb9]0[0xfffffffc]Al[0xffffffee][0xffffffe4][0xffffffa8]'[0x1b]E=[0xffffff9c][0x16]t4[0xb]r[0xffffff97][0xfffffff1]-1[0xffffffc4][0xb][0xffffffe4][0xffffff99][0x12][0xffffffc4]l[0xffffffb6][0x1d][0xffffffa6][0x6][0x16]pO[0xfffffff4]c*[0xffffff87][0xffffffe2][0xffffff9e][0x0][0xfffffffc][0xffffff96][0xffffffe4][0xffffff99][0xffffff96][0x1]q[0xffffff8f][0xfffffff2]L[0xc][0xffffffdd]ue[0xffffff96],?m[\r][0xffffffe4][0x1f][0xffffffd7][0xffffff99]%S[0xffffffbb][0xffffff8d]<[0xffffff93]Ar[0xffffff83][0xffffffe4][0x6][0xffffffc9][0xffffffa7][0xfffffff3][0xffffffab][0xfffffff9][0x3][0xffffff90][0xffffffdc][0xffffffb5][0xffffffc1][0x17]l,[0xffffffb3]P[0x1a][0xffffffcd][0xffffffaa][0x3][0xffffff82][0xfffffff8]:$[0xffffff87]_2[0xffffffeb][0xffffff97][0xffffffae]Cru[0xffffffcc]!H([0xffffffab][0xffffff90][0xfffffffc]p[0xfffffffa]L[0xc][0xffffffde][0xffffffd5][0xffffff96][0x1e][0xffffff93]W[0xffffffa1]Q[0xffffffb8][0xffffff89]J(c[0xfffffff2][0xffffff93][0xffffffeb][\r]1[0xffffffb9][0xffffffd1]g2Pn[0xffffffa0][0xffffffdc]@[0xfffffff9][0x3][0xffffffa1][0xffffffdc][0xffffffa9]U[0xffffffeb][0xffffffb5][0x2][0xffffffa5]=[0xffffffa7]Ru[0xffffffec]Z[0x5] [0xffffffbf][0xe][0xffffffcd][0x1b][0xffffffed]Zc[0x13][0xffffff9a][0xffffffab]c[0xffffff9e][0x1c][0xffffffcd][0xf]"[0xffffffd0]$[0xffffffd0]<[0x13][0xffffff98]W[0xffffffab][0xffffffdb][0xffffffa3][0xfffffff9][0xffffffa6][0xffffffc0][0xffffffdc][0x8]4[0x19][0xffffff81]&#[0xffffffd0]d6X[0x1e][0x12][0xffffff96];[0xffffffcd][0x6]$[0xffffff9a][0x0]Fy[0xffffffd5]T[0xffffffa7]aW[0x1a]u[0xfffffffc][0xffffffb0][0x1e][0xffffffca][0xffffff85]t[0xffffffc7][0xffffffba][0xffffffc0]\m\?%[0xffffff94][0x1f]J[0xffffffa1][0xffffffa9]QkT[0xffffffec][0xffffff9a]22[0xffffff90][0xffffff9f][0xffffffb6][0x2][0xfffffff2][0xfffffffb][0xffffffd3][0xffffffdb][0xffffffb3][0xffffffb5]F[0x6][0xffffffb4][0xffffffc3][0xffffff82],[0xffffff96][0xffffff8a][0xffffffcb][0xffffffa4][0xfffffff6]D1u[0xffffffba][0x18][0xffffff8f][0xffffffe9][0xffffffc1][0x7][0x1c]&[0xffffffb0]8[0xffffff9f][0xffffffb5]??[0x3][0xffffffaf],[0xffffff98][0xffffffd2]6[0xffffffda][0xffffffb4]Od[0xffffffc7][0xfffffff9]\>$TZ-[0xffffffc7][0xffffffcd][0xffffffa9]q[0xffffffff]X[0xffffffff][0xffffffe9]og[0xffffffe3][0xffffffde][0xffffffc7][0xffffffd3][0x1a][0xffffff9c][0x14][0xffffffee]N[0xffffff8f][0xffffffbf][0xffffffa1][0xffffffe7][0x2]0[0xffffffc8][0xfffffff0]V#[0xffffffcf][0xffffff95][0xffffffe7]/[0xffffffe3]#a![0x0]z][0x4][0xffffffba][0x1a][0xfffffff1]-[0xffffffd9]9hQ[0x16][0xffffffa5][0xffffffff][0xffffffe9][0xffffffe6][0x1b]Z[0xffffffc5][0xffffff86][0xffffff91],[0xffffff83]tN[0xffffff9e][0xffffffd1][0xffffff83]Y[0xffffffb4]1[0xffffff96][0xffffffd2][0xffffff9b]K[0xffffff89][0xffffff83][0xffffffb9][0xfffffffa]5[0xffffffeb][0x2][0xfffffffd][0xffffffc8]AH,.[0xffffffa4]/[0xffffffe6][0xffffff9b][[0xffffffa4][0xffffffc1][0xffffff96][0xffffff9c]XNNC[0xffffffdb][0xffffffc4][0xffffffdf]`$=[0xffffffa4][0x8][0xffffff9c][0xfffffff6][0xffffffb9][0x1c][0x12][0x5][0xfffffff4][0xffffff8a][0xfffffffa][0xffffffe4]W[0xffffffba]x[0xfffffff0]Pwl[0xe][0xffffff9f][0xfffffff2][0xffffffd0]x;[0xffffffbd][0xffffffaa][0xfffffffd][0xffffffbd]|[0xffffffd4][0xffffffca]\t[0x5]/[0xffffff99]X[0xffffffdb][0xffffffb8]:0[0xffffffb8]@[0xffffffee][0x16][0xffffff9c][0xfffffffd][0x1d][0xffffffaf][0x12][0xffffffa7]R[0x9]LK[0xffffffdb][0xffffffad][0xffffffaf]w[0x17][0xffffffcb]K/[0x0][0xffffffa4]Q[0xffffff90][0xffffffd6]>[0xffffff97]gH^[0xfffffff4]zwt[0xffffff87][0xffffff90][0x5][0xffffffe6]#[0xffffff93][0xffffffb1][0x7f]%~[0xffffffdb][0xffffffb5]-[0xffffff99][0xffffff93]Q[0xffffff9c][0xffffffdc][0xffffffec]x[0xffffff8f][0xfffffffb][0xffffff8f]O[0xffffffa0][0xffffffb4][0xfffffffb]W^[0x1f])[[0xffffffcf][0xffffffda][0x3][0xffffff88][0x18][0xfffffff8][0xffffffbf][0x2]"[0xffffffc5]T)[0xffffffc2][0xffffffdf][\r][0xffffffda]J[0x15][0xffffffbb][0xffffff85][0xffffffff][0x15][0xffffffe8][0xffffffe3][0xffffffb9]v[0xffffffc5][0xffffffb5][0xfffffff1][0xffffffc4]_[0xffffff8c][0xffffffbe][0xffffffcd][0xb][0xffffffc7]mW[0xffffffaa][0xffffffed]Jsu [0xffffffad][0xffffff8e][0xffffffa9][0xffffffb2]~[0xffffffc7]S[0xffffffa2]o[\n]"
23:55:16.095 [main] DEBUG org.apache.hc.client5.http.wire - http-outgoing-1 << "c[0xfffffffb][0xffffffde][0xffffffdc][0xffffffd6][0xffffffa0][0xffffff97][0xffffffde]YB|j[0xffffffcb][0x1d][0xffffff91]m[0xffffffa0]W[0xffffffea][0xffffff89][0x18][0xffffffb1]jB[0xfffffffc][0xffffffe3][0xffffffc5]<[0x4][0xb][0xffffffd8][0xffffffef][0xffffff9b][0xfffffffc][0x10][0xffffff93][0x1f][0x2][0xffffffe4]CN~vD[0xffffff94]w[0x7][0xffffffed]|[0x9][0xfffffffb][0xffffff81][0xffffffee]|[0xffffffa9]9[0xfffffff4]?4[0xffffff80][0xffffffb7][0xffffffaa]n[0xffffffa3][0xffffffc8]u[0xffffffc0]m[0xffffffd6][0xffffffea]n[0xffffffb5]X[0x1e]O{[0xfffffffd]XY[0xffffffa5]p[0xffffffba]t[0xffffffcc][0x13]#[0xfffffff8]a[0xffffffd4][0xffffff95]DR[0xffffffcd][0x1e][0xffffffd5][0xffffff95]D[0xffffff81]R][0x9][0x1c]/[0xffffff92]E[0xffffff80][0x12][0xffffffd0]m@[0xffffffb2]I#[0xffffff96][0xffffff8e][0x19][0xffffff93]$HN[0x7][0xffffff89][0xffffffc5]H8[0xffffffed]z1[0xffffffc1]![0xffffffc4]v[0xffffff81][0xffffffeb][0xffffffac]P<P[\n]"
23:55:16.095 [main] DEBUG org.apache.hc.client5.http.wire - http-outgoing-1 << "[0x18][0xffffff88]1[0xffffff90][0xffffff81]=[0xfffffff6][0xffffffa7][0x1][0xffffff8e][0xffffff91][0x1a][0x6][0xffffffc4][0xffffffff][0xffffff87][0xfffffff6][0xffffff87][0x14]gi+V[0xffffff80]e[0xffffff95][0xffffff94][0xffffff92][0xffffff8f]UkX_[0xffffffd3][0xffffffa9],k[0xffffffe4]G[0xffffffcf][0xffffffe9][0x18][0xfffffffa]=)[0xffffffaa]r[0xffffffe4]8[0xffffffcb][0xffffff87][0xffffffd0]a[0x1b]D[0xffffff87][0xffffffa8][0xffffffcd][0xffffffbd][0x11][0x4][0x0][0xffffffa0]z$8[0xffffffce][0xffffff9a][0xffffff9e][0xffffffd0]*9![0xffffffd2]$[0xffffffe8],[0xffffffa6]$[0x17][0x2][0xffffffb1][0xffffff82]78{6[0xffffffff][0xffffffd6][0xffffffc7]U[0x4] #[0xffffffe9][0xfffffffa];[0xffffffc4][0xfffffffa][0xffffff87][0xffffffaa][0x13][0xffffffb8][0xffffffd2][0xffffffb1][0xffffffd5][0x11][0x7f][0xffffff90][0xffffff80][0xffffff81]h>[0xfffffff4]+[0xffffff82][0xffffffc1]][0xffffffe7][0xffffff85][0xffffffd5][0xffffff81][0xffffff94][0xffffffc1]$[0xffffff80].[0x8]]b[0xfffffff2]-}[0xffffffe8][0x4][0xffffffc3])4<:V8c[0xffffffe5][0xffffffa9][0xffffff84][0xffffffe7]oY[0xffffffe9]}[0xffffffa1]KH[0x1a]cA[0xffffffe6][0x9][0xffffffad]A[0xffffff97]R[0xffffffdb][0xffffffa4][0xfffffffc][\n]"
23:55:16.095 [main] DEBUG org.apache.hc.client5.http.wire - http-outgoing-1 << "$[0xe][0xfffffff0][0xffffffc8][0x3][\r][0x19]!F[0x3][0xfffffff5][0xffffff83]@[\n]"
23:55:16.095 [main] DEBUG org.apache.hc.client5.http.wire - http-outgoing-1 << "[0x10]$[0xfffffff7][0xffffff85][0xffffffd4][0xffffff9e]p[0xffffff9f][0xffffffa1]7Bw[0xfffffff5]6b[0x1][0xffffff91][0xffffffa4]:[0xffffffea][0xffffffc4]%[0xfffffffd][0x1f]u[0xffffffee]-[0xffffff94]NX[0xffffffdf][0xffffffa0][0xb][0x1][0x17]R[0xffffffed] u[0x5]1V[0xffffffd0]M$[0xffffffb9][0xffffffe0][0xf][0xffffffa3]p1[0xffffffed]w[0xfffffff8][0x2];[0xffffffa5]i[0x8]R[0xffffffc1][0x4][0xffffffe3][0xffffffaa]#:b0[0xfffffff6][0xffffff86],[0xffffff8a][0xffffff82]&[0xffffffdc][0xffffff89][0xffffffc1]@[0xffffffda][0x1e][0xffffffde][0xffffff98]4P[0xffffffee][0xffffff84][0xfffffff0]I<[0xfffffff3]{[0xffffffa4][0xfffffff1][0x4][0xfffffff9][0xffffffa4];n*=:$[0xffffff97][0xffffffc1][\n]"
23:55:16.095 [main] DEBUG org.apache.hc.client5.http.wire - http-outgoing-1 << "[0x1c]RD[0xffffffe1]\tUG[0xffffffeb][0xffffffab]l#[0xffffffb8][0xffffffbd][0xffffffc8]+'*[0x3][0xffffff95][0xffffffe4][0xffffffcd][0xffffff84][0xffffff9a][0xe]i'[0x9][0xffffffce][0x3]dQp[0xffffffc3][0x6][0xffffff90]s`[0x9][0xffffffa7]\_a[0x2][0xffffffc8][0xffffffcb][0x14][0xffffffd2] [0xfffffffa][0x5][0xffffffa1][0x0][0x14]>#[0xffffffd9][0x15][0xffffffc8][0xffffffea][0xffffff88][0xffffffab]d[0xfffffff9][\n]"
23:55:16.095 [main] DEBUG org.apache.hc.client5.http.wire - http-outgoing-1 << "\[0xffffffb9][0xffffffd2]1![0xfffffff9][0x10][0xffffff94]A[0xffffffa2]"
23:55:16.096 [main] DEBUG org.apache.hc.client5.http.wire - http-outgoing-1 << "-[0xffffffa4][0xffffffbc]E[0xfffffffd][0xffffffad]O[0xf][0x16][0xfffffff1][0xffffff92][0xffffffcd][0xffffffbb]%M[0xffffffaf][[0xffffffef]N[0xffffffd6][0x8]u[0x13][0x10][0x10]D[0xffffffa7][0xffffffa9][0xffffffd3][0xffffff93][0xffffffcb],e[0xffffffb4];D[0xffffff8d]b[0xffffffe2][0xfffffff6]C[0x1a]U[0xffffffa2]c=[0xffffffa9][0xfffffffb]$[0xffffffd4]?[0xfffffff8][0xffffffb6][0xfffffff5]B[0xffffffd8]H[0xfffffff4][0xffffffe6][0xffffffe3];Q[0xffffffb0]P[0xffffffea][0xffffffb1]:[0xffffff9f]Y[0x1f][0xffffffa4]m[0xffffffd1][0xffffffd3][0xfffffff2][0xffffffaf]P[0xffffff8c][0x12][0x1a]3[0xffffffd4]ZH[0x12]A[0x3]c[0xe][0xffffffc1][0xffffff8b][0xffffff80][0xffffff89];[0x10]9[0xffffffd3]ZA[0xffffff93]CH6[0x9][0xffffff89][0xffffff99][0xffffffcc][0x1c][0xffffffd0][0xffffffa5][0xffffff91]4[0xffffffd1]![0xffffffed]t[0xffffffd5][0x15][0xffffffb2][0xffffffef]0[0xffffff9c][0xffffffe7]a/[0x1c][0xffffffab]N[0xffffff84][0xffffffbc][0xffffffd9]l[0xffffff86][0xffffffa1][0x9][0x11][0xffffffa8][0x19][0xffffffc9][0xffffff80][0xffffffe8][0xffffffe2].$H[0xffffffa5]i[0xfffffff3][0xffffffa8]nOd[0xffffff9f]HO[0xffffff89][0xfffffff8][0x5][0x18]:t[0x19]t[0xffffffef];[0x9]E[0xffffffab]-[0x7]#[0xffffffee][0xffffffdd] [0xfffffff8][0x4]][0x14]h3E[0xffffffa1]P[0xffffffdb][0xffffffe1][0xffffffd1][0xffffffac][0x1a]V[0xffffffab]k[0xffffffad]=[0x7][0xffffff86][0xffffff8d][0xffffffbc][0xffffffc5]X[0xffffffbf][0xffffff89]T[0xffffff82][0xffffffa0][0xffffff82][0xffffffea][0xfffffff3][0xfffffff5]X[0xffffff8e][0xffffffe6][0xffffffbe][0xffffff8f][0xffffffdf][0xffffff89]:[0x3]-[0xffffffaf][0xfffffff4]@[0x12][0xffffff89]Q[0x15]$[0xffffffb0][0xffffffe8]{[0x11]t[0xffffffa2]H=[0xffffffcc][0xffffff93]C[0x10]88[0xffffffc4][0xffffff9d][0xffffffa4][0xffffffbe][0xffffffc1][0xffffffb3][0xffffff98][0xffffffd6][0xffffff8e]TwN[0xffffffd2][0xffffffba][0xffffffd0]=[0xffffffd8]Q[0x0][0xfffffffa][0xffffff92]X[0xffffff8c]}T[0xffffffa9][0xffffffaf][0x17][0xffffff89][0xfffffff9].[0xffffff84][0xffffffa2][0xffffff83][0xffffffea][0xffffff98][0xffffffd7]on[0xffffffaa][0x18]h[0xfffffff3][0xffffffdb]0[0xffffffba][0xffffffa6][0xffffffa1][0xffffffde][0xffffffbb][0xffffffd6][0xffffffe6][0xffffffd2]9[0x4][0xffffffc6][0xffffffc0][0xffffffff][0xfffffff1][0xffffffd0][0xffffffe0][0xfffffff8][0xe][0xffffffb2]C[0xffffff93]D[0xffffff83][0xffffff87]eO u[0xffffff82][0x19][0xffffff83][0xffffff99][0xffffffd5][0x19][0xffffff87]=o<[0xffffff82]N\[0x7][0xffffffed][0xffffff8d][0xffffffc3][0xfffffff1][\r][0xb][0xffffffd1][0xffffff89]1[0xffffff86][0x11][0xffffff84]J[0xffffffea][0xffffff96][0xffffffd7][0xffffffc7]~K[0xffffff8c]st}[0xffffffa0][[0x12][0xffffffba]"[0xffffffb9]4[0x1a]d[0xffffffd4]|9P[0xffffffe8]O[0xffffffd9]G[0xffffffa2][0x14][0xffffffcc]W[0xffffffba][0xffffff87][0xffffffb7][0x11][0xffffffb4][0xffffff83]P[0xffffff9e]h[0xffffffea][0xb][0xffffffe0][0xffffffaf][0x10][0xffffffcf][0xffffffa3][0xffffffdf][0xffffffd2]1[0xffffffa6][0x17](`n[0xffffffc1][0xffffffd4][0x15][0xffffffcb][0xfffffff2][0x6]XR[0xffffffac]z*mea&[0xfffffff1][0xffffffcc]H@"[0xffffffa7][0xffffff83]GJIt[0x1]UQ[0x0]*[0xffffff91]BZ[0xffffffc0]X4[0xffffffb2][0xffffff8b][0xffffffcd][0xffffff8d][0xffffff82]F3[0xfffffffa][0xffffff91]j[0x19][0xffffffa9][0xffffffe8]`[0x4][0xffffff90]X[0xffffff8d][0xffffff87]%[0xffffffc6]gm[0x5][0xffffff8b][0xffffffe5][0x5][0xffffffb5][[0xffffffaa]w[0x9]IE[0xffffff89][[0xffffffc9]g[\n]"
23:55:16.096 [main] DEBUG org.apache.hc.client5.http.wire - http-outgoing-1 << "[0xffffffdc][0xffffff92][0xfffffff3]6[0x19]7[0xffffffdd][0xffffff80]f[0xffffffa2][0x14][0xffffff97][0xffffffba]U[0xffffffb2]I[0x3]B^[0xffffffac][0xf][0xffffffa4]W[0xffffffe6]YW[0x12]$[0xffffffaf][0xffffffa0]`[0xffffff96]|([0xffffffe1][0xffffffcc]+LfB[0xffffff81]0[0xffffffba]{[0x1][0xfffffff9]6[0xffffffc8][0xfffffff5][0xfffffff4][0xffffffa9]}J[0xffffffa8][0xffffff86][0xfffffffa]R[0xffffffdc][0xffffffee][0x17][0xffffffc0]c[0xffffffea]a[0xffffffc8]w[0xffffffd1][0xffffff9a][0x11].[0xffffff86]#[0xffffffb1]v@U[0xffffff8b]0/)[0x6]*T[0xffffffb8][0xffffffe1]#yq[0xfffffffe]'p[0xffffffc7]XeQ[0xffffff9f]=S[0xffffffeb][0xfffffffd]4[0xfffffff8]$K[0xffffff8e][0xffffffad][0xffffffaf][0xffffffb1][0xffffffc7]x[0xfffffffe][0xffffffee][0xffffff85][0xfffffff5]C0]|z[0xffffff9e][0x1d][0x15][0xffffffbc]/[0xffffff80][0xfffffffe][0xffffffa5][0x10][0xffffff99][0xffffff96][0x18][0xffffffd1]g$[0xffffffe1][0xffffff97][0x16]m[\r]H[0xffffffea][0xffffff91]T[0xffffff89][0xffffff84][0xffffffd0][0x17][0xfffffff7]HVa[0xffffffe9]g[0xffffffd2][\n]"
23:55:16.096 [main] DEBUG org.apache.hc.client5.http.wire - http-outgoing-1 << "[0xffffff8a][0xffffffe7]}R[0xffffffd5][0xffffffa2][0xfffffffb][0xffffff81]?[0xffffffc1][0xffffffc0][0x16]zx[0xffffffa2][0xffffffe9]b[0xffffff89][0xffffffd1]z[0x1f](ou[0x17]C[0xffffff85][0xffffffea][0xffffffaa]j[0xffffffea][0x12][0xffffffd8][0xffffffef]p[0xffffffaf][0xffffffb1]<[0x1f][0xffffffcb][0x8][0xffffff81]rD[0xfffffffd][0xffffffe6][0xf][0x6][0xfffffff8]:[0xffffffb9][0xffffffd4][0xffffffdf][0xffffffb8][0x14][0xf][0xfffffff5][0xffffffe5]e[0xffffffe7][0xffffffe5]8[0xffffff8c]}EJ[0xffffff8e][0xffffffa1][0x7][0x18][0xffffffef][0xffffffca]e[0xffffffc7]\[0xffffffe6][0xffffffd3][0xffffffca][0xffffff92][0xffffffe1]\PbBpF}[0xffffffac]+[0xfffffff2]V[0xffffff9e][0xffffffb3]#[0xffffff97]z[0xffffffa9][0xffffffaa]LaZ-[0x19]1[0xffffff9b][0x1d]+Q[0xffffff84]m[0x1f]RaG[0xffffffc9]J![0x19][0xffffffd5]\[0xffffffc7]W7[0x18]`[0x10][0x19]=2[0xffffff9a]9G[0xffffff92][0xffffffb6]g4s[0xffffff8c]f[0xe][0xffffffc1][0xffffffc9][0xffffffa9][0xfffffff7])[0xffffff98][0xffffffc0][0xffffffb0]D [0xffffffca][0xffffffe1]f^[0xffffffb6][0x1e][0x1]eF3G[0xffffffbc][0xffffffbd]7[0xffffff9a]9}[0xffffffb5][0x16][0x11]S[0xfffffffb][0xffffffaf][0xfffffffe]][0xffffff9c][0xffffffaa]wh[0xffffff8b][0xffffffc4][0xffffff92][0xffffff9e][0xffffffcd][0xffffff8e][0xffffffc3]u+[0x11][0x17][0xffffffa1]Ki4s[0xffffff8c]f[0xffffffce]eG[0xffffffea][0xffffffcb][0xffffffc8]P[0xffffffe2][0x0][0xffffffa3]-[[0xffffff81]@[0xffffffc5]?[0xffffff84]f[0xffffffce][0xffffff83][0xfffffff5]M[0xffffff8c][0xffffff82][0x9][0xffffff94]_Rq[0xffffffb5][0xffffffe4][0xffffffaf][0x12]m[0xffffffbd][0xffffff89]`W[0xffffffee][0xffffff90][0xffffff96] _[0xffffffdd][0xffffffbb][0xffffffe6]1Ej#J[0xffffff80][0xffffffe6][0xffffff81][0xffffffea][0xf]$5"[0xffffffb5]px[0xffffff87][0xffffffcc]([0xffffff98][0xffffffc8][0xffffffde]6[\n]"
23:55:16.096 [main] DEBUG org.apache.hc.client5.http.wire - http-outgoing-1 << "&_A[0xffffff8f]?;6 [0xffffffc2][0xffffffb6][0x7]u[0x1b]*6[0xffffffaf]n[0x3][0xffffff8d][0xffffffb5][0xffffffdf][0xffffff97][0xffffff82][0xffffffc9][0xffffffb3]}$[0x2]8v[0xffffffb5]Z[0xffffffad][0xffffffb9][0xffffffe4]s[0xffffffba]/9[0xb]Y[0xffffffe2]a[0xffffffe4],[0xffffffb2][0xffffff85][0x1f]@[0xffffffce][0x2][0xffffff9a][0xffffffe6][0xffffffe8][0xb][0xffffffca][0xffffffc1]R]c[0xffffffe4],L[0xffffffba][0xffffff82]IW[0xfffffff8][0xffffffe2][0xffffffd3][0x15][0xfffffff4][0xffffffa4][0xffffffa7]^[0xfffffffd][0xfffffffd][0xffffffe4][0xffffffa7][0xfffffff8][0xffffffef]?[0x7f]w[0xffffffff][0xfffffff7][0xffffff8b]W[0xffffffb7]g'?[0xffffffda][0xffffffc8]3[0xffffffa5]$[0xffffffcd][0xffffff9c][0xffffff9c][0xffffff85][0x0][0xffffff8b][0xffffffc3][0xffffffc9]YTK[0xffffffb6][0xffffffc8]8[0xffffff83][0xffffff9c][0x5]S[0xffffffaa][0x13][0x5][0xfffffff9]+o[0xffffff8e],Q[0xffffffd7]v[0xffffffe0]+[0xffffffa5][0xffffff8e][0xffffffaa][0xffffffd6][0xffffffda].[0xffffffe7][0xffffffae][0xffffffed]_[0xffffffce][0xffffffa2][0xffffffde]h[0xffffffb8][0xffffffb5][0xffffffba][0xffffffa2][0xffffffce][0xffffffc9]O[0xffffff9b][0x13][0xffffffc5]~[0xffffffa9][0xffffff9c][0xffffffdd][0xffffffbf]v[0xffffffce]>[0xffffffae][0xffffffa3][0xffffffce][0xffffffa1][0xf][0xffffff8d][0xffffff9c][0xffffff85]a[0xffffffce]=4[0xffffff93]7[0xffffff9f][0xffffffa9][0xffffffb4][0xffffffbf]|[0xffffffde][0xffffffa5][0xffffff92][0x1f][0xffffff9b][0xffffffd5][0xffffff9b]/p[0xffffffd7][0xffffffdc][0xffffffde][0xfffffffc][0xfffffff9][0x7f][0xffffff90]d[0xffffffb1]Mr[0x16]n[0xffffffdd]m[0xffffffd5][0x1a]E[0xffffffe9][0xffffffbe][0xffffffae]S[0xffffffaf][0x14]f[0xfffffffb]&[0xffffff88][0xffffffd9]\M[0xffffff9b][0xffffffd3][0xffffff8f]aT=D[0xffffffae][0x18][0xffffffc0]oI[0xffffffce]b[0x19][0x10][0xfffffff7][0x11][0xffffffe8][0xffffff8b]5[0xffffffa1][0xffffffcc][0xffffffd0][0xffffffdd]l[0xffffffc8][0x10]W~[0xffffffda][0x16][0xffffffc8][0xffffffcf]Ozk8[0xffffffd0][0xffffffd4]n#ga[0xffffff90][0xffffffdc] [0xfffffff9]F[0xffffffde][0xffffff8e]Ar[0xffffffd2],[0xffffff92][0x4][0xffffffac]>[0xffffffc0]([0xffffffc6]{[0xffffffc2]gm[0xffffffb7]a[0xffffffdb][0xffffffb5][0x6][0xffffffd2]{[0xfffffff3][0xffffffbc][0xffffffb9][0x1a][0xffffff94][0x1b]*[0xffffffc5][0xffffffa6][0xffffffaa][\n]"
23:55:16.096 [main] DEBUG org.apache.hc.client5.http.wire - http-outgoing-1 << "[0xffffffa6]k[0xffffffce]j[0xffffffe2][0xffffff86]~[0xc]k^<%[0xffffff94][0x1f]N[0xffffffcf][0xffffff82][0xffffffd1][0xffffffbb][0xffffff96][0xffffffc1][0xfffffff2][0x1a]h[0xffffffe2][0xffffff9b][0xffffffd8][0x1b]2([0xffffffbf][0xffffffd8][\n]"
23:55:16.096 [main] DEBUG org.apache.hc.client5.http.wire - http-outgoing-1 << "[0xffffffcb]S[0xffffffea][0xffffffb6][0xffffffa1]p[0x18][\n]"
23:55:16.096 [main] DEBUG org.apache.hc.client5.http.wire - http-outgoing-1 << "[0xffffff87][0xffffff87]D[0xffffffd1][0xfffffffe]6[0xffffffd4][0xffffffaf]<[0xffffffc0][0xffffff99][0xffffffa8][0xfffffffc]w)[0xfffffff1][0xffffffb9][0xffffff86][0xffffff83][0xffffffb7]9*o6[0xffffffab][0xffffffcd][0xffffff82][0xffffffa8][0xffffffbc][0x1]n[0xffffff9e]M[0xffffffba];[0x5],<}'c[0xffffff95][0xffffff9c][0xffffffc5][0xffffffd2]n[0xffffffc7][0xffffff93][0xffffff83][0xfffffff9]A[0xffffffe4],[0x4][0xffffff98][0xffffffd3]><[0xffffffed]=[0xffffffcb]O[0xffffffdb][0xffffff83][0xfffffff9]pC`n[0xffffffe4],[0xffffff8c][0xffffff9c][0xffffff85][0xffffff91][0xffffffb3]0r[0x16]Et[0xffffffea]MP[0xffffffee][0xffffffd4][0xffffffea][0xffffffb6]])[0xffffff80][0xfffffff2][0xffffff8a]][0xffffffaf][0xffffffb4]H[0xffffffe7]b[0x3][0xffffff94][0xffffffaf]"T[0xffffffff]S[0xffffffa1][0xfffffffc]Pr[0x16][0x4][0xffffffdd]uG[0xffffffc9]Y[0xffffffc8]O[[0x2][0xffffffb9]{[0xffffffba][0xffffff96]SM;,F[0xffffffce][0xffffff82][0xffffffc2]"
23:55:16.097 [main] DEBUG org.apache.hc.client5.http.wire - http-outgoing-1 << "pd[0xffffffee]':[0x1d]F[0xffffffce]"[0xffffffed][0xe]$;r[0xffffff8c][0xe]}[0xffffff8d][X<[0xfffffffd][0xfffffffa][0xffffff99][0x19][0xffffffc5][0xffffffa4][0xffffffdf][0x10][0xffffffeb][0xffffffbb][0xffffffd7][0xffffffdb][0xffffff84][0xfffffff0]I[0x17][0xffffff97]3[0xffffffa7][0xffffffa2](#g[0xffffff91][0xffffffd5][0xffffffc2]@[0xffffff97][0x1c]R[0xffffffce][0xffffffc2][0xffffffad]6+-[0xffffffbb]@[0xffffffe4][0xffffffd3]iT[0x1a][0xffffff8d][0xfffffff5][0xffffff81]t[0xffffffad][0xffffff86]4[0xffffff86][0x15]r[0x16][0xffffffc9][0xffffffae][0x8][0xffffff8e]aM[0xffffffe7][0xffffffa7][0xc][0xffffffa4][0xf]"g![0xffffffb6][0xffffffb3]+[0xffffff99][0xffffffcd]m[0xffffffbc][0x0][0xffffffd8]nC[0xffffffe4][0xfffffffc][0xffffffe4]tC[0xc][0xffffff8d]6[0x1b]9[0xb]MS([0xfffffff7][0xffffff90][0xffffff8f]n[0xffffffdf][0x9][0xffffff8a][0xfffffff3]{[0x4][0xf][0xffffffd6][0x17]*.[0xffffffe8]1*C[0xfffffff9][0x12][0x1f][0xffffffa5]5[0xffffff94]/l[0x7f][0x10][0xffffffbd]T[0xffffffb2]yCY[0xfffffff6][0xffffff8a]D[0xffffffac][0xfffffff2][0x1d][0xfffffff5][0xffffffc4]r[0x16][0xffffff8e][0xffffffed]6[0x1b][0xffffffce][0xfffffff2][0xffffffb6]v[0xffffffb5]a#[0xffffffa9][0x2]?[0xffffffac][0xffffff89][0xffffff9f]k[0xfffffff6]j[0xffffffc5][0xfffffffd][0x4][0xffffffc1][0xffffffd5]1O[0xffffff8c][0xffffffe0][0xffffff87][0xffffff91][0xffffffb3][0x10]I5{[0xffffff94][0xffffffb3][0x10][0x5]J9[0xb]R2[0xfffffff8][0xe][0xfffffffc]n[0xffffffe6][0xffffff8f][0xffffffd2][0xffffffbf][0xffffff92]u|[0x13][0x6][0x9][0xffffffdf][0xffffff98][0xffffffc8][0xffffff9b][0xffffffa0][0xfffffff0]^[0x13][0xffffff8d]_[0x11][0xffffffb2][0xffffffc1]A[0xffffffef][0xffffff81][0xffffffbc]![0xffffffc8][0xfffffff4]#[0xffffffb0]K[0xffffffe3]y8[0xffffff9b]e[0xffffffa8][0xffffffe7]?+[0xffffffbd][0x3][0xffffffa1]bAE[0x10][0xffffffcb][0xfffffff7]6)[0xffffffc3][0xffffff9f][0x12]SV[0x8],[0xffffffe0][0xffffffc7]x[0x4][0xfffffffe])[0xffffffbd][0xffffffe6]H$[0xc][0xffffffec]#[0xffffffd7]>[0xffffffb2][0xffffffb3][0xffffff9c]W)3[0x0][0xfffffff6].v[0xffffffe2][0xfffffffa]l[0xffffffe5][0xffffff86]R[0xffffffef][0xffffffb8]u[0xffffffdc]PPPe[0xffffffe3][0x4][0x1d][0x16]%#.[0xffffff9e][0xffffff81][0xffffff9a][0x1b][[0xfffffffe]'[0x10]tQ[0x2][0xffffffb2]Z[0xffffff8f],[0xffffffeb][0xffffff82]$[0x7][0xffffff98][0xffffffb7][0xb][0x15][\r][0xffffffbf]w[0x1d][0xfffffff6][0xffffffd9][0xffffff98][0xffffff94][0x1a][\n]"
23:55:16.097 [main] DEBUG org.apache.hc.client5.http.wire - http-outgoing-1 << "[0xffffff92]l[0xf][0xffffffbe][0xffffff8e][0xffffffa0][0x15][0xffffffa7][0x12][0x0][0xffffffc4][0xffffffb1][0x5][0xffffffed]5^@[0xffffffbc]"[0xffffff8e][0xffffffa1][0x1e][0xffffff91]\[0x8][0xffffffb5][0xffffff9c][0x1b][0xffffff8e]~[0x0]{[0x19][0xffffffc4]d[0xffffffe8](h[0xfffffffc]p[0xffffffa2][0xffffffff][0xffffff93][0xffffffe0][0xffffff83]`[0xffffffbb][0xffffffe0]B[0xffffff99][0xffffffcd][0xffffff9d][0xffffffe8][0xf][0xffffffc8]&x[0xffffffd3];hRL[0xffffff85]|[0x0][0x9]&[0xffffff84]`[0x6]O@[0x4][0xffffffef]*V6][0x1b]x[0xffffffd9]H[0xffffff82]f^[0xffffffb9]h;Sv[0xffffffe9][0x17][0xffffffed][0xffffffe2],[0xfffffff0][0xffffff8e][0xffffff99][0xffffffad][0xffffffad][0xffffff98][0xffffffc1][0xffffffa9][0xffffffa0][0xffffffc1][0xffffffd1][0xffffff9e]rd[0xffffffed]Z[0xffffffb5]iS^[0xffffffe8][0xffffffde]rdE[0xffffff89][0x7][0xffffffca][0xffffff91][0xffffffcd][0x14]~[0xffffff90][0x1c][0xffffffd9][0xffffffc4][0xfffffff2][\r]/[0xffffffec][0xffffffa8]kL[0xffffff8e][0xffffffac][0xffffffc9][0xffffff91]59[0xffffffb2][0x7f][0xffffffe0][0x1c][0xffffffd9][0xffffffd3][0xffffff93][0xfffffff7][0xfffffff6][0xfffffff9][0xffffffc9][0xfffffff1]'z[0x16][0xfffffff6][0xffffff86]WS[0x18][0xffffffa4][0xffffffe3][\r][0xffffffff][0xffffff8d]X[0xffffffd4][0xfffffff8][0xffffffcb][0x8]<[0xffffff9f]+"[0xffffffd4]c[0x19][0xffffff8b]G[0xfffffff8]q[0x2][0xffffff9d]UV[0x7f][0xffffff94][0x7][0xffffffe3][0xffffffaf]~[0x4]-[0xe])[0x1][0xffffff89]d[0xffffffd7][0x8]:",4[0xffffff95]|U[0x10](UJ[0xffffff8e]{[0xffffffe1]V[0xffffffda]N[0xffffffa5]][0xffffffe1][0xffffffc7][0xffffffd8][0xffffffc2][0x1c]Yu[0xffffff94][0xffffffeb][0xffffffb4][0xffffffab][0xfffffffc]f[0xffffffe9][0x0]9[0xffffffb2][0xffffffd5]f[0xffffffab][0xffffffee]&O[0xffffff9f][0xffffffe2][0xffffffd3][0x16]O[0xffffff9f][0xffffffe8][0xffffffb7]k[0xfffffff7][0xfffffff4][0xffffffe3][0xfffffffa][0xffffffa7]Oc[0xfffffff9][0xffffff96]X}[0xffffff99]'[0xffffffd0]>o[0xffffffe8][0xffffff89][0xffffff9d][0xffffffbe]m[0xffffffb6][0xfffffff2][0xfffffff2][0xffffff8f]?[0xffffffe6][0x9][0xfffffff4][0xf][0xfffffff7]6[0xffffffbe]Ym5[0xffffff8b],[0xffffffdf][0x1c][0xffffffd7]Y[0xffffffa1][0xffffffa7][0xffffffa8]#f}[0xffffffc5][0x16][0xffffffe2][0xffffffd2]1[0xffffff87]y[0x0]][0xffffffb6]|[0xffffffc3][0xffffff93]R[0xffffff8e]4[0xffffffb0][0xffffffcf][0x1c]Y[0xffffff82][0xffffffee]J[0x6][0xffffffc8]+[0xffffffdb]l#[\n]"
23:55:16.097 [main] DEBUG org.apache.hc.client5.http.wire - http-outgoing-1 << " [0xffffffbf][0xffffffdf][0x4][0xffffffe4]&G[0xffffffd6][0xffffffe4][0xffffffc8][0xffffff9a][0x1c]Y[0xffffff93]#[0xfffffffb]0[0xffffff9f] H[0xffffffe0][0xffffffd6][0xffffffec]:ra[0xfffffff3]9[0xffffffb2]n[0xffffffcb]v[0xffffff8a][0xffffff95]q[0x13][0xffffff94]F[0xffffff90][0xffffffbc]*[0xffffffab]j[0xffffffe9][0xffffff98][0xffffffa7]D[0xfffffff2][0x3][0xffffffa6][0xffffffc8]2[0xffffff94]'YU[0xffffffe2][0xffffffd3][0xffffffd6]1[0xfffffff9][0xfffffffd][0xfffffffa][0xffffffac]*[0xffffffe9][0xffffffde]iRd[0xffffffdb][0xffffffe5][0xffffffb2][0x9][0xffffffca]MP[0x1e]c[0x1c]l[0xfffffff9][0xfffffffa][0x5]n[0x16]x[0xffffff84][0xffffffd9][0xffffffde]J"[0xffffffff][0x4][0xfffffff3][0xffffffbb]P9[0xffffffdf][0xffffff94]W[0xffffffe5]6[0xffffffed]*L[0xffffffdf][0xffffff96][0xffffffa1][0xffffffbc][0xffffff8e][0xffffffb7]B[0xffffff95][0x6][0xffffffbc][0xffffffe0][0xffffffd6]lw[0xffffffb8][0xffffffb5][0xffffffd5]|[0xffffff87][0x4][0xffffffcc][0xffffffd5]1O[0xe][0xffffffe6][0xffffff87]I[0xffffff91]e[0xfffffff8]V[0xfffffff2][0xc]u[0xfffffff1]i{0[0x7f][0xffffffb5][0xfffffff6][0xfffffff5][0xffffffbe]]2)[0xffffffb2]&E[0xffffffd6][0xffffffa4][0xffffffc8][0xffffff9a][0x14][0xffffffd9][0xffffff87][0xffffffa5][0xffffffc8]V[0xffffffea]M[0xffffffbb][0xffffffb9][0xc][0xffffffe5][0xffffff8e]]oV[0xffffff9a][0x1b][0xffffffe2]r[0xffffffb7]][0xffffffdd][0xffffffb8][0xffffffc3][0xffffff82]c8v[0x7f]J(?X[0xffffff8a]l[0xffffffb5][0x5][0xffffffab][0xffffffd3]DMB|[0xffffffda][\n]"
23:55:16.097 [main] DEBUG org.apache.hc.client5.http.wire - http-outgoing-1 << "[0xffffffc8]/~q[0xffffffce].[0xffffffd6][0xffffffab]I[0x18][0xffffffc7][0xffffffb7].[0xffffffdb][0xffffffcb][0xffffff99][0x14][0xffffffd9][0xffffff85][0xffffffe8][0x8]2[0xffffff8a][0xffffff88]M[0xffffff8a]lQ^T[0xffffff9a][0xffffffe3][0xffffffbb][0xffffff9f][0xffffff80]:-[0xffffffef]i3[0xffffffac][0xffffffdc][0xffffff9a]c7[[0x5][0xffffff9b]"-[0xffffff8a][0xffffffb1]W[0xffffffc5][0xffffffd1][0xffffff95][0xb][0xffffffa7][0xffffffda][0xffffffae]:m[0xffffffb7][0xffffffb6]z{[[0x1d]#[0xffffffdc][0xffffff95][0xffffff9f][0x12]|[0xf][0xffffff93]![0xffffffcb]As[\r][0xffffffeb][0x8][0xffffffb3][0xffffffcc][0xffffffc4][0xffffffa7][0xffffffad][0xffffff90][0xffffff97][0xffffffde]Q[0xffffffde][0xffffffbf][0xffffffdf][0x10]B[0xffffff9b][0xc]Y[0xffffffb3][0x15]2[0xffffffbf][\n]"
23:55:16.097 [main] DEBUG org.apache.hc.client5.http.wire - http-outgoing-1 << "[0xffffffcc]V[0xffffff88][0xffffffd9][\n]"
23:55:16.097 [main] DEBUG org.apache.hc.client5.http.wire - http-outgoing-1 << "[0xffffff81][0xffffff97]nj[0xffffffab]T[0xffffffde][0xffffffe4][0xffffffd8]Y[0xffffffb5][0xffffff9d]j[0xffffffd1]N[0x8][0xffffffbe][0xffffff85][0xffffffc2][0xffffffc1][0xffffff86][0xffffff9d][0xffffff90]*r?V#8'[0xffffff87][0xffffffb8]8[0xffffffa6][0xfffffffa][0xffffffd4][0xffffffe1]s[0xffffff8a][0xffffff86][0xffffffbf]~[0xffffffe0][0xc][0xffffff98].[0xffffff92]7[0xffffffd7][0xffffffbf][0xffffffaf]gI[0xffffffa7]2$[0xffffff8c][0xffffff91][0xffffffe0][0xffffffe9][0xffffffe9][0xffffffca]@eyz9M[0xffffffa9][0xffffffd9]k[0xffffff86],%[0xfffffff4]i[0x19][0xffffffb2][0xffffffc7]}[0xffffffe9][0xffffffdb]&2d[0xffffffcf][0xfffffffc][[0xffffffd8]v[0xffffff95]>[0xffffffc6]}[0x1f]F(C[0x1f]&g[0xffffffe4][0xffffffd9]E[0xffffffc9][0xffffffa3]![0xffffff9c]b8#[0xfffffff3][0xfffffff2][0xffffffdb]([0xffffffbc]%O[0xffffffae][0xffffff8b]0[0x1c]w[0xffffffc3]O[0x1f][0xffffffd8]9+k[0xffffffd8]3[0xfffffff6][0xffffff90][0xfffffff2]9[0xfffffff2][0xffffff93]|T[0xffffffa4][0xffffffa4]":[0xffffffa3][0xffffffec]R[0xffffffb2][0xffffffc5][0x11][0xffffff85]S^[0xffffffab]f[0xffffffe2][0x4][0x17]&?B[0xffffffd6]kj[0xffffffa5]T[0xffffffb2]^[0xffffffa7][0xffffffce]L"Kt[0xffffff82]tUX[0xffffffdf] {[0x14]u[0xfffffffb]0[0x17][0xffffffea]y3[0xffffffaf][0x1b][0xffffff8c][0xffffff83][0xffffffb9][0xfffffff4][0xffffffb4]b[0x7f]0Tu[0x16]N[0xffffffdf]A[0xffffffcd][0x18][0xffffffb2][0xffffffdb][0xffffffb0][0xfffffffc][0xffffff82]m[0xffffffc7][0xffffff9b][0xffffff90][0xffffffcb]?[0xffffff8f][0x2][0xfffffff8]?w[0xffffffe8]z`[0xffffffc5]F&5|I[0xffffff89][0xffffffe3][0xffffff87]H[0xffffffae]E[0xe].[0xffffff9a][0xffffff89][0xffffff84][0xffffffd4]!,p[0xffffff84][0xffffffd9][0x1b][0xffffffd9]>[0xffffffc1][0xffffffe5][0xffffffa8][0xffffffb7][0x18][0xb];[0x1f]:K[0xffffff96]i[0xffffff89]B[0xffffff93][0xffffffcc][0xffffffd8]B[0xb]5[0xffffffe1][0xffffff93][0xffffffc5]9[0xffffffba][0xffffffc8]Z[0xffffffed][0xfffffffb][0xffffffdc][0xf][0xffffffdc][0xffffff9b][0xffffff9d]w[0xfffffff3]B[0xffffff9d]t[0xffffff8b][0xffffffa5][0xffffffe6][0xffffff95][0xffffffa5][0xffffff95]h[0x18][0x1b][0xffffffcf]Tm[0xffffffdb][0xfffffffa][0xfffffffa][[0xffffffaf]o[0xffffffbd][0xfffffff5][0xffffffff]s[0xffffffe1][0xffffffc7][0xfffffff3][0xffffffe7]t5U[0xffffffbb]j}[\r][0xffffffc5]y[0xffffffeb];r[0x1]z[0xffffffae]Y[0xffffffef]|[0xb]W[0xffffffa7]y[0xffffffe4]![0xffffffbb]W[0xfffffff8][0xffffffd6][0xffffffe8]9[0xffffffc1][0xffffffd3][0xffffffd0][0x1a][0xffffffc3]R[0x9][0xfffffff7][0xffffff92][0xffffffa8]_[0xfffffff3]`[0xffffffbe][0xffffff80][0xffffffe3][0x10][0xffffffb5][0xffffff8c]L[0xffffffea]p[0xfffffff9][0xffffffa2]V[0xffffffed]&"
23:55:16.099 [main] DEBUG org.apache.hc.client5.http.wire - http-outgoing-1 << "![0xffffffa1]D[0xffffff95][0xffffffa6]U[0xffffffb1][0xffffffd1][0xffffff93][0xffffffaa][0xffffffb6][0xffffffde][0xffffff93][0xffffff8a]2[0xffffff89][0xfffffff3])[0xffffffd8][0x18]1[0xffffff94][0xffffffea];D[0xffffffee]22[0xffffff90]q[0x17][0xffffffa5]g[0xffffff9d][0xffffff9e]R[\r][0xffffffbf][0x1e]J[0xffffffbd]N[0x1a][0xffffffaa][0xffffffa7]^[0xffffffab][0xfffffffe]U[0xffffffe5]&[0xffffffd9][0xffffffcc][0xffffffb0][0xffffffd8][0x1a]Z[0xffffff93]p[0x1a][0xffffffc0][0x1]I$[0xffffff80][0xfffffff7][0xffffffae][0xffffff91][0x19][0xffffffad]%6[0xffffffab]S([0x1][0x1c]C[0xffffff8c][0x6][0xe][0x1c][0xffffffb6][0xffffffc8][0xffffffc7][0xffffffab][0xffffff8b][0xffffffab][0x17][0xe]wi[0x9]d[0xffffff98][0x18]v1[0x1f]`{%[0xfffffffa][0xffffff8b][0xffffffba][0xffffffb4][0x14]-[0xffffffa6]S[0xffffff91][0xffffffb9]M[0xffffffde]v[0xffffffb1][0xffffffd5]_D[0xfffffff4]Q5[0xffffff83][0x13][0xffffffb5]}x+[0xffffffcd]G[0xffffffe2]w[0xffffffb6][0xffffff93][0xffffffeb]J[0xf]%J[0xfffffffb]Fu[0xffffffd2][0xffffffaf][0xffffffaa]b[0xffffffc5][0xfffffff0]X[0xffffff84][0xffffffad][0x1c]y[0xffffff87]qN4{[0xffffffce][0xffffff91]?[0x1b][0xffffffb9][0xffffffff][\r][0xffffffa9][0xffffffac]\[0x16]z[0xffffff92]$[0xffffff9e][0xffffffa6][0xffffff9f][0xffffffe3]D[0xffffffad]:[0xffffffe4]YS[0xffffffea]8[0xffffffd2][0xffffffbb][0xffffffb3][0xffffff89][0xffffffe8]t[0xffffffcd][0xffffffe8][0xffffffe2][/[0xffffff90][0xffffff9e]Yl[0x8][0xffffffc9]6Zl[0xffffffa2]D[0xfffffff6][0xffffff89][0xfffffff0][0xfffffff2][0xffffff92][0x19][0xffffffea][0xffffffaa]a[0xffffffda]X[0xfffffff8]>[0xfffffff2]f#[0x1f]G[0xfffffff5][0xffffffc6][0xb]J[0xfffffffb]C[0x17][0xffffffca][0xffffffac]m[0xffffffe1][0xffffff8a]H[0xffffff97]E[0x17]2CZ<[0xffffffdd][0xffffffa3]k[0xffffffff][0xffffffae][0x1b]z[0x11][0x19][0x15][0xffffffe2][0xffffffab][0xffffffa4][0xffffffdd][0xffffff9e][0xffffffb0]Z[0xffffffd2][0xffffffee][0xffffffca]k>[0x5]m[0xffffffa3][0x1e][0xffffffe8][0xffffffb0]e[0x1d][0xffffffc0])[0xfffffff0][0xffffff91]s[0xffffffae],[0xffffffde]P[0xffffffd6][0x9][0xffffffae]H[0xffffffba][0xf][0xffffffe2][0xffffffd3][0xfffffffb][0x19][0xfffffffe][0xffffffe6][0xffffff92]D[0xffffffc1][0xffffffb0][0xffffffb9][0xffffffa6][0xffffffac]D2([0xffffffe3][0xfffffffc]x[0xffffff82][0xffffffb5])[0xffffffd2][0xffffffec][0xffffffa5]a#[\r]y[0xffffff8c]3d[0xfffffff6]c[0xffffffbe]P[0xffffffdb][0xffffffc9][0xffffffe2],[0xffffffe8][0xffffff8d][0xffffffac][0x9][0xffffffa0]F[0xffffffde][0xffffffdc]e[0xffffffff]21O[0x19][0x3]=iG[0xffffff85][0xffffffe1][0xffffff92][0xffffffe9][0x4]v[0xffffffc8][0xffffff8a][0xffffffe9][0xffffffa6][0x5][0xffffffd3][0x17]r*[0xffffffe3][0xffffffda][0xfffffffd]Ob`'[0x1e][0xffffff8a]so[0x12][0xffffffc0]a[0xffffffd1][0xffffffeb]/[0xffffffd2]FX[0xffffffef][0xffffffff][0xffffffcd][0xfffffffe][0xfffffff6][0xffffffb8][0xffffffc9][0xffffffff][0xfffffff9][0xfffffff6][0xffffffbb]L[0xfffffffe][0xffffffbd]7[0xffffffbd][0xffffffe6][0xffffffbb][0xfffffff5]=[0xffffffd2][0xfffffff0][0xffffffad][0xffffffef]"[0xffffffc0][0x8]r[0xffffffed]Q.l[0xffffffed][0xffffffc4][0xffffffd0][0xffffffc3]$[0x2][0xffffff8c]kw[0xffffffe7][0xfffffff5][0x4][0x9][0xfffffff8]0[0xffffff94][0xffffff93][0xffffffe0]2A[0xffffffee][0xffffffbe]7$d[0xffffffa0]9[0xffffffef][0xffffff8d][0x9][0xfffffff5][0xfffffff0]c[\n]"
23:55:16.099 [main] DEBUG org.apache.hc.client5.http.wire - http-outgoing-1 << "[0xffffffaa][0xffffffc2]<0[0xffffff85]dco[0xffffffa5]\[0xffffffac][0xffffff8c][0xffffffbd][0xffffffd5][0x1][0xffffffbc],[0xffffffa4][0xffffffb1][0xffffffd4]Kr[0x1d][0xffffffc0][0xffffffda][0xffffffef][0xffffffc3][0xffffffaa]p&[0x1d][0xffffffe0].;[0xffffffc5][0xffffffae]S[0xffffff87]k[0xffffff85][0xffffffb1][0xffffffb7]2[0xfffffff6]V[0xffffffc6][0xffffffde]*[0xffffffc6][0xffffffe2][0xffffffb9][0xffffffe3][0x1c][0xffffffdb][0xffffffc1]L[0xf][0xffffffcf][0x1b][0xffffffd2][0xffffff91][0xffffff89]V[0xffffffc5][0xffffffcb][0xffffffce]Y[0xfffffff8]n[0xffffffd1][0x1b][0x9][0xffffffbf][0xffffffc0][0x1d]k[0xffffffdd][0xffffffc6][0xffffff99]I/^T[0xfffffff8][0x16][0xffffffe6][0xffffff8d][0xffffffdb][0x19][0x13][0xffffff82][0xffffffe1][0xffffffd0]8[0xffffffb2]5[0xffffffdf][0xffffff94][0xffffffbc]1[0xffffffa1]^T[0xffffffc6]q*oG[0xffffffb5][0xffffffe3][0xffffff85][0xffffffa9][0xffffffee][0xffffff94]V[0xffffff8b][0xffffffc6][0xffffffde]j[0xffffffe2][0xffffffc3][0xffffffd3]S8[0xffffffc8]t`[0x13][0xfffffff2]s0E[0xffffff8a][0x1c][0xfffffff5][0xfffffffe][0x3];v[0xb][0xffffffd3][0xffffffc7]L5b[0xffffffe4][0xffffffac]xlk[*[0xffffffe9]uO[0xffffff96]l[0xffffff85][0xfffffff5][0xffffff88]&[0xffffffbc][0xffffff9f][0xffffffd2][0x13][0xffffffec]E[0xfffffff8][0xffffffd2][0xffffff9b][0xffffffcd][0xffffffc1][0xffffffcd]|[0xffffff87],[0x12][0x7f][0xffffffd7][0xffffffc9][0xffffffba][0xffffffcd][0xffffffb4])[0xffffffac]G5[0xffffffe1][0x1a][0xffffff8f]iSco[0x15][0x1f][0xffffffe1][0xffffffdd]Sj[0xffffffaa][0x4][0xfffffff7]n<[0xffffff9a]k_[0xffffffe4]fq:h[0xb]l[0xffffffea][0xffffffb8]k[0xffffff8d][0xffffffbd][0x15]LW[0xfffffffb][0xffffffa0][0xffffff85][0xffffffcd][0xfffffffd][0x12]\[0xffffff98]i[0x1d][0xffffffe2]~[0xffffff91]a[0xffffffa0][0xffffffc5]A[0xffffffe2][0x3][0xffffff9d][0xffffffa8][0xffffff8c][0xffffffbd]U[0xffffffe2][0xfffffff4][0xffffffd5][0x1f]LKp|[0xffffff87]gs[0xffffffe4][0xffffff97][0xffffffc8][0xffffffef];[0x18][0x4]d<[0xffffffcd]}[0xffffffad][0xffffffdc]5[0xffffffa5][0x13][0xffffffd3][0x3]{[0xffffffdb][0xffffffd8][[0x19]{+[0xffffffb8]e[0xfffffffb]%5[0xffffffed]b^[0xffffffa8] [0x18][0xffffffc0][0xfffffffb]=[0xffffff97][0xffffffc9][0xffffffee][0xffffffab][0xffffffd8][0xffffff95][0xffffff88][0x1f]8[0xffffffcc][0xffffffb0][0x15][0xffffffd6]'[0xffffffb1][0xffffff84][0x12]/i[0x1c][0x1f]p[0xfffffff1][0x7f][0xfffffff1]b[0xffffffec]v[0xfffffffd]e[0xffffff81][0xffffff9d]2[0xffffffad]d-[0xffffff8f][0xfffffff9]#[0xfffffffd][0xfffffff4]Q[0x1c][0x1b]b[0xffffffc3][0xffffffcc][0xffffffb3][0xffffffbe][0xffffffc5][0xffffffee][0x1d]JZq8[0xffffff8e][0xffffffe9][0xffffff8a][0x3][0xfffffff8][0xffffff9c][0xffffffbf]z[0xffffffe3][0xffffff99][0x1f][0xffffff8f][0xffffffac][0xffffffbf]F[0xffffffa0][0xffffffbb]N[0xffffffbd][0xffffffe2][0xffffff93]&[0x1e]f[0x16]6[0xffffff91][0xffffff82][0xffffffbe][0x1f][0xe][0xffffffb0][0xffffff83]5[0x9]%[0xffffff9c][0xffffff9d][0x6][0xffffffd7][0xffffffd8]I[0xfffffff6][0xffffffb1]Y[0x18][0x7][0xffffffc5][0xffffffa7]~[0xffffffc4]F<[0xffffffae]k[0xffffff82][0x3][0xffffffb9][0xffffffbe]w[0xffffffb4]#[0xfffffffa][0xffffff97]0[0xffffff9e]/[0x1d]^[0xffffff9e][0xffffffdc][0xffffffcd]G[0xfffffff1]b[0xffffff8a][0x1d]QV[0xffffffbd][0xffffffb8][0xfffffffc]i[0xffffff8c]m[0xffffffe2][0xffffffef][0xffffffb0]=>[0xffffff9b][0xffffff85]7K[0xffffff87]s[0xfffffff6][0xffffffc8][\r][0xe][0x9][0xffffffae][0xffffffc3][0xffffffc1]`/[\n]"
23:55:16.099 [main] DEBUG org.apache.hc.client5.http.wire - http-outgoing-1 << "[\n]"
23:55:16.099 [main] DEBUG org.apache.hc.client5.http.wire - http-outgoing-1 << "[0xffffffcd]J[0xffffffc5][0xffffffad]6[0xffffffc8]@gO[0x2][\n]"
23:55:16.099 [main] DEBUG org.apache.hc.client5.http.wire - http-outgoing-1 << "[0xffffffb2][0xffffffc0][0xffffff83][0xffffffe8]'d[0xffffffcb][0xffffffde][0xffffffbf]|[0xffffff82][0xffffffd3]J,[0xffffffc6]dUF=[0xffffffc1][0xffffffa8]'[0x18][0xfffffff5][0xffffff84]?[0xffffffac]z[0xffffffc2][0xfffffff0][0xfffffffe][0xfffffff4][0xfffffffe][0xffffffb5]}v[0xffffffff]#e[0xffffffd7]d[0xffffffd5][0x13]$V[0x1c]H=[0xffffffa1]Qr[0xffffffec]R[0xffffffc5][0xffffffb9]pZm[0xffffffbb][0xffffffd6][0xffffffae][0xffffffae]p[0x18][0xffffffd3][0xffffff8e][0xffffff82][0xffffffc6][0xffffff82][0xffffffc8]T[0xffffffdd][0xffffffbf]zB[0xffffffcd]u*NU[0xffffff91]n[0xffffffe5][0xffffffa7][0xffffffcd][0xffffff99]I[0xffffffef][0xffffffef]N/N?[0xffffff9d][0xffffffad][0xffffffd3][0xffffffee][0xffffffa3]>4[0xe]c[0xffffff86]sk8[0xffffffb7][0xffffff86]s[0xfffffffb]@[0xffffffce][0xffffffad][0xffffffdb]j[0xffffffd6][0xffffff9a]PZ[0xffffffcd]snk[0xfffffff5][0xffffffa6][0xffffff8b][0xffffffa4][0xffffffff]<M[0xffffffab][0x8]1[0x17][0xffffffb3]>[0xffffffe5][\n]"
23:55:16.099 [main] DEBUG org.apache.hc.client5.http.wire - http-outgoing-1 << "$[0xffffffbe][0xffffff8d]E[0xffffffc7][0x1c] [0xffffffbd][0xffffff94][0xffffffc0]/[0xffffffef]0V[0x0][0xffffff88]{TO`[0xffffffe8]n*[0xffffffca][0xffffffad][0xfffffffc][0xffffffb4]-[0xffffff90][0xffffff9f][0xffffff9f][0xffffffac][0xffffffa1][0xffffffdc]r[0xffffffbb][0xffffff8d]z[0xffffff82]Ar[0xffffff83][0xffffffe4][0x6][0xffffffc9][0x1f][0xffffff88][0xffffffe4][0x15][0x18][0x16]4[\n]"
23:55:16.099 [main] DEBUG org.apache.hc.client5.http.wire - http-outgoing-1 << "[0xffffffb4][0xffffffb4][0xffffffdd][0xffffff9a]K[0xe][0x7][0xffffffeb][0xffffff90][0xffffffbc][0xffffffde][0xffffffae][0x14][0xffffffaa]'[0xffffffe8]H[0xffffffae][0xffffff8e]yJ$?[0xffffff9c]z[0x2][0xffffff83]w[0xffffffe2][0xfffffffa]+?m[0xb][0xffffffe5]k][0x7f]S(7[0xffffffea][0x9][0xffffff86]2`([0x3][0xffffffbb][0xffffffec][0xfffffffe][0x18][0xffffffdb]_a[0x16]Y[0xffffff81][0xffffffde][0xffffff8d][[0xffffffa0][0xffffff9e][0xffffffe0]T[0x1d][0xffffffc7]i4[0xb]h_:Rc[0xffffffbf][0xffffffc3])"[\r][0xffffffe4][0xffffff8e]9[0xffffff94]1[0xffffffc2][0xffffffca][0xffffffb8][0xffffff9c][0xffffffd1][0xfffffffc] [0xfffffff2][0x9][0xffffff84][0xffffffdf][0xffffffb5]D>A~[0xffffffda][0x12][0xffffffcd][0xffffff9d][0xffffffd3][0xfffffffb]5[0xfffffff2][0x9][0xffffff8c][0xffffffe6]F>[0xffffffc1][0xffffffc8]'[0x18][0xfffffff9][0x4]#[0xffffff9f][0xfffffff0] [0xfffffff9][0xffffff84][0xffffff8a]k[0xffffffb7][0xffffffdc][0xffffff82][\r][0xffffff96]J[0xffffffcd][0xffffffad][0xffffffda][0xffffff95][0x2][0xfffffffe][0xffffff97][0x6][0xffffffd3][0xffffffb5]&v[0xffffffaf]7@9[0x1d][0xffffffc3][0x12][0xb]O[0x19][0xffffff98][0x1f]J>[0xffffffa1][0xffffffe6][0xffffffba][0xffffffb6][0xffffffdd]J[0xffffffb7][0xffffffca][0xfffffff9][0xffffffd3]V@[0xfffffffe][0xfffffff1][0xfffffff8][0xfffffff6][0xfffffffc]b[0xffffff8d]>%[0x3]yJ<N,[0x7f][0xffffffa7][0xffffff8b][0xfffffff1][0xfffffff8][0xffffff85][0xfffffff2]k[0xffffff8e][0xffffff9e][0xffffffb5]??[0x1b][0xffffff87] LA[0xffffffc4]YW[0x19] Jq[0xffffffa5][0xffffffd5]r\[0x10][0xffffffb1]u[0xffffffcf][0xffffff9d][0x1f][0xffffffeb]?[0xfffffffd][0xffffffed]l[0xffffffdc][0xfffffffb]xZ;[0xffffffbf]xuwz[0xfffffffc][\r][0xffffffbd][0xffffffe7][0xfffffff0]n<[0xffffffbc][0xffffffd5][0xffffffc8][0xffffffb3][0xffffffe1][0xfffffff8][0xffffffcb][0xfffffff8]H[0xffffffbc][0xffffff85]'[0xffffffe2][0xffffffbe]t"
23:55:16.100 [main] DEBUG org.apache.hc.client5.http.wire - http-outgoing-1 << " [0xffffffe5]w[0xffffffd2][0xffffff8b][0xffffffb2]([0xfffffffd]O7[0xffffffdf][0xffffffd0][0xffffffab]d[0xffffffb0])D[0x19]T[0xffffffef]3|[0xffffffb1][0xffffff88]6>[0x16][0xffffffeb][0xffffffcd][0x1d][0xffffffcd]'y6[0xffffff9e][0xfffffff6][0xfffffff6][0xffffffdf][0xffffffc8]'[0x18][0xfffffff9][0x4][0xc]+[0xffffffb5][0xffffffd9]V[0xffffffa8]k[0xfffffff6][0xffffffc5][0xffffffc8]'[0xffffffd8]M[0xffffffa7][0xffffffd2]([0x8][0xffffffa5]+U[0x17][0xffffff91]t[0xffffffe1][0xffffffb6][0xffffff88]S[0xffffffb2][0xfffffff1][0xffffffe2][0xffffffb0][0xffffffda][0xffffffae][0xffffffd4][0xffffffda]63k[0xb]6[0xffffffb8][0xfffffff5]c[0x18][0xffffffa1][0xffffff9f][0x12]}[0xf][0xffffffa2][0xffffff9f][0xffffffc0]{ [0xffffffb5]:.[0xffffff85]@G~[0xffffffda][\n]"
23:55:16.100 [main] DEBUG org.apache.hc.client5.http.wire - http-outgoing-1 << "z[0xffffffe9]-[0xffffffe5][0xffffffc5]/[0xffffffab][0xfffffff5][0x13][0x14][0xfffffff4][0x1a][0xffffff87]1#%i[0xfffffff4][0x13][0xffffff8c]~[0xffffffc2]N[0xfffffffa][0x9]@%[0xffffffe0]7v<[0xffffff96]^P6[0xffffff9b][0xffffff8d]B[0xfffffffd][0x4]}[0xffffff9b][0xffffffa3][0xffffffda][0xffffffae][0xffffffb5]V [0xffffffb8]J[0xf]q[0xffffff80][0xfffffff2][0xffffffec]#[0xfffffff9][0xffffffc4][0x8]~[0x10][0xffffff87]1[0xffffff82]Z\[0xffffffca][0xfffffffe][0xfffffff4][0x13]d[0xffffff81][0xffffff9a]~[0xffffffc2]K"`[0xffffffeb][0x1e]c[0xffffffef]|/[0x2]c8&[0xfffffff5][0x4]0[0xffffffea][0xffffffc3]i[0xffffffc2][0xffffffda][0x1e][0xffffff87][0xffffffc8][0xffffffab]&[0xffffff83][0xffffffab][0xffffffae][0x7][0xffffffe2][0xfffffff9]"[0xffffff9a][0xffffff82]i[0xffffff8b][0xffffffbc]K[0xffffffa2]C[0xffffff93]i[0xffffffd6]<[0xffffffa4][0xffffff94]M[0xffffffcb][0xffffff9a]C[0xffffffa2][0xffffff80][0x18][0xfffffff9]S[0x7f]~[0x1b]F[0xffffffd7]P[0xb][0xffffff98]N[0xffffffc1]m[0xffffffa1][0xffffff92]TJk[0xffffffc9][0xfffffffa][0x16][0xffffff85]][0x13][0x11][[0xffffff94][0xffffff8f][0xffffffa0]y[0xffffff86][0xffffffb2]I[0xffffffce][0xffffff80][0xffffffb9][0xffffffc4][0xffffffaf][0x1c];9[0xffffffb8][0xffffffc0][0x7][0xffffffad][0xffffff98][0xffffffd0][0xffffff9f][0x10][0xffffffb5]{![0xffffff9c]e{s[0xfffffff0][0xffffffa2]A[0x16][0xffffff9e]yCz[0xffffff9d][0xffffff9d]V[0xfffffffd][0xffffff8e]([0xffffffe0][0xffffff82][0xfffffff3][0xffffff9c][0xffffffd0][0xffffff87][0xffffffa1][0xffffff91][0xffffffe0][0xffffff83][0xffffffbc][0xffffff8e][0xffffffbc][0xffffffd4][0xffffffde][0xffffffd8][0xffffff8b][0xffffff90]A[0xffffff9e][0xffffff9e]@[0xffffffd5][0xffffffbf]E[0xffffffba]+H[0xffffffc7]i[0x19][0xfffffff2][0xb][0xffffffe2][0xffffffcd]C[0xffffffc6][0x1][0xffffff9a][0x3][0xffffff9d][0x18][0xffffffd7][0x13][0xffffffbf][0xffffffc7]s[0x0]y[0xffffffc4]H[0x2]7[0x7f][0xfffffff7][0x6][0x19]H[0xffffffe8][0xffffff87]~[0xffffff87][0x1a][0xfffffff3]I[0xffffffaa]<[0xffffff90]@C0$'3[0xffffffea]O[0x10][0xffffffbd][0xffffffc1]s[0xfffffff6][0xffffffd9]p[0xc][0xffffffdd][0xffffff86][0xe]@[0xfffffff7][0xffffffdd][0xffffffc2]R[0xffffffc6][0xffffff9a][0xffffff81]"[0xffffff80]^^[0xffffffcc],[0xfffffff0][0xffffff9b]qM[0xffffffe1][0x10]i[0xffffffb6]~[0x7f]/[0xffffffa9][0xffffffae][0xffffff8d][0x6][0xffffffb6][0x1e][0x1b][\r]z[0xffffffc2][0xffffff89]c[0x7f][0x1e][0xffffffe7][0xffffff9f]p[0xffffffb2]2\[0xffffffab][0xfffffff5]>[0xffffffa4][0xfffffff3]M\[0xffffff96][0x5][0x1e]$[0xffffffd5]5[[0xfffffff6]AR][0xffffff95]S[0xffffff98][0xffffffac][0xffffffca][0xffffffa4][0xffffffba][0xffffff9a]T[0xffffffd7]]^v[0x18][0xffffffab][0xffffff9a][0xffffffdf][0xffffffa5]U[0xffffff8d][0xffffffbe][0xfffffffd][0xffffffd3][0xffffffab][0xffffffbf][0xffffff9f][0xfffffffc][0x14][0xffffffff][0xfffffffd][0xffffffe7][0xffffffef][0xffffffee][0xffffffff]~[0xffffffd1][0xffffffab][0xffffff9c][0xffffffdd][0xf][0xffffff91][0xffffffea][0xffffffda]+Lu%[0xffffffac]8X[0xffffffaa][0xffffffab][0xffffffdd]*9[0xfffffff5][0xb][0xffffffc7]nW[m[0xffffff87]_[0xfffffffd],[0x1b][0xffffff85]5J[0xffffffc9]Q[0xffffffb5][0xffffff86]<j[0xffffffff][0xffffffa9][0xffffffae][0xffffffe4][0xffffffe7]]o)[0xfffffff9]S[0xfffffff9]i[0xfffffff3]C[0xffffffe4][0xffffff8f][0xffffffd5][0xffffffd3][0xfffffffb]k[0xfffffff7]|[0xffffff9d][0xfffffffc])[0x2][0xffffff91][0xffffffbc]/N[0xffffffb2][0xffffff87][0xffffffc7];d[0xffffffb3]q[0xffffffe8][0xfffffff5]a[0xffffffba][0xffffffa6][0xffffffed][0xffffffe0][0xffffffe5][0xffffffa4][0xffffffd5][0xffffffe5][0xffffffa3][0xffffffad][0x3][0xffffff9f][0x9][0xfffffff2][0xb]*[0xffffffda][0xffffffc7]{uw~[0xfffffff2][0xfffffffe][0xffffffd3][0xfffffff9]#[0xfffffff6][0xfffffff1]D[0xffffffe9][0xffffff8f][0xffffffd8][0xffffffc7][n[0xfffffff4][0xfffffffa][0xffffffdd][0xffffffbc][0xffffffe5][0xffffffe3][0xffffff8d]Uu [0xffffffb7]Y[0xffffffc5][0xffffffde]ja[0xfffffff6][0xffffffbd]A[0xffffffdf][0xffffffdf]%[0xfffffffa][0xffffffca]M[0xfffffff3][0xffffff87][0xffffffbc][0xffffff89]q[0xffffffdd]Z[0x3][0x1a][0xfffffffb][0xffffffcb]O[0xffffff92][0xe][0xffffffde][0xffffffc3][0x14]8Ug[0x11][0xffffffb3]R[0xffffffa8][0xffffffc3][0xffffff97];[0xffffffe6]P:|[0x4]~[0x5][0xffffffa9][0xffffffae]y@[0xffffffdc]c[0xffffffaa][0xffffffab][0xffffff80]n[0xffffff95][0xffffffea]*?m[0xf][0xffffffe4][0xffffffeb]S][0xffffffa5][0xffffffbb]L[0xffffffc5]=[0xffffffc2][0xffffff92]x4[0xffffffbc][0x7]0[0xffffff8f][0xffffffbd][0xffffffae]O[0xffffffaf]8[0xc][0xffffff92][0xffffffe3][0xffffffd1][0xffffffd3][0xffffffc4][0xffffffd1]&[0xffffff8e].\[0xffffffb4]L~[0xffffff94][0xffffffc8][0xffffff8f]r[[0xfffffff5]z[0xffffffa5][0xffffffe0][0xffffff9d][0xffffffba]c7[0xffffff8a][0xc][0x9][0xffffffb2]([0xffffffed][0x16][0x1a][0x12][0xffffffe4][0xffffff8e]9[0xffffff94]![0xffffffc1]J$?\[0xffffffaa][0xffffffab][0x0]o[0xffffffe5]-#?m[0xf][0xffffffe5][0xffffffeb][0xffffff93][0xffffffa3][0xffffff8c]QX[0xfffffffa]"[0xffffffd5][0xffffffbc][0xffffffdd]1ow[0xffffffcc][0xffffffdb][0xffffff9d][0xffffffec][0xffffffdb][0xffffff9d][0xffffff8d]Fan[0xffffffad]Uk[0x14]@9[0xffffffcc][\r][0xffffff9c][0x6][0xffffffd9][0xffffffce],[0xfffffff3][0x16]2[0x1b][0x19][0xfffffffc][0xffffffea]f[0xfffffff9][0x5][0xfffffffd][0xfffffff2]f[0xffffffc7]a^[0xffffffef][0x14][0xffffff87][0xffffffe5][0xffffff87][0xffffffcb]t%[0xfffffff8]n$[0xfffffffe]2[0xfffffff2][0xffffffd3][0xffffff96]`^Y[0xffffffeb]/[0xffffffc3][0x1b],&[0xffffffd3][0xffffffd5]d[0xffffffba][0xffffff9a]L[0xffffffd7][\r][0xffffffb9]Qy[0xffffffc7]F[0x13][0xffffff95]sT[0xffffffee]T[0xffffffaa][0xffffffb5][0xffffff96][0xffffff8b][0xffffff84][0xffffffd6][0xfffffffc][0xffffff9b]z[0xffffffc7]v+v[0xffffff91][0xffffffd3]A[0x12]s;m[0xffffffbc][0xffffff85]wWP[0xffffffd0]$[0xffffff94]k[0xffffffc7]<%[0xffffff94][0x1f],[0xffffffd3][0xffffffd5]n[0xffffff81]J[0xffffffac]v[0xffffffca]k[0xffffffe2][0xffffffd3]f [0x7f][0xffffff8f],[0xffffffd7]W[0xffffffd5][0xfffffff3][0xffffff93]5Fa[0xc][0xffffffe4]&[0xffffffd3][0xffffff95][0xffffffd2]jM[0xffffffa6][0xffffffab][0xffffffc9]t[0xfffffffd][0xffffffc3]d[0xffffffba]6[0xffffffaa][0xfffffff5]j[0xffffffbd][0x0]~[0x11]^[0xffffffaf][0xffffffe4][0xffffffff]:[0xffffff8d][0xb] o[0xffffffb5][0xffffffbe][0xffffff8e]f[0xffffff90][0x1e]s@[0xffffff9a]Aq[0x1c]}[0xffffff90]DW[0xe][0xffffff9a]mJ[0xffffffb3][0xffffffa7]DW[0xfffffff9]i3[0xfffffff2][0xfffffff2];[0xffffffca][0xffffffca][0xffffffe9][0x9]K[0x19]Q[0xffffffce][0xe][0x6][0xffffff96]f[0xffffff8d]P[0xffffff82]{[0xffffff8d]B^[0xffffff93][0xffffffe8]j[0xffffffb6]B[0xffffffcc]V[0xffffff88][0xffffffd9][\n]"
23:55:16.100 [main] DEBUG org.apache.hc.client5.http.wire - http-outgoing-1 << "[0xffffffd9]1[0xffffffd1][0xffffffb5][0xffffffd1][0xffffffa8][0x14][0x1a][0xffffff85][0xffffffc1]O[0xffffffb6][0xffffffe5][0xffffff82][0x5][0xffffffb5]n'[0xffffffa4][0xffffffd9][0xffffffae][0xffffffae] [0xffffff8a][0xffffffa5];!8[0xffffffe6][0xffffff9f][0xffffff81][0xffffffe0][0xffffff87]Jt[0xffffffa5][0xffffff94][0xffffff9a][0xffffffbd]&[0xffffffba]jFap[0xffffffc2] [0xffffffa3]"[0x18][0x1]qv[0xffffffa9]n[0xffffff81]#q[0xffffff9e]MyD[0xffffffa6][0x5]9[0xffffffcf][0xffffffdc][0xffffffc0];[0xffffff87]S_[0xffffffc9][0xfffffffb][0xffffff87][0xfffffff2].'[0x13][0x7f][\n]"
23:55:16.100 [main] DEBUG org.apache.hc.client5.http.wire - http-outgoing-1 << "[0xffffffa3][0xffffffb1]6[0xffffffa5][0xffffff80][0xffffff96][0x12][0xffffffaf][0xffffffa7][0x1a]|[0xffffffa1][0xffffffac][0xffffffaf][0xffffffc9]Wh[0x8][0x13]$[0xffffffd8]}<[0x17][0xffffffbf][0xffffffbf][0xffffff83]P[0xffffffec]4XL[0xffffffac][0xffffffca]Qm[0xfffffff9]w:[0xffffff86][0xffffffb2]Js[0xffffffd6]e[0xfffffffc][0xffffffd1]B53[0xffffffb2][0xfffffffa][0xffffffe2][0xffffff9a],[0xffffffab]d[0xfffffffd][0xffffffff][0xffffffed]}[0xffffffeb][0xffffff92][0xffffffdb][0xffffffc8][0xffffff99][0xffffffe5][0xffffffab] [0xffffffd4][0x7f]T[0xe][0xffffff91][0xffffffc4][0xffffff8d][0xffffffe0]e[0xffffffd6][0xffffffeb][0xffffffd1][0xffffffa8][0xffffffd4][0xffffffed][0xffffffda]UU[0xffffffa9]%[0xffffffaa][0xffffffdb][0x1e]uG[0x11]$A[0x16][0xffffffaa]@[0xffffff82][0x6][0xffffffc8][0xffffffba])[0x14][0xffffffe1][0xffffffd7][0xffffff98][0xffffff88][0xffffffdd][0xffffffbf][0xfffffffb]`~[0xffffff92]=[0xffffffdf][0xffffff97][0x9][0x10]$A[0xfffffff0]"[0xffffffa2]b,g[0xffffff8c]=[0x16][0xffffff8a][0xffffff89][0xffffffcc]D"q[0xffffff90][0xffffffc8][0xffffffef]|[0xffffffe7][0xffffffbc][0xffffffbf][0xfffffffc][0xffffffd8][0xffffffd1][0xffffffba]5[0xffffffa9] ][0xfffffffb]"[0xffffffff][0xffffffa1][0xffffffc1][0xffffffbb][0xffffffb0]F:[0xffffffa9][0xffffffe1]}-[0xffffffd1]'[0xffffff86][0xffffff9d][0x10]YB[0xffffff91])[0xffffffd7][0xffffffaa][0xfffffff0][0xffffffb1][0xffffffa8]M[0x3][0x19]w<F[0x7f][0x17]LV[0xffffffd1][0xffffffea]4[0xfffffff2][0xffffff86][0xffffffe0][0xffffff9b]N[0xfffffffa]`[0xffffffb2]z[0xf]3h[0xffffffdb][0xffffffd2][0xffffffd5]W[0xffffffe3]k[0xffffffb2]'[0xffffffaa]`[0x0][0xfffffffc])[0xffffffc4][0xffffff95][0x3][0x1f][0xe]@U$[0x18][0x11]Ut[0xffffffc9][0xffffff83]L[0x14][0x14][0xffffff8d][0xffffffc4][0xffffffb3][0xfffffff9][0xffffffc0][0xffffff87]%[0xffffff8f]p[0x1e][0xffffffea][0xffffff87]s[0x18][0x1c][0xffffffcd]'[0xffffffde][0x3][0x14][0xffffff9b][0x11][0xc][0x5])[0x17][0xfffffff6]D[0xffffffa0][0x1c]s?[0xffffffb3][0xffffffee]d[0xffffffd2][0xffffffb5]j[0xffffffd1][0xffffffb5]}[0xffffffcc][0xffffffd3]4[0xfffffff6]"
23:55:16.101 [main] DEBUG org.apache.hc.client5.http.wire - http-outgoing-1 << "MK[0xffffffe5][0xffffffcb]Y[[0xffffff9b]{[0xffffffe8][0xffffffb1][0xffffffc4][0xffffffbc][0xffffffe8][0x19][0xffffffb5][0xffffffb8][0xffffffd0][0xffffffea][0xffffffdd]`[0xffffff92][0xffffffc6][0xffffffc3][0xffffffb7][0xffffffac][0xffffffd1][0xffffff9d][0xffffff8c]Z[0xffffffc6][0xffffff87]H[0xc][?rc[0xffffffd8]_[0xffffffc1][0xffffffd3][\r][0xfffffff7][0x1e]M[0xffffffdd][0xfffffff9]Q8[0xffffffc1]L[0xffffff99][0xffffffc1]v([0xfffffff2][0xffffffa9]a[0xffffffb6]7[0xffffffea]y3[0xfffffffa][0xffffff9d][0xffffffc8][0xe]Q[0x18][0xffffff88][0xb][0x17][0x16]t[0xffffffa2]_p[0xffffffc5][0xffffffea][0xffffffbb][0xffffffa0][0xfffffffe][0xffffff92]E[0x1b][0xffffffd5](|[0xffffffb8][0xffffffe8][0xffffffb7][0xffffff8a][0xffffff98]$[0xffffffa0][0xe]/[0xffffffee][0xffffffcf] [0x1c]W[0xffffff87]~[0xffffffe0]U[0x5][0xffffff80][0xffffff9c]M[0xffffffde]\[0xfffffffb][0x1][0xffffffe8][0xffffffc5][0xffffffe0][0xfffffff0][0xffffffb2][0xffffffbb]T4[0xffffffc7][0xffffffd8]&vZTP4[0x12][0xfffffff6]np[0x3][0xffffffd0][0x0]&*[0xffffff91][0xffffff8e][0xffffffa9]Qt[0xffffff88]:[0xb]b2[0xffffffdc][0xffffffd5]0[0xffffffb1][0xffffff92][0xffffffb1][0xffffffcf]u[0xffffff80]{[0x17][0xffffff8e][0xffffffc8][0xffffffae]L[0x18]Oe,[0x13][0xfffffff1][0xffffff8c][0xffffff8c][0xffffffe6]t[0xffffffd1]d66`*8{Ru[0xffffffb1][0xfffffffd][0x18][0xffffffa1]%[0xffffffba][0xfffffff8][0xffffffee][0xffffffe2][0xffffffae][0xffffffbe]u#2[0xffffffac][0xffffffea]a[0xffffffcc]2[0xffffffd4]p[0xffffffcd]E[0xffffffa9][0xfffffff1][0x14]u[0xffffffa0][0xffffffeb]YS[0xffffffbd]![0xf][0xffffffd7][0xffffff8a][0xffffffb9][0xffffff9a][0xffffffb8][0xffffffa2]~[0x10][0xffffff92][0x7]V:[0xffffffb7]@[0xfffffff8]^4[0xffffff93]0[0xffffffb4][0x7][0x1e][0xffffffc6][0xffffff8e][0xfffffff4][0xffffffc0][0x7][0xffffff92][0xffffffa3][0xfffffffd][0xffffff9e]X[0xffffffd8][0xffffffbf][0xffffff88][0xffffffe7][0xffffffbb]K[0xffffffa3]0t[0xffffffef][0xfffffff0][0xffffffd4]`[0xffffffec][0x5][0xffffff87];[0xfffffff9]i[0xffffffbd][0xffffffaa][0xffffffee]p6[0xffffffe5][0xffffffb3][0xffffffdf][0xffffffa3][0xffffffef][0xffffffdd]WZ[0xffffff97]R[0xffffffee][0xffffff96][0xfffffffe][0x10][0xffffffc7]A[0xfffffff6]X>hZ[0xffffffb6]e>7%{_[0xffffffd1][0xffffffd4][0xffffff89][0xffffffaf][0xffffffe0][0xffffff82][0x6][0xfffffffe]9[0xffffffcf][0x14][0xffffffbe][0xffffff8d][0xfffffff4][0x18][0xffffffa7][0xffffffad]u[0xffffffa5][0xffffffe1][0xffffffd6][0xffffffa2]9j;i[\n]"
23:55:16.101 [main] DEBUG org.apache.hc.client5.http.wire - http-outgoing-1 << "[0xffffffff][0xffffffa6]Q[0x17]}[0xffffffe7][0xffffffc6][0xffffffbb][0xffffffb8]C[0xffffff84]a[0xffffffbf][0xffffffbd]h[0xffffffff][0xffffff8f][0xfffffff7][0xffffff97][0x1f]:[0xffffffff][0xfffffff3][0xffffffb7][0x17][0xffffff8b]k[0xffffffe9][0xffffff90][0xfffffff7][0x18][0x13][0xffffffd1];[0xffffff8f]S[0xfffffff0][0xffffffd4][0xffffffbb][0xffffff93][0xffffff90][0xffffff8f][0xffffffba][0xffffffe8][0x2]q[0xffffffd0][0xffffffc1][0xffffff80][0xffffffc7]|[0xe][0xffffffe0][0xffffffb6]7[0x10]X[0xffffffd9][0x1d][0xfffffff8][0xffffffc4][0xffffffa5][0xffffffe7][0xffffff91][0xffffff82][0xffffffcb][0x18][0xffffff88][0xffffffec].PB[0xffffffdc][0x0][0x6]S[0xfffffffc]Jsh[0xfffffff1]\[0xffffffc5]x[0xffffffd0][0xffffff85][0x6];M3[0xfffffff1][0xffffffb0]g[0xffffff98][0xffffffff][0xffffffd4][0xffffff83][0xffffffcf][0xffffffdd]<[0xfffffffb][0xffffff80][0xffffffee][0xffffffef]b[0x1c][0xffffffb8][0x17]2[0x6]@[0xffffff83][0x12]y[0xffffff94]l[0xffffffa0][0xffffffc5][0xfffffffe][0xffffff88]2[0xe],[0xffffffb3][0xffffffd2]K[0xffffffbc][0xffffffdd][0xffffffd8][0xffffffd9][0xffffff8e],[0xffffffda][0xffffff96]:':N[0xffffffd3][0xffffffe6][0xffffffcd][0xffffffc7][0xffffff8f]<:[0x1b]:[0x7]{[0xffffffb4][0xfffffff4][0x16][0xffffff89][0xffffffc1][0x1f][0xffffff87][0xffffffc0][0xfffffffb][0xffffffc0][0xffffffef]y[0xfffffff0]"[T#[0xffffffcc][0xffffffde]f[0x18][0xffffffb0][0xffffffcc]u[0xffffff9c][0xffffffe3][0x11]@w[0x18].[0xffffffba]?"[0xffffffed]X[0xffffff88][0xffffff82][0xffffff8b][0xb][0xffffffc3][0xffffffa5][0xffffffd0][0xffffffa3][0xffffff88][0xffffffdf]d.BvN[0xffffffaf]ap'[0xffffff84]w[0x19]T[0xffffffb4]cH[0xffffffd8][0xffffffe3][0xfffffff9][0xffffffd1][0xffffffe4][0xffffff86]X[0xfffffff2]\jpA[0xb][0xffffffbc][0xffffffe1][0xffffff8c][0xffffffd0][0x12][0xffffff80]/[0xffffffdc]*E[0xffffffbb][0xb][0xfffffffb][0xffffff99][0xffffffee][0xffffffef][0xffffffe2][0xffffff9e][0xc]]?[0xffffffc0]u[0xffffffd1][0xffffffcf][0xfffffff2][0xffffffb1][0xffffffa6][0xffffffd3][0xffffffe5][0xffffffa3][0xffffffe2][0xffffffe3]56[0xfffffff0][0xfffffff1]0[0xffffffe0][0x9][0xffffff84][0xffffffeb][0xffffffc5]bZt[0xffffffc9][0xffffffc9][0xffffffb3][0xffffffc6][0xffffffe9][0x18]5[0xffffff88][0xffffffe9][0xffffffc3][0xffffffd0][0x11][0xfffffff8].[0xfffffffb])[0xffffffcd][0xffffffe5][0xffffffd8]J[0xffffffb0][0xffffffcb]E[0xffffff90][0xffffffca][0x0][0xffffff83][0xffffffb9]1[0xfffffff2][0x1e][0xffffffa2]W4[0xfffffff4]x/[0xffffffcc][0xfffffff1][0x0][0xffffff89][0xe]t[0xffffff91][0xffffffc8]q[0xffffff8d]YI[0xffffffe0][0xffffffe2][0xfffffffa]l![0xffffff88][0x13][0xfffffff9]<[0xffffffca][0x14][0xffffff81]69[0xffffffa0][0xffffffce][0xffffffb1]5[0xffffffb8][0xffffffc1][0xffffffd0]o/[0xffffffe1][0xfffffff5][0xffffff86]a[0xffffffec]=jK:[0xffffffe7][0xfffffffc]"[0xffffffa5][0xffffffff]V[0xffffffb4]bsF[0xfffffff9][0xffffffa6][0xffffffd6][0xfffffff4][0xffffffaa]eT[0xfffffff5][0xffffffcc]Y[0xffffffab][0xfffffff6][0x13][0xffffff98]Q[0xffffffc8][0xffffffc3][0xffffffa6]W,[0xffffffee][0xffffffcc][0xffffffe2],[0xffffffbc][0xffffffc1][0xffffff93][0xffffff93][\n]"
23:55:16.102 [main] DEBUG org.apache.hc.client5.http.wire - http-outgoing-1 << "3=h@[0x17][0xffffffeb][0xffffff83]4[0xffffffef]c[0x1][0xffffffcc][0xffffffc2][0xffffff83]N[0x2]U[0xfffffffa][0xfffffff6][0xffffffee][0xffffffca]{Y[0xffffff8d][0xffffffdd][0xffffffa1][0xffffffc7][0xffffffff][0xffffffc6]EW[0xffffffc5]Ki[0xffffffc0][0xffffffa8]H[0xffffffef][0xfffffff8][0xfffffffc]R@[0xffffff81][0xffffff9e][0xffffff8f]E[0xffffffc1][0xffffffe4][0xffffffd3][0xffffff87][0xffffffb3]x[0xfffffffd][0xffffff9c][0x5][0xffffffba]V[0x7][0xffffffde][0xffffffd0][0xffffff9d][0x7][0xffffffb3][0xfffffff7]xK[0xffffffc4]U[0xffffff82][0xffffff94]E[0xffffffcd][0xffffff99]R[0xffffffc8][0xffffff84]G*[0xfffffffc]([0xffffffc5][0xffffffe2][0xffffffe3]y[0xffffffe1][0xffffffd1]u|[0xffffffee][0xffffffbe]!<N[0x1e][0xffffffec]x[0xffffff8a][0x5][0xffffff84][0xffffffb7][0xffffffa7][0xffffffa1][0xffffffcd][0xffffffaa]#QN[0xffffff8d][0xffffffcf]n[[0xffffffb7][0xffffffc1][0xffffffd2]m[0xffffffcf]+[0xffffffdb][0xffffffc5][0xffffffa5]fCKbp[0xffffffe5][0xffffff8f]+[0xffffff9e]n[0xffffffe5][0xfffffff5]B[0xffffff99][0xffffffc7])[0xfffffff3]8z[0xffffffa8][0xffffffcf][0xffffffdd][0x7]X[0xffffff8e]>[0xffffffc9][0xffffffe7]z[0xffffffcf][0xfffffff9]&[0xffffffdf] [0xffffffb5][0x1d][0xc][0xffffffaa][0xffffff96][0xffffffdb][0x11]s>[0xfffffff9][0xffffff88]I[0xffffffde][0xffffffa9]{YS[0xffffffed][0xffffffd3]6^S[0xffffff8b]k[0x14]mg[0xffffffdf][0xffffffac]e[0xffffffb5][0xffffffab][0xffffffcc][0xffffffe3][0xffffffc2][0xfffffffe][0xffffff9e][0xffffffb6]S[0xffffffca]<[0xffffffee][0xffffffbf][0xffffff87]y\[0xffffffae][0xffffffa3][0xffffffda][0xffffff9e][0xffffffe8][0xffffffb0][0xffffffcb];1[0xffffffb7][0x1d][0xfffffff1][0xffffff84]~[0xffffff9a]([0xffffffe7][0xffffffb6]Zm[0x7][0xffffff93][0xffffffbe][0x4][0x9][0xffffffa5][0xffffffff]b[0xffffffde][0xffffffa7]W[0xffffffba][0xffffffaa][0xffffffe2][0xffffffa1]]]:/[0xfffffff0][0xf][0xffffffdb][0x13]3/[0xffffffae][0xfffffffa]aM[0xfffffffc][0xffffff8b]>[0x1b][0xffffffc8]([0xffffffdc][0xffffff8b][0xfffffff8][0xffffffc4]t[0xffffffff][0xffffff85][0xfffffff6]1f^[0xffffffc6][0xffffffb0]g[0xffffffed][0xffffffc4][0xffffffb4]([0xffffff9d][0xffffffc8]'[0xffffffbf][0x16]9[0xffffffe2][0x7][0xffffff9a]'I[0xffffffbf]m[0xffffffae][0xffffffe9][0xffffff9f][0xffffffc7]a[\r][0xffffffb6][0xffffff8c]Z[0x7][0xffffffde][0xffffffe4][0xffffffe4][0x7]y[0xffffffe0][0xffffff85]c[0xffffffbf][0xffffffa0]B[0xfffffff6][0xffffffe6][0xffffffa9][0xffffffa5][0xffffffe4]O[0xffffffa8]S[0xffffffdc]c[0xffffffe4][0xffffffad][0xfffffff7][0xffffffb3]&K[0xfffffff7]V?[0xffffffc9][0xffffffa4][0xffffffc2][0x1d]\x[0xfffffffd][0xffffffa5][0xffffffff][0xffffffaa][0xffffffd0][0xffffffb7];[0xffffffcf][0xffffff85][0x1f]F[0xffffffa8]Vl/[0xffffffd2][0xfffffff6][0xffffff9f][0xfffffff0][0xffffffb9][0xffffffa2][0xffffffde]~{[0xffffffcd][0xffffffd4][0xffffffe1][0xffffffd5][0xffffff9a][0x13][0x3]7-c[0xffffffe0]v[0xffffffe0]x(?8/[0xffffffca][0xffffffdc]G[0xffffff98][0xffffffb6][0xf]*0V[0xffffff8f]0K[0xffffffb0][0xffffffb3][0xffffffcb][0xffffffcf][0x7][0x1c]9g[0xfffffff3][0xffffff83][0xffffffe7][0x1b][0xffffff9f][0xffffffcc][0xfffffff5]th[0xffffffd3]"y[0xffffffd8][0xffffff84]y'y[0xffffffa2][0x1d]x[0xffffffe3][0xffffff94][0xffffffc3][0xffffffda][0x7f]w[0xffffff87]5[0xffffffba][0xffffffe9]G[0xffffff91][0xffffff9e]@Nq[0xffffffd3]lQ[0xffffff80][0xffffffe6]H[0xffffffd2][0x13][0xffffffb2][0xffffffc2]R[0xffffffa4]'[0xffffff96][0xffffffeb].Az[0xffffffa2]YM[0xffffffa4]'dSy[0xffffffd2][0x13]Y[0xffffffee][0xffffff93][0xffffff92]/[0xffffffc4][0xffffff9e][0xffffffef][0xffffff82][\r]VK3[0xffffffa4]1[0xffffffa1][0xffffffd2]=[0xffffffba]b9[0x13]Rl\[0xffffffaf][0x2][0xffffffbb]c_j![0xffffffb6][0xfffffffa] [0xfffffff7][0xffffff88][0x2]_Q[0x1f][0xffffffd1]g[0xffffffb7]H[0xffffffa3][0xffffffac][0xffffffd6][0xffffffc5][0xffffffa7][0x1c][0xffffffea][0xfffffffc][0xffffff90][0xffffffde][0xffffffe7][0xffffffda][0xfffffff1]R[0xffffff9a]3u[0xffffffce]{[0xffffffd8][0xffffffa6][0xfffffff6][0xffffffa7][0xffffffac][0xffffffc6][0xffffff83][0xffffffab][0xb][0xffffffa3][0xffffff91];[0xfffffff1][0xffffff9f]8"[0xffffffb4][0xffffffe7]U[0xffffffe2]T[0xffffffaa][0xffffff81][0xffffffd9][0xffffffb2][0xfffffffb][0xffffff8d][0xfffffff5][0xfffffffe][0x4][0xffffffdb][0xffffffc5][0x5]x[0xfffffff0][0xffffff8e][0xffffffa4][0xffffffc1][0xffffff9d]F[0xfffffffe][0xffffff9d][0xffffffdb][0x7f][0xffffffa4];D[0x1][0x8][0x1f][0xffffffea]<W[0xffffffe2][0xffffffb7]}[0xfffffffb][0xffffffb2]t2[0xffffffaa][0xffffffa3]m~p[0xffffff81]H[0xffffffca][0x7]G[0xffffffb1]?[0xfffffff3][0xffffffae][0xffffffdc][0x1]"[0xffffffac]/[0xffffffda]C7[0xffffff88][0xffffffbd][0xffffffaf][0xffffffcb][0xffffffd4][0xffffffa2][0xffffffac]d[0xffffffc4]_[0xffffffa1][0x1a]:z[0xffffffbc][0xffffffec][0xffffffbc][0xffffffce][0xffffff91][0xffffff8c][0x10][0xffffffcf]xy[0xffffff92][0x11]P[0xffffffc9][0xffffff82][0xffffffc8][0xffffffa1][0xffffffd9][0xffffffb6][0xc][0xffffffc9][\n]"
23:55:16.102 [main] DEBUG org.apache.hc.client5.http.wire - http-outgoing-1 << "[0xffffffc8][0xffffff95][0xffffff8c]HK[0xffffff81][0xffffff9e][0xffffffcb][0xffffff99][0x16]%"
23:55:16.103 [main] DEBUG org.apache.hc.client5.http.wire - http-outgoing-1 << "HF@[0xffffffec][0xffffffbc]i[0xffffffd6]Q7[0xffffffd3][0xffffffb1][0xffffffc4][0xffffffd1][0xe]t[0xffffffac][0xffffffa7][0xfffffff3][0xffffffd3][0xffffffb7][0xfffffff6][0xfffffff9][0xffffffcd][0xffffffa7][0x2]:[0x16][0xffffffc6]P[0xffffffb9][0xffffffa3])O[0xffffff9d]C[0xffffff91]u[0xffffff95][0xffffffe7][0x7f]<|][0xffffffab][0xfffffff9][Qv[0xffffffb5][0xffffffc2]}[0xffffffb1]v[0xfffffff5][0xfffffffc][0xfffffffd][0x11]w[0xffffffb5][0xffffff86][0xffffffe3][0xffffffe0][0xffffffee]j[0xffffffad]+[0xffffffd0][0xffffffbd][0x13][0xfffffffa]~[0xffffff93]d[0xffffff84]Uo:[0xffffffa0]^[0xffffffad][0xffffffa6]4[0xffffff98][0xffffffd6][0xffffffa6]D[0xffffffe3][0x14]1[0xffffffc1][0xffffffb6]jn[0xffffffc8]M[+SFB[0x3][0xffffffc0]oM2b[0x1d][0x10][0xffffff8f])[0x19][0xffffffc1][0xffffffd0][0xffffff9d]JF[0xffffff88][0xffffffa3][0xffffffdd][0xffffff81][0xffffffbc]H2[0xffffff82][0xfffffffa][0xffffffad][0xffffffdc][0xffffffd1][0x14][0xffffff92]+$[0xffffffdf]*[0x3][0xffffffbf][0xffffff8e][0xffffff98]Xn[0x3]'w_[0xffffffeb][0xffffffae][0xffffffd6][0xfffffff0][0xffffff9d] y[0xffffffc3][0xffffffae]7rddM8[0xe] [0xfffffffd]8[0xffffff87][[0xffffff9b][0xffffffa2]t[0xffffffab]mn[0x12][0xffffffff]Y+[0xfffffff3][0xffffff9c]H^[0xffffffa2]d[0x4][0xffffff83]7)}.[0xffffffd6][0xffffffe4]p[0xffffff96][0xffffffcb]*[0xffffffa6]A)-[0xfffffff8]_A[0xffffffef][0xffffffa7]_[0xffffffae][0xfffffffb][0xffffffe6]/[0xffffffff][0x1][0xfffffff1][0xffffffbb]`p[0xfffffffa][0xffffffb3]\[0xffffff93][0xffffffb3][0x4][0xffffffde][0xffffff86][0x14][0xffffff89][0x14][0xffffffca][0xffffff95];[0xffffff9a]rGS[0xffffffee]h[0xfffffffb][0x8][0x1d][0xffffffa9]E[0xffffffb9]T[0xffffffff]q [0xfffffff3][0xffffff93][0xffffffa3][0xffffffe3][0x6][0xffffff80][0xffffff87][0xffffff9b]q~[0xffffffa2]D[0x6][0xffffffa8][0xffffff8d][0xffffffad][0xffffffcb]r[0xffffffa8]hr[0xffffff99]g[0x7][0xfffffff3]R[0xffffffcc][0xffffffd1]hK[0xffffffa5][0xffffffa5]g7Xp[0xffffffb4]#[0xffffff98][0xffffffd7][0xffffffcf]O[0xffffffb7]m[0xffffffb0]([0xffffffc9][0x8]%[0x19][0xffffffa1]$#[0xffffff94]d[0xffffffc4]![0xffffff92][0xffffff9c][0xffffffb0][0xffffffe6]i[0xffffffda]V[0xffffffce][0xffffffaa][0x1c]F[0xffffff97][0xffffffb6][0xffffffa1][0x17]Cy[0xffffffdd][0xffffff94][0xffffffc6][\r]9[0xffffffea]?[0x9][0xffffffdc][0xffffffa7]e[0xffffff9e][0x13][0xffffffca][0xffffffcb][0xffffff92][0xffffff8c][0xffffffe0][0xffffffbd]q{iUn[0xffffffef][0xffffffbc]*[0xffffffbf]8[0xffffffdd][0xffffffb6]*[0x7][0xffffffc5][0x2][0xffffff8a][0xffffff9c][0xffffffc8][0xffffffa8][0xffffffc3][0xffffff9b]O[0xffffffc9]q[0xffffff8e]k+[0xffffffdf][0xffffffc1][0x18][0x15]%[0xffffffac][0xffffffac][0xffffff84][0xffffff95][0xffffffc7][0xffffff94][0x19]&[0x4]Zk[0xffffffff]"[0xb]r[0x1][0x9][0xffffff88]~[0xffffffcc]([0xffffffce])[0xffffff85][0xffffffd6][0x7]x[0x1e]b[0xffffffe9]V[0xffffffdc][0xffffffb0][0xffffff9b]y[0xffffffc6][0xfffffff3][0x6][0x1c].[[0xffffffb9][0xffffffce][0xfffffff3]z[0xffffff82][0xffffffcf]6[0x2][0xffffff90][0xffffff9b]d[0x7f][0xffffffb2]e[0xffffff9e]}9[0xffffffbe][0x0][0xffffffc3]c[0xffffffef][0xffffff90][fv[[0xffffffc5]2w\[0xffffff89]C}[0xffffffe2]l[0xffffffcb][0xffffffb6][\n]"
23:55:16.103 [main] DEBUG org.apache.hc.client5.http.wire - http-outgoing-1 << "[0xfffffffa][0xffffffac][0xffffff94]'[0xffffff94][0xfffffff2][0xffffff84]R[0xffffff9e]P[0xffffffca][0x13]{*O4[0xffffffb1]s[0xffffff92][0xffffffb7][\n]"
23:55:16.103 [main] DEBUG org.apache.hc.client5.http.wire - http-outgoing-1 << "o[0xffffffea]N[0xffffffb3][0xffffff91]/[0xffffff8d][0xffffff9f][0xffffffa2][0xffffffb3][0xffffffde]67[0xffffffb8][0xffffffcd]/P[0x1e]eJs[0xffffff9b][0xffffffdf][0x14][0xffffffe7]\[0xffffffa0][0xffffffe1][0xffffffd7][0xffffffdf][0xffffffd9]{[0xffffffa5][0xffffff87][0x1c][0xffffffd5]b[0xffffffae][0xf][0xffffffbf][0xffffffcf][0xffffff89][0xffffffa1][0xffffffee][0x7][0xffffff81][0xffffff9b][\r][0xffffff9e][0xffffffd6][0xffffffe4][0xffffffe9]5[0x12][0x7f][0x10][0xffffffcc][0xffffff9c]#*O[0xffffff88][\n]"
23:55:16.103 [main] DEBUG org.apache.hc.client5.http.wire - http-outgoing-1 << "[0xfffffff3]-[0xffffffd6][0xffffff90][0xffffffcd][0xffffffda]%R[0xfffffff6][0x7]/[0xffffffc9][0xffffff8f]|[0xffffff99][0xffffff84][0x1][0xffffffd7][0xffffff89][0xfffffffc]z[0xffffffd5]l [0xffffffea][0xffffffbb][0xffffffe0]i[0xffffffaf][0xffffffa6]Gfkb[0xffffffd6][0xfffffff6][0xffffff89]6[0xfffffff5][0xffffffa2][0xffffffb1][0xffffff8f],z[0xffffff91]3M[0x9][0xffffffb6]C[0x18][0xffffffa9][0xffffffe0][0xf][0xffffff9c]R~[0xffffffef][0xf][0xffffff90][0xffffff9b]+[0x12][0xffffffc6][0xffffffaf]=[0x7f]t[0xffffff8d][0xffffffbc]nx[0xffffff9d][0x5][0x3][0xffffffe6][0xfffffff3]V4$$i[0xffffffc4][0x7f]B/[0xffffffdf][0xffffff84][0xffffffe1][0xffffffad][0xffffffef][0x1d][0xffffffa7][0xffffff9f][0xffffffcb]u[0xffffffc9][0xffffff9e][0xffffffa6]R[0x15]][0x10][0xffffffd6]/[0xffffff90]M<[0x10][0xffffffc5][0xffffffd2][0xffffffbc][0xffffffe3][0xffffffdf][0xfffffff7][0x19][0xffffff9a]=[0xffffffb2][0xffffffbd][0xffffff96][0xffffff9b];[0xffffff91]CE[0xffffff99][0xffffffc9][0xffffff94][0xffffff9b][0xb][0x7][0xffffffba]>_:r[0xffffffc3]c-[0xffffff9c]b[\n]"
23:55:16.103 [main] DEBUG org.apache.hc.client5.http.wire - http-outgoing-1 << "[0xffffff89][0xffffff94]aJb[0xffffff8e]"[0xfffffff7][0xffffff91][0xffffff94][0x2]V[0xffffff8a][0xffffff8a][0xffffffc1]C[0x16]7[0xffffffd9][0xffffffb5][0xffffff91]Y[0xffffff9b]K[0xffffff82][\r][0xffffffc8][0xffffff91][0xffffffc6][0xffffff99]H[0xffffffc2]&[\r][0x6]m[0x18][0xffffff85]c!2[0xffffff82][0xffffffa3][0xfffffff8]1[0xffffff86][0xffffffda][0x1]r[0xffffffa7]g[0xffffff94][0xffffff9c][0xffffff8d]Ll[\r][0xffffffcd][0xffffffc4]l[0x7f][0xffffff87][0xffffffe4][0xffffffe4])XYZ[0xfffffff7][0xfffffff3]o/*[0xfffffff2][0xffffffe4][0xffffffdf]^[0xffffffbc]B6[0x7f][0xffffff8d][0x12][0xffffffab]k[0xffffffb3][0x10][0xffffffdc]7[0xffffffae][0xfffffff2][0xffffffb7][0x17][0xffffffbf]sV>e&w[0xffffffa1][0xffffffc1][0x10][0xffffffe3][0xffffffc6][0xffffff8a][0xe]"O[0xffffff9b][0xffffffd4]0[0xffffff86][0xffffffc8][0xffffffdc][0x1f][0xffffff86][0xf][0xffffff97][0xffffff82][0xffffffed][0xffffffc7]i[0xffffffbf][0xffffff95]%[0xffffffed][0x13]j[0x18][0x14][0xc]!n[0x12]/TM,[0xffffff9e]!R[0xffffffd2]D[0xffffff9c]&U[0x11][0xffffffd0][0x1e][0xffffffee][0x1b][0x16][0xffffffcd][0xffffff94][0xffffffda][0xffffffff][0xffffffb2][[0xffffffa9][0xffffffc8]D[0xffffffea][0xffffffee]I[0xffffff92][0xffffffef][\r][0x1][0x7][0xfffffff4][0x7]b[0x2][0xffffffd7][0xffffffe2][0xffffff92][0xffffffd3][0xffffffeb][0xffffffa6]fp[0xffffffbd] Kr[0x6]vo[0xe][0xffffffd1][0xffffff8a]lo[0xffffffd6][0xffffffbb][0xffffff97]$iS[0xffffffde]2NB[0xffffff8b]D[0xffffffd9][0xffffff99][0xffffffcd][0xffffffa7][0xffffffa2][0xffffffe8]Z[0xffffffb6]I:_6'[0xffffff9b][0xffffff9c]l[0xffffffc8][0x2][0xffffffa7][0x7]M[0xffffffd6][0xffffffba][0xffffff9a][0xfffffffc][0xffffffb2][0xffffffb9][0xffffffd6][0xffffffb4][0xffffffe4][0xffffffa6]Z[0xffffffed][0xffffffaa]A[0xffffff95][0xffffffd2][0x7f][0xffffff97]L[0xc]+Z[0xffffff87]U[0x3][0xffffff90]O[0xffffff91]$[0x7f]t[0xffffffcb][0xffffff9a][0xffffffed][0xffffff99]6[0xffffffe8][0x1e][0xffffffb1][0xfffffffa][0xb][0xffffffd4][0x6][0xffffffa6],[0xffffffb4]A[0xffffffb7]*#[0xffffffb6][0xffffffd1]EjF[0xffffffda][0xffffffa1][0xffffffa4][0xfffffff0]+)[0xffffffe4]B[\n]"
23:55:16.103 [main] DEBUG org.apache.hc.client5.http.wire - http-outgoing-1 << "[0x5][0xfffffff1][0xffffffd2][0xfffffff4]AmK[0xffffffa6][0xffffff8d][0xffffff89]HG[0xffffffdd]Y[0xffffff9f]?[0xffffffef][0xfffffffc][0xffffffc9][0xfffffffc]A{h:[0xffffffda]K[0xffffffdf]i:[0xffffff95][0xffffffb9]H[0xffffffde][0x12]4[0xffffff90][0xffffffca]x[0x1e][0x3][0xffffffbb]xJ[0x8][0xffffffc9][0x1d][0x16][0x5]8[0xe][0xffffffd5][0xffffffdc]ql[0xffffffbd]A[0xfffffff2]p[0xffffffc7][0xffffffa2][0xffffff9a][0xffffff8b][\n]"
23:55:16.103 [main] DEBUG org.apache.hc.client5.http.wire - http-outgoing-1 << "[0xffffffcb][0xffffffa1][0xffffff9a]/[0xffffffd5]][0x2][0xffffffd5][0x1c][0xffffffd3]\~[0xffffffae]8[0xffffffa2][0xffffffa9]<[0xffffffaa][0xfffffff9][0xfffffffa]N[0x9][0xffffff85][0xffffff8d][0xffffff95][0xffffffcf]V[0xffffffaf][0xffffffc0][0x7f][0xffffffea]`[\n]"
23:55:16.103 [main] DEBUG org.apache.hc.client5.http.wire - http-outgoing-1 << "[0xfffffffa]*=#[0xffffffe5][0xffffffaf][0x1f]LD_[0xffffffad][0xfffffff1][0xffffff9b][0xffffffe8][0xffffffe8][0xffffffab][0xffffff95])[0xffffffd2][0xffffffe4]?[0xffffffa5][0xffffffcf][0xffffffd6]&[0xffffff97][0xffffffc3][0xffffffbf][0xffffff9a][0x17]7?[0xffffffdf]_<[0xffffffb1][\n]"
23:55:16.103 [main] DEBUG org.apache.hc.client5.http.wire - http-outgoing-1 << "[0xffffffe6][0xffffffcc][0x1d]]I[0xffffff9a][0x7]-[0xffffff8c][0x5]V[0xffffff94]GYw`aHr[0xffffffa5][0xffffff96][0xffffffdd][0xffffffb6]X[0xffffffec].[0xffffff97][0xffffffb2][0xffffff9e][0xffffff94][0xffffffb2][0xffffff9b]m[0xffffff9d][0xffffffe5][0xffffffee]J[0xffffffa0][0xffffffac][0xffffffeb]N[0xffffffc3][0xffffffb0]S[0x5]Qq[0xffffffb4][0xffffffc3]>[0xffffffce][0xfffffffd][0xffffffc5]M[0xffffffff][0xffffffe1][0xffffffa2]PA[0x14]c[0xffffffa8]([0xffffffeb][0xffffff8a][0xffffffe8][0xffffffa8][0xffffff88][0xffffff8e][0xffffff8a][0xffffffe8]8[0xffffff99][0x1d][0x12]R5M[0xb]2[0xffffffd0]y[0xffffff9b]9[0xffffffe0][0xffffffcc][0xffffffe4][0xffffffdb][0xffffffa9]$[0xffffff88]Y[0xffffff87][0xffffff81][0xffffffec]&;[0xffffff95]l[0x19][0xffffffde][0xffffffee])#[0xffffffa0]J[0xffffff9b][0x17][0xffffffab][0xffffff92][0xffffffca][0xffffffeb][0xffffff80]x[0xffffffcc][\r]y[0xffffff82]n+[0xffffffa5][0xffffffc6][0xffffff88][0xffffffa3]][0xffffff81][0xfffffffc][0xfffffffc][0xffffffa9][0xffffff88][0x1a]C[0xfffffffd]V[0xffffff94]u[0xffffff85][0xffffffe4][\n]"
23:55:16.103 [main] DEBUG org.apache.hc.client5.http.wire - http-outgoing-1 << "[0xffffffc9][0x15][0xffffff92][0x1f][0xffffff8a][0xffffffe4][0xffffff8d][0xffffffa6]e[0x2][0xffffffb2]W[0xffffff93][0xffffff8f][0xffffff9a]V[0x3]Q[0xffffffc3][0x1c][0xffffffc6]zf[0xffffffe9]k[0xffffffb0][0x15]m[0xe]3f[0xffffffad][0xffffffcc]s[0x2]y[0xffffff89][0xffffff8c]u[0xffffffc6][0xffffffee][0xffffffa5]%9[0xfffffff1][0xffffff8a][0xffffffb6]2[0xffffffd6]yI~.>g60[0xffffffd6]S$W[0xffffff8c]u[0xffffffc5]XW[0xffffff8c]u[0xffffffc5]X[0xffffffe7]t[0xffffffff][0xffffff8c][0xffffff9e]um[0xffffffbb][0xffffffc9][0xffffffa1]c[0xffffffc1][0xffffffb2]v[0x1d][0xffffffc9][0xffffff8d][0xffffff86]i8[0xfffffffa]V0[0x17][0xfffffffb][0x18][0xffffffc5]`.[0xffffffca]<;[0xffffff98][0xffffff97][0xffffffc3]X[0x7][0xffffff98][0xffffffc3]L,[0xffffffe1][0xffffffc9][0xffffff88][0xffffffa3][0x1d][0xffffffc1][0xfffffffc][0xffffffe9][0xffffffa2][0xffffff90][0xffffffb1]N`[0xffffffae][0x18][0xffffffeb][0xffffff8a][0xffffffb1][0xffffffae][0x18]"
23:55:16.104 [main] DEBUG org.apache.hc.client5.http.wire - http-outgoing-1 << "[0xffffffeb][0xffffff8a][0xffffffb1]~[0xffffffc8][0xfffffff6][0xffffff8a]aa[0x17][0xffffffa5][0xe][0xffffffc4]^][0xffffff94][0xffffffdb][0xffffff86][0xffffffd5]"K[0xfffffff2][0xffffff8d][0xffffffcb]r[0xffffffa7]m[0xffffffd0][0x7f][\n]"
23:55:16.105 [main] DEBUG org.apache.hc.client5.http.wire - http-outgoing-1 << "[0xffffff97][0xffffffe5][0xffffff99]2[0xffffffcf][0xffffff89][0xffffffe4][0xffffffa5][0x11][0xffffffd6]yg|i{[0xffffffc5][0xffffffde]%[0xfffffff3]H[0xffffffee][0xffffff93]o[0xffffffdb]^Q[0xffffff84]u[0xffffffb5][0x1e]W[0xffffffeb]q[0xffffffb5][0x1e]_[[0xffffff8f]o#[0xffffffac][0xffffff9b][0xfffffff5][0xffffffba][0xffffffee][0xffffffe4]`[0xffffffb8]c[0xffffffd7][0xffffff8d][0xfffffffc][0xffffff9c][0xffffffa3][0xffffffec][0xfffffff6][0xfffffff7]&[0xffffffbe]z[0xffffffb6]Li|[0xfffffff5]M[[0xffffffe4][0xffffffe5][0xfffffff0][0xffffffd5]yS%Ut[0x11]G;[0xffffffae][0xffffffc3][0xffffffb1][0xffffffa9]R[0xffffffa4][0xffffffe8]B[0xffffffeb]p[0xffffffc5]WW[0xfffffff8][0xffffffad][0xfffffff0][[0xffffffe1][0xfffffff7][0xffffffde][0xfffffff8]m4[0x1b]6[0xffffffc5]2W[0xffffffd7][0xffffffe0]@+Nm[0xffffffdf][0xffffffb8][0x6][0xffffff87][0xffffffd5]m[0xffffff81]Qbfk\[0xffffff98])>[0xffffffe7][0x1a][0xffffffbc]4[0xffffffba]:[0xffffff90][0x16][0x1b])G[0xffffffa4][0xffffffab][0xffffff8b][\n]"
23:55:16.105 [main] DEBUG org.apache.hc.client5.http.wire - http-outgoing-1 << "3t[0xfffffff5][0xffffffd4][0xffffff96]01[0xffffff9f]K,[0x9][0xffffffe3]}<[0x9][0xffffff87][0xffffffa9]#[0x16][0xffffffdb][0xfffffff0][0xfffffff9][0xffffff93][0xffffffbb][0x10]b[0xffffffd1]D8[0xffffffc5][0xffffffd0][0xffffffe0]N[0xffffff83][0xffffff83]:q[0xffffffe1][0xffffffdd][0xffffffc5]R[0xffffffd5]d[0x17][0x6][0xffffffc3]3[0xffffff9c][0xffffffa2][0x9][0x17][0xffffffad].[0xffffff98][0xffffffd7][0xfffffff0][0xffffffe0]"[0xffffff9a]1[0xffffffb1]g[0xffffffb7][0xfffffff9] [0xffffffe6][0xffffff98]Wq[0xffffff9b]ldE[0xfffffff6]S[0xffffffa9][0xffffffa7][0xffffffa1][0xfffffff6][0xfffffff9]'[0xffffffaf][0x7f][0x1b][0xffffffb2]C[0xffffff9d]t[0xffffffcc]*[0xffffffb6]X\T=[0xffffff87][0xffffff97][0xffffff95]t[0xffffffc6]B[0xffffffe5][0xffffffe9]Qq[0xfffffff5][0x9][0xfffffff7][0xfffffff7][\r]{[0x1e][0xffffffb2][0xffffffef]bE;[0xffffff9b][0xffffffd0][0xffffff94]f[0xffffff93]6[0x1a][0x10]xE[0xffffff8e]`[0xffffffa4][0x6]^9S[0xffffffb9]a[0xffffff98]w[0x1f]F[0xffffffb7][0xffffffa0][0xffffffc9][0xffffffcf][0xffffffa6][0xffffffd5][0xffffffe9][0xffffffb5][0x1f]_?VHb[0xffffff96]h[0xffffffe1][0x15]Q[0x16][0x6]\[0xb]C[0xffffffc0]{[0xffffffa4]7[0xffffffc0]?[0x10]ER[0x6]7[0xfffffffa]G6| [0xffffff8a][0xffffffc3]RO[0xfffffff8][0xffffff85]M[0xffffffdc];[0x7f][0xffffff84][0x1][0xffffffa5]6a[0xe][0xffffffa8]![0xffffffab][0xffffff80][0xffffffb4]M[0xffffff85][0xffffffc9][0xffffff99]K[0xffffffb4][0xffffffec][0xffffff88][0x2]&[0x1a][0xffffffd2][0x4][0xffffffa8]![0xfffffff4]`[0xffffff90][0xffffff90][0xffffffcb]?}x'[0xfffffffa][0xfffffffd][0xffffffce][0xffffffef]En[0xfffffff4][0xffffffa8][0xffffffc1]S[0xffffff8f][0xffffffdc]0'}[0xffffffb2]y[0xffffffcc][0xffffffda]j-[0xffffffb8][0xffffffd3]z[0xffffffd5]f[0x12]0[0xfffffffe][0xffffff92]0[0xffffffe0][0xffffffe1][0xffffffd0][0xffffffc5]M[0x7][0x1][0xffffffee]~[0x8]rw[0xffffffe4][0xf][0xffffffa8];[0xffffffb8][0xffffffee][0xffffffac][0xffffff8b][0xffffffd6][0xffffff9d][0xffffffef][0xffffffe2]j[0xffffffa6]n[0xffffffcf][0xf][0xfffffffc][0x19]5[0xffffffe0][0xffffffd3][0xffffffb8][0xffffff80][0xffffff85][0xffffff9f]1[0xffffff87]s[0x3][0xffffff8c][0xffffffdf][0xffffffe0][0xffffff91][0xffffffbd][0xfffffff2]$[0x3]>![0xffffffc5][0xfffffff3][0x0][0xffffffef][0xffffffd2][0xffffffd1][0xffffff85][0x5][0xffffff98]Q5[0xffffffa9]clZH[0xffffffa3]HwaB,[0xfffffff7][0x0][0x9][0xffffff91]`[0xfffffff0][0xffffff83]v[0xffffff9f][0xffffffdc][0xffffff9c][0xffffff84][0xffffffe2][0xffffffdc][0xfffffff3]'4[0x10][0xffffff94][0xffffffc3][0xffffff90][0xffffffd4][0xffffffd3][0xffffffbf][0xffffffc6][0xffffffc4][0xffffff82][0xffffff85][0xffffffde]|[0xffffffc6]cOW[0xffffffda][0xffffff9f][0xffffffcd]q[0xffffffb5][0xffffffe8]&[0xffffffd1][0xffffffd6][0xffffffb9]Z[0x9]A[0x9][0xffffffa7][0x1a][0xffffff87]d[0xfffffffb][0x6]I.[0xfffffff2][0xffffff9b]#>5[0xffffffec][0x12][0xffffffc9]H[0x11][0x17][0xffffff95]4[0x5][0xffffffda][0xfffffffb][0xffffffaf][0xfffffffc][0xffffffc4],[0xffffffb9]3[0xfffffffe]H[0x4]iqW[0xffffff88]K[0xe][0xffffff96][0xffffffb7](D)!)[0xffffffcd][[0xfffffff0][0xfffffffb][0xffffffc9]<O[0xffffffb0][0xfffffff2]3E[0xffffffee][0xffffffaf][0xffffffe1][0xffffffb1]'[0xffffffd2][0xf]`[0xffffffcc][0xffffffc6]~~[0x15][\r][0xffffff9a][0xffffffb7][0xffffffda][0xffffffeb][0xffffff8f]o[0xffffffce][0xffffffce][0x16][0xfffffffe][0xffffffa7][0xffffff94][0xffffffec][0xffffffc0]I[0x5][0xfffffff1][0xffffffe3][0xffffffb8][0x17][0x6][0xffffffcc][0x1a][0xffffffc7]P[0xffffffe3][0xffffffe1][0xffffffc4]u[\r][0xfffffffc][0x18]V[0xffffff81][0xffffff8f]te[0xffffffe3][0xffffffe4]>[0xffffffc8][0xffffffbe][0xffffffa6]}[0x10]spQ?[0xffffffb1][0xffffffde][0xffffff91][0xffffffea][0x10]N`0[0xfffffff5][0xffffff86]MS[0x7][0xffffffdb][0xffffffb8][0xffffffef][0xffffffb0]h[0xffffffcb]$[0xffffffc1][0xffffffec][0xffffffe2][0x1a][0xffffffb2][0xffffffd6][0xffffffc4][0xffffff89][0xffffffc6][0xffffffa7]1$`[0xffffffe6][0xffffffd0][0xffffffed][0xfffffffc][0xffffffdc][0xffffff95][0x6]"o[0xffffffe9][0xffffff97][0xffffffe3][0xfffffff7]![[0xfffffffb][0xffffff89][0xffffff98][0xffffffc4]pX[0x15][0xfffffff9][0x1e]Z[0x7f][0x1e][0xffffffc1]mu[0xffffff86][[0xffffffcf]cq[0x1c][0xffffffa6][0xffffffbb][0xffffffd1][0xffffffb2][0xffffff9b][0xe][0xffffffa5][0xffffffa3][0x1e][0xffffff8b][0xffffffe9].*,[0xffffff87][0xffffffe9][0xffffffbe]Tw[0x9]Lw[0xffffffa7]j[0xffffffc8][0xffffff80][0xffffff83]#[0xffffff9a]RLw[0xffffff91][0xffffffe6][0xffffff8e]QQ[0xffffffc2][0x7]J[0xfffffff8][0xffffffe0]{[0x15]>[0xffffffd8][0xffffffc8]t[0x7f][0xffffffb8][0xffffffec][0xfffffffc]l_[0xffffffdc]p[0xffffffd6][0xfffffffd][\n]"
23:55:16.105 [main] DEBUG org.apache.hc.client5.http.wire - http-outgoing-1 << "[0xffffffd3]]`EyLw[0xffffffbb]b:$[0xffffffce]^o[0xffffffb5][0xffffffeb][0xffffffbc][0xffffff95][0xffffff94][0xffffffcb]t[0x17][0xffffffa5][0xffffffac][0xffffffb6][0xffffffde]@[0xffffffc1]r[0xffffff98][0xffffffee][0x16]}h9[0xffffff89][0xffffffe4][0xffffff8c]<[0xffffffda][0xffffffbe][0x3]tn]@[0xffffff9c][0x1d][0xffffffd4][0xffffff9a][0x2][0xffffffc5][0x2][0xffffff8c][0xffffffa1]b[0xffffffba]+~[0xffffffa4][0xffffffe2]G*~[0xffffffe4][0xffffff81][0xfffffffc]H[0xffffffc3]i9[0xfffffff5][0x1c]qv[0xffffffc3][0xffffffb1]I[0xffffffe9]7g[0x17]([0xffffff8b][0xffffff98][0xffffff9b]T [0xffffffd7][0xffffffca][0xffffff94][0xffffffb1][0xb][0x4][0xfffffff0][c[0xffffffba][0xffffffaf][0x3][0xffffffe2][0x11][0xffffff99][0xffffffee][0xc][0xffffffdd][0xffffff8d]$[0x14]+[0xffffff8f]v[0x6][0xfffffff2]B[0xffffffa6];[0xfffffff5][0xffffff9b][0xffffff89][0xffffff9d][0xffffff8a][0x1f][0xffffffa9][0xfffffff6][0xfffffff3][0xffffffd5]~[0xffffffbe][0xffffffda][0xffffffcf]_[0xffffffdb][0xffffffcf][0xffffffdf][0xffffffca][0xffffff8f]4[0xffffff9a][0xffffff96]m[0xffffffe6]([0xfffffffa]6[0x1b]:~[0xffffffc8]g[0xffffffd5][0xffffffa4]8[0xffffffdd][0xffffff94]k[0xffffffe4][0x1c]~[0xffffffe4]Z[0xffffff99][0xffffffe7][0xffffffc4][0xfffffff2][0x15]L<:[0xffffff98]'qY[0x1][0xffffffe6][0x8][0xffffff87]l#[0xffffffbb][0xffffffcb]Uya\[0xffffff96][0xffffffc0]\[0xfffffff1]#[0x15]?R[0xfffffff1]#[0x15]?[0xfffffff2]0~d[0x1d]~[0x1a][0xfffffffa]zl[0xffffffb6]e6a[0xffffff9a]T[0xffffffb8]*7[0xfffffff4][0xffffffb6][0xffffffb1]IJ,Ar*S[0xffffff9a][0xffffff94][0xffffffd8][0xffffffa6]UyY[0xfffffffc]HF[0xffffffee]V[0xffffffa2][0x7])[0xffffff8f]v[0xffffffc5][0xfffffff1][0xffffffcb]N[0xffffff91][0x1e]$[0xffffffe1][0xfffffff8][0xffffff82][0x13][0xffffffa4][0x4]}[0x11]*S[0xffffff82][0xffffffbe][0xffffffb0][0xffffffbc][0xffffff9c]G{o7([0x5][0xffffff97][0x7f]J[0x5][0xffffff97][0x2][0xffffffdb][0xffffffbb][0xffffffad][0xfffffffc][0xffffffc8][0xffffff86][0xffffffd9]l[0xffffffe6][0xfffffff3]#[0x1d]@{[0xffffffc1][0xffffffc6][\n]"
23:55:16.105 [main] DEBUG org.apache.hc.client5.http.wire - http-outgoing-1 << "[0xfffffff6][0xffffffac][0xffffffcd]M[0xffffff99][0xffffffa7])[0xffffff84][0xffffffa3][0xc][0xffffffcb][0xffffffb7]<[0xffffffe7]b|[0xffffff81][0xffffff85]G_[0xffffff87]/[0xffffffe1]7e[0xffffffe6][0xffffffee][0xffffffba][0xe][0xffffffdf][0x1][0xffffffbf][0xffffff95][0xffffff9e][0xffffffaf][0xffffffd2][0xfffffff3]Uz[0xffffffbe]J[0xffffffcf]wO=[0xffffffdf][0xffffff86][\r][0xffffffde][0xfffffff6][0xfffffffa][0x1a][0xffffffdc]0L[0xffffffc3]p[0xfffffff2]E`2[%[0xfffffff6]&[0xffffffb7][0xffffffbb][0xffffffb5]2[0xffffffcf][0xffffff8c][0xffffffe0][0x12][\r][0xffffff8f][0xffffffac][0xffffffe7]+[0xffffff82][0xffffffb9]G$H[0xffffff8a][\n]"
23:55:16.105 [main] DEBUG org.apache.hc.client5.http.wire - http-outgoing-1 << "3[0x4][0xffffffc9][0xc][0xfffffff7][0xffffffea][0x3][0xffffff91][0xffffff89][0x12][0xffffffa6]V[0xffffffc2][0x4][0xffffff9b][0xffffffcc][0xffffffc7]=/[0x12][0xfffffff2][0xffffffa7][0xfffffff1]l[0x10][0xffffff82][0x11][0xffffffc6]t[0xffffffab][0xffffffa1][0xb]J[0xffffff9b][0xffffffe0][0xffffffdf][0x5][0xffffff90][0xffffff98]e[0xfffffff6][0x18][0xffffff91][0xffffffc2]2[0xffffffb9][0xffffffc7]Z[0xffffffd5][0xffffff9f][0xfffffff8][0xffffff90][0xffffffe4][0xffffff85][0x10][0xffffffec]K[0xffffffd2][0xffffffc0][0xffffff8c][0xffffffb5][0xffffffcf][0x1f]=p[0xfffffffe][0xfffffffc][0xfffffff9]X[0xfffffffb][0xffffffc1]j6[0xffffffed][0xffffff85]Lh[0x6]I[0xffffff93]"[0x7f][0xfffffffe][0xffffffb9][0x16][0xffffffcb][0xffffffd2]5?[0xffffff8e][0xffffffe7]^\[0xffffffa3]sNN[0x4][0xfffffffd]J[0xffffffb2][0xffffffa2][0x12][0xffffffc9]Y[0xffffffa2][0xfffffff0][\r]D[0xffffffcf][0xfffffffa]A[0xffffffb8]`#[0xffffffba][0xfffffff1],[0xffffffbd]$[0xffffffc9][0xffffffd5]L[0xfffffffa][0xfffffff2][0xffffff83]cX[0xffffffb9]=[0xffffffc8][0x13]Y[0xffffff96]=[0xffffffc0])''G"8[0xffffffd5]a}E[0xffffffb4][0xffffff9e][0xffffffa3][0x11][0xffffff9c][0xffffffb8][0xffffffc2][0xffffff92][0x8]N[0xffffffd9][0xffffffba]K!8[0xffffffa5]R[0xffffff9e][0x6]7[0xffffffa5][0x8]N[0xffffff8a][0xffffffe0][0xffffffb4]O[0xffffffb4]B}[0x8][0xfffffffe]S~[0x8]n&8]t^[0xffffff83][0xffffffe4][0xfffffff4]6[0xffffff97]"
23:55:16.106 [main] DEBUG org.apache.hc.client5.http.wire - http-outgoing-1 << "[0xffffffe0]DXQ*[0xffffffc1][0xffffffc9] )OP[0xffffff97][0xffffffc4]v[0xffffffde]&[0xffffff82][0x13][0xffffff97][0xffffffa2][0xffffff82][0xfffffffc]Uy|)O[0xffffffab][0xffffffa1][0xffffffb7][0xffffff90][0xc]([0xffffff99][0xffffff9f][0xfffffff2]h[0xffffff97]O[0xffffffb8][0xfffffff3][0xffffffd3][[0xffffffe3][0xfffffffc][0xfffffff4][0xffffffaf][0xffffff85][0x4]'%[0xffffffe5][0xfffffff9]B[0x11][0xffffff9c][0x14][0xffffffc1]i[0xffffffef][0x1d][0xffffffc7][0x7f][0x11]_[0xffffffad][0xffffffed]aq[0xffffffd0][0xffffff9b][0xfffffff4][0xffffff9c]X[\n]"
23:55:16.106 [main] DEBUG org.apache.hc.client5.http.wire - http-outgoing-1 << "[0xffffff85]X6m[0xffffffc3][0xffffffa5][0xffffff80]Y[0xffffffc0]oZ.S[0xffffffce]G[0xffffffdc][0xffffffba][0xffffff92][0xffffffa7][0xffffffb3]&m|[0xffffffd4][0xffffffad]8[0xffffffc2][0xfffffff1]D[0xffffffff]M[0xffffffe0][0xfffffff8][0xe][0xfffffffa]o[0xffffffe7][0xffffff96][0xffffffc0]q[0xffffff96][0xffffffb3][0xffffffde][0xffffffa0][0xffffffff]F[0xfffffffd]V[0xfffffffc]&[0x5][0xffffffe4][\n]"
23:55:16.106 [main] DEBUG org.apache.hc.client5.http.wire - http-outgoing-1 << "[0xffffffc8][0x15][0xffffff90][0x1f][0xffffffca]Tm[0xffffffb4][0xffffffea]-@[0xfffffff6]j[0xffffffc2]r[0xffffffab][0xffffffd1]j8[0xfffffff9][0xfffffffe]Z[0xffffffd8]kKa[0xffffffba]`?n[0xffffffb9][0xffffffcc]sBy[0xffffff99][0xfffffff4]&`yk[0x9][0xffffffcb][;c9[0xffffff92]6[0xffffffb6]`[0xffffffb9][0xffffffa2]7)z[0xffffff93][0xffffffa2]7)z[0xffffffd3]a[0xfffffff4]&[0xffffffdb][0xffffffc9]Er[0xffffffc7][0xffffffd1][f[0xffffffbe]vP[0xffffff82][0xffffffe4][0xffffffa6][0xffffffd1][0xffffffd6][0xffffffb7]!9[0xffffff95][0xffffffe1][0xffffff9d][0xffffff8e][0xffffffe7]D[0xfffffff2][0xfffffff2][0xffffffe8]M[0xffffffc0][0xfffffff1][0xffffffe6][0xffffff82][0xffffffa6][0xffffffca]G[0xffffffbb][0xffffffee][0xffffffad]\[0xffffff9e][0x16][0xffffffc9][0x7][0xffffffd1][0xffffff9a]\[0xffffffd1][0xffffff9b]T[0xffffffba][0xffffff81]J7[0xffffffd8]g[0x3][0xffffffff]_d_e+[0xffffffbd][0xffffffc9][0xffffffd1][0xffffff9b]&d[0xffffff82]VW[0xffffffe3][0xffffff96][0xffffffde][0xffffffa2]uf>[0xffffffbd][0xffffff89][0x17][0xffffffda][0xffffffa6][0xffffffde][0xffffffb6][\n]"
23:55:16.106 [main] DEBUG org.apache.hc.client5.http.wire - http-outgoing-1 << "[0x18][0xffffffaa]i[0xffffff99][0x12][0x19][0xffffffaa][0xfffffff9][0xfffffffb]*%[0xffffffd1][0xffffff9b][0xffffff80][0xffffffd8][0xffffff86][0xffffff95][0xffffffdd][0x1b]'V[0xffffffc1]vz[0x13][0xffffffef][0xffffffa9]t[0xffffffce][0xffffffb7][0xffffffac][0xffffffc3][0xffffffd1]gEoR[0xfffffff4]&EoR[0xfffffff4][0xffffffa6]}[0xffffffe9]M[0xffffffa6]m[0xffffffe6]l[0xffffff8b][P[0xffffffb3][0xffffffb1]6[0xffffffb2][0xffffff9b][0xffffff92][0xffffff9d][0xffffff92]"~[0xffffffea]r[0xffffff99][0xffffffe7]\[0xffffff83]/[0xffffffc0][0xfffffff0][0xffffffe8][0xffffffec][0xffffffa6]#[0xffffffcb][0xffffffbf]a[0xffffffe9]M[0xffffffdf]'[0xffffffe1][0xffffffe0][0x11].[0x8][0xffffffd0]d"[0xfffffff9]+w[0xffffffb6][0xffffffe4][0xfffffff3]Kf[0xffffff90](F[0xffffffbc]![0xffffffd6][0xffffffc8]Z[0xfffffff5][0xfffffffd]M[0x19]J[0xffffff96][0x14][0xfffffffd][0xffffff92][0xffffffce][0xffffffd1]U[0xffffffa2][0x1d]%[0x2]h[0x19]U[0xffffffb9][0xffffff8f]s[0xffffffb8]jC[0x10][0xffffff8b][0xfffffff8]O[0xffffffbf]z[0xffffffbd][0xffffffd3][0xffffffc8][0x7]s[0xffffffaa][0x2][0xffffff82]3YK[0x13]A[0xffffffea]3[0xfffffff9][0xffffff90]K[0xffffffb6][0xffffffd2][0xffffff82]nto[0xfffffff5][0xffffffab][0x12]_[0xfffffffd]0#[0x8][0xffffff95][0xfffffffa][0xffffffa3][0xffffffb3][0xffffff94][0x1c][0xffffffbb][0xffffff8b][0xffffffff]0[0x18]N*[0x13][0xffffffef][0xffffffbe]"[0xfffffff5][0xffffff95]N[0xffffffb4][0xffffff89]7[\n]"
23:55:16.106 [main] DEBUG org.apache.hc.client5.http.wire - http-outgoing-1 << "g>[0xb][0xffffffca]A|[0xffffffcb][0xffffff87][0xffffffa2]Ww[0xffffffe0][0xffffffc5]0[0xffffffc8][0x1e][0xffffffbc][0xffffffc9]h[0xffffff8d]uk[0xffffffdd][0xffffffc8][0xfffffffb][0xffffffdb]|[0xffffffed][0xffffffcf][0xffffffd9][0xffffffd3][0xffffffc9][0x16]|[0x8]Y[0xffffffaf][0xffffff9e][0xffffffdb][0xffffffbf][0x15][0xffffffbc]*[0xffffffbe]4[\r][0xffffffa2]m(v[0xffffffaf][0xffffffad][0xffffffab][0xffffffe5][0xfffffffd][0xfffffff4][0xffffffb6][0xffffffa3]u[0xffffffc1][0xffffffcc]b[0xffffffa9][0xffffffa7][0xffffffda][0x17][0xfffffff9][0xf][0xffffffcd][0x1f]|[0xffffffad][0x9]~U[\r]&[0xffffffdc][0xffffffe4][0xffffffc4][0xffffff8e][0xfffffff1][0xffffff80]<[0xffffffdd]L[0xffffffea]}i[0xffffffa4][0xffffffe5]u[0xffffffd8][0xffffffe5][0xffffff8f][0xffffffbc][0x19]}OaET[0xffffffa1][0xffffffaa][0xffffff99][0xffffffff][0xffffffb5]MCo[0xffffffbd]+[0x10][0x15][0xfffffffb][0xfffffff6][0xffffffae]@[0xffffffa2]m[0xffffffad]+[0x10][0x16][0xc][0xfffffffc][0x11]T[0xfffffff9]Hy+[0x16][0xffffffb7][0xffffff83][0xffffff88]p[0xffffff9f][0xffffffd3][0xffffffd9] [0x7f]:[0xffffffec][0xffffffea]![0xffffffb5]7 [0xffffffa2]]E[0xffffffd4][0x7f][0xffffff92][0xffffffca][0x16][0xffffff9e]MfQ8[0xffffff98][0xfffffff7]A[0xffffffab][0xffffffe3];%[0xffffff9a][0xffffffff][0xffffffdc]}[0x1b]xc[0xffffffa8]q[0xffffffbd][0x9]`[0xffffffdf][0xffffff8e]2^[0xffffffd4][0xfffffff7][0xffffffa6][0xffffffa5][0xffffffe8][0xffffff92]mh[0xffffffe8][0xffffffe4][0x15][0xffffffd4][0xffffffc8][0xffffffe4]ox[0x4][0xffffffb9][0xb][0x10][0xffffff8f]s[0xffffffe1][0x7][0x7f]|][0xffffffb2][0xfffffffc]v[0xffffffb8][0xb]g[0xffffff93];h[0xffffffde][\r][0xffffffde][0xffffff84][0x10][0xffffffff][0xffffff83][0xffffffc0][0xffffffdd][0xffffffcc][0xffffff8b][0xffffff8f][0xffffffdf][0xfffffffc]z[0x1b][0xffffffdc][0xfffffff4]E[0xfffffff8]q[0xffffffde][0xffffffbf]F[0xffffffcb][0xffffffb7]~[0x9][0xffffffd7][0xffffff9c][0xffffffad][0xffffff9d][0xffffff9b][0xfffffffb]4[0xffffffa1][0xffffffc1][0xffffffed][0xffffff84]x[0xfffffff8]![0xffffff8f][0xffffffe7]}[0xffffffc4]G[0xffffff82]79[0xfffffffe][0xffffffc5][0xffffffe6]6[0xffffff83][0xe][0xffffff90]2b[0xffffffaa]?[0xfffffff7]F[0xffffff98][0xffffffb2][0xffffff97][0xffffffd1][0xfffffffa]-[0x14][0x0]'[0xffffffb2][0xfffffffe][0x14][0x4]>xc[0xffffffa8]/[0xffffffc6]Zf[0xffffffc6][0xfffffffd][0xffffffe2][0xffffffc7]>M6[0xffffffee]X2[\r][0xffffff92][0xffffffc9][0xffffff9a][0xffffff99][\r][0xfffffff2][0xffffff91][0xffffffc9][0xffffffe2][0xffffffba][0xffffffa8]MJ[0x11][0xffffffca][0x3] [0x19][0xffffff89]<[0x12][0xffffff94][0x7]>[0xffffffd8][0xffffffa4]P[0xffffffdb][0xffffff9b]O[0xffffffa0][0xffffffac]8[0xffffffd8][0xf][0x1c][0xffffffdd][0xffffffc0][0xffffff8b]`[0xffffff9a][0x9][0xffffffed][0xffffffce][0xffffffee].[0x0][0xffffffb6]o[0xfffffff1]>=[0xffffffe5]W|[0xffffffd6]N[0xfffffff5]C[0xffffffed]p[0xc]N[0xffffffeb][0xffffffca][0x19][[0xffffffc1][0xfffffffd][0xffffff8a][0xffffffe1][0x8]c[0xffffff9b]\[0xffffffc3][0xffffffe9][0xffffffdb]wo;o[0xffffff8b][0xffffffdf][0x8][0xffffffc9]I[0xffffffbb]\[0xffffffb7][0xfffffff7][0xffffffe0][0xfffffff5][0xffffffe7]3[0xffffffef][0xffffffca][0xffffff8d][0x1f]'[0xfffffffd][0xffffff9d][0xffffffae]D[0xffffff9e][0xffffffc1]e[0xffffff93][0xfffffff7][0xfffffff3][0xffffff92]@)[0xffffff89]4N[0x6][0xffffffff][0xffffffdb]{[0xffffff8c][0xffffffdf][0xffffffbb][0x11]TA[0xffffff81]G{B[0x1][0xffffffd6][0x8][0x10]x[0x1d][0xffffffd4][0xffffffe2]Y4[0xffffffef][0xffffffcf][0xffffffaa][0xffffffeb][0xffffffd5][0xfffffff1]{[0x1a][0xffffff8f][0xffffffc2][0xfffffffd][0xffffffb5][0xffffffdf][0xffffffbf][0xffffffa6][0xffffffa5][0x5][0xffffffcf][0xffffff8f][0xffffff84][0x12][0xfffffffd]YN>[0xffffffac][0x2]0#[0xffffffa9]#[0xffffff87][0xffffffbd][\n]"
23:55:16.106 [main] DEBUG org.apache.hc.client5.http.wire - http-outgoing-1 << "[0xffffffc0][0xffffff86]&d[0xffffffc7]:`2[0xffffffa8][0xffffffdc][0xffffffa2][0xffffff9a][0x13][0xfffffff1][0xffffffec]q[0xffffffb5][0xffffffaf][0xffffffe9][0xffffffd6]k[0x1d][0xffffffcc][0xffffffaf][0xffffffc3]*[0xffffffe7]Jy[0xfffffffe]Th[0xffffff92][0xffffff9e]$[0xffffff9a][0xffffff97][0xfffffff1]+H[0xffffff95]B[0x9][0x14][0xffffff90][0x2]u[0xffffffd4][0x1]I\[0xffffff92]l[0xffffffe6][0xffffffcc][0xffffff85][0xffffffd6][0xffffffa7][0xb]1[0xffffffd0][0xffffff88][0x1e][0xffffff8c].[0xffffffcf]kP[0xffffffbd][0xffffffbd]@><[0xffffff9f][0xffffffbb][0x2][0xfffffffe]>x1d@[0xffffffe3]=a0[0xffffff92]g%#[0xffffffbe]\[0xffffff97][0x18]m[0xffffff89];o[0xffffffc0][0xfffffff6][0xfffffff6]~[0xffffffe5][0xffffffe5][0xffffffc1][0xffffff91][0xffffffda]Z[0xffffffaf]P6H[0x1c]v[0xffffffbe][0xfffffff8][0xffffff9e][0xffffffb7][0xffffff90][\r][0xffffffbd][0xffffff8f][0xffffffc0]x[0xffffffc7][0xffffff9f]!r[0xffffffea]j][0xffffffbc]r[0xffffffe6]x:x ^[0x1]/0H![0x16][0x3][0xffffff91][0xffffff96]\[0x11][0xffffffeb][0xffffff9e][0xffffffd2][0xffffff92][0xffffff81]tc[0xffffffb1][0xffffff8e][0xffffffc3]"[0xffffffee][0xe][0x2][0xffffffad]L[0xffffffb2][0xffffffc7]R[0xc][0xffffff8b][0xffffffa6][0xffffffee][0xffffff83]D[0xffffffae]GY[0xf][0xb][0xffffffa8]v[0xffffffa7][0xffffffa1]Oo[0xffffffd2]s[0xffffffa0][0x1d]~[0xffffffef]'b[0xffffffc2][0x15][0xffffffed][0xffffffd4][0xffffff8f][0x9][0xfffffffe][0xffffffb5][0x1f][0x3]7[0xffffffbe][0xffffffe6]A[0xffffffa1][0xffffffd5][0xffffffc7]4[0xffffff98][0xffffff8f]p[0x1a]%[0xffffffda][0xffffffb9][0xfffffffe][0x4][0x1d][0xffffffc8][0xffffff88][0xffffffb0][0xfffffff6]H[0xfffffff4]v[0xffffffe8][0xffffffce][0xffffff83]Y2c[0xffffffe3][0xffffffeb]p[0x1e][0xc][0xffffffb4]k/[0xffffff98]jc[0x8][0xffffffd5][0xffffffa2][B9[0xfffffff6][0x1f][0x7f][0xffffffff]?[0xffffffef]EMo[0xffffffd2][0xffffff9a][0xffffffa8][0xffffff93]I[0xffffff96][0x0]M[0xffffff8d]x[0x16][0xfffffff2][0x8][0xffffffdc]C[0xffffffff][0x15][0xffffff93][0xffffffe1][0x1f][0x7f][0xffffffff][0xffffffbf]4:[0xffffffe8][0xffffffd2][0x18][0xffffff84][0x7f]<7[0xffffffac]CK+#R[0xc][0xffffffa5]m[0xffffffbe][0xffffff88][0xffffff84]{[0xfffffff7]e[0xffffffde][0xffffff9b]f[0xfffffffd]D[0xfffffff0][0xfffffffb][0x7]x[0xe]X[0xfffffffa][0x17][0xffffffd3]O,C[0xffffffc5][0xffffff98][0xffffffbe]OU[0xffffff84]cV[0xfffffffd]MnJ"[0xffffffd9]K[0x2][0xffffffb2]<m![0xffffffd0][0xffffffdb][0xfffffff7]H[0xfffffff1][0x17]7[0x7][0xffffff8b]u[0x16][0xffffffde][0x5][0xffffffaa][0xffffffcb]1Y[0xffffffd2][0xffffffef][0xffffffc5][0xffffffdf]0z[0x3][\r]C[0xffffff96]1[0xffffffff][0x15][0xffffffe9][0xc][0xfffffffc][0xffffffd7][0xffffffcf][0xffffffff]~[0x1a][0xffffff9d][0xffffffbb]Q[0xffffffff][0xffffffec],[0xfffffff7][0xffffff82][0xffffff92][0x1f]E[0xffffffd6][0x2][0xffffffad]ZI[0xffffffe0][0xffffffd6]{ [0xffffffb4][0xffffffc6]"
23:55:16.107 [main] DEBUG org.apache.hc.client5.http.wire - http-outgoing-1 << "[0xfffffffa]9[0xffffff86][0x1e][0xffffffad][0x18][0xffffffe8][0xffffffee][0xffffffd8][0xffffff8d][0xfffffff0][0x7]o6[0xfffffff3][0xffffffaa]4Br[0xe]d[0xfffffffe][0x1a][0xffffff84][0xffffffa3]j[0x0]q[0xffffffdd] [0xffffffab][0xffffff97][0xffffff8c][\n]"
23:55:16.107 [main] DEBUG org.apache.hc.client5.http.wire - http-outgoing-1 << "[0xffffffc4][\r][0xfffffff7][0xffffff91][0xffffffa2]![0xffffffd7][0xfffffff1]xb[0x5][0xe]Q[0xffffffdd]tm[0xfffffff3][0x9][0xffffffa6][0xffffffc1][0x0][0xffffffb7]5[0xffffff9c][0xffffffb0][0xffffff82]/[0xffffff9d][0xffffffd2]w'$[0xffffffec][0xffffff8b][0xffffff99],[0xffffffc5][0xffffff8b]=[0x6][0xffffffcf][\n]"
23:55:16.107 [main] DEBUG org.apache.hc.client5.http.wire - http-outgoing-1 << "[0xffffffd6][0xffffffe9][0xfffffff4]B[0xffffffcd][0x19][0xc][0xfffffff1])[0xffffff85][0xfffffff7][0x6][0xffffffcd]6 [0xffffffdc]$v[0xffffff87][0xffffff9e][0xfffffff6][0xffffffe6][0xfffffffd][0xffffffe5][0xffffffaf][0xffffff9a]P[0xb][0x16][0xffffffe7]/V[0xffffffbd][0xffffff81][0x14]X[0xffffffce][0xffffffa0][0xffffff86]^5[0xffffffeb]U3[0xffffff8b][0xffffffd4][0xffffff99][0xfffffff4][0x13][0xfffffffc]3[0xffffff85]L[0xffffffcc][0xffffffbb]~[0x18]Es[0x8]>[0xffffffe3][0x16][0x4]4[0x1d][0x1]5[0xffffff9e];[0xffffffa6][0xffffffd9][0xffffff95][0xe][0xffffff9f][0xffffffe8]R[0x1c][0x2][0xffffffd3][0xfffffffd]1[0xfffffffa][0x14][0xfffffff6]!EK3[0xffffff91][0x12]Tf[0xffffffd1][0xffffffa3][0xffffffcc]O[0xffffffb9][0xffffff8f]H[0x1b][0xffffff9a][0xffffff84][0xffffffb3]! [0xfffffffd]H[0xffffff93][0xffffff93]sR[0xfffffff8][0xffffffee][0xffffffdd][0xfffffffa][0xffffffd1][0xfffffff5]([0xffffff9c]^[0xffffffe7][0xffffffde][0xffffffbd][0xffffffe4]G[0xffffff99]r[0xffffff82]O[0xffffff98]p4[0xfffffff1][0xffffffa1]+[0xffffffdc][0xffffff8d][0xffffffe3][0xffffffe0]}[0x14]>[0xffffffe0][0x11][0xffffffe5]EFr[0xfffffff8][0xffffff9e][0xffffffef][0x1c]0:b[0xffffffad]gt[0xffffff82][0x1e]E*HO[0xffffffe2][0xffffffd0][0x1f][0xffffffcd][0xffffff85][0xc][0xffffffb8][0x16][0xfffffff6]nH[0xffffffdb][0xffffff98]SQ[0xffffffe4]<[0xffffffba][0xffffff99]CT[0xfffffffb]&[0xffffffb7][0x1f][0xffffffe2][0xffffffa7]$[0xfffffff3][0xffffff85][0xffffffc6][0x9][0xffffffe3][0xffffffd3]%[0xffffffd6][0x13]wB[0xffffffb4]z[0xffffff8f]G[0xffffff91]n)[0xffffffae][0xffffff93][0xffffff90][0x2]j[0xffffffe4]<V[0xffffffac][0x14]|p;[0xffffffd8]f[0xffffffb8]%[0xffffffe0][0xffffff9f]`"[0xffffffc6][0xffffffd7]XO[0xb][0xffffff89][0xffffffeb]+[0xfffffffa][0xffffffb0][0xffffffeb]`[0xffffffcc][0xffffff91][0xe][0x14]_[0xffffffa5][0xffffffe0]F[0xffffffb7][0xf]R[0xffffff9c]"Y([0xffffff81][0xffffff88][0xffffffba][0xffffffc9]c[0xffffffe4][0xffffffb9]Q[0xffffffe0][0xffffffe3]a;[0xffffffa8]+[0x2].[0xffffffb3][0xffffffc2][0xffffffda][0x4][0xffffff89][0xffffffc8][0xffffffd3]i[0xf][0xfffffff1]y;[0xc][0x1f].[0xffffffc5][0xffffffe3][0xffffffc4][0xffffffea][0xffffffec][0xffffff98][0xffffffd3]=[0xffffff80][0xffffffae]6E[0x1a][0x10][0xffffffa1]k[0xffffff85][0xffffffdb]O[0xffffffb1]V[0xe]N[0xfffffffc]-=9{[0x7f][0xffffffe7]h[0xffffff90][0xfffffff1][0xffffff9e][0x11]-o[0xffffff87][0x1b]-[0x1e][\r][0xffffffdf]i:[0xffffff95][0xfffffff9][0xffffff84][0xffffffd7][0xffffffb1][0xffffff82][0xffffffb5]W[0x19][0xffffffcf][0xffffffe3]@{[0xfffffff9][0xffffff8e][0x14][0xffffffca]4[0xffffffcb][0xffffffac][0xfffffff4]|[0xffffffbc]x{s[0x1f]X[0xffffffcc]3C[0xffffff9c][0xfffffff7].[0x1c]ih&[0xffffff86][0xffffffc2]<^[0x11][0xffffff90]A[0xffffff97][0xffffffef][0xffffff94][0xf]s,G[0xffffffc7][0xfffffff8][0x6][0xffffffa4][0xffffffe7][0xffffff91][0x1e]vB8|[0xffffff8a][0xffffff86]x[0x6][0xffffffc4][0xffffff99]gcL[0xffffffbe];[0xffffffcc]0[0xffffff80][0xffffffc7][0xffffffa2][\n]"
23:55:16.107 [main] DEBUG org.apache.hc.client5.http.wire - http-outgoing-1 << "z}c^[0xfffffffe][0xffffffb9][0xffffffd3]y[0x7f]z[0xffffff94]\[0xffffffa6][0xffffffba][0xffffffd3][0xffffffa8][0xffffffd7][0xffffff8d]#[0xffffffe6]2[0xffffffc9][\n]"
23:55:16.107 [main] DEBUG org.apache.hc.client5.http.wire - http-outgoing-1 << "K[0xffffffc9]eZ[0xffffffae][0xffffffbb][0xffffff84]\&(|[0xffffffcb][0xffffffb0][0xffffff84]lJ[0xffffffe5]2[0xffffffa9]\[0xffffffa6]}B[0xffffffa1]*[0xffffff97][0xffffffe9][0xffffffbb][0xffffffca]e[0xfffffffa]d^<}B[0xffffffcc]1/[0xffffff97]I`[0xffffffc5][0xe][0xffffffb9]L[0xffffffb4]m-[\n]"
23:55:16.107 [main] DEBUG org.apache.hc.client5.http.wire - http-outgoing-1 << "[0xf]"w8{[0xffffffd1][0xffffffc6]j/[0xfffffff6] [0xffffffbe][0x1c]aU[0x1d][0xffffffc0][0x7f][0x3][0xffffffbe][0xffffffbf][0xfffffff2]O91b[0xffffffab][0xffffffa2]7;[0xffffff86][0xffffffd1][0xffffffb6][0xffffffec][0xffffffa2][0xffffff94][0xffffffa6][0xffffffa4][0xffffff94][0xffffff8d]HrY[0xffffff9a][0xffffffcd][0xffffffb0][0xffffffce][0xffffffb5][0xffffffea]iJ[0xffffff93]8[0xffffffda]!lK[0xffffffce][0xffffffb9]O[0x17][0xffffff9d][0xffffffa2][0xffffff94]&[0xffffff8c][0xffffff8e][0xffffffd2]lVLx[0xffffffc5][0xffffff84]WL[0xfffffff8][0x3][0xffffff99][0xfffffff0]z[0xffffffb3][0xffffffd9]4@[0xffffffb2]Y[0xffffffe5][0xffffffde][0x18][\r](S[0xffffffe4]roR[0xffffffc4]t[0xffffffda]&#f[0xffffff8e][0xffffffce]g[0xffffffa6][0xffffff8c][0xffffffa5][0xffffff97]E[0xffffff9f]$W[0xffffff99][0xffffffcc][0x6]EE[0xffffffbe].V[0x0][0xfffffff1][0xffffff98]9M[0x4][0xffffffdd]f[0xffffffca][0xffffff9f][0x14]G[0xffffffbb][0x2][0xfffffff9][0xfffffff9]M[0x11][0x7f][0xffffff92][0xffffff80]\[0xffffffe5]4)$WH[0xffffffae][0xffffff90][0xfffffffc]`$'[0xffffff9b][0xffffffa4][0x1c]$[0xffffff87][0x11][0xffffffba][0xffffffa1][0xffffffe7][0xffffffd3]p[0xffffffd6]V[0xffffffbf]EX[0xffffff9e][0xffffffac][0xffffff90][0xffffffcb][0xffffffa0][0xffffffe1]l[0xffffffc2][0xfffffff2][0x12][0xffffff93][0xffffff9a][0x0][0xffffffdf][0xffffff8e][0xffffff93]][0xffffff95][0xffffffe3]hG07/n[0xffffffb6][0xffffffad][0xffffffca]UR[0xffffff93]JjRIM*[0xffffffa9][0xffffffe9][0xffffffa0][0xffffffa4]&[0xffffffd3]qr[0xffffffa1][0x1c]*QM+_[0xfffffff0]S [0xffffffb9][0xffffffd9][0xffffffb6][0xffffffcd][0xffffffb6][0xffffffe1][0x14][0xffffffae][0xffffffca]3e[0xffffff9e][0x13][0xffffffc9]KKj[0xffffffe2][0xfffffffd][0xffffff94][0xffffffd4]HE[0x1c][0xffffffed][0xffffff88][0xffffffe3][0xffffffd8]][0xfffffff9]T@[0xffffff8a][0xffffffa7]E[0xfffffff9][0xffffff82][0xffffffc8][0xffffffaf]4[0xffffff9b][0xffffff95]f3[0xffffff9c]T[0xffffff95]f[0xfffffff3][0xffffffec]z[0xffffffde][0xffffffab][0xffffffd2]\`[0xffffff8a][0xffffffc3][0xffffffaa][0xffffff8a]7[0xffffffa8][0xffffffb0][0x8]Bb[[0x0]a{[0x18][0xffffffe1][0x1e]"p-[0xffffffce][0xfffffffc]R[0xffffff9b][0xffffff82]W[0xffffffec][0xfffffff6][0x1f][0xffffffbf][0xffffffa2]2b/ [0xffffffac]9[0xffffffb8]:[0xffffffbc][0xffffffd6][0xffffff95]*P[0xffffffe9][0xffffffec][0xffffff91][0xffffff9d]Q`[0xffffff9a][0x1b][0xffffffe1][0xffffff88][0xffffffcc][0xffffff94][0xffffffaf][0xffffffdc][0x1][0xfffffff8][0xffffffcb]rW[0xfffffff9]+[0xffffffb6]?@[0x0][0xffffffc1]U[0xffffffe4][0xffffff81][0xfffffff8][0xffffffb6][0xffffffa4]&[0xffffffbd]e[0xffffff99][0xffffff8d][0x1c][0xb][0x15]d[0xffffffab][0xffffffda][0xffffffd0]$.[0xffffffd8][0xffffffb0][0xffffffb6][0xffffffb1][0xffffffb1][0xffffffd2]([0xffffff84]p[0xffffffa3][0xffffff9d][0xffffff96]yN[0x8]_`[0xffffffe1][0xffffffb1]7U[0xffffffac]%[0xfffffffc][0xffffffb6][0xffffff90][0xb][0xffffffb6]5[0xffffffa9][0xffffff89]w[0xffffffc7][0xffffffcf][0xb][0xffffff8d][0xffffffb0]$~[0xffffffab][0xffffffa4]&[0xffffff95][0xffffffd4][0xffffffa4][0xffffff92][0xffffff9a]TR[0xffffffd3]~IM[0xffffffba]a[0xffffff9b]yf[0xffffff86]NS[0xffffffc7][0xf][0xffffffc5][0x0][0xe]|[0xffffffe6]][0xffffffef][0xffffffa2][0xffffffdd][0xffffff94][0xffffffa4][0xffffffcc]3[0x3]x9[0xffffff92][0xffffffcd]"J{D[0xffffffc9]fQ[0xffffffa1]Lj[0xfffffffa][0xffffffc3][0x1f][0xffffffce][0xffffffce][0xffffffdf]_~[0xffffffe8][0xffffffbc][0xffffffbe][0xffffffe8][0xffffffb4][0xffffffb5][0xffffffb3][0xffffffa1][0xfffffff6][0x18][0xffffffce][0xffffff89]^[0xffffffb9][0xffffffc4]N[0xffffffe4][0xffffff8c][0xffffffa0]$[0xffffff8f][0xffffffe9][0x15][0x17][0x1][0xffffffcf][0x8]<[0xffffffc0][0xffffffe9](r[0x7][0xffffffe0][0x1b][0xffffff86][0xffffffe9][0xffffffaf][0xffffff9a]U[0xffffffb5]4[0xffffffa8]%[0xffffff83][\n]"
23:55:16.107 [main] DEBUG org.apache.hc.client5.http.wire - http-outgoing-1 << "9[0xffffffbb][0x6]oY[0xffffffc6][0xffffff92]50[0xffffffbd]F`'[0x12]EhA][0xffffffcd][0xffffffcd]m[0x1]Ya2p[0xffffffa3][0xffffff81] [0xffffffae]![0xffffffeb][0x7f][0xffffff8f][0xffffffcc][0xffffffa6][0xffffff93][0xffffffea][0x1f][0xfffffffe][0xffffff90]%[0x3]f[0xffffffd2][0xffffffaa]D[0x1a]R[0x4]~[0x19]3=A[0xffffffe0][0xffffff9a][0xffffff82][0xffffff81]F[0xffffffff]NY[0xffffffd5]Y[0xe][0xffffffda]a[0xffffff9c]gJ[0xffffffac][0xffffffa2][0xffffffec]"b[0xf][0x12][0xffffff93]-%=g;[0xffffffb5][0xffffffc4]%[0x7][0x11]muP[0x12][0xffffffe2]U[0xffffff86][0x8][0xffffffdc][0xfffffffd][0xffffffc2]<[0xffffffe0]6hz[0xffffffff][0xffffffef]kW[0xffffff92][0xfffffffd]@J[0x5][0xfffffffd][0xffffff8d][0xffffff88]W[0xb][0xffffff8a]$[0xffffffe5]x[0xfffffff9]C[0xffffffbf][0xffffffcf][0xffffffa9]\[0xffffffff]&n[0xffffffc1][0xffffffd8]}d[0xffffffe2]0[0xffffff88][0xffffff9a]2}[0xffffff8b][0xffffffef] n[0xffffff9a]x[0xffffff84][0xffffffe8]([0xffffffd2][0xfffffffa] [0xffffffd3]Mf([0xffffffd8][0xffffff8b][0xffffffdc][0xffffffe8]Q[0xffffffb0][0xffffffbd][0xffffffde][0xb][0xffffff8a]0(a p[\n]"
23:55:16.107 [main] DEBUG org.apache.hc.client5.http.wire - http-outgoing-1 << "[0xffffff8a][0xfffffff0]?[0xfffffffe][0xfffffffe]_[0xffffffc8][0xffffff8d][0xffffff90][0xffffffc4][0xfffffff1][0xffffffae][0x6][0xffffffd2]8[0xffffffc8][0xffffff9a][0xffffffe0][0x19][\n]"
23:55:16.107 [main] DEBUG org.apache.hc.client5.http.wire - http-outgoing-1 << "[0x1e]s7[0xffffff8c]|[0xffffffb0][0xffffff84][0xffffffbb][0x9]a[0x14][0xffffffbc]Z[0xfffffff4]R[0xffffffd6]"*[0x0][0xffffffa9][0xffffff92][0xffffffcb][0x10][0x3][0xffffff93][0xffffffe6][0xffffff95][0xffffffe4]4[0xfffffff2]b[0xfffffff0][0xffffff81]i[0xffffffb3]tEw[0xffffffbe]wO[0xffffffac][0xffffffd5]W[0xffffff82][0xfffffff0](j[0xffffffe0][0xffffffb6]A[0xffffffc8][0xffffff8c][0xffffffa8][0xffffffa3][0xffffff82][0xffffff8c]G[0xfffffff9]j[0xffffffa0]#2[0xffffff87][0xffffff8d][0xfffffff8][0xffffff98][0xffffff82][0xffffffd0].z[0x7f][0x1][0xfffffff2][0x1a]f2[0xffffff98]l=[0xffffffdc][0xffffff8b]v/p'[0xffffffb7][0xffffff94][0xffffff9e]F[0xfffffff5]S[0xffffff82][0x13]"
23:55:16.108 [main] DEBUG org.apache.hc.client5.http.wire - http-outgoing-1 << "2[0xffffff88][0xffffffb4]A[0xffffffd8][0xffffff9f][0x13][0x5]^[0xe][0x15]Q[0x1e]A[0xffffff80][0xffffffb8][0xfffffff3]C[0xffffffd0][0xffffffe8]@j[0x16][0xffffffdc][0xffffffd4][0xffffff81]6[0xffffff98][0xfffffff3]$[0xffffffff][0xffffffdc][0xffffff9b][0xffffff8f]4[0xffffffc3][0xffffffb2][0xffffffac][0xffffff86][0xffffffe5],&[0x8][0xfffffffe][0xfffffff8][0xffffffe4][0x7][0xffffff81][[0xffffff95]2[0xffffffdf][0xffffffd5]0[0x1a][0xffffffd5]@[0xffffff80][0xffffffbe][0xffffffbf][0xffffffc2]/[0xffffffd5][0xfffffffe][0xffffffc8][0xffffffff][0xffffff93]?[0xfffffff8][0xffffffa3]<[0xffffffeb][0xffffff84]8[0xffffff9c][0xffffffa0][0xfffffff7]Jf[0xffffffae][0xffffffe8][0xffffffe8][0x12][0xffffffc3][0x15][0xffffff83][0xffffff9f][0xffffffa5][0xffffffc5][0xffffff83][0xffffffe0]jU[0xfffffff5][0xffffffec][0xfffffff4][0xffffffc9][0x10]\9O[0xffffff8c]F[0x1e]W[0x4]"=[0xffffffb3][0xffffffe7][0xffffff91]O[0x0][0xffffffca]*[0xffffffee][0xffffff96][0xffffffc8][0xffffffd2]"R*[0xfffffffd][0xc][0xffffffa1][0xfffffff4][0x5][0xffffffc1][0xfffffff2][0xffffffb0][0xffffffc9]M[0xffffffb9]jk[0x13]{[0xfffffff1][0x8]o[0xffffff98][0xffffff84][0xffffffc7][0xffffffe1][0x3]ZF[0xffffffa3][0xffffffd5]j[0x1][0xfffffff5][0xffffff8f][0xffffffa4]m^[0x17][0x15][0xffffff96][0xffffffc3][0x7]\[0xffffffaa][0xffffffbb][0x4]>[0xffffffa0][0xffffffbd][0xffffffe0][0x3][0xffffff8a][0xffffffa6][0x14][0x1f]P[0xfffffff1][0x1][0x15][0x1f][0xfffffff0][0xffffffbb][0xffffffdf]0[0xffffffd9][0xffffffa4]m[0xffffff8e]O[0xfffffff5]N[0xffffffbf]~[0xffffffd9][0xffffffb9][0xffffffcd][0xffffffd1]6[0x17]X[0xffffffb1][0x3][0x1f][0x10][0xffffffd8]z[0x8][0x11][0xffffffd0][0xffffffa8]X[0xffffffd0][0x11]h[0xffffff90][0xffffffb6][0xffffffb9]pR[0xffffffc9][0xffffffd5]6OJ[0x19]v[0xffffffbb]^[0xffffff96][0xffffffb6][0xffffffb9][0xffffffde][0x2][0xffffffab]&[0xffffffb5][0xffffffa7][0x12]G;lu[0xffffffdc]_v[0xfffffffa][0xf][0xffffffe7][0xffffff85][0xfffffff6][0xffffff82][0x18]CE[0x4]T[0xfffffff4][0x11]E[0x1f]Q[0xfffffff4][0xffffff91][0xfffffffc][0xffffffed][0xffffffea][0xffffffad][0xffffffda][0xffffffe6][0xffffffba]SG[0xffffffd8]1[0xffffff87]>b[0x19]f[0xffffffbe]M[0xffffffec][0x1a]b[0xffffffe6]lw[0xffffffac][0xffffff95])c[0xffffffbb][0x3][0xffffffe0][0xffffffb7]F[0x4]\[0x7][0xffffffc4]c[0xffffffee]Y3t[0xffffffa7][0xffffff82][0xffffffb8][0xffffffe2]hw /[0x12][0xffffffc4][0xffffffa5]~3[0xffffffe9][0xffffffc5]2[0xffffffab]x%VGOx[0xffffffeb][0x5]n[0xffffffcf][0xffffffa3][0xffffff89][0xffffffcd][JA[0xffffff88][0xfffffffd][0xffffff8c][0xffffffe8]E[0xfffffffb][0xffffffcb][0xb]$8Q[0xffffffb0][0xffffffe2][0xffffffc5][0xffffffeb][0xfffffff9],D[\n]"
23:55:16.108 [main] DEBUG org.apache.hc.client5.http.wire - http-outgoing-1 << "[0xffffff9a]7H[0xffffff97][0xffffff98][0xfffffffe][0xffffffe0][0x5]H[0xffffffef][0xffffffcd][0xffffffba][0xffffffb1]"[0xffffffef][0xfffffff8][0xffffffb3][0xfffffff3][0xffffffcb]_.[0xffffff82][0xfffffffe][0xffffffcd][0xffffffdb][0xffffffc7][0xffffffcb][0xffffffd3]O[0xf][0xffffff97][0xffffffaf][0xffffffff]H[0xffffffaf]c[0xfffffff7][0xe][0xffffffdf]e[0xffffffd1]j[0xffffffa0][0xffffff86][0xffffffff][0x18]K[0xffffffbd][0x16][0xffffff8a][0xfffffff4][0xffffffc8]X[0xffffff88][0xffffff88][0xfffffffc][0xffffffd4]D[0xffffffed][0x7f][0xffffffba][0xfffffffb]#[0xffffff8d][0x2][0xffffffb6]XD[0x1d][0xffffffd4].[0xfffffff7]roWS[0xffffff9c]D[0xfffffff9][0xffffffe4]+[0xffffffbd]P[0x1b][0xffffffd7]j[0xffffffe3]Zm\/o\oCr[0xffffffa3][0xffffffa5][0x1b][0xffffffa6][0xffffff99][0xffffffe3][0x16]k[0xffffffe8][0xffffffba][0xffffff9d]O[0x1e]IQ[0x1a][0xffffffbe]>[0xffffff9b]6[0xffffffae][0xffffffd7][0xffffffca]<'[0xffffff92][0xffffffaf] [0xffffffe2][0xffffffb1][0xffffffa1][0xffffffdc]J[0xffffff92][0x17][0xffffffa1]8[0x9][0xffffffa3]F[0xc][0xffffffd2][0xffffffd6][0xfffffff0][0xffffffa3]X[0xffffff93]?[0xffffffbd].[0xffffffa0][0xffffff8f][0xffffffa4]P[0xffffff8e]=w[0x5][0xffffffe5][\n]"
23:55:16.108 [main] DEBUG org.apache.hc.client5.http.wire - http-outgoing-1 << "[0xffffffca][0x15][0xffffff94]+([0xffffffdf][0x13][0xffffffca][0xffffff9b][0xffffff96]iY9$[0x12][0xffffffac][0xffffffbe]Z[0xffffffb6][0xffffffb5]eY^[0x7][0x19]pC[0x14]2[0x3][0xffffffe6]bK[0xffffffe4][0xffffffd9][0xffffffc1]|[0xffffff81][0xffffff89][0xffffffc7][0x4]sCw[0xffffffcc]V[0xffffffba][0xffffffc1]"[0xffffff8e]v[0x0][0xfffffff3][0x7][0x18][0xffffffc7]=^n[0xffffffdd]`Q[0xffffff9c]n[0xffffffc5][0xffffffe9]V[0xffffff9c]n[0xffffffc5][0xffffffe9][0xffffffce][0xffffffa3][0x3]n][0xffffff95][0xffffff9b][0xffffffad][0xffffffba]E+[0xffffffcb][0xffffffb5]D[0xffffffcb][0xffffffba][0xffffffe5][0xffffffd4][0xfffffff3]U[0xffffffce][0xffffffcd][0xffffff8a]ntL[0xfffffff0][0xffffffb5][0xffffff9d][0xffffffb6][0xffffffb1]I[0xffffffe5]<[[0xffffffa6]4[0xffffff95][0xfffffff3]M[0x1b],[0xffffffa5]q[0xffffffba]i[0x19][0xffffffde] m[0x15][0xffffffda]P[0xffffffe0]E9Q)w[[0xffffff94]_<[0xffffffb1][0xffffffe8][0xffffffc0][0x6][0xfffffff3]8Z[0xffffff94]+N[0xffffffb7]2[0xffffffaa]PF[0x15][0xfffffffb]Dc[0x15][0xffffffa7][0xfffffffb][0x9]Lq[0xffffffd3][0xffffff84][0xffffffff]'9[0xffffffe6][0xffffffac]b[0xffffffb8]m[0xffffffb5]Z[0xfffffff9]^C[0xffffffc9]B[0x1b]F[0x15]6G[0x15][0xb][0xfffffff6][0xffffffc8][0xffffffd3]2[0xffffffcf][0xffffffb9][0x18]/[0xffffff87][0xffffffd3][0xffffffcd][0xffffffdb]([0xffffffa9]Q[0xffffff85]8[0xffffffda][0x15][0xffffffbf][0xffffffcf][0xffffff9f][0xffffff8a][0xffffff8c]*$~+N[0xffffffb7][0xffffffda]OQ[0xfffffffb])j?e?N76SZ[0xffffffad][0xffffff9c][0xffffffed][0x14][0xffffffd3][0xffffff84][0xffffffd8][0xffffffc9][0xffffff96][0xffffffdd][0x14][0xffffffa7][0xffffffad]oR;IwS[0xffffff92]2[0xffffffcf][0xc][0xffffffe0][0xffffffe5]p[0xffffffba][0xffffff81][0xffffffb4]x_[0x1d][0xffffff91][0xffffffd3]-*[0xffffff94][0xffffff9c][0xffffffee][0x1f]~[0xfffffff8]AKX[0xffffffc6]P`M[0xffffff84]3![0xffffffdd][0x8]q[0x7f][0xffffffa8]K[0xffffff92][0xffffffae]'[0xfffffff8][0xffffffaf][0x1e][0xfffffff9]I[0xffffffb0][0xfffffffe]2[0xffffffd1][0xffffffa1][0x13][0xffffffe3][0x5][0xffffffc8]6[0xffffffa7][0xffffff8a][0xffffffa7] [0xffffff8e]B[0x4]x[0x6][0xffffff92]'[0xffffffc9]![0xffffffd3][0xffffff89]}[0x12]3[0x1e][0xffffff90][0xffffffae]k[0xffffffa1].+Tp[0xffffffc9][0xffffffce]A[0x3]}U[0x7]}u[0xfffffff2][0xffffffdb][0xffffff84][0xfffffffa]$[0xffffffa8][0xffffffab]8[0xfffffff7][0xffffffe3][0xc][0xfffffff6][0x10]3[0xffffffa8][0xfffffff8]gu&'[0xfffffffd]`[0xffffffbe][0xffffffd4][0xffffffb4][0xffffff90][0x1a]M[0xffffffe9][0xffffffc2]R[0xffffffaa]2C[0x1a]f[0xffffffbd]J[0xfffffff0][0xffffffc5]a5[0xffffff81]JY~[0xffffff92][0xffffffaf],[0xfffffff2][0xffffffc0][0xffffff81][0x5][0xffffffdb][0xffffff9c][0x14]_I[0x15]5[0xffffffd1]J[0xffffff86][0x1e]1[0xffffff85]w[0xffffffa5],2[0x9][0x10][0xffffff93][0xfffffffa]u[0x7][0xffffff99]jRv[0xfffffff5][0xffffff8d][0xb][0xffffffe5][0xffffffd9][\n]"
23:55:16.109 [main] DEBUG org.apache.hc.client5.http.wire - http-outgoing-1 << "[0xfffffffd][0x10][0xffffff85][0xffffff90][0xffffffc5][0xffffff85][0xffffffd7][0xffffffc7][0xffffffe4][0x16][0xffffff84][0xffffffe1]P[0xfffffffb][0xfffffff7][0xffffff9b][0xfffffff9]h[0xffffff84]@[0xffffffc9][0x18]<[0xffffffea][0xffffffdf]&[0xffffffc7][0xffffffe1][0xffffffb4][0xffffffea]-[0xffffffdd][0xffffffb4][0xffffff8e][0xffffffa9]q)*,[0xffffff87][0xffffffd3][0xffffffba]Tw[0x9][0xffffff9c]V[0xffffff90][0xffffff9c][0xffffffe5][0x17]i]4[0xffffffa5]8[0xffffffad][0xffffff8a][0xffffffd3][0xffffffba][0xffffffcf]W[0xffffff94][0xffffffd2][0xffffffb8][0xfffffffc][0xffffffbe]4.[0x11][0x3]~[0xfffffffd]x.[0xffffffb6][0xffffff9b]f[0xffffffee][0xffffffe8]Jn9[0xffffff91][0xe][0xffffff99][0xffffffc0][0xffffff8a]29[0xffffffad][0xffffffba]C[0xffffff9c][0xffffffd6]z][0xffffffca]Vn[0xffffffe0][0xffffffb4]R[0xffffffa9]f[7[0xffffffda]uv[0xffffffba][0x15][0xffffffa9][0x9]/[0xffffffda][0xffffff9f][0xffffffbf][0x14]St[0xfffffff8]{[0xffffffbf]&[0xffffff93]E[0xffffffb2][0xffffffdc]*dw[0xffffffb3][0xfffffff0]f,![0xffffffbc]f[0xffffffb6][0xffffffac][0xffffff96][0xffffff93]z[0xffffffca][0xffffffca][0xffffffa3][0xffffffed][0xffffff9f]zg[0xfffffff5][0xfffffff3][0xffffffa7][[0xffffffb3][0xffffffd8]S[0x16]c[0xffffffa8]8[0xffffffad][0xffffff8a][0xffffffd3][0xffffffaa]8[0xffffffad][0xffffff8a][0xffffffd3]z([0xffffffa7][0x15][0xffffffe1][0xfffffff3][0xffffffbc][0xffffffef][0xffffffbd][0xffffff96]NBi9[0x12][0xc]FE[0x2][0xffffffa6][0xffffffd9][0xffffffd6][0xffffff9b][0x1b][0xffffffb7][0xffffffeb][0x16]e[0xfffffff8][0xffffff8b][0xffffffb0][0xffffff8c][0xffffffaf]=`[0xffffffdf][0x1a][0xffffffa5]u[0x1d][0xf][0xffffff8f][0x18]:[0x17][0xffffffc8][0xffffffdd][0xffffff90][0xb]\y[0xffffffb4];[0xffffff8e][0xfffffff7][0xb]B.[0xffffffd4]oEiU@[0xffffffae][0xffffff80]\[0x1][0xfffffff9]a@n47%'[0x18]z=_[0xffffff8b]![0xffffff8b][0xffffffe4][0xffffff9b][0xffffffc4]t[0xffffffd6][0xffffffd0][0xfffffffe]9[0xffffff91][0xffffffbc]<J[0xffffffab][0x0][0xffffffef]D[0xffffffd9]R[0x1e][0xffffffed][0xe][0xffffffe5]E[0xffffffca][0xffffff96])[0xffffff94]+J[0xffffffab][\n]"
23:55:16.109 [main] DEBUG org.apache.hc.client5.http.wire - http-outgoing-1 << "[0xffffffa1][0xffffffab][0x10][0xfffffffa]>[0xffffff9b]?[0xffffffff]"![0xfffffff4][0xffffffad]<[0xffffffa8]&[0xffffff84]u[0xffffff9c][0xffffffd6]z[0xc][0xffffffdd][0xffffffac][0xffffffe3][0xffffffff][0xffffff88][0xffffffe5]S[0xffffffb4],O[0xfffffff6]1r[0xffffffa3][0xffffffe8]+{[0x1d][0xffffffcf][0xe][0xffffffe6][0xffffffa5]PZ[0xffffffcd][0xffffff96][0xffffffad][0xffffffd7][0xffffff8d]D[0x1e]M[0x1e][0xffffffed][0x2][0xffffffe6][0x17][0xffffffa7][0xffffffaf][0xffffffe1][0xffffffbf]R$oI`[0xffffffae]([0xffffffad][0xffffff8a][0xffffffd2][0xffffffaa]([0xffffffad][0xffffff8a][0xffffffd2]z[0x18][0xffffffa5][0xffffffd5][0xffffffb1]t3[0x7][0xffffffca][0xffffff9b]z[0xffffffcb][0xffffffdc][0xffffffb2],[0xffffffb7][0xffffffc0]j[0xffffffe5][0x1d][0xffffffe9][0x2]$[0xffffffa7]2[0xffffffcc][0xffffff99]zN$/[0xffffff8b][0xffffffd2][0xffffffca][0xffffffcb][0xfffffff0]V[0xffffffe2][0x1d]"[0xffffff8f]v[0xffffffc1]q[0xffffffde]'[0xffffffef][0x14]y[0xffffff87][0x10][0xffffff8e]+J[0xffffffab]Z[0xffffff8f][0xffffffab][0xfffffff5][0xffffffb8]Z[0xffffff8f][0xffffffb3][0xffffffa0]1[0xffffffcc][0xffffffb9][0x3][0xffffffa9][0xffffffaf]W[0xffffffdb]"
23:55:16.110 [main] DEBUG org.apache.hc.client5.http.wire - http-outgoing-1 << "&Sl4[0xffffff9b][0xffffff8e][0xffffff99][0xffffffe3][0xffffffff]d6,[0xffffff82][0xfffffff6][0xffffffa2][0xffffffc5]x[0xffffffbd]][0xffffffdf][0xffffffba][0xffffffb3][0xffffff92][0xffffff94]yN[0x8]/[0xffffff85][0xffffffd2]*[0xffffffb6]QH[0xffffffde][0xffffff8d]R[0x12][0xffffffe4][0xffffffd1][0xffffffce][0xfffffff8]}[0xffffffca][0xffffffba]G[0x1b]R[0x12]$~+J[0xffffffab][0xffffffa2][0xffffffb4]*J[0xffffffab][0xffffffa2][0xffffffb4][0xffffffee][0xffffff87][0xffffffdf][0xffffffa6]n[0xffffff99][0x6][0xffffffa8][0xffffffab][0xffffffab])[0x9][0xffffffb4][0xffffff9b]bo[0xffffffa2][0xffffffb4][0xffffffa6][0x1]Lc[0xffffffdb][0x1a]\[0xffffff87][0xffffff9d][0xffffffc8][0xffffffb3][0xffffffaf][0xffffffc1][0x1][0xffffffe0][0xffffffe5]PZ[0xffffff81][0xffffffb4][0xffffff80][0xffffffe1]#RZE[0xffffff85])[0xffffffa5][0x15]\Rb[0xfffffffe]h/M[0xffffffdd]h y[0xf][0xffffffd1][0xffffffe4][0xffffff93][0xffffff84]X[0xffffff9a]![0xffffffbb][0xfffffffe]z[\r]{[0xfffffff9][0xffffff89]{[0xffffffe7][0xffffff8f][0xffffffa0][0xffffff81][0xb]u_[0xffffff90]7[0xffffffdd]T[0xffffffe6]U[0xffffffa8][0xffffff95][0xffffffb2][0xffffffa1]}[0xffffffec]AI[0x16]V[0xffffffee]P[0xffffff8f][0xffffff85][0xffffffb7][0xffffffbb][0x17][0xffffffdd][0xfffffffb][0x10]=[0xfffffff6]'[0xffffffd0][0xffffffd9][0xfffffff5][0x7]Z[0xffffffe7][0xffffffdd]G[0xffffffad][0xffffffef]E3![0xffffffa5][0xffffffeb][0xffffffbd]"m[0xffffffd9][0xffffffcf][0xffffffc9]9[0xffffffd9]_[0xe]SR%[0xffffff99][0xffffffe0][0xffffffb4][0x7][0xffffff99]vN4Ay[0xffffffbd][0xffffff87][0xffffff9c],[0xffffffb9][0xffffffce][0xb][0x1e][0xffffffab][0xffffffa0][0xffffffdb]^N4|>]~|[0xffffffa5][0xffffff81]#;[0xffffffef][0xffffffd3][0xffffffa5]I^/dqa[0xffffffc7].$[0x7f]5pnI[0xffffffee]5~[0xffffff8c]g[0xffffffde][0x18][0xffffff97][0xffffff8b][0xffffff8a][0xffffff82]0[0xffffffbc]e[0xffffff91][0xffffffe3]+[0xffffffe9]m[0xf]W[0xfffffff8][0xffffffc9][0xffffffd5]J[0xffffffc9][0xffffffa9][0xb][0xffffff89][0xffffffe7][0xffffff97][0xffffffdd][0xfffffff7][0xffffffaf];[0x7f][0xffffffee]j[0xffffffde][0xffffffe4][0xffffffce][0xffffff8f][0xffffffc2][0x9][0x9][0xffffffe3][0xffffffba][0xffffff81]v[0x7][0xffffffb9]Z[0xffffffb7][0x17]x0[0xffffff92][0xfffffff7]P[\r]([0xffffffc1][0xffffffa8][0xffffff90][0xffffffda][0xffffff97][0xffffffd2][0xffffffbd][0xffffff99][0x15][0x11]1k[0x3]0l[0xffffff99][0x1f],8[0xffffffc3][0xffffff89]N/[0xffffffc8][0xffffffb8]a4`[0xffffffbe][0xffffffb1][0xfffffff0][0xffffff96]w[0xffffff83] [0xffffffbc][0x17][0xffffffb2][0xffffffc1][0xffffffb8][0xffffffd4][0xffffff89]G[0xfffffff7][0xb]2[0xffffffc3][0xffffff93][0xfffffff9][0xffffffb8][0x7][0xffffff8a].[0xffffff84][0x7f]C[\r][0xffffffd7][0x4][0xffffff85]c[0xffffffea][0xfffffffa][0xffffffd8]}[0xfffffff0][0xffffffc7][0xffffffb8]C[0xffffff83][0xffffff84][0xffffff8a][0xffffff9c]TK[0xfffffffd][0xffffffc0]5[0xffffff8b][0xffffffc6][0xffffffe2]=x[0xffffffc9]F3[0xffffff87][0xffffff97][0xfffffffc][0xffffffe6][0xffffffda][0xffffffeb][0xffffff8b][0xffffffb1]"e[0xffffffe8][0xffffffc0][0xffffffab]@[0xffffffdb][0x18],e[0xffffffea][0x5]+[0x1d][0xffffff87][0x3]t[0x1e][0xffffff97]-[0xffffffa4][0xffffff8c]A[0xffffff99][0xfffffffe][0xffffffdb][0xffffffdc][0xffffff83][0xffffffd4][0xffffffb5][0xffffffe0]S[0xfffffff7][0xffffffc3]9<9H[0xe]Y[0xffffff9c]B%q[0x17][0xffffffdc][0x1][0xffffff89][0x1a][0xfffffff7][0x1e]q[0xffffffdd]Gc[0xe][0xffffffd7][M[0xffffff9b]>w[0xffffff8f][0xffffffa5][0xffffff86][0xffffffab]s[0xffffff85]%1[0xffffff87][0xffffffb3]u[0xffffff97][0xffffffc0][0x1c]63[0xffffffcc]anJ1[0xffffff87][0x15]sx[0xffffff9f][0xffffff8f]U[0xffffffc5][0x1c][0xfffffffe][0xffffffce][0xffffff98][0xffffffc3][0x17][0xffffff9d][[0xfffffffb][0xffffffe2][0xffffff94]w[0xfffffff5]V[0xffffff98][0xffffffc3][0x2]+Je[0xe][[0x1d][0xffffffa3][0xffffffd5][0xffffffb6] *[0xffffffc0]Z_[0xffffff9b][0xffffff98][0xffffffc3]\[\n]"
23:55:16.110 [main] DEBUG org.apache.hc.client5.http.wire - http-outgoing-1 << "vrb[0xf][0xffffffb6][0xc][0xffffffe6][0xffffffb0][0xffffffa9][0xffffffd7][0xfffffff9][0x15]![0xffffffbe][0xffffffa8][0xfffffff9]h[0xffffffa7]/[0xffffffea][0xffffff9b][0xffffffd7][0xffffff86][0x1c][0xffffffbb][\r]_[0xffffffd4][0x18]C[0xffffffc5][0x1c]V[0xffffff84]3E8S[0xffffff84][0xffffffb3][0xffffffc3][0x8]g[0xfffffff8]~k6[0xffffffea]9[0xffffff9f][0xffffffd5]V[0xffffffc3][0xffffff80]Fn[0xfffffffe][0xffffffae][0xffffffa8][0x0]L[0xffffffab]mm[0xffffffd2]j[0xffffffc1][0xfffffff7]`Z[0xffffffa6]4[0xffffffad][0x16]`[0xffffffdf][0x1a]sx[0x1d][0xf][0xffffff8f][0xffffffca][0x1c]&[0xffffffe4]N[0xffffff92][0xfffffffd]![0xffffffbf]EG[0xffffffbb][0xffffffe3]xQ[0xffffffb2]?[0xfffffff5][1[0xffffff87][0x15][0xffffff90]+ W@~[0x18][0xffffff90][0x1b]M[0xffffffbb][0xffffffa5][0xffffffe7][0xffffffd9]p[0xffffffda][0xfffffff8][0xe]/[0x6][0xfffffff2]b[0xffffff86]B[0xffffffba]:[0xffffffe6][0x1d][0xffffffd4]2[0xffffffc2][[0xffffff9b][0xffffff80][0xffffffbc]L[0xffffffe2]0aw"k.[0xffffff90][0x1c][0xffffffa1][0xffffffc1]m[0xffffffb2][[0xffffffc8][0xffffffe5][0xffffffe3][0x15]y[0xffffff91][0xffffffac]y[0xffffff8a][0xffffffe4][0xffffff8a]8[0xffffffac][0xffffff88][\n]"
23:55:16.110 [main] DEBUG org.apache.hc.client5.http.wire - http-outgoing-1 << "[0xffffff8a][0xffffffa8][0xffffffb0][0xffffffcf][0xffffffde][0xffffff8f]"[0xe][0xfffffffb]$[0xffffffbe]e4[0xffffff88][0xffffffa8][0xffffff90]#[0xffffffa0]h6Lk[0xffffff83][0xffffffa3]rf[0xffffffc1][0xffffffad][0xffffffd7]7[0xffffffb3][0xffffffcd][0xffffff92]E[0xffffffb9]([0xfffffff3][0xffffffec]X^[0x12]o[0xffffffd8][0xffffffd4][0x1d]{[0xffffffc1]W[0xffffffe0][0xffffffa3][0x1d][0xffffffb1][0xffffffdc][0xffffffbc]([0xffffffe4]+[0x10][0xffffff96]+[0xffffffde][0xffffffb0][0xffffffe2][\r]+[0xffffffde][0xffffffb0][0xffffffe2][\r][0x1f][0xffffffc6][0x1b][0xffffffb6][[0xffffffb6][0xffffff93][0xffffff83][0xffffffe4][0xfffffff5][0xffffff86][0xffffffd9][0xffffffda]HY[0xffffffb0]:[0xffffffd0]G[0xffffffd4][0xffffffed][0xffffffb6]U[0xffffffc0]9K[0xffffffcb]p[0xffffffee][0xfffffff6]s[0x2]yy[0xffffffb4]a,[0xffffffc9][0xffffffeb]KKr[0x12][0xb][0xffffffde]qI[0xffffffde][0xffffffd9][0xffffffb6]$W[0xffffffb4]a[0xffffffb5][0x1a]W[0xffffffab]q[0xffffffb5][0x1a][0xffffffdf][0xffffff9f]6l[z#[0x7][0xffffffc2][\r]Co[0xffffffc0]z[0xffffffa8]h[0xffffff83][0xffffffdc]A[0xffffffe8]q[0xffffffdb]Z<)[0xfffffff3][0xffffff9c][0x10]^[0x12]m[0xffffff98][0xffffffb6]T[0x16][0xffffffb9][0xffffffd8]|[0xffffffb4]3~[0xffffff9f][0x16][0xffffffe5]b[0xffffffd3]2|[0xffffffc1][0xffffff94]S&q[0xfffffffd]p\[w[0xffffffc2][0x3][0xffffffd9][0xffffff8b]8\Q[0xffffffbc][0xffffffea]o7[0xfffffff5][0xffffffa5][0xffffffb7][0xffffff9d]0[0xffffffb4][0xffffffcb]u[0xffffffe6]MO[0xffffffc6]jB[0xfffffffc][0x1b][0xffffff94][0xffffffab][0xffffffc3]+[0xffffffc2][0xffffffc9]_j[0xffffffcc][0xffffffe4][0xffffffbb]"C[0xffffffbd][0xffffffaf][0xffffffa8][0xffffff95][0xffffffd6][0xffffffd0][0x7]u[0xffffff8d]OT[0xfffffffb][0xffffffe2]j_<[0x7f]_|k[0xffffffda]G[0xffffffc3][0xffffffac]7s[0xffffff94]p[0xffffffeb][0xffffff96]nlN[0xffffffdd]K6J[0xffffffcc][0xffffffcd]R[0xffffffe6]i[0xffffff84]S[0xffffff94]yf[0x0]/[0xffffff87]6[0xc][0xffffffa4][0xffffffc5][0xffffffa3]zD[0xffffffda][0xffffffb0][0xffffffa8]0[0xffffffa3][0xffffff84][0xfffffffb]z[0x0][0xffffffc6],1C[0xfffffff9][0x1f][0xffffffda][0xffffffe7][0xffffffab][0xffffff8e]{[0xffffffeb]io[0x3][0xffffff8f][0xfffffff8][0xffffffad][0xffffffda]G[0xffffffbc]N[0xffffffbd]I|[0x1d][0xffffffce][0xffffffae][0xe]#[0xfffffff3][0xffffffce]P[[0x5][0xffffffc2]}T[%Nk;[0x1][t<[0xffffff86][0xffffffb0][0xffffffee][0xffffffa2][0xffffffe5][0xffffff89]w[0xffffff8f][0xffffffd6][0xffffffa1]};[0xffffff9b][0xffffffc7][0x7]6[0x6][0xffffffae][0x1a]N[0xffffffce][0xffffffa9];[\n]"
23:55:16.110 [main] DEBUG org.apache.hc.client5.http.wire - http-outgoing-1 << "[0xffffffe7]Lw&[0xffffffb2],[0x11][0xffffff80]?_[0xfffffffd][0xffffffe4][0xffffffcd][0xffffffb4][0xffffff8e]?[0xfffffff6][0xfffffff0][0xffffffc3][0xffffffa1][0xffffffad][0xffffff8d][0xffffffbc]Ye&[0xffffffab]H[0xffffffdb]|[0xffffffa5][0xfffffff5][0xffffffe6]3[0xffffffcd][0xffffffc7][0x7f][0xffffff88][0xfffffff6]:[0xffffffd3][0x1e][0xffffffd1][0xffffff8e]?[0xffffff9e][0xffffff8a][0x1][0xffffffc0][0xfffffff8][0xffffff82][0x1e]{[0xe][0xffffffc6]p8[0xfffffff1]f3fN[0x13]g[0x17]4dAf&&[0xfffffff5][0xffffffd5]|[0x12][0xffffffcf][0xffffffa7][0xffffffd3]0"[0xffffffe9][0xffffffe1]p[0xffffffea]E`[0xfffffffe][0xffffff86]`$[0xb][0xfffffff2]3H[0xffffffb4]~ [0xffffffea][0xffffffa7][0xffffffa1];[0xffffffcb]T[0xffffff9d][0xffffffbd][0xffffffc8][0xffffffcf]4[0xffffff9a][0xffffff82][0xffffff87][0x1b]k[0xffffffaf][0xffffffdf][0xffffff9f][0x1d]v[0xfffffff3]d[0x5]'[0xffffffe9]E[0xffffffcd][0xffffffc2]0{a[0xffffffc3]y[0x10]<n[0xffffffbe][0xffffffbc][0x1c][0xfffffffe][0xfffffff9][0xffffffe7][0xffffff8f][0xffffff8f]`[0x4][0xf]2[0xffffffa2][0xffffffcb][0xffffffde][0xffffffd0][0xffffff8b][0xffffff98]%[0xffffffbc][0xffffffe8]b&[0x19]'O[0x7][0xffffff92]f[0xffffff8e]?[0xffffffab][0xffffff99][0xffffffbd][0xffffffe1][0xffffffa0]oy[0xfffffffd][0xffffffa6]Q7[0xfffffffa][0xffffffb6][0xffffffd9]p[0x1d][0xffffffb7]Qw[0xffffff9d][0xffffff9e]k[0xffffffb9][0x3][0xffffffa4]& [0xffffffca]V[0xffffffb7]u[0xffffffbb]U?[0x11][0xffffffb4][0xfffffff6][0xffffffd9]5[0xffffffa4][0xffffff99]5[0xffffffbc][0xfffffffc][0xffffffc4]=[0x8][0xffffff9f]0[0xffffffea][0xffffffae][0xffffffe6][\n]"
23:55:16.110 [main] DEBUG org.apache.hc.client5.http.wire - http-outgoing-1 << "[0xffffffff]Z[0xc]0[0xffffff8d][0xffffffe6][0xffffffa9]7t[0xffffffe7][0xffffffc1][0xc][0x14][0xffffffee][0xffffff91][0x16]xw^[0xffffffc0][0x13]f[0xffffffe0][0xfffffff5][0xffffffe6]#[0xffffffdc]V?[0x18][0xffffffc4]DV[0xffffff96][0xffffffc4][0xfffffff2]W[0xffffffda][0xfffffffd][0xffffffb5][0xffffffdf][0xffffffbf][0x16]U[0xffffff82][0xffffff8e][\r][0xffffff9a]v[0xfffffff7][0xfffffff4][0xffffffed][0x7f]|[0xfffffffa][0xffffffa9][0xfffffffb][0xffffff8a]X[0xffffffce][0xffffff93][0xffffff91]`ow[0xffffffcf].~[0xffffffbc][0xffffffec]V[0xffffffb8][0xffffffba]|[0x2][0xfffffff6][0xffffffc0][0xffffff9b][0xffffff92][0xffffffaa][0xfffffff4][0xffffffa4][0xffffffff][0xffffffa8][0xffffffcd][0xffffffa7]"
23:55:16.111 [main] DEBUG org.apache.hc.client5.http.wire - http-outgoing-1 << "[0xfffffff0][0xffffffb3][0xffffffa5][0xffffffc7][0x10][0xfffffff5][0xffffff81][0xffffffd0][0xffffffdf][0xffffffa8][0x1a]t[0xffffffca]'[0xffffffa2][kW[0xffffff89][0x4]5M[0xffffffab]d[0xffffff95][0xffffff9b]P[0xffffffe2][0xffffff89][0xffffffd6]?t}[0x4][0xffffffe8][0xffffff98][0xffffffd3]O[0xffffffa4]Mh?C[0xffffffce]Z^[0xffffffd9][0x8][0xffffffcc][0xffffffed]p[0x10][0xffffff81]B[0x1e][0xffffff89][0xfffffff9][0xffffffe6]=`[0xffffff8e][0xffffff92]X[0xffffffb4][0xffffffc6][0xffffffff]"[0xffffffee][0xffffffb6][0xffffffe6][0xffffffb4][0xffffffe8]\[0x10][0xffffffd3])[0xffffff83][0xffffffcf]#}[0xffffffe7][0x19]?-4[0x17][0xffffffe9][0xffffffb6][0xffffffcf][0xffffff91]8[0xffffff80]6[0xffffff88][0xffffffed][0xffffffbe][0xffffffa6]Y[0xffffff8d][0xffffff89][0x18][0xffffff85]w[0xffffffe8]9[0xffffffc6][0xe][0xffffffd6][0xffffffc0]#[0xc][0xe][0xffffffba][0xffffffc4][0xfffffffd][0xffffffa0]#9ft5[0x1f]0[0x12]<[0xffffffb7][0xffffffa9][0xffffff9f][0xffffff98][\r][0xffffffd7][0xffffffe0][0xffffffd2][0xffffff87][0xfffffff3]891[0x19]V`[0xffffffce]<[0xffffff80][0xfffffff6][0xfffffff6]`[0x0]}j[0xfffffff0][0xffffffc6]I[0xfffffff9][0xffffff93]F[0xffffffdf][0xffffff9f][0xffffffc0][\r]8[0xffffffc6][0x12][0xffffff84][0xffffffe0][0x9]O[0xffffffef][0x14][0xffffff8f][0x1b][0xffffffb7][0xffffff95][0xffffffb9]|0[0xfffffff8][0xffffffb9]z[0xffffffea]85[0xfffffff9]&[0xffffffc0]#7[0xfffffff4][0xffffffc5][0xffffffad][0xffffffff][0xfffffff0][0xfffffff6][0xfffffff5][0xffffffe9][0xfffffff9][qu[0xffffffd9]a[0xffffff91][0xf]l[0xffffffe6][0xffffffd9]K[0xffffff89][0xfffffff3][0xffffffda]_[0xffffffde]/pj[0x10][0xfffffff6][0xffffffe7][0xffffffcc][0xfffffffd][0xffffffa7][0xffffffc7][0xffffff92]z[0xffffffb4]8[0xffffffa3][0xffffffef]N[0xffffffdd][0x1e]n[0xffffffc2][0xffffffcc]G_[0xffffffd1][0xfffffffe]g[0xffffffd1][0xffffffd6][0xffffffce]3[0xffffffbb][0x17][0xffffff84][0xffffffbd][0xffffffda][0x18][0xffffff92][0xffffffe2]^T[0x13][0xffffffa7]V[0xffffffc7][0x3][0xffffffa4]q[0xffffffe0]9O[0xffffffe4][0xffffffbf][0xffffff97][0xffffff9a][0xfffffff0][0x1e]\z[0xfffffffe][0x9]T[0xffffff8e][0xffffffd5][0xffffffd4]Q[0xffffffc4][0xffffffbb]m[0xffffffcb]n[0xffffffd8][0xffffffcc][0xffffffcb]9[0x12][0x5]_VX[\n]"
23:55:16.111 [main] DEBUG org.apache.hc.client5.http.wire - http-outgoing-1 << "[0x5][0x7f][0xffffffb9][0xffffffee][0x12]([0xfffffff8]F5[0xffffffb1][0xffffff93][0xffffff92]M)[\n]"
23:55:16.111 [main] DEBUG org.apache.hc.client5.http.wire - http-outgoing-1 << "[0xffffffbe][0xffffffa2][0xffffffe0][0xffffffef][0xffffffb3][0xfffffff1][0xffffffa3]([0xfffffff8][0xffffffdf][0x15][0x5][0xffffffff][0xffffffe7][0xffffffa7][0xffffff8b][0xffffffd3][0xffffffbe]~q[0xffffffca][0xfffffff4][0xffffffc3][0x15][\n]"
23:55:16.111 [main] DEBUG org.apache.hc.client5.http.wire - http-outgoing-1 << "[0xffffffbe][0xffffffc0][0xffffff8a][0xffffff92]([0xfffffff8]N[0xffffffc5][0xffffffd0][0xfffffff1][0xffffff9f][0xffffff8e]a[0xffffffb4]-[0x1b]Q[0xffffffed]|[\n]"
23:55:16.111 [main] DEBUG org.apache.hc.client5.http.wire - http-outgoing-1 << "~[0xffffffa6]T[0xffffffdd]h[0xffffff9b]\[0xffffffaa][0x4][\n]"
23:55:16.111 [main] DEBUG org.apache.hc.client5.http.wire - http-outgoing-1 << "[0xffffffbe]m[0xffffffb7][0x1c]+[0xffffffa5][0xffffffe0][0xffffff8b][0xffffffa3][0x1d]v[0xffffffa7]0n[0xffffffb7][0xffffffe6][0xfffffff9]S[0xffffff91]([0x9][0xffffffc6]PQ[0xfffffff0][0x15]sS[0xffffffed]P[0xffffffa9][0x1d][0xffffffaa][0xfffffffc][0x1d][0xffffffaa][0xffffffad]B[0xffffff81][\r][0xffffffbd]i[0xffffff92][0xffffffc5][0xfffffff5]jf[0xffffffbb]i[0xffffffb4]([0xffffffe1]}5[0xffffffc4][0xffffffb0][0xffffff8c][0xffffff98]V[0xffffffae]WS^[0xffffff99]2v[0xffffffa8][0x0]~k[0x1c][0xfffffffc]u@<&[0x7][0xffffff9f][0xffffffa1];e[0xfffffffb][0xffffff88][0xffffffa3][0xffffffdd][0xffffff81][0xffffffbc]H[0xffffff9d][0xffffff84][0xfffffffa][0xffffffad]8[0xfffffff8][\n]"
23:55:16.111 [main] DEBUG org.apache.hc.client5.http.wire - http-outgoing-1 << "[0xffffffc9][0x15][0xffffff92]+$?[0x10][0xffffffc9][0xffffffeb][0xffffffba][0xffffffd9][0xffffffa8][0xffffffe7][0xffffffd9][0xffffffa6]6[0xc]3G[0xffffffbd]{[0x19][0xffffffa5][0xffffffeb][0xffffffb9][0xffffffc1][0xffffffe2][0xffffff95]2[0xffffffbc]>~N$/[0xffffff91][0xffffff84][0xffffffcf][0xffffffe0][0xffffff9d][0x1a]1[0xffffff88][0xffffffa3][0xffffffdd][0xffffffa1][0xffffffbc][0xffffffc8][0xffffff88]![0xffffff85]rE[0xffffffc2]W[0xffffffb4][0x1f]E[0xfffffffb][0xffffffd9]g[0xfffffff7]G[0xffffff91][0xfffffff0][0x5][0x9][0xffffffdf][0xffffffae][0xffffffd7][0x1b][0xffffff8d][0x1c][0xffffffb9]@[0xffffffc3]tL[0xffffffc7]2[0xffffffc0][0x8]*^[0xffffff97][0xffffff9b];[0xffffffa0][0xffffffb9][0xffffffd8][0xffffffed]xv4/[0xffffff87][0xffffff86]O[0xfffffff8]]O[0xffffffb6][0xffffff9e]Mq[0xffffffb4]+[0xffffff9a]_t[0xffffffde][0x16][0xffffffc8][0x6][0x12][0xffffff9a]+[0x1a][0xffffffbe][0xffffffa2][0xffffffe1]+[0x1a][0xffffffbe][0xffffffa2][0xffffffe1][0x1f]F[0xffffffc3][0xffffffd7][0xffffff9b][0xffffff8d][0x16][0xffffffc8][0xffffff88]k[0x1b],N[0xffffffdd][0xffffffb1][0xffffffad][0xffffff9c][0xffffffec][0xffffffd8][0xffffffec][0xffffffa2][0xffffffdb]n[0xffffff9b][0xffffffb9][0x6]i+eJ3H[0xffffffdb][0xffffffb4][0xffffffc5]R[0x1a][0x11][0xffffff9f][0xffffffa0]{[0xffffff91]O%[0xffffff8e]v[0x6][0xfffffff2][0xffffffc2]|*[0x2]rE[0xffffffc4]W+r[0xffffffb5]"W+[0xfffffff2][0xfffffffd][0xffffff89][0xfffffff8][0xffffff96][0xffffffd9][0xffffffc8]#[0xffffffe2][0xffffffdb][0xffffff86][0xffffff8e]ug[0xfffffff1]r[0xffffffdc][0xffffffda] [0xffffffe0][0xffffff9d][0xffffffc5][0xfffffff0][0xffffffa4][0xffffffcc]s.[0xffffffc7][0xffffffcb]a[0xffffffe2]3d/[0xffffffad][0xffffffc4]m[0xffffff8c][0xffffffcf][0xffffffd6]L*[0xffffff8e]u^[0xffffff9c]n[[0xffffff89]+&[0xffffffbe][0x2]p[0x5][0xffffffe0][\n]"
23:55:16.111 [main] DEBUG org.apache.hc.client5.http.wire - http-outgoing-1 << "[0xffffffc0][0xfffffff7][0x6]p[0xffffffbb][0xffffffe9]4Z9[0xffffff99]TM[0xb][0xffffff86]1[0xffffffd6][0xffffff96][\r][0x15][0xffffffb3]m[0xffffffe6]*xg[0x11][0x1c]eJS[0xfffffff0][0xffffffde][0xffffffb4][\n]"
23:55:16.111 [main] DEBUG org.apache.hc.client5.http.wire - http-outgoing-1 << "_[0xffffffa0][0xffffffe1][0xffffffd7][0xffffffdf][0xffffff89]^[0x13][0xfffffff5] [0xffffffa5]\[0xffffff9c]8[0xffffffb3][0xffffffd9]r^[0xffffff9e]^[0xffffffbb][0x3][0x19][0x17][\r][0x1e][0xffffff97][0xffffff8a]/*[0xffffffcc]P[0xfffffff1][0x7f][0xfffffff4][0x1f][0x4][0x15][0xffffffff][0x17]$[\r][0x11][0xffffffb9]T[0xffffffa8]=[0x13][0xffffffbd][0x13][0xffffff8c]V7z[0x4][0xffffffa3][0xfffffffc][0x1e]L[0xfffffff1]a[0xffffffe0][0xfffffff5]![0xffffffa5]L[0xffffffd4][0xffffffdc][0x8][0xffffffd4]z0c5Pj[0xffffffe9][0xffffff8c][0xffffffea][0xffffff91]4[0xffffff94][0xffffff89][0xffffffa8]h[0x18]t[0xffffffbd]G$p[0xffffffa2][0xffffffc2][0xffffffd2][0x8][0xffffff9c][0xffffff8b][0xffffffba]K!pR[0x12][0x6]I[0xffffff85][0xffffffca]qQ[0x4]NE[0xffffffe0][0xffffffdc][0xffffffe7]}[0xffffffa3][0x8][0xffffff9c][0xffffffdf][0x1f][0xffffff81][0xfffffff3][0xffffffe1]\l[0xffffff91][0xffffffaf][0x11]8[0x9]+[0xffffffca]&p[0xffffffea][0xffffffed]:[0xffffffdc]1[0xfffffff8][0xfffffffd][0xffffffbb][0xffffffae][0xffffffa1][0xffffff9c][0xffffffbe][0xffffff81]Q[0xffffffaa][0xffffffd9][0xffffffb6]Yi[0xffffffb9][0x1c][0x2][0xffffffa7][0xffffffed][0xffffffa4][0xffffffee][0xffffffa0][0xfffffff8][0xffffffc4][0xffffffc1][0xffffffd1][0xffffff8e][0x1f]5[0xfffffffa][0xffffffc5]M[0xffffff91];[0xffffffa8][0xffffffa1]4[0xffffff94][0x17][0xfffffffb][0xffffffca][0xffffffca][0xffffff99]H9[0x13])g[0xffffffa2]eg[0xffffffa2][0xffffffad][0x4]N[0xffffffa7]U7)[0xffffff8c][0xffffffb0][0x1a]_[0xffffff80]rDQpA[0x0]f[0xffffffae][0xffffffca][0xffffffcf][\n]"
23:55:16.111 [main] DEBUG org.apache.hc.client5.http.wire - http-outgoing-1 << "[0xffffffa8][0xffffff96][0xffffffc8][0xfffffffa]Y[0xffffffd7]P^[0xffffffc7][0xffffffc3]#[0xfffffff3]7m'[0xffffff95][0xfffffff9]a[0x1c][0xffffffdf]E[0xffffffe6][0xffffff87]6[0xffffffa7][0xffffff80][0xffffffe3]E2?[0xffffffd4]o[0xffffffc5][0xffffffdf]T[0xfffffffc]M[0xffffffc5][0xffffffdf]T[0xfffffffc][0xffffffcd][0x3][0xfffffff9][0xffffff9b]v[0xffffffab]i4s[0x2][0xffffffc5]V[0xffffff83][0xffffff84][0xffffffde]7[0x12]~2+[0xffffffdf]U[0xffffff97][0xffffffe7][0xffffffbc][0xffffffd5]q9[0x11][0xffffff86]| /[0xffffff97][0xffffffbe]i;[0xffffffa9][0xffffffe0][0xf]#[0xfffffff9].[0xffffff82]?[0x12][0xffffffc9][0xffffff8b][0x4][0x7f]R$W[0xfffffff4]M[0x15]kP[0xffffffb1][0xffffff86]}[0xfffffff6]~[0x14]}3[0xffffffa1]o[0xffffff82][0xffffffa8][0xffffff99]#[0xfffffffb][0x3]"[0xfffffffe][0x16]$o[0xffffffb5][0xfffffff5]b[0xffffffea]&[0xffffffd0]>)[0xfffffff3][0xffffffec]H^[0x1a]u[0xffffffd3]nf[0x3][0xffffffc6]8[0xffffffda]uo[0xffffffe5]rK[0xffffffc0]X)([0xffffffab][0x15][0xffffffb9]Z[0xffffff91][0xffffffab][0x15][0xfffffff9][0xffffff81]+r[0xffffff92]Vj`[0xffffffa3]wuk[0xffffffc5]n[0x19][0xffffffd8]6[0xffffffd8][0xffffffb8]"7[0xffffffda]:[0xffffffc4][0x4][0xffffffb6]E[0xffffff8c][0xffffffd3]2[0xffffffcf][0xffffff89][0xffffffe3]e[0xfffffff2]6[0xffffffed]f[0xffffffea]NE[0xffffffeb][0xfffffff1][0xffffffe6].[0xffffffee]T[0xffffffbc][0x1e][0xffffffbf][0x14][0xfffffff2][0x10][0x1b]\[0x6]i=[0xffffffae]x[0xffffff9b]j)[0xffffffae][0xffffff96][0xffffffe2]j)[0xffffffbe]7[0xffffffed][0xffffffc7][0xffffffb0][0xffffffa0]u[0xffffff9f]C[0xfffffffb]i[0xffffff98]d[0xffffff82]Z[0xffffff8c][0xffffffe0][0xffffffd6][0xe][0x8].[0xffffffca]<'[0xffffff82][0xffffff97][0xffffffc6][0xffffffda][0xffffffb4][0x1b][0x9][0xfffffff3][0xffffff83][0xfffffff2][0xffffffa7]p[0xffffffb4][0xffffffeb]"[0xfffffffc][0xffffffe2][0xffffffe9]ua[0xfffffffe][0xffffff94][0xffffffd2]O[0xffffff9e]RPK[0x5]7UpS[0x5]7[0xffffff97][0xffffff83][0xffffff9b][0xffffffdb][0xfffffff4][0xffffff93]m[0xffffffa4]H5sb[0xffffff9b][0x6][0xffffffb2]c[0xffffff8b]Y[0xfffffff7]:\L[0xffffffb6]eN[0xffffffa5]e[0xffffff9e][0x19][0xffffffbf][0xffffffcb][0xffffff91]O[0xffffffc6]:[0xfffffff9][0xffffffd8][0xffffff9c]M[0xffffffaa]0O>[0xfffffff9]l2[0xffffff8b][0xffffffc2][0xffffffc1][0xffffff9c][0xffffffc4]m!P[\n]"
23:55:16.111 [main] DEBUG org.apache.hc.client5.http.wire - http-outgoing-1 << "[0xffffffd1]S[0xffffffd2]4[0xfffffff5]'3[0xf][0xffffff8a][0xffffffae][0xffffffac][0x14]*[0x5]dIQ[0xfffffff6][0xffffff9d]?[0xffffff99]?TX[0xfffffffc][0xfffffff7]WH[0xffffff95][0xffffff86][0xfffffff7][0xffffffb1]f[0xffffff99][0xffffff95][0x1e]tX[0xffffff99][0xffffffe7][0x9][0xfffffff5][0xffffffd0][0xffffff85][0xffffffdc][0xffffffa8][0xffffffd4]I[0xffffff8e]Y[0xffffff8a]6[0xffffff86]j0[0xffffffe4]T[0xffffffc5][0xffffffa9][0xffffffd0][0x1f]fmU[0xffffffe2][0xffffff81][0xffffffe2][\r][0xffffff88]j x[0x1a]C|T[0xffffff88][0xffffffd9][\n]"
23:55:16.112 [main] DEBUG org.apache.hc.client5.http.wire - http-outgoing-1 << "=g[0xffffffd2][0x1][0xfffffff6][0x1e] [0xffffff96][0xffffffca][0xffffff84][0xffffffd2][0xffffffa5][0xffffffca][0xffffff86][0xffffffa4][0xfffffff4][0xffffff8a][0xfffffff3][0xffffffa1]9,[0x5][0xffffff9a][0xffffffff][0xfffffff1][0xfffffff7][0xffffffff][0xffffff8a]q[0x18]N[0x1e][0xffffffc7][0xffffffd4][0xfffffffb][0xfffffffe]5$o![0xffffffce][0xffffffcb][0x1d][0xfffffffd][0xffffffdb][0xffffffdc][0xffffff8b][0x1e][0xffffffa9][0xffffffb8][0xf][0xffffffea][0xffffffa9];[0xffffff9b]E>[0xffffff84][0xffffff8e][0xffffffbd][0xfffffff8][0xffffffdf][0xffffffa0]2[0xc][0xfffffff1][0xffffffde][0xffffffd8][0xffffff87](,z[0x2][\r][0xffffffe2][0xffffffd1]5[0xfffffff7][0xffffffa8][[0xffffff93][0xfffffff2][0xffffffb3][0xffffffb5]/[0xfffffff2][0x1f]g[0xffffff83][0xffffffaf]5[0xffffffe8][0xfffffff9][0xffffffd6][0x1e]zA[0xffffffed][0xffffff8b]l[0xffffff91][0xfffffffe][0xffffff96]6x[0xffffff95]4[0xffffffd8]%[0xfffffff1][0xffffffd4]D[0x11][0x19][0xffffffe2][0xffffffc8][0x1b][0xffffffba]tH[0x13][0xffffffbd][0xffffffc7][0xffffffab][0xffffffb4][0xfffffff3]K[0xffffffcd][0xffffffd0]U&[0x17].;[0xffffffa7][0xfffffff5][0x1e]5W[0xffffffa3]O0[0x1e][0xffffff81][0xfffffff4]<1[0x16]B[0xffffff96]5[0xffffffbd][0xffffffe9][0xffffffae][0xffffffd6][0xffffffc5][0xffffffc5][0xffffffb5][0xffffff87]>[0xfffffff8][0xffffffb9][0xffffffe1][0xffffffc3][0xffffffe5][0xffffff94]nC[0xffffffdc][0xffffff85]n[0xffffffad][0xffffff94][0xffffff84]}[0xffffffa4]k[0xffffffea][0xffffffcf][0xffffffe3]Y8[0xfffffff6]A[0xffffffd8]uS[0x9]d9:[0xffffffed][0xffffffdf]&[0xffffff9a]V[0xffffffd1]:4t[0xffffff82][0xffffffed][0xb][0x1d][0xffffffe1][0xffffffae][0x1b][0xffffff8d]b[0xfffffffc]/5[0xffffffdf][0xffffff85][0xffffffc0][0xffffffee][0xffffffd0][0xf][0xffffffbc][0xffffffae][0x6][0xfffffff1]Y[0xffffff9a]#[0x1a]n[0xffffffe8][0xffffffec][0x1a][0xffffffb2][0xffffffb5][0xffffffd0][0xffffffeb][0xffffffa5][0xffffffd6][0xffffff88] [0xffffff8c]#[0xffffffef]os[0xffffffff][0xffffffce][\r]H[0x1e][0x17]-[0xffffffd2][0xffffffad][0x8][0xffffffa1][0xffffffa3][0xffffffdb][0xffffff95][0x1d][0xffffffbb]Z[0xffffffd4][0xffffff9d][0xfffffffc]%[0xffffffdb]F[0xfffffff2][0xffffffb7][0xffffffb4][0xffffffad][0xffffffac][0xffffffde]l"[0xffffffcd]{[0xffffffed][0xffffffde]yLE[0x6][0xffffffb3][0x1a][0xffffffb2][0xffffffc7][0xffffff98] [0xffffff91]7&[0xfffffff1][0xffffffdf][0xffffffcc]%@[0x6]x[0xfffffff9][0xffffffe2][0xffffffa1][0x3][0xffffff8e]y[0xffffff93][0xffffffed]k<[0xffffff87]z[0xffffffb2][0x1b]k[0xffffffdd]/([0xffffffdc][0xffffffd6]~{1[0xffffff8b][0xffffffdc][0xffffffbe][0xfffffff7][0xffffffdb][0xffffff8b][0xffffffaf]|_[0xffffffbc][0x9][0xffffffe9][0xc]k[0xfffffffc]7)[0xffffffc6][0xc][0xffffff92]s[0xffffff8f]&8.s[0xffffffa2][0xfffffffd]D[0xffffff8a][0xffffffc6][0xffffff99][0x6][0xffffffa7][0x18][0xfffffff7][0xffffffe5][0xfffffff1][0xe]<[0xffffffcc][0xffffffd4][0xffffffc7]p[0xe][0x1]gLu/Os:[0xffffff9d][0xffffffb1][0xffffffd9][0xffffffcb][0x14]"[0xffffffc5][0x15]<[0xffffffbb][0xffffffc9][0x3][0xffffffcd][0xfffffff3][0xffffffb9]R[0xffffffb9][0xfffffff7]zBB[0xffffffb9]B[0xffffffc2][0xffffffc2]][\r][0x3][0xffffffc7]J[0xffffffc0]t[0x11][0xffffffae]v[0xffffffed]C@[0x1d][0xffffffb3]([0xfffffff0]q[0xffffff88][0xb][0xffffffc0][0x9]\,G[0x5][0xfffffffb][0x18]7#[0x19]s[0x1a][0xffffff8b][0xffffffa1]{[0x17][0xffffffce]#[0xffffffd2]"[0xffffffe6][0xffffff9e][0xffffffe6][0xffffffcd][0xffffffc3][0xffffffcc][0x1c][0x19]x3[0xffffffa8]8[0x3][0xffffffa7][0xffffffdc][0x1e]n[0x1a][0xffffffcf]-[0xffffffd4]Ag[\n]"
23:55:16.112 [main] DEBUG org.apache.hc.client5.http.wire - http-outgoing-1 << "[0xffffffcd]aq[0xfffffffd]|C[0xffffffe9]"&a[0xffffffc5]3t[0xc][0xffffffed]0pGb*[0xffffffae][0xffffffa9]I[0xf][0xffffffa3]p,[0xffffffc9][0xffffffe9][0x10][0x4][0xffffffe7]y[0xffffffb9][0x18]o[0xc]?[0xffffffab]j[0xffffff8f][0xfffffff1][0xffffffff]|L,[0xffffff86][0xb][0x0][0xffffff89][0x4][0xffffffb3]X{[0xffffff89][0xffffffa6][0xffffffa2][0xffffffc8][0xffffff87][0x2][0xfffffff5][0xffffff9c][0x7f][0xffffffa0][)E[0xffffffc1]Y[0xfffffffc][0xfffffff8][0xffffffd4][0xffffff8f]y.L[0xffffffc3]ie>[0xffffffd5][0xffffffa0][0xffffff92][0xffffffdc][0xffffffbf][0xffffff85][0xffffff8e][0xffffffb5][0xffffffec]tR[0xffffffbd][0xffffff9c][0xffffffb2][0xfffffff4][0xffffffd0][0xfffffffe][0xfffffffb][0xffffffcd][0x1c][0xfffffffa][0xffffffdb]7,[0xfffffffd],[0xffffff95][0xffffffb8]?[0xffffffe0][0xffffffc9]#[0xfffffff8][0xffffff9b][0xffffffe2][0xffffffca][0xffffffa3][0xffffff84].O[0xffffffb7][0x9],|S{[0xffffffd9][0xffffffc3][0xffffff98][0xffffff9c]h3o[0xffffff8c][[0x6][0x0][0xffffffc6]E[0xfffffff4][0xffffffbc][0xffffffbe][0xb][0xffffffb5]p[0x1a][0xffffffd4][0xffffffcf][0xffffff98][0x8]s[0xffffffea][0x0]b[0xffffffb7][0xffffffb7][0xffffffd4][0xffffffc1][0xfffffff3]y[0xffffff8c][0xffffff89]/[0xffffffa1]:W[0xffffffdd]9Bs[0xffffff95][0x0][0xffffff9d][0xffffffa8][0xffffffd1][0xffffffbf]j~[0x1c][0xffffffcf][0xffffffbd][0xffffffb8]f[0xffffffd9][0xffffffad]F[0xffffff93]/[0xffffffe9][0xffffff83]7[\r]0[0xffffffb1][0x7][0xffffffda][0xffffff95]7[0xffffffb9][0xffffffbb]"[0xffffffcd]l8s[0xffffffa4][0xffffffda][0xffffffd9]C[0xffffffb7]O*[0xffffffd2][0xffffff8f][0xffffff89]r[0xffffffb9][0x7][0xfffffff1]o[0xffffff94][0xffffffb9][0xffffffd2][0xffffffa6]n[0xffffffff][0xffffffd6][0x1d]A7[0xffffff9e][0xfffffffa][0xffffff96]`[0x7f][0xfffffff7][0xffffffc3][0xffffffa7][0xffffff8f][0xffffff9d][0xffffffab]w[0xffffff97]?[0x11]2[0xffffffdc][0xfffffff9][0xffffff90][0xffffffd3][0xffffffe6]Iy[0xffffff87][0xffffffeb][0x10][0xffffff8f]P[0xffffff88][[0xffffff83][0xffffffba][0xffffffa1]H[0x1e]i[0xfffffffc][0xffffffec][0xffffffba][0x13][0x0][0xffffffdb]p[0xffffff88],[0x2][0xffffffea][0xffffffcb][0xffffffa7][0xffffffe9][0x0]r[0xffffffdf][0x10][0xffffffcc][0xffffffc6]=[0xfffffffb][0xffffffd5][0xffffffeb][0xffffff9d][\n]"
23:55:16.113 [main] DEBUG org.apache.hc.client5.http.wire - http-outgoing-1 << "[0xffffff95]p[0x1e][0xffffffb0][0xffffffc0][0xffffffef]a8[0x18][0xffffffba]d[0xffffff86][0x1][0xffffffc9][0xffffff92][0xffffffd7][0xffffff91]f[0xfffffff0][0xffffffdb][0xffffffe4][0xffffff87][0x1f]~[0xffffffc0]#%3[0x16][0xffffffde][0xffffff84]Q[0xffffff84][0xffffffea]H[0xffffffff][0x1b]c$[0xffffffe0][0xffffff9b]_F![0xffffff81][0xffffffd2]D{[0xffffff83]g%[0xffffffd4][0xffffffc6][0x18]e[0xffffffb4][0xffffffe5]R[0xffffffab][0xffffffc8]q[0xffffff90][0xf]3[0xffffff94][0xffffffbe]#h[0xffffff8d]c[0x1a][0xffffffd2][0xc][0xffffffc3][0xffffff94][0xffffffbb][0xfffffffb]|[0xfffffff7]{[0xffffff97][0xffffffa7][0xffffffd3]}[0x18][0xffffffdd][0xffffffe2][0xffffffd9][0x1a][0xffffffb9][0xfffffffe][0xffffffe4][0x15]^[0xffffff80][0xffffffe4][0xffffffa7][0xffffff92]\5[0xffffffe2]j4[0xffffff82]|[0xffffffa9]r[0xffffffe2][0xffffffa7][0xffffffcf][0xffffffe3][0xffffffd4]E6[0x4][0xffffffee]S[0xffffffd2]}9S0[0xffffffaf][0xffffffee]|z[0xffffffb1][0xffffffc9][0xffffffac][0x9][0xffffffea][0xffffffc6][0xffffffaf]$[0x1d]NW[0xfffffffe][0xffffffe7]N[0xffffffe7][0xfffffffd])[0xffffff8b][0xffffff88][0xfffffff3][0xffffffd3][0xffffffcb][0xffffffca][0xffffffe5][0xffffffaf][0xffffff84][0xffffffbc]:z[0x10]a[0xfffffff6]E[0xffffffe1][0x14]=[0xffffff91][0xffffffca][0xffffffe5]t[\n]"
23:55:16.113 [main] DEBUG org.apache.hc.client5.http.wire - http-outgoing-1 << "9[0xffffffa9]d[0xffffffe6][0xffffffa7][0x18]A[0x8][0xffffff96][0xfffffff3]+[0xffffffd8][\r][0xffffffb4]{/[0xffffffc0][0xffffff8c][0xfffffff3][0xffffffb4]O[0x1f][0xffffffde]i/[0xffffffbb]\[0xffffffe3]|Z[0xffffffbd][0xffffffc6][0xffffff9f]P[0xffffff91]w%[0x7f][0xffffffa6][0xffffffdc][0xffffff94][0xffffffea][0xffffffe2][0xffffffac][0xffffffee][0xffffff89][0x16][0x13]lC{=[0x1c][0xe][0xfffffffd][0xffffffbe][0xf][0xffffff90][0xffffffc5]l[0xffffff8c]0>[0x18]][0xffffffa9][0xffffffa3][0xffffff9e],&[0x6]tk![0xfffffff4][0xffffffce]r[0xffffffef][0xffffffac][0xffffffe6]>[0xffffffbb][0xf][0xffffffc9]4[0x0][0xffffffd7][0xffffffe4][0xfffffff6]h[0xfffffffd][0xffffffa1][\r]![0xffffff9f]~M[0xffffff9d][0xffffffa7]w[0x7][0xffffffaf]+[0xffffffe4][0xffffffe3]4[0xffffffd0][0xffffff92][0xffffff9e]h[0xffffffe9][0xfffffff3]G=[0xffffff8d][0xffffffbc][0x1][0xffffffde]a[0xfffffffc]F[0xffffffa1]'yL[0xffffffa7][0xffffffcd][0xffffffe0]W[0xffffff90][0xffffff88][0xffffffd3][0xffffffc7][0xffffffc9]k`[0xffffffec][0xffffffb9][0x13][0x2]>[0xffffffb4]$[0xffffffda][0xffffffc6]BB[\n]"
23:55:16.113 [main] DEBUG org.apache.hc.client5.http.wire - http-outgoing-1 << "[0xffffffd8]S[0xffffffaf]|[0xffffffe0][0xffffffb6][0xffffffd4]T[0x1f][0xfffffff8]1n[0xffffffd6]#[0xfffffffa][0xffffffcf]J[0xffffffed][0xffffff81];[0xffffff87][0xffffffec];/=4Z[0xffffff9f]$[0x17]%[0xffffffa7][0xffffffd8][0xffffff91]rX[0xffffffac]F[0xffffffab][0xffffffa9][0xfffffff3][0xfffffff6][0xffffffeb][0xffffff91]rXd[0xffffff85][0xffffffa5][0xffffffe4][0xffffffb0],[0xffffffd7]]B[0xe][0xffffff8b][0xffffffce]+a[0xffffffca]a[0xffffff91]M[0xffffffa9][0x1c][0x16][0xffffff95][0xffffffc3][0xffffffb2][0xffffffcf][0xffffffe6][0xffffffa9][0xffffffca]a[0xfffffff9][0xffffffae]rX[0xffffffce][0xffffffad][0xffffffcb][0xffffffce][0xffffffe8]^F[0xffffff99]VrX[0x4]V[0xffffff94][0xffffff96][0xffffffc3][0xffffffa2]7+[0xffffffba][0xffffffd9]1M[0xffffffa4][0xffffffa6][0xffffffb4]-cS[0xe][0xffffffcb][0xffffffa2]T[0xffffffab]mr[0xffffffa9][0x12]rX[0xfffffff4][0xffffffa6][0xffffff9d][0xffffffe1]>[0xffffff8b][0xffffffa3][0x1d][0xffffffb6]x1n?o[0xffffffe1]>c[0xc][0xffffff95][0x8][0xffffffb9]"Z([0xffffffa2][0xffffff85]"Z[0x1c]H[0xffffffb4]h[0x18]-'[0xffffffcf]'[0xffffffaf][0x5]k[0xffffffab][0xffffffbc]0][0x16]0[0xffffffed]\[0xffffff97]<[0xffffffa7][0xffffffb2]^[0xffffffa6][0xffffff8c]m^`[0xffffffdf][0xffffff9a][0x6][0xfffffff9]:[0x1e][0x1e]3[0xffffff87][0xffffff85][0xffffff90][0xffffffbb][0xffffff9e][0xffffff9a]I[0xffffff88][0xffffffa3][0xffffff9d]q[0xffffffbc]Sd&A[0xfffffffd]f[0xffffffca][0xffffffb6]b>[0xffffffab]x[0xffffff9d][0xffffffa2][[0xffffffec][0xfffffff3][0xffffffc5][0xffffffa0][0xffffff98][0xffffffcf][0xffffff82][0xfffffff9][0xffffff8c][0xf]n[0xffffffe8]F[0xffffffac]3[0xffffffe6][0xffffffcc][0xffffffba]m9f.[0xffffffe5]bi[0xfffffff1][0xffffffcb][0x9][0xffffffdc][0xffffffeb]i,[0xffffffeb]e[0xffffff9e][0x13][0xffffffcb]W0[0xfffffff1][0xffffffd8]`[0xffffffde]X[0x2]sJ[0xffffffda][0xffffffdc][0xffffffaa][0xffffff96]%[0x16][0xffffffe5][0xffffff85][0xffffffce]@[0x4][0xffffffe6]J[0xffffffb7]V[0xffffffe9][0xffffffd6]*[0xffffffdd]Z[0xffffffa5][{[0xffffff98]n-[0xffffff80][0xffffffbc][0xffffff99]C[0xffffff9d]k[0xffffffea]-[0xffffff8b][0xffffff94][0xffffffb4][0xffffffd6][0xffffffc9]s"
23:55:16.113 [main] DEBUG org.apache.hc.client5.http.wire - http-outgoing-1 << ")J[0xffffffd7][0xffffffad][0xffffffb6]Y[0xffffffdf][0xffffff82][0xffffffe4]i[0xffffff99][0xffffffe7]D[0xfffffff2][0xffffffd2][0xffffffe8][0xffffffcf][0xffffffb4][0xc]o[0xffffffa4][0x2]![0xffffffe2]hw[0x1c]/[0x12][0x8]![0x1c]W[0xffffffaa][0xffffff87]j=[0xffffffae][0xffffffd6][0xffffffe3]j=[0xffffffbe]7[0xfffffffd][0xffffffd9]j6[0xfffffff5]zN[0x2]K]o[0x19]M[0xffffffb3][0x18][0xffffffc3][0xffffff91][0xffffffc5][0xffffffb2][0xffffff81][0x0][0xffffffbd][0xffffffc0][0xfffffff9][0xffffffa4][0xffffffcc]sbxi[0xffffffa2][0xffffff87]"[0x14][0x0]J[0xffffffe2][0xffffffb7][0xffffffa8]([0xffffffca][0xffffffd3]YEQT[0xffffff98]![0xffffffd0]I[0xffffff82][0x6][0x13][0x11]@[0xffffffb7]`[0xffffff92]HE[0xffffffb2]D[0xffffffd2][0xffffffc8][0xfffffff0]Kb[0xffffffa0][0xffffff9c][0x10][0xffffffb5]C[0xffffffb2]=[0xffffffc0]C[0x1][0xffffffdb]&e[0xc],H*[0x8][0xffffffdd]#[0xffffffda][0xffffffcc][0xffffffbc][0x7][0xffffffd0][0xffffffe9][0xffffff88]T [0xffffffb9]IDeY[0xfffffff0]X2qp[0xfffffff6][0xffffff80]Gp[0x1c]_4#b[0x12][0xffffff80]g7[0xffffff8e]3M1[0xffffffa1]d[0xfffffffc]8[0xffffffbb][0xffffff8e][0xffffffe7][0x13][0xffffffa2][0xffffffd9]e[0xffffffe8][0x1b][0xffffffda][0x15]([0x7]D6[0xfffffff0][0xffffffae]D[0x4][0xfffffffc][0xffffffaa][0x1f][0xffffffb8][0xffffffd3]+[0xffffffa6][0xffffffea]%d[0xffffff84][0x18][0xffffffa4][\r]f#[0xffffffac]q&^[0xffffffcf][0xffffff88]o[0xffffffc2],-X[0xffffffc0][0x7]![0xffffff91][0xffffffcd][0xffffffa8] [0xffffffba]N[0xffffffb1]zD[0xffffffee]A[0xffffffaa][0xffffffe9]D[0xffffffee][0x1d][0xffffffa2][0xffffffe8][0x1c]7[0x1f][0xffffffbb][0xffffffcc]>q[0xffffffb3][0xfffffffc][0xffffff85][0xffffff9f]"w<v#[0xffffff9c][0xfffffff1]@[0xffffffd1][0xfffffffe][0xffffff84][0xffffffc1]s[0x14][0x1b]o[0xffffffab][0xffffffee][0xffffffe0][0xffffff89][0xffffffa0][0xffffffb8][0xfffffff1][0xffffffb1]"[0xffffffe8][0xffffffa2][0xffffffc2]r"[0xffffffe8]Ku[0x1f]?[0xffffff82][0xffffffde]Z[0x4][0xffffffd0]EK*[0xffffff80][0xffffffae][0x2][0xffffffe8][0xfffffffb][0xffffffbc]~U[0x0][0xfffffffd][0xfffffffb][\n]"
23:55:16.113 [main] DEBUG org.apache.hc.client5.http.wire - http-outgoing-1 << "[0xffffffa0][0x1b][0x17]7o[0xffffffed][0xfffffff3][0x1b][0xffffffce][0xfffffff3]Y[0xe][0xffffffa0][0xb][0xffffffa8](/~[0xffffffee]T,[0xffffff98]x;m[0xffffffa3][0xe][0x19][0xffffffc8][0xffffff8d][0xfffffff1]sQ[0xffffffaa][0xffffffd1][0xffffffb6],[0xffffffb8]}[0xffffff97][0x13]?7Zf[0xffffffdd][0xffffffb0][0x12][0xffffffc5][0x19]y[0xffffffb4][0xfffffffd][0x13][0xffffffef]m[0xfffffffd][0xfffffffc][0xffffffe6][0xffffffd3][0xffffffc3][0xfffffff9]S[0xffffff81][0xffffffe2][0xc][0xffffff86]P[0xffffff85][0xffffffcf]U[0xfffffff8]\[0xffffff85][0xffffffcf]U[0xfffffff8][0xfffffffc][0xffffffb0][0xfffffff0]9rY[0xffffffc1][0xffffffb6][0xffffffc6][0xffffffe7][0xffffffdc][0xffffffaa]N[0xffffff81][0xffffffa3];[0xfffffff9]![0xffffff97][0x4]UMkc[0xffffff96][0xffffff94][0xffffff9e]-S[0xffffff96][0xffffffbf][0x14][0xffffffa0]o5z[0xffffffbe][0xffffff8e][0xffffff86]G[0xffffff8c][0xffffffb7][0x8][0xffffffd8]N[0xffffffe2]-[0xfffffff2]hw[0x10]/[0x8][0xffffff9e]S[0xffffffb7]U[0xffffffec]\[0xffffffa1][0xffffffb8]Bq[0xffffff85][0xffffffe2][0xffffff87][0xffffffa1]8[0xffffffb4][0xffffffc1][0xffffffa0][0xf][0xffffff96][0xffffff97][0xffffffec][0xffffffda][0xffffff82][0xffffffc4][0xffffffaf][0xffffff91][0xffffff9b][0xffffffee][0xffffff9a][0x5]i[0xffffffb1][0xfffffff0][0xffffffcd][0xffffff89][0xffffff9d]g[0xffffff80][0xffffffdc][0xffffffe2][0xffffffa8]L[0x9][0xffffffbb]u[0x1b][0xffffff80][0xffffffbc][0xffffffbc][0xffffffc8]9a[0xffffffb7]if[0xffffff97][0xffffffe3]8[0xffffffda][0x11][0xffffffc9][0x1f][0xffffffcf]o[0xffffffb6],[0xffffffc7][0x11]'[0xffffffaa][0xffffffe2][0xffffff9b][0xffffffa6]:z[0xffffffc2]p[0x5]n[0xffffffcf][0xffffffa3]I[0xffffffcd][0xffffffcc][0xffffff84] t[0x7]^[0xfffffff4][0xffffffa2][0xfffffffd][0xffffffe5][0x5][0xffffff92][0xffffff94][0xfffffffc][0x9][0xfffffffe][0xfffffffc][0x1a][jcJ[0xffffff95]I[0xffffffb7][0x8]([0xfffffff3][0x0]w[0xffffffb2]n[0xffffffac][0xffffff84][0xfffffff2][0x7f]v~[0xfffffff9][0xffffffcb]E[0xffffffd0][0xffffffbf]y[0xfffffffb]xy[0xfffffffa][0xffffffe9][0xffffffe1][0xfffffff2][0xfffffff5][0x1f][0xffffffe9]s[0xffffffca][0xffffffbd]C[0xffffff92]P[0xffffffb4]j[0xffffffda][0xffffffc2][0x7f][0xffffff8c][0xffffffab]B3[0xffffff80]ro([0xffffffcf][0x16][0xffffffe9]?U$[0xffffffd9][0xffffffd4][0xffffffe6]5Q[0xfffffffb][0xffffff9f][0xffffffee][0xfffffffe]HZ[0xffffffc6]H[0xffffffba][0x15]uP[0xffffffbb][0xffffffdc][0xffffffcb]h[0xffffffdf]g[0x10]'][0xffffffcf][0xffffffc6][0xffffffab][0xffffffd6]1J[0xffffffb1]@)[0x16]([0xffffffc5][0xffffff82]=[0xffffffe5][0xffffffd8]u0Y[0xffffff9b]9![0xffffff97]F[0xffffffbd]e[0xffffff9b][0xffffffc5] n[0xffffffdb][0xffffffed]:[0xffffffb3][0xffffffff][0xb]@<-[0xfffffff3]| [0xffffff9e][0x1][0xffffffc3]#/[0xffffffc5]m[0xffffffdb][0xffffffc4][0xffffffd5]2\[0x2][0xffffffce]q[0xffffffb4]#[0xffffff80]C5[0xffffffec]l[0xffffffb3][0xffffffe4][0xc]-[0xffffffc5]U[0xffffffc4]\E[0xffffffcc]U[0xffffffc4]|[0xffffff9f]-[0xfffffffb][0x7f][0x11][0x6][0xffffffeb]6[0xffffffc5][0x19]S7[0xffffffeb]:[0xffffff94][0xb]W[0xffffffb7]RZ[0x16]\[0x2][0xffffff8b]6S[0xffffffc4][0xffffffe6]3oQo[0xffffff84][0xffffffef][0xffffffcc][0x6][0xfffffff5][0xfffffff3][0xffffffc1]wY[0xfffffff1]r[0xffffffb1][0xfffffff3][0x7f][0xffffffbc]p[0xffffffb9][0xffffffa8]/On[0x6][0xffffffea].[0xffffffd0]o[0x10]*[0x1][0x8] [0xffffff93]R[0xffffffc1][0xffffffaa][0xffffffaa][0xffffffc4][0xffffff8a][0xfffffff6][0xffffff88]T[0xffffffc1][0xffffff80]x[0xffffff82][0xffffffd0][0xffffffa3]A[0xffffffa8];I[0xffffffbc][0x16][0x15]P`[.[0xffffffdc][0xfffffffd]>g[0xffffff9d]C)[0x2][0xffffff89][0xffffffe0][0xffffff9c][0x1e][0xffffff9f][0xffffffa8],$[0xffffffa7]L]$[0xffffff9b][0xfffffffb]Cd[0xffffff88][0xffffffa7]Y[0xffffffde]#[0xffffffff][0xffffffce][0xffffff83].[0x0]4[0x17][0xffffffa2]0[0xffffff8e]+Rl[0xffffff81][0xffffffc2][0xffffffdb][0xffffff89][0xffffffc8][\r][0xffffff85][0xffffffe3]_[0x7f]8[0xffffffbf]kh/[0xffffffff][0xfffffffc][0xffffffe3][0x9][0xffffffeb][0x2][0xffffff9c]q[0xffffffab][0xffffffb8][0x18][0xffffffd6]Tx[0xffffff93][0xffffffa4][0xffffffec]WzP:@|[0x1f]A3$[0xffffff92][0xffffffa7]Z[0xb][0xffffffcb][0xffffffa7]@)[0xffffff80]4R*w[0xfffffff4]?,[0xffffff91]R[0xffffffa9][0xffffffe0][0xb]D{[0xfffffff7][0xfffffff6][0xffffff97][0xffffffb7][0xffffffef][0xffffff84]^[0x5][0xffffffe7][0xfffffff2][0xfffffffb][0x13][0xffffffe2][0xffffffe5]a[0xffffff84]X3[0xffffff84][0xffffff94][0xc][0xffffff84][0xfffffff2]@[0xffffffd2][0xfffffff4]O[0xffffffde]L{[0x1b][0x8])[0xffffff81][0xfffffff7][0xffffffc8][0xfffffff2][0xfffffff7]"H/x[0xffffff93][0xffffffc1]4[0xffffff84][0x6]HR[0xffffff88][0x12][0xffffffd5]Q[0xffffffbf][0xffffffcc]Q[0x17][0xffffffb5]k[0xffffff90].`A[0xffffff82]~8[0x15][0xffffffda]8[0x13]b[0xf][0xffffff88][0xfffffff1]e[0xffffffc9][0xffffff98]T[0xe][0xffffff81][0xffffffc6][0xffffff90][0xffffffe1][0xffffff84]%[0x11]r4A. w[0xffffff80][0xf][0xffffff9a][0xffffff89][0xffffffb0]v[0xc]q[0xffffffea]9[0x4][0x1c]0[0xffffffbc]`[0x9]P[0x1e]>[0xffffffa2][0xfffffffe][0xffffffa8][0x11][0xffffff8c][0x0][0x12][0x15][0xffffffc9][0xffffffd0][0x13][0xffffff98]8[0xffffffc1][\n]"
23:55:16.114 [main] DEBUG org.apache.hc.client5.http.wire - http-outgoing-1 << "[0xe][0xffffffd0][0x1b]H[0xfffffff4]IHt"U?[0x0][0xffffffb9][0x0][0x17][0xffffffe3]M[0xfffffffa]h[0xffffffb6][0xffffffa2][0xffffff9d][0xfffffffb]$HDr[0xf]b[0xffffffd6]H[0xffffff82][0xffffffc1][0xffffff82][0xffffff84]@[0x17]*[0x5][0x12]X.[0xffffffe0][0xffffff83]'T[0xffffff8d]\h[0x2][0x9][0xffffffad][0x5][0xffffff92][0xffffffab]`BCE[0xffffffcb][0xffffffa8][0x1e][0xffffffb9][0xffffffd0][0xb][0xffffff82][0xffffffe0][0xffffff85]Gw[0xffffffe0]%[0xffffffe9][0xffffffd2]@[0xffffffe8][0xffffffe2]84[0x4][o[0x1a][0xffffffad]#[0xffffff9a]QZ[0xffffffa2][0xffffffc2]rh[0x8]Ku[0x1f][0xffffff9f][0xffffff86][0xffffffd0]\[0xffffffd0][0x10]DK[0xffffff8a][0xffffff86][0xffffffa0]h[0x8][0xfffffffb][0xffffffac]i[0x14][\r][0xffffffe1][0xfffffffb][0xffffffa2]![0xffffffe8][0xffffffe7][0xffffffa7][0xffffffa3][0xffffff87][0xffffffcb]</J[0x1][0x15];[0xffffffd0][0x10][0xffffffc0][0xffffffcb][0x13]e[0x7][0xffffff91];[0xffffff9c][0xffffffbd]h[0xf][0xffffffdd] [0xfffffff6][0xffffffe0],[0x19]A[0xffffff84][0xffffff89][0xffffffed][0xffffff85]_[0xffffffb4]g[0xffffffd1][0x1c][0x7f][0xffffffc9][0xffffffa1][0xffffffb7]#[0xffffffa7][0xffffffb4]A\[0x4][0xffffffab][0xffffffd5][0xffffffae][0xfffffff3]Fj[0xffffff9e][0x1f]%[0xffffffb6]d[0xfffffff5]V[0xffffffc7]0[0x11]Xk[0xffffffeb][0xffffffbc][0x1c]<~.?1[0xffffffd5][0x1c][0xffffffb3][0xffffff95]|;[0xffffff8b][0xffffffa3][0x1d][0xffffffbe][0xffffff9d][0xffffff89][0xffffffc2]a[0xffffff9e][0xffffffdf][0xffffffdc]n[0xfffffff8]v[0xffffffe6][0xffffffa1]I[0xffffffa3]X[0xffffffd9][0xffffffbd][0xffffffcf][0xffffffc9]<[0x8][0xfffffff2]w?o[0xfffffff0][0xffffff86][0xffffffbd]v[0xffffffc7][0xffffffb2]+&d[0xffffffbf]W[0x1d][0xffffffd5][0xffffff92]][0xffffffcf][0xffffffb3][0xfffffffa][0xffffffc5][0xffffffe9][0xffffffc8][0xffffffbc][0xfffffff8][0xffffff86]]OQ[0xfffffffb]7[0xffffffec]z.:[[0xffffffbc][0xffffffdb][0xffffffb9]('t[0xffffff98]`8[0xffffffbd][0xffffffba]A;[0xfffffff5][0xffffffe5][0xffffffe6][0xffffffac][0xffffffd8][0xffffff91][0xffffffc5][0xe]m\[0xffffff93][0xffffffa7][0xffffffd5][0xffffffd2][0xffffff93]0*[0xffffffa9][0xffffff90][0xffffffd3][0xfffffffe][0x15]`[0xffffffd9][0xfffffff1][0xffffffa5][0x16]b1[0xffffff85][0xffffffdd]a[0xffffffd4][0xffffffff][0x15][0xffffffb5]Q2[0xffffffcf]^][0xffffffe1][0x13][0xe][0xffffff8d]I%[0xffffffd7]s<[0x18]Mk[0xffffff9c][0xfffffff7][0xffffffe2]~[0xffffffe4][0xb][0xffffffe1]@\W[0x18][0xffffff8d][0xffffffdc][0xffffff89][0xffffffff][0xffffffc4][0xffffff8b]"
23:55:16.114 [main] DEBUG org.apache.hc.client5.http.wire - http-outgoing-1 << "[0xffffffc9][0xffffffbd][0xffffffae][0xf]'[0xffffffc6]8[0xffffff9f]W[0xffffff9b][0xfffffffb][0xffffff8c][0xfffffff0][0xfffffffe]_[0xffffffbb]I[0xffffffd7]=,[0xfffffffc]iH[0xffffffa7][0xffffff90][0xe]s[0xfffffffb][0xffffff8f]tW[0xffffffa0] [0xffffffe5][0xffffffe1]{`p%~[0xffffffdb][0xffffffaf][0x1f]K[0xffffffa7][0xffffffa2][0xffffffb2][0xffffffd9]#[0xffffffb3][0xffffffbc][0xffffffc1][0xf][0xffffff8e]p[0xffffff84]%[0xffffffb4]w[0xffffffe5][0xe][0xffffffc6][0x14]i`[0xffffffa8][0xfffffffa][\n]"
23:55:16.114 [main] DEBUG org.apache.hc.client5.http.wire - http-outgoing-1 << "d[0x12][0xffffffa1][0xffffff80][0xffffffc3][0xffffff92]z[0xffffffcc][0xffffff96]c[0xffffffe6][0xffffffe4]g:[0xffffffb6][0xffffffb1][0xfffffff1][0xffffffeb][0xffffff96][0xffffffe0][0xffffffcc][0xffffffc2][0xe]][g[0x1a]@[0xffffffee][0xffffffd7]mZF[0xffffffd8][0x1e][0xffffff94][0xfffffff0]u[0xb]hZ[0xffffffa2][\n]"
23:55:16.114 [main] DEBUG org.apache.hc.client5.http.wire - http-outgoing-1 << "[0xffffffac][0xffffff81][0xffffffd5]1[0xfffffff7]&[0xffffff81][0xffffffa8][0xffffff96][0xffffff99][0xffffffd2][0x4][0xffffffc4][0xffffffd1][0xffffff8e][0xfffffff8][0xfffffffa]t~[0xffffffb3][0xffffff89]& [0xffffffba]|[0xfffffff9][0xfffffff1]/Kq[0xffffffa5][0xffffffcd][0xffffffd8][0xffffffaa]"K{[0x7][0xffffffb2][0xe][0xffffffc7][0xffffffde][0xffffff95][0xffffffc1][0xffffff96][0x15]}[0xb][0x6][0xffffffaf][0xffffffd6][0xfffffff8]MX[0xffffffbc]Z[0xffffffd9][0xfffffff1]0y[0xffffffad][0xffffffe6]o[0xffffffc5][0xffffffe6][0xffffffd5][\n]"
23:55:16.114 [main] DEBUG org.apache.hc.client5.http.wire - http-outgoing-1 << "[0xfffffff7][0xffffffc5][0xffffffe8][0xffffffd5][0xfffffff3][0xfffffff7][0xffffffc7][0xffffffea][0xffffffd5][0x1a][0xffffff8e][0xffffff83][0xffffffd9][0xffffffab][0xffffffb5][0xffffffae][0xffffffc0][0xfffffffe][0xffffffb7]b[0xfffffff7]Ce[0xffffffab][0xffffffd5][0xffffffaf][0xffffffde]0[0x1c][\n]"
23:55:16.115 [main] DEBUG org.apache.hc.client5.http.wire - http-outgoing-1 << "[0xffffff92][0xffffffac]nNb[0xffffffcb][0xffffffb2][0xffffff95]k,[0xffffffb6]X[0xffffff8c]6[0xffffffda][0xffffffe6][0x6]9[0xffffffec]l[0x19][0xffffffbb],[0xffffffaf][0xffffffdf]|[0xfffffff4][0xffffff96]Pxl[0xffffffe4][0xffffffb6][0x12][0xffffff87]_Z'[$G[0xffffffb0]-[0xffffffa1][0xffffff9e][0xffffffc9][0xffffffcd]O[0xffffffe7]O[0x5][0xe][0xffffffbf][0xffffffb4]4[0xffffffc6][0xfffffffe][0xffffff97]eV[0xffffffc5][0x16][0xffffffb2]d[0x5]([0xfffffff4]^!?[0xffffffec][0xffffffb5]b^}[0xffffffa4][0xe]^9[0xffffffe7]W[0xffffffa4][0xffffffd0]{[0xffffffff][0xffffff95][0xfffffff5][0xffffffea]H*[0xfffffff4][0xffffffde]i[0xffffffe5][0xfffffffd]P[0x1],p[0x1c][0x0][0x1a][0xffffffb4][0xffffffb1]7[0xffffffa0][0xffffffb5];[0xfffffff6][0xfffffff3]i)/IC[0xfffffffc]'VIi[0xffffff82][0xffffff96][[0xffffffcf][0xffffff89]1[0xffffff99][\r][0xffffffbb][0xffffff9e][0xffffff9f][0xffffff94][0xffffff99][0xffffffee])[0xffffffb4][0xffffffda][0xffffffc6][0x6][0xffffffcb][0xfffffff6][0x5][0xffffff8c]CC[0xffffffb0],[0xffffffbe][0xffffffee]*[0xffffff8c][0xffffff8b][0xffffffdd][0xffffff94][0xc].~[0xfffffffd][0xffffff9d][0x12]D[0xffffffa2]o[0xffffffc9][0xffffffa0][0xffffff94][0xffffffa7]S[0x6][0xffffffa5][0xffffffd8][0xffffffa9]9^[0xffffff88]I[0xffffffd4][0xffffff97][0x1b]b"[0xffffffb9]e-[0xffffff9e]z}[0x7f][0xffffffc8][0xffffffd1][\r]7[0xffffff8a]\[0xffffffa8]{[0xf]3[0xffffffb9][0xffffff8d][0x8][0x1b]d[0xffffffa5][0xffffffbe][0xffffff85][0xffffffb8]<[0xfffffffe][0xffffff94][0xfffffff1][0x1]X[0xffffff92][0xffffff99][0xffffffcf][0xffffffc4][0xffffffa4](|[0xfffffff0][0x1e][0xfffffffb]@[0xffffff94][0x1f][0x9][0xffffff89][0xfffffffd][0x19]v[0xb]D[0x12][0xffffffe5][0x5][0x2][0x10][0x1f]I#|aX[0xffffff90][0x13]/[0x11]y[0xffffffa3]$l[0xffffff8c][0xfffffff0][0xffffffc4]L[0xffffffa8][0xfffffff4][0xffffffa3]7W[0x19]m[0xfffffff2]+[0xffffff8e]w@x^[0xffffffa6]Ej[0xffffffe3][0x10]:[0xffffffce][0xffffffde][0xffffffc3]5[0xffffffc4][0xffffffb3]g[0xfffffff8]8[0xffffffa5][0xffffff9f][0x7f][0xffffff9e]#M4[0x9]jq[0xffffff96][0xffffffe5][0x0]{^[0xffffffec][0xffffffab][0xffffff80]lL[0xffffffd1][0xffffff8b][0xffffffad]![0xffffff96]L[0xffffff81]4[0xffffffd8][0xffffffc2]&[0xe]+*[0xffffffd9][0xffffff90][0xffffffcb][0xffffff86][0xffffffc6]8v[0x1f][0xffffffe8][0xffffff84][0x1f][0xffffffcf]p[0xfffffff0]8[0xffffffa5][0xfffffff0][0xffffff94][0xffffff90][0xffffff99][0xffffff86]<v[0x1c]C[0x18][0xffffff9a][0xffffffd3]G[0x13][0x9]k[0x8][0xffffffa3][0xffffff87][0x11][0xffffffca][0x1f]'[0xffffff92]b[0xffffffd4][\r][0xffffff87]-[0xffffff8d][0xffffff8e][0xffffff95][0xffffffd0])*,'[0xffffff92][0xffffffb2]T[0xfffffff7][0xfffffff1]#)[0xffffff8d]jb[0xffffffb0]j[0xffffff89][0xffffff96]T$EERT$[0xffffff85]wmW[0x17]<[0xffffffdf][0xffffffd3][0xffffffe7]f[0xfffffff6][0xffffffbb][0xffffffa7][0xffffffef]|[0x1a][0xffffffff][0x12][0xffffffff][0xffffffe7][0xffffffaf]?>[0xfffffffd]g[0xffffffe7][0xfffffffc][0xffffffe1][0xffffffa2][0xfffffff3][0xffffffd6][0xffffff94][0xffffffc6]m[0xffffffcb][0x9][0xffffff9d][0x2]*v[0xffffff8b][0xffffffa4][0xffffff88][0xffffffb2][0x7]DR[0xffffffec][0xffffff8a][0xffffff89]H[0xffffff8a][0xffffffdd]6[0xffffff9a][0x8][0xffffffa6]l[0xffffff8c][0xffffffa4][0xffffffd4]+[0xffffffba][0xffffffd5]1[0xffffffa1]1[0xffffffd1]l[0xffffffdb]eER[0x1c][0xffffffab]^[0xffffffd7][0x13][0xffffffb9]xC[0x1c][0xffffffed][0xfffffff0][0xffffffbd]h[0xffffff9e]?}2[0xffffffce]O[0xffffffb3][0xffffffc6]w[0xfffffff7]p[0x12][0xffffff88]+z[0x15][0xffffff83][0xffffffb2]g[0xc]ee[0x6][0xffffffe2][0xffffff95][0xffffffa5][0x18][0xffffffe4][0xfffffff0]w[0xffffff98][0xfffffff7]2[0xffffffb1][0xffffff95][0xffffffd5][0xffffffa7]T})f[0xffffffb7][0xffffffe9]v[0x9]9[0xffffffac][0xffffff8e]`[0xffffffac][0xfffffff6][0xfffffff9]jn^[0x18]ou[0xffffffa0][0xffffff8e][0xffffffbc][0xffffffcf][0xffffffb7]u[0xffffff97][0xffffffcf]h[0xffffffb5],=Gx[0xffffffad]^o[0xffffffe5][0xfffffff3][0xffffffc7][0x5]N[0xffffff9a][0xffffff84][0xffffffa6][0xffffffc6]&[0xffffffc9][0xffffff9e]L[0x19][0xffffffab][0xffffffac]M> _m[0x3][\n]"
23:55:16.115 [main] DEBUG org.apache.hc.client5.http.wire - http-outgoing-1 << "[0x1e]s[0xffffff8b][0xf] m8Y[0xffffffc8][0xffffffc6][0xffffffd1][0xffffff8e][0xffffff90][0xfffffffd]p!4[0xc][0xffffffa4][0xffffffd5]t[0xffffffb6][0xffffffb3]*,[0xffffffa3],J[0xffffffaf]|[0xffffff95][0xfffffff0][0xffffffa3][0x12]~[0xffffff96][0x13]~v[0x9][0xffffffcb]8[0xffffffc8][0xffffffdd][0x4]4[0xffffffaf][0xffffff86]e,cC[0xffffffd6]f[0xffffffba][0xffffffb0]u[0xffffffda][0xfffffff6][0xffffffa6][0xffffffa8]LZ[0xffffffa6][0xffffffd1][0xffffffd6]Y[0xffffffd2][0xffffffa4][0xffffff84][0xffffff98][0xfffffffa]*`[0xffffff97][0x11][0xffffff8f][0xffffffd1][0x1d][0xffffffe4][0xfffffff6]$KZ[0xffffffec]|[0xffffffe2]h[0x7][0xffffffb0][0xffffffb6][0xffffffcf]O[0xffffffff][\n]"
23:55:16.115 [main] DEBUG org.apache.hc.client5.http.wire - http-outgoing-1 << "[0xffffffa6]W6[0xffffffcb]G[0xffffff80]5v[0x5]i[0xffffff81][0xffffffad]"1[0xffffffca]S[0x1a][0xffffffd4]&[0x5][0xffffffd8]{[0x10]<[0xffffffbf][0xffffffa7][0xffffff8d][0xffffff8d][0x2][0xe][0xffffffd4]>[0xffffff91][0xffffff98]FSo[0xffffff98][0xffffffb9]K[0xffffffed][\r][0xffffffc8][0xffffffcd][0x14]Pbv[0xffffffda][0xffffff9b][0xffffffd5]13e[0xffffff8c][0xfffffff2][0xffffff91]{[\r][0x10][0xffffff8f][0x1b][0xffffff82][0x11][<[0xffffffc7][0xb][0xffffffc1][0xffffff88][0xfffffffa]rC0H[0xffffff8c][0xffffff91][0xffffff9e][0xffffffcd][0xffffff94]I[0xffffff82][0xffffffd0][0x0]9dR|@[0xffffffd8][0x7f][0xffffff92][0xffffffa0]%;[0xffffffe5]z[0xffffffb0][0xfffffff8]M[0xffffffbd]!I[0xffffffaf][0x12][0xffffff86][0xffffff90][0xffffffc4][0x1b][0xffffff84][0xffffffa9]j8D[0xffffff84]f[0x1c]JSh[0xffffff8e][0xffffffe9] hr[0xffffffe7][0xffffffb3][0xfffffff7][0xffffffb3]0$[0x16][0xfffffff6][0xffffff90]^[0xffffff90]F,2[0xffffffa2][0xffffff9c][0xffffffaf][0xfffffff9][0xc][0x4]v[0xffffffb8]<",py<{[0x7f][0xffffffe7][0xffffff90][0x0]'[0xffffff85][0xfffffff5]V[0xfffffffc]V[0xffffffff]##[0xffffffd1])[0xffffffd3]Y[0xffffffe8][0xffffffa4][0xffffffeb][0x10]~[0xffffffa8][0xffffffee]h[0xffffff82][0xffffffff]A:[0xf][0xffffffe5] [0x5][0xfffffff4][0xffffffa7][0xffffff95][0xffffff93]9V[0xffffffd3][0xffffffe5],[0xffffff9d]7D[0xffffffe8]{[0xffffff98][0xffffffbd]OcC][0xffffff8d][0xffffff99][0xffffffc5][0xfffffffd]]c-[0x1f][0xffffffff]6wa|I[0xffffff99]0}[0xffffff98][0xffffffbc]:[0xffffffda][0xffffffbd][0x1b]Mp[0x9][0xffffffdc]a1z[0xffffffb0][0xffffffe4][0x1c][0xffffffb4][0xffffffdb][0x8]Vy.[0xfffffffe]7[0xe]<o[0xfffffffa]r0[0xffffff8f][0xffffffda][0xffffffda][0xffffffe9]\xv[0xffffff9f][0xffffffc0][0xffffffbc][0xfffffff7][0xffffffc5][0xffffffd7][0xffffffdf][0xffffffff]?D[0xffffffb5]KF[0xffffffb9][0xfffffffd][0x5][0x0]"
23:55:16.116 [main] DEBUG org.apache.hc.client5.http.impl.classic.InternalHttpClient - ep-0000000002 releasing valid endpoint
23:55:16.116 [main] DEBUG org.apache.hc.client5.http.impl.io.PoolingHttpClientConnectionManager - ep-0000000002 releasing endpoint
23:55:16.116 [main] DEBUG org.apache.hc.client5.http.impl.io.PoolingHttpClientConnectionManager - ep-0000000002 connection http-outgoing-1 can be kept alive for 3 MINUTES
23:55:16.116 [main] DEBUG org.apache.hc.client5.http.impl.io.PoolingHttpClientConnectionManager - ep-0000000002 connection released [route: {s}->https://api.github.com:443][total available: 2; route allocated: 1 of 5; total allocated: 2 of 25]
23:55:16.163 [main] DEBUG io.github.bonigarcia.wdm.WebDriverManager - Driver to be downloaded geckodriver 0.31.0
23:55:16.172 [main] INFO io.github.bonigarcia.wdm.WebDriverManager - Exporting webdriver.gecko.driver as /Users/marian/.cache/selenium/geckodriver/mac64/0.31.0/geckodriver
]]></system-out>
    <system-err><![CDATA[Jun 12, 2022 11:55:18 PM org.openqa.selenium.remote.ProtocolHandshake createSession
INFO: Detected dialect: W3C
]]></system-err>
  </testcase>
</testsuite>